[2017-08-02 14:21:51,346 INFO root] Taurus CLI Tool v1.8.4.1401
[2017-08-02 14:21:51,347 DEBUG root] Command-line options: {'verbose': None, 'no_system_configs': None, 'quiet': None, 'log': '/var/folders/t5/kg41spf56pz146ff1j739w358p9wh7/T/bzt_irMJbo.log', 'option': None, 'aliases': ['cloud']}
[2017-08-02 14:21:51,347 DEBUG root] Python: CPython 2.7.13
[2017-08-02 14:21:51,347 DEBUG root] OS: ('Darwin', 'narsi01mac1752', '16.7.0', 'Darwin Kernel Version 16.7.0: Thu Jun 15 17:36:27 PDT 2017; root:xnu-3789.70.16~2/RELEASE_X86_64', 'x86_64', 'i386')
[2017-08-02 14:21:51,347 INFO root] Starting with configs: ['sel_har.yml']
[2017-08-02 14:21:51,347 DEBUG root] Adding personal config: /Users/narsi01/.bzt-rc
[2017-08-02 14:21:51,347 INFO Engine] Configuring...
[2017-08-02 14:21:51,347 DEBUG Engine] Reading extension configs from: /usr/local/etc/bzt.d
[2017-08-02 14:21:51,348 DEBUG Engine.Configuration] Configs: ['/Library/Frameworks/Python.framework/Versions/2.7/lib/python2.7/site-packages/bzt/resources/base-config.yml', '/usr/local/etc/bzt.d/99-installID.yml']
[2017-08-02 14:21:51,348 DEBUG Engine.Configuration] Reading /Library/Frameworks/Python.framework/Versions/2.7/lib/python2.7/site-packages/bzt/resources/base-config.yml
[2017-08-02 14:21:51,348 DEBUG Engine.Configuration] Reading /Library/Frameworks/Python.framework/Versions/2.7/lib/python2.7/site-packages/bzt/resources/base-config.yml as YAML
[2017-08-02 14:21:51,372 DEBUG Engine.Configuration] Reading /usr/local/etc/bzt.d/99-installID.yml
[2017-08-02 14:21:51,373 DEBUG Engine.Configuration] Reading /usr/local/etc/bzt.d/99-installID.yml as YAML
[2017-08-02 14:21:51,373 DEBUG Engine.Configuration] Configs: ['/Users/narsi01/.bzt-rc', 'sel_har.yml']
[2017-08-02 14:21:51,374 DEBUG Engine.Configuration] Reading /Users/narsi01/.bzt-rc
[2017-08-02 14:21:51,374 DEBUG Engine.Configuration] Reading /Users/narsi01/.bzt-rc as YAML
[2017-08-02 14:21:51,375 DEBUG Engine.Configuration] Reading sel_har.yml
[2017-08-02 14:21:51,375 DEBUG Engine.Configuration] Reading sel_har.yml as YAML
[2017-08-02 14:21:51,378 DEBUG root] Configs: ['/Users/narsi01/.bzt-rc', 'sel_har.yml']
[2017-08-02 14:21:51,378 DEBUG root] Reading /Users/narsi01/.bzt-rc
[2017-08-02 14:21:51,378 DEBUG root] Reading /Users/narsi01/.bzt-rc as YAML
[2017-08-02 14:21:51,379 DEBUG root] Reading sel_har.yml
[2017-08-02 14:21:51,379 DEBUG root] Reading sel_har.yml as YAML
[2017-08-02 14:21:51,384 INFO Engine] Artifacts dir: /Users/narsi01/Desktop/JWC_SN/jenkins/2017-08-02_14-21-51.383896
[2017-08-02 14:21:51,384 DEBUG Engine] New artifact filename: /Users/narsi01/Desktop/JWC_SN/jenkins/2017-08-02_14-21-51.383896/effective
[2017-08-02 14:21:51,387 DEBUG Engine.Configuration] Dumping YAML config into /Users/narsi01/Desktop/JWC_SN/jenkins/2017-08-02_14-21-51.383896/effective.yml
[2017-08-02 14:21:51,403 DEBUG Engine] Requesting updates info: http://gettaurus.org/updates/?version=1.8.4.1401&installID=acde48001122
[2017-08-02 14:21:51,467 DEBUG Engine.Configuration] Dumping JSON config into /Users/narsi01/Desktop/JWC_SN/jenkins/2017-08-02_14-21-51.383896/effective.json
[2017-08-02 14:21:51,512 DEBUG Engine] New artifact filename: /Users/narsi01/Desktop/JWC_SN/jenkins/2017-08-02_14-21-51.383896/merged.yml
[2017-08-02 14:21:51,513 DEBUG root] Dumping YAML config into /Users/narsi01/Desktop/JWC_SN/jenkins/2017-08-02_14-21-51.383896/merged.yml
[2017-08-02 14:21:51,557 DEBUG Engine] New artifact filename: /Users/narsi01/Desktop/JWC_SN/jenkins/2017-08-02_14-21-51.383896/merged.json
[2017-08-02 14:21:51,558 DEBUG root] Dumping JSON config into /Users/narsi01/Desktop/JWC_SN/jenkins/2017-08-02_14-21-51.383896/merged.json
[2017-08-02 14:21:51,605 DEBUG Engine] Add existing artifact (move=False): sel_har.yml
[2017-08-02 14:21:51,605 DEBUG Engine] Copying sel_har.yml to /Users/narsi01/Desktop/JWC_SN/jenkins/2017-08-02_14-21-51.383896/sel_har.yml
[2017-08-02 14:21:51,643 DEBUG root] Closing log handler: /var/folders/t5/kg41spf56pz146ff1j739w358p9wh7/T/bzt_irMJbo.log
[2017-08-02 14:21:51,719 DEBUG root] Switched writing logs to /Users/narsi01/Desktop/JWC_SN/jenkins/2017-08-02_14-21-51.383896/bzt.log
[2017-08-02 14:21:51,719 INFO Engine] Preparing...
[2017-08-02 14:21:51,720 DEBUG Engine] Module config: consolidator defaultdict(None, {'class': 'bzt.modules.aggregator.ConsolidatingAggregator'})
[2017-08-02 14:21:51,720 DEBUG root] Importing module: bzt.modules.aggregator
[2017-08-02 14:21:51,723 DEBUG root] Loading class: 'ConsolidatingAggregator' from <module 'bzt.modules.aggregator' from '/Library/Frameworks/Python.framework/Versions/2.7/lib/python2.7/site-packages/bzt/modules/aggregator.pyc'>
[2017-08-02 14:21:51,723 DEBUG Engine.consolidator] Exception in dehumanize_time(inf)
[2017-08-02 14:21:51,723 DEBUG Engine.consolidator] Buffer scaling setup: percentile 95.0 from [0.0, 50.0, 90.0, 95.0, 99.0, 99.9, 100.0] selected
[2017-08-02 14:21:51,724 DEBUG Engine] Module config: monitoring defaultdict(None, {'class': 'bzt.modules.monitoring.Monitoring'})
[2017-08-02 14:21:51,724 DEBUG root] Importing module: bzt.modules.monitoring
[2017-08-02 14:21:51,753 DEBUG root] Loading class: 'Monitoring' from <module 'bzt.modules.monitoring' from '/Library/Frameworks/Python.framework/Versions/2.7/lib/python2.7/site-packages/bzt/modules/monitoring.pyc'>
[2017-08-02 14:21:51,753 DEBUG Engine.monitoring] Should not run because of non-matching prov: cloud != local
[2017-08-02 14:21:51,753 DEBUG Engine] Module config: capturehar defaultdict(None, {'class': 'bzt.modules.blazemeter.ServiceStubCaptureHAR'})
[2017-08-02 14:21:51,753 DEBUG root] Importing module: bzt.modules.blazemeter
[2017-08-02 14:21:51,815 DEBUG root] Loading class: 'ServiceStubCaptureHAR' from <module 'bzt.modules.blazemeter' from '/Library/Frameworks/Python.framework/Versions/2.7/lib/python2.7/site-packages/bzt/modules/blazemeter.pyc'>
[2017-08-02 14:21:51,815 DEBUG Engine.capturehar] Should not run because of non-matching prov: cloud != local
[2017-08-02 14:21:51,815 DEBUG Engine] Module config: screenshoter defaultdict(None, {'class': 'bzt.modules.blazemeter.ServiceStubScreenshoter'})
[2017-08-02 14:21:51,816 DEBUG root] Importing module: bzt.modules.blazemeter
[2017-08-02 14:21:51,816 DEBUG root] Loading class: 'ServiceStubScreenshoter' from <module 'bzt.modules.blazemeter' from '/Library/Frameworks/Python.framework/Versions/2.7/lib/python2.7/site-packages/bzt/modules/blazemeter.pyc'>
[2017-08-02 14:21:51,816 DEBUG Engine.screenshoter] Should not run because of non-matching prov: cloud != local
[2017-08-02 14:21:51,816 DEBUG Engine] Module config: cloud defaultdict(None, {'class': 'bzt.modules.blazemeter.CloudProvisioning', 'default-location': 'us-central1-a'})
[2017-08-02 14:21:51,816 DEBUG root] Importing module: bzt.modules.blazemeter
[2017-08-02 14:21:51,816 DEBUG root] Loading class: 'CloudProvisioning' from <module 'bzt.modules.blazemeter' from '/Library/Frameworks/Python.framework/Versions/2.7/lib/python2.7/site-packages/bzt/modules/blazemeter.pyc'>
[2017-08-02 14:21:51,816 DEBUG Engine] Module config: blazemeter defaultdict(None, {'token': '********', 'class': 'bzt.modules.blazemeter.BlazeMeterUploader'})
[2017-08-02 14:21:51,816 DEBUG root] Importing module: bzt.modules.blazemeter
[2017-08-02 14:21:51,816 DEBUG root] Loading class: 'BlazeMeterUploader' from <module 'bzt.modules.blazemeter' from '/Library/Frameworks/Python.framework/Versions/2.7/lib/python2.7/site-packages/bzt/modules/blazemeter.pyc'>
[2017-08-02 14:21:51,816 DEBUG Engine.cloud] Request: GET https://a.blazemeter.com/api/v4/accounts None
[2017-08-02 14:21:52,035 DEBUG Engine] Taurus updates info: {"latest":"1.9.4","needsUpgrade":true}
[2017-08-02 14:21:52,035 WARNING Engine] There is newer version of Taurus 1.9.4 available, consider upgrading. What's new: http://gettaurus.org/docs/Changelog/
[2017-08-02 14:21:52,313 DEBUG Engine.cloud] Response: {
    "limit": 10,
    "skip": 0,
    "total": 2,
    "hidden": 0,
    "api_version": 4,
    "error": null,
    "result": [
        {
            "id": 21166,
            "name": "Martin Kowalewski",
            "thumbnailUrl": "",
            "salesforceI
[2017-08-02 14:21:52,314 DEBUG Engine.cloud] Request: GET https://a.blazemeter.com/api/v4/workspaces?accountId=21166&enabled=true&limit=100 None
[2017-08-02 14:21:52,779 DEBUG Engine.cloud] Response: {
    "limit": 100,
    "skip": 0,
    "total": 1,
    "hidden": 0,
    "api_version": 4,
    "error": null,
    "result": [
        {
            "id": 133217,
            "name": "SE DEMOs",
            "userId": 307773,
            "created": 1493664013
[2017-08-02 14:21:52,780 DEBUG Engine.cloud] Request: GET https://a.blazemeter.com/api/v4/workspaces?accountId=40241&enabled=true&limit=100 None
[2017-08-02 14:21:53,242 DEBUG Engine.cloud] Response: {
    "limit": 100,
    "skip": 0,
    "total": 3,
    "hidden": 0,
    "api_version": 4,
    "error": null,
    "result": [
        {
            "id": 509,
            "name": "Customer Demo Org",
            "userId": 86033,
            "created": 14419
[2017-08-02 14:21:53,242 DEBUG Engine] Module config: selenium defaultdict(None, {'class': 'bzt.modules.selenium.SeleniumExecutor', 'virtual-display': defaultdict(None, {'width': 1280, 'height': 800})})
[2017-08-02 14:21:53,243 DEBUG root] Importing module: bzt.modules.selenium
[2017-08-02 14:21:53,250 DEBUG easyprocess] version=0.2.3
[2017-08-02 14:21:53,252 DEBUG pyvirtualdisplay] version=0.2.1
[2017-08-02 14:21:53,253 DEBUG root] Loading class: 'SeleniumExecutor' from <module 'bzt.modules.selenium' from '/Library/Frameworks/Python.framework/Versions/2.7/lib/python2.7/site-packages/bzt/modules/selenium.pyc'>
[2017-08-02 14:21:53,253 DEBUG Engine.cloud] Request: GET https://a.blazemeter.com/api/v4/multi-tests?workspaceId=133217&name=Taurus+Cloud+Test None
[2017-08-02 14:21:53,736 DEBUG Engine.cloud] Response: {
    "limit": 10,
    "skip": 0,
    "total": 0,
    "hidden": 0,
    "api_version": 4,
    "error": null,
    "result": []
}
[2017-08-02 14:21:53,736 DEBUG Engine.cloud] Request: GET https://a.blazemeter.com/api/v4/multi-tests?workspaceId=509&name=Taurus+Cloud+Test None
[2017-08-02 14:21:54,180 DEBUG Engine.cloud] Response: {
    "limit": 10,
    "skip": 0,
    "total": 0,
    "hidden": 0,
    "api_version": 4,
    "error": null,
    "result": []
}
[2017-08-02 14:21:54,181 DEBUG Engine.cloud] Request: GET https://a.blazemeter.com/api/v4/multi-tests?workspaceId=3130&name=Taurus+Cloud+Test None
[2017-08-02 14:21:54,657 DEBUG Engine.cloud] Response: {
    "limit": 10,
    "skip": 0,
    "total": 0,
    "hidden": 0,
    "api_version": 4,
    "error": null,
    "result": []
}
[2017-08-02 14:21:54,657 DEBUG Engine.cloud] Request: GET https://a.blazemeter.com/api/v4/multi-tests?workspaceId=31694&name=Taurus+Cloud+Test None
[2017-08-02 14:21:55,099 DEBUG Engine.cloud] Response: {
    "limit": 10,
    "skip": 0,
    "total": 0,
    "hidden": 0,
    "api_version": 4,
    "error": null,
    "result": []
}
[2017-08-02 14:21:55,100 DEBUG Engine.cloud.ProjectFinder] Looked for collection: None
[2017-08-02 14:21:55,100 DEBUG Engine.cloud] Request: GET https://a.blazemeter.com/api/v4/tests?workspaceId=133217&name=Taurus+Cloud+Test None
[2017-08-02 14:21:55,584 DEBUG Engine.cloud] Response: {
    "limit": 10,
    "skip": 0,
    "total": 0,
    "hidden": 0,
    "api_version": 4,
    "error": null,
    "result": []
}
[2017-08-02 14:21:55,584 DEBUG Engine.cloud] Request: GET https://a.blazemeter.com/api/v4/tests?workspaceId=509&name=Taurus+Cloud+Test None
[2017-08-02 14:21:56,050 DEBUG Engine.cloud] Response: {
    "limit": 10,
    "skip": 0,
    "total": 0,
    "hidden": 0,
    "api_version": 4,
    "error": null,
    "result": []
}
[2017-08-02 14:21:56,050 DEBUG Engine.cloud] Request: GET https://a.blazemeter.com/api/v4/tests?workspaceId=3130&name=Taurus+Cloud+Test None
[2017-08-02 14:21:56,509 DEBUG Engine.cloud] Response: {
    "limit": 10,
    "skip": 0,
    "total": 0,
    "hidden": 0,
    "api_version": 4,
    "error": null,
    "result": []
}
[2017-08-02 14:21:56,509 DEBUG Engine.cloud] Request: GET https://a.blazemeter.com/api/v4/tests?workspaceId=31694&name=Taurus+Cloud+Test None
[2017-08-02 14:21:56,993 DEBUG Engine.cloud] Response: {
    "limit": 10,
    "skip": 0,
    "total": 1,
    "hidden": 0,
    "api_version": 4,
    "error": null,
    "result": [
        {
            "id": 5396847,
            "name": "Taurus Cloud Test",
            "userId": 106819,
            "created": 1
[2017-08-02 14:21:56,993 DEBUG Engine.cloud.ProjectFinder] Looked for test: {u'updated': 1501708693, u'name': u'Taurus Cloud Test', u'created': 1487111522, u'projectId': 74163, u'userId': 106819, u'lastUpdatedById': 106819, u'configuration': {u'targetThreads': 0, u'type': u'taurus', u'canControlRampup': False, u'plugins': {u'taurus': {u'filename': u'taurus.yml'}}}, u'id': 5396847}
[2017-08-02 14:21:56,993 DEBUG Engine.cloud.ProjectFinder] Detected test type: old
[2017-08-02 14:21:56,993 DEBUG Engine.cloud] Request: GET https://a.blazemeter.com/api/v4/user None
[2017-08-02 14:21:57,475 DEBUG Engine.cloud] Response: {
    "api_version": 4,
    "error": null,
    "result": {
        "id": 106819,
        "email": "sid@blazemeter.com",
        "access": 1501708916,
        "login": 1496385643,
        "firstName": "Sid",
        "lastName": "Narang",
        "timezone":
[2017-08-02 14:21:57,476 DEBUG Engine.cloud] Request: GET https://a.blazemeter.com/api/v4/projects?workspaceId=133217&limit=99999 None
[2017-08-02 14:21:57,936 DEBUG Engine.cloud] Response: {
    "limit": 99999,
    "skip": 0,
    "total": 4,
    "hidden": 0,
    "api_version": 4,
    "error": null,
    "result": [
        {
            "id": 201589,
            "name": "API ",
            "userId": null,
            "description": "Tests to 
[2017-08-02 14:21:57,937 DEBUG Engine.cloud] Request: GET https://a.blazemeter.com/api/v4/projects?workspaceId=509&limit=99999 None
[2017-08-02 14:21:58,403 DEBUG Engine.cloud] Response: {
    "limit": 99999,
    "skip": 0,
    "total": 2,
    "hidden": 0,
    "api_version": 4,
    "error": null,
    "result": [
        {
            "id": 41932,
            "name": "Production Test",
            "userId": 106819,
            "description"
[2017-08-02 14:21:58,403 DEBUG Engine.cloud] Request: GET https://a.blazemeter.com/api/v4/projects?workspaceId=3130&limit=99999 None
[2017-08-02 14:21:58,880 DEBUG Engine.cloud] Response: {
    "limit": 99999,
    "skip": 0,
    "total": 1,
    "hidden": 0,
    "api_version": 4,
    "error": null,
    "result": [
        {
            "id": 43759,
            "name": "Perf Labs Test",
            "userId": 106819,
            "description":
[2017-08-02 14:21:58,881 DEBUG Engine.cloud] Request: GET https://a.blazemeter.com/api/v4/projects?workspaceId=31694&limit=99999 None
[2017-08-02 14:21:59,334 DEBUG Engine.cloud] Response: {
    "limit": 99999,
    "skip": 0,
    "total": 9,
    "hidden": 0,
    "api_version": 4,
    "error": null,
    "result": [
        {
            "id": 61465,
            "name": "AWS 2016",
            "userId": 106819,
            "description": "",
 
[2017-08-02 14:21:59,334 DEBUG Engine.cloud] Request: GET https://a.blazemeter.com/api/v4/workspaces/133217 None
[2017-08-02 14:22:00,002 DEBUG Engine.cloud] Response: {
    "api_version": 4,
    "error": null,
    "result": {
        "id": 133217,
        "name": "SE DEMOs",
        "userId": 307773,
        "created": 1493664013,
        "updated": 1501529531,
        "enabled": true,
        "dedicatedIpsEnabled": tru
[2017-08-02 14:22:00,007 DEBUG Engine.cloud] Request: GET https://a.blazemeter.com/api/v4/workspaces/509 None
[2017-08-02 14:22:00,604 DEBUG Engine.cloud] Response: {
    "api_version": 4,
    "error": null,
    "result": {
        "id": 509,
        "name": "Customer Demo Org",
        "userId": 86033,
        "created": 1441920631,
        "updated": 1484233350,
        "enabled": true,
        "dedicatedIpsEnabled"
[2017-08-02 14:22:00,608 DEBUG Engine.cloud] Request: GET https://a.blazemeter.com/api/v4/workspaces/3130 None
[2017-08-02 14:22:01,259 DEBUG Engine.cloud] Response: {
    "api_version": 4,
    "error": null,
    "result": {
        "id": 3130,
        "name": "Performance Labs",
        "userId": 106819,
        "description": "",
        "created": 1475511777,
        "updated": 1475511777,
        "enabled": true,
 
[2017-08-02 14:22:01,263 DEBUG Engine.cloud] Request: GET https://a.blazemeter.com/api/v4/workspaces/31694 None
[2017-08-02 14:22:01,909 DEBUG Engine.cloud] Response: {
    "api_version": 4,
    "error": null,
    "result": {
        "id": 31694,
        "name": "Sid Narang's Workspace",
        "userId": 106819,
        "created": 1482649488,
        "updated": 1482649488,
        "enabled": true,
        "dedicatedIps
[2017-08-02 14:22:01,915 DEBUG Engine.cloud] All resource files are: []
[2017-08-02 14:22:01,915 DEBUG Engine.cloud] Replace file names in config: [] with []
[2017-08-02 14:22:01,917 DEBUG Engine] New artifact filename: /Users/narsi01/Desktop/JWC_SN/jenkins/2017-08-02_14-21-51.383896/cloud
[2017-08-02 14:22:01,917 DEBUG root] Dumping YAML config into /Users/narsi01/Desktop/JWC_SN/jenkins/2017-08-02_14-21-51.383896/cloud.yml
[2017-08-02 14:22:01,963 DEBUG root] Dumping JSON config into /Users/narsi01/Desktop/JWC_SN/jenkins/2017-08-02_14-21-51.383896/cloud.json
[2017-08-02 14:22:02,004 DEBUG Engine.cloud] Request: GET https://a.blazemeter.com/api/v4/web/elfinder/5396847?cmd=open&target=s1_Lw None
[2017-08-02 14:22:03,113 DEBUG Engine.cloud] Response: {"cwd":{"name":"data","size":0,"mime":"directory","read":1,"write":1,"parent_id":"users","hash":"s1_Lw","rootRev":"","options":{"path":"","url":"","tmbUrl":"","disabled":["mkdir","archive","extract","chmod"],"separator":"\/","copyOverwrite":1,"uploadOverwr
[2017-08-02 14:22:03,113 DEBUG Engine.cloud] Test files: [u'taurus.yml']
[2017-08-02 14:22:03,113 DEBUG Engine.cloud] Request: GET https://a.blazemeter.com/api/v4/web/elfinder/5396847?cmd=rm&targets[]=s1_dGF1cnVzLnltbA None
[2017-08-02 14:22:03,677 DEBUG Engine.cloud] Response: {"removed":["s1_dGF1cnVzLnltbA"],"changed":[{"name":"data","size":0,"mime":"directory","read":1,"write":1,"parent_id":"users","hash":"s1_Lw","rootRev":"","options":{"path":"","url":"","tmbUrl":"","disabled":["mkdir","archive","extract","chmod"],"separator"
[2017-08-02 14:22:03,677 DEBUG Engine.cloud] Successfully deleted 1 test files
[2017-08-02 14:22:03,682 DEBUG Engine.cloud] Uploading files into the test: []
[2017-08-02 14:22:03,694 DEBUG Engine.cloud] Request: POST https://a.blazemeter.com/api/v4/tests/5396847/files --===============8184680096495141384==
Content-Disposition: file; name="script"; filename="taurus.yml"
Content-Type: application/octet-stream

---
execution:
- executor: selenium
  iterations: 2
  locations:
    us-central1-a: 1
  scenario: req
local-b
[2017-08-02 14:22:04,447 DEBUG Engine.cloud] Response: {
    "api_version": 4,
    "error": null,
    "result": {
        "id": 5396847,
        "name": "Taurus Cloud Test",
        "userId": 106819,
        "created": 1487111522,
        "updated": 1501708924,
        "configuration": {
            "type": "t
[2017-08-02 14:22:04,447 DEBUG Engine.cloud] Request: PATCH https://a.blazemeter.com/api/v4/tests/5396847 {
 "configuration": {
  "executionType": null
 }
}
[2017-08-02 14:22:05,114 DEBUG Engine.cloud] Response: {
    "api_version": 4,
    "error": null,
    "result": {
        "id": 5396847,
        "name": "Taurus Cloud Test",
        "userId": 106819,
        "created": 1487111522,
        "updated": 1501708925,
        "projectId": 74163,
        "lastUpdatedB
[2017-08-02 14:22:05,114 DEBUG Engine] Module config: final-stats defaultdict(None, {'class': 'bzt.modules.reporting.FinalStatus'})
[2017-08-02 14:22:05,114 DEBUG root] Importing module: bzt.modules.reporting
[2017-08-02 14:22:05,121 DEBUG root] Loading class: 'FinalStatus' from <module 'bzt.modules.reporting' from '/Library/Frameworks/Python.framework/Versions/2.7/lib/python2.7/site-packages/bzt/modules/reporting.pyc'>
[2017-08-02 14:22:05,121 DEBUG Engine] Module config: console defaultdict(None, {'class': 'bzt.modules.console.ConsoleStatusReporter'})
[2017-08-02 14:22:05,121 DEBUG root] Importing module: bzt.modules.console
[2017-08-02 14:22:05,121 DEBUG root] Loading class: 'ConsoleStatusReporter' from <module 'bzt.modules.console' from '/Library/Frameworks/Python.framework/Versions/2.7/lib/python2.7/site-packages/bzt/modules/console.pyc'>
[2017-08-02 14:22:05,128 DEBUG Engine.Configuration] Dumping YAML config into /Users/narsi01/Desktop/JWC_SN/jenkins/2017-08-02_14-21-51.383896/effective.yml
[2017-08-02 14:22:05,202 DEBUG Engine.Configuration] Dumping JSON config into /Users/narsi01/Desktop/JWC_SN/jenkins/2017-08-02_14-21-51.383896/effective.json
[2017-08-02 14:22:05,243 INFO Engine] Starting...
[2017-08-02 14:22:05,243 DEBUG Engine] Startup <bzt.modules.aggregator.ConsolidatingAggregator object at 0x105da8fd0>
[2017-08-02 14:22:05,243 DEBUG Engine] Startup <bzt.modules.reporting.FinalStatus object at 0x1090ec810>
[2017-08-02 14:22:05,243 DEBUG Engine] Startup <bzt.modules.console.ConsoleStatusReporter object at 0x1090ecb50>
[2017-08-02 14:22:05,243 INFO Engine.console] Waiting for results...
[2017-08-02 14:22:05,244 DEBUG Engine] Startup <bzt.modules.blazemeter.CloudProvisioning object at 0x105f0d8d0>
[2017-08-02 14:22:05,244 INFO Engine.cloud.ProjectFinder.CloudTaurusTest] Initiating cloud test with https://a.blazemeter.com ...
[2017-08-02 14:22:05,244 DEBUG Engine.cloud] Request: POST https://a.blazemeter.com/api/v4/tests/5396847/start None
[2017-08-02 14:22:06,151 DEBUG Engine.cloud] Response: {
    "api_version": 4,
    "error": null,
    "result": {
        "id": 16490815,
        "name": "Taurus Cloud Test",
        "userId": 106819,
        "runnerUserId": 106819,
        "created": 1501708925,
        "updated": 1501708925,
        "testId"
[2017-08-02 14:22:06,152 INFO Engine.cloud] Started cloud test: https://a.blazemeter.com/app/#/masters/16490815
[2017-08-02 14:22:06,281 DEBUG Engine.Configuration] Dumping YAML config into /Users/narsi01/Desktop/JWC_SN/jenkins/2017-08-02_14-21-51.383896/effective.yml
[2017-08-02 14:22:06,368 DEBUG Engine.Configuration] Dumping JSON config into /Users/narsi01/Desktop/JWC_SN/jenkins/2017-08-02_14-21-51.383896/effective.json
[2017-08-02 14:22:06,442 DEBUG root] Leveling down log file verbosity, use -v option to have DEBUG messages enabled
[2017-08-02 14:22:06,924 INFO Engine.cloud] Cloud test status: INIT
[2017-08-02 14:22:07,434 INFO Engine.console] Waiting for finish...
[2017-08-02 14:22:12,201 INFO Engine.cloud] Cloud test status: BOOT_STARTING
[2017-08-02 14:22:52,311 INFO Engine.cloud] Cloud test status: INIT_SCRIPT
[2017-08-02 14:22:57,296 INFO Engine.cloud] Cloud test status: TAURUS_ENGINE_INIT
[2017-08-02 14:24:12,780 WARNING Engine] Please wait for graceful shutdown...
[2017-08-02 14:24:12,788 DEBUG root] Leveled up log file verbosity
[2017-08-02 14:24:12,788 INFO Engine] Shutting down...
[2017-08-02 14:24:12,794 DEBUG Engine.console] Restoring logging streams, [<logging.StreamHandler object at 0x105dbf090>]/{<logging.StreamHandler object at 0x105dbf090>: <open file '<stdout>', mode 'w' at 0x1002ad150>}
[2017-08-02 14:24:12,796 DEBUG Engine.Configuration] Dumping YAML config into /Users/narsi01/Desktop/JWC_SN/jenkins/2017-08-02_14-21-51.383896/effective.yml
[2017-08-02 14:24:12,862 DEBUG Engine.Configuration] Dumping JSON config into /Users/narsi01/Desktop/JWC_SN/jenkins/2017-08-02_14-21-51.383896/effective.json
[2017-08-02 14:24:12,902 WARNING root] Keyboard interrupt
[2017-08-02 14:24:12,904 DEBUG root] KeyboardInterrupt: 
Traceback (most recent call last):
  File "/Library/Frameworks/Python.framework/Versions/2.7/lib/python2.7/site-packages/bzt/cli.py", line 213, in perform
    self.engine.run()
  File "/Library/Frameworks/Python.framework/Versions/2.7/lib/python2.7/site-packages/bzt/engine.py", line 168, in run
    reraise(exc_info)
  File "/Library/Frameworks/Python.framework/Versions/2.7/lib/python2.7/site-packages/bzt/engine.py", line 150, in run
    self._wait()
  File "/Library/Frameworks/Python.framework/Versions/2.7/lib/python2.7/site-packages/bzt/engine.py", line 193, in _wait
    time.sleep(delay)
KeyboardInterrupt
[2017-08-02 14:24:12,904 INFO Engine] Post-processing...
[2017-08-02 14:24:12,905 INFO Engine.cloud.ProjectFinder.CloudTaurusTest] Ending cloud test...
[2017-08-02 14:24:12,905 DEBUG Engine.cloud] Request: POST https://a.blazemeter.com/api/v4/masters/16490815/stop None
[2017-08-02 14:24:13,712 DEBUG Engine.cloud] Response: {
    "api_version": 4,
    "error": null,
    "result": [
        {
            "session_id": "r-t-5982427f2b4bb",
            "result": "\n"
        }
    ]
}
[2017-08-02 14:24:13,712 DEBUG Engine.cloud] Request: GET https://a.blazemeter.com/api/v4/masters/16490815/full None
[2017-08-02 14:24:14,205 DEBUG Engine.cloud] Response: {
    "api_version": 4,
    "error": null,
    "result": {
        "id": 16490815,
        "name": "Taurus Cloud Test",
        "userId": 106819,
        "runnerUserId": 106819,
        "created": 1501708925,
        "updated": 1501708927,
        "testId"
[2017-08-02 14:24:14,205 DEBUG Engine.cloud] Request: GET https://a.blazemeter.com/api/v4/masters/16490815/sessions None
[2017-08-02 14:24:14,704 DEBUG Engine.cloud] Response: {
    "api_version": 4,
    "error": null,
    "result": {
        "sessions": [
            {
                "id": "r-t-5982427f2b4bb",
                "name": "selenium/req/us-central1-a",
                "userId": 106819,
                "offset": 0,
 
[2017-08-02 14:24:14,705 DEBUG Engine.cloud] Request: GET https://a.blazemeter.com/api/v4/sessions/r-t-5982427f2b4bb/reports/logs None
[2017-08-02 14:24:15,251 DEBUG Engine.cloud] Response: {
    "api_version": 4,
    "error": null,
    "result": {
        "hash": "logs",
        "name": "Logs",
        "type": "Logs",
        "source": "",
        "id": "logs",
        "session_id": "r-t-5982427f2b4bb",
        "dataUrl": "https://a.blazemet
[2017-08-02 14:24:15,251 DEBUG Engine.consolidator] Consolidator buffer[0]: []
[2017-08-02 14:24:15,251 INFO Engine.final-stats] Test duration: 0:02:10
[2017-08-02 14:24:15,252 DEBUG Engine.console] No logger_handler or orig_stream was detected
[2017-08-02 14:24:15,254 DEBUG Engine.Configuration] Dumping YAML config into /Users/narsi01/Desktop/JWC_SN/jenkins/2017-08-02_14-21-51.383896/effective.yml
[2017-08-02 14:24:15,321 DEBUG Engine.Configuration] Dumping JSON config into /Users/narsi01/Desktop/JWC_SN/jenkins/2017-08-02_14-21-51.383896/effective.json
[2017-08-02 14:24:15,360 INFO root] Artifacts dir: /Users/narsi01/Desktop/JWC_SN/jenkins/2017-08-02_14-21-51.383896
[2017-08-02 14:24:15,360 WARNING root] Done performing with code: 1
[2017-08-02 14:24:15,360 DEBUG root] Closing log handler: /Users/narsi01/Desktop/JWC_SN/jenkins/2017-08-02_14-21-51.383896/bzt.log
