[2018-07-26 16:12:07,647 INFO root] Taurus CLI Tool v1.12.1
[2018-07-26 16:12:07,647 DEBUG root] Command-line options: {'verbose': None, 'no_system_configs': None, 'quiet': None, 'log': '/var/folders/t5/kg41spf56pz146ff1j739w358p9wh7/T/bzt_9vrfSf.log', 'option': None, 'aliases': ['report']}
[2018-07-26 16:12:07,647 DEBUG root] Python: CPython 2.7.15
[2018-07-26 16:12:07,648 DEBUG root] OS: ('Darwin', 'narsi01mac1752', '17.6.0', 'Darwin Kernel Version 17.6.0: Tue May  8 15:22:16 PDT 2018; root:xnu-4570.61.1~1/RELEASE_X86_64', 'x86_64', 'i386')
[2018-07-26 16:12:07,648 INFO root] Starting with configs: ['sla_jmx.yml']
[2018-07-26 16:12:07,648 DEBUG root] Using personal config: /Users/narsi01/.bzt-rc
[2018-07-26 16:12:07,648 INFO Engine] Configuring...
[2018-07-26 16:12:07,648 DEBUG Engine] No machine configs dir: /usr/local/Cellar/bzt/1.12.1/libexec/bin/../etc/bzt.d
[2018-07-26 16:12:07,648 DEBUG Engine] Base configs list: ['/usr/local/Cellar/bzt/1.12.1/libexec/lib/python2.7/site-packages/bzt/resources/base-config.yml']
[2018-07-26 16:12:07,648 DEBUG Engine.Configuration] Configs: ['/usr/local/Cellar/bzt/1.12.1/libexec/lib/python2.7/site-packages/bzt/resources/base-config.yml']
[2018-07-26 16:12:07,649 DEBUG Engine.Configuration] Reading /usr/local/Cellar/bzt/1.12.1/libexec/lib/python2.7/site-packages/bzt/resources/base-config.yml as YAML
[2018-07-26 16:12:07,675 DEBUG Engine] User configs list: ['/Users/narsi01/.bzt-rc', 'sla_jmx.yml']
[2018-07-26 16:12:07,675 DEBUG Engine.Configuration] Configs: ['/Users/narsi01/.bzt-rc', 'sla_jmx.yml']
[2018-07-26 16:12:07,675 DEBUG Engine.Configuration] Reading /Users/narsi01/.bzt-rc as YAML
[2018-07-26 16:12:07,677 DEBUG Engine.Configuration] Reading sla_jmx.yml as YAML
[2018-07-26 16:12:07,695 DEBUG Engine.Configuration] Configs: ['/Users/narsi01/.bzt-rc', 'sla_jmx.yml']
[2018-07-26 16:12:07,695 DEBUG Engine.Configuration] Reading /Users/narsi01/.bzt-rc as YAML
[2018-07-26 16:12:07,696 DEBUG Engine.Configuration] Reading sla_jmx.yml as YAML
[2018-07-26 16:12:07,724 DEBUG Engine] Requesting updates info: http://gettaurus.org/updates/?version=1.12.1&installID=macos-784f437f78c0
[2018-07-26 16:12:07,724 DEBUG HTTPClient] Making HTTP request GET http://gettaurus.org/updates/?version=1.12.1&installID=macos-784f437f78c0
[2018-07-26 16:12:07,724 INFO Engine] Artifacts dir: /Users/narsi01/Desktop/JWC_SN/WKS/WKS/2018-07-26_16-12-07.724479
[2018-07-26 16:12:07,730 DEBUG Engine] New artifact filename: /Users/narsi01/Desktop/JWC_SN/WKS/WKS/2018-07-26_16-12-07.724479/effective
[2018-07-26 16:12:07,734 DEBUG urllib3.connectionpool] Starting new HTTP connection (1): gettaurus.org:80
[2018-07-26 16:12:07,734 DEBUG Engine.Configuration] Dumping YAML config into /Users/narsi01/Desktop/JWC_SN/WKS/WKS/2018-07-26_16-12-07.724479/effective.yml
[2018-07-26 16:12:07,777 DEBUG Engine.Configuration] Dumping JSON config into /Users/narsi01/Desktop/JWC_SN/WKS/WKS/2018-07-26_16-12-07.724479/effective.json
[2018-07-26 16:12:07,778 DEBUG Engine] New artifact filename: /Users/narsi01/Desktop/JWC_SN/WKS/WKS/2018-07-26_16-12-07.724479/merged.yml
[2018-07-26 16:12:07,779 DEBUG Engine.Configuration] Dumping YAML config into /Users/narsi01/Desktop/JWC_SN/WKS/WKS/2018-07-26_16-12-07.724479/merged.yml
[2018-07-26 16:12:07,789 DEBUG Engine] New artifact filename: /Users/narsi01/Desktop/JWC_SN/WKS/WKS/2018-07-26_16-12-07.724479/merged.json
[2018-07-26 16:12:07,790 DEBUG Engine.Configuration] Dumping JSON config into /Users/narsi01/Desktop/JWC_SN/WKS/WKS/2018-07-26_16-12-07.724479/merged.json
[2018-07-26 16:12:07,791 DEBUG Engine] Add existing artifact (move=False): sla_jmx.yml
[2018-07-26 16:12:07,791 DEBUG Engine] Copying sla_jmx.yml to /Users/narsi01/Desktop/JWC_SN/WKS/WKS/2018-07-26_16-12-07.724479/sla_jmx.yml
[2018-07-26 16:12:07,791 DEBUG Engine.Environment] Replace 'TAURUS_ARTIFACTS_DIR' in environment
[2018-07-26 16:12:07,792 DEBUG root] Closing log handler: /var/folders/t5/kg41spf56pz146ff1j739w358p9wh7/T/bzt_9vrfSf.log
[2018-07-26 16:12:07,815 DEBUG root] Switched writing logs to /Users/narsi01/Desktop/JWC_SN/WKS/WKS/2018-07-26_16-12-07.724479/bzt.log
[2018-07-26 16:12:07,815 DEBUG root] Linting config
[2018-07-26 16:12:07,821 INFO Engine] Preparing...
[2018-07-26 16:12:07,822 DEBUG Engine] Module config: consolidator defaultdict(None, {'class': u'bzt.modules.aggregator.ConsolidatingAggregator'})
[2018-07-26 16:12:07,822 DEBUG root] Importing module: bzt.modules.aggregator
[2018-07-26 16:12:08,059 DEBUG root] Loading class: 'ConsolidatingAggregator' from <module 'bzt.modules.aggregator' from '/usr/local/Cellar/bzt/1.12.1/libexec/lib/python2.7/site-packages/bzt/modules/aggregator.pyc'>
[2018-07-26 16:12:08,059 DEBUG Engine.consolidator] Buffer scaling setup: percentile 95.0 from [0.0, 50.0, 90.0, 95.0, 99.0, 99.9, 100.0] selected
[2018-07-26 16:12:08,059 DEBUG Engine] Module config: monitoring defaultdict(None, {'class': u'bzt.modules.monitoring.Monitoring'})
[2018-07-26 16:12:08,059 DEBUG root] Importing module: bzt.modules.monitoring
[2018-07-26 16:12:08,062 DEBUG root] Loading class: 'Monitoring' from <module 'bzt.modules.monitoring' from '/usr/local/Cellar/bzt/1.12.1/libexec/lib/python2.7/site-packages/bzt/modules/monitoring.pyc'>
[2018-07-26 16:12:08,062 DEBUG Engine] Module config: local defaultdict(None, {'class': u'bzt.modules.provisioning.Local'})
[2018-07-26 16:12:08,062 DEBUG root] Importing module: bzt.modules.provisioning
[2018-07-26 16:12:08,062 DEBUG root] Loading class: 'Local' from <module 'bzt.modules.provisioning' from '/usr/local/Cellar/bzt/1.12.1/libexec/lib/python2.7/site-packages/bzt/modules/provisioning.pyc'>
[2018-07-26 16:12:08,063 DEBUG Engine] Module config: jmeter defaultdict(None, {'class': u'bzt.modules.jmeter.JMeterExecutor', 'protocol-handlers': defaultdict(None, {'http': u'bzt.jmx.http.HTTPProtocolHandler'}), 'properties': defaultdict(None, {'jmeter.save.saveservice.autoflush': u'true', 'jmeter.save.saveservice.connect_time': u'true', 'summariser.name': u'', 'jmeterengine.force.system.exit': u'true'}), 'plugins': [u'jpgc-casutg', u'jpgc-dummy', u'jpgc-ffw', u'jpgc-fifo', u'jpgc-functions', u'jpgc-json', u'jpgc-perfmon', u'jpgc-prmctl', u'jpgc-tst']})
[2018-07-26 16:12:08,063 DEBUG root] Importing module: bzt.modules.jmeter
[2018-07-26 16:12:08,081 DEBUG root] Loading class: 'JMeterExecutor' from <module 'bzt.modules.jmeter' from '/usr/local/Cellar/bzt/1.12.1/libexec/lib/python2.7/site-packages/bzt/modules/jmeter.pyc'>
[2018-07-26 16:12:08,081 DEBUG Engine.local] Preparing executor: None/4588233872
[2018-07-26 16:12:08,081 DEBUG Engine] New artifact filename: /Users/narsi01/Desktop/JWC_SN/WKS/WKS/2018-07-26_16-12-07.724479/jmeter.log
[2018-07-26 16:12:08,081 DEBUG Engine.jmeter] Checking if port 4445 is free
[2018-07-26 16:12:08,082 DEBUG Engine.jmeter] Port 4445 is free
[2018-07-26 16:12:08,082 DEBUG Engine.jmeter] Using port 4445 for management
[2018-07-26 16:12:08,083 DEBUG Engine.jmeter.JavaVM] Trying JavaVM: ['java', '-version']
[2018-07-26 16:12:08,230 DEBUG Engine.jmeter.JavaVM] JavaVM output: java version "1.8.0_121"
Java(TM) SE Runtime Environment (build 1.8.0_121-b13)
Java HotSpot(TM) 64-Bit Server VM (build 25.121-b13, mixed mode)
[2018-07-26 16:12:08,231 DEBUG Engine.jmeter.TclLibrary] We don't need to check tcl library on this platform
[2018-07-26 16:12:08,232 DEBUG Engine.jmeter.JMeter] Trying jmeter: /Users/narsi01/.bzt/jmeter-taurus/4.0/bin/jmeter.sh
[2018-07-26 16:12:08,232 DEBUG bzt.utils] Executing shell: ['/Users/narsi01/.bzt/jmeter-taurus/4.0/bin/jmeter.sh', '-j', '/var/folders/t5/kg41spf56pz146ff1j739w358p9wh7/T/jmeterPps5Ijlog', '--version'] at .
[2018-07-26 16:12:08,519 DEBUG urllib3.connectionpool] http://gettaurus.org:80 "GET /updates/?version=1.12.1&installID=macos-784f437f78c0 HTTP/1.1" 200 60
[2018-07-26 16:12:08,521 DEBUG Engine] Taurus updates info: {u'needsUpgrade': False, u'latest': u'1.12.1'}
[2018-07-26 16:12:08,521 DEBUG Engine] Installation is up-to-date
[2018-07-26 16:12:09,781 DEBUG Engine.jmeter.JMeter] JMeter check:     _    ____   _    ____ _   _ _____       _ __  __ _____ _____ _____ ____     
   / \  |  _ \ / \  / ___| | | | ____|     | |  \/  | ____|_   _| ____|  _ \   
  / _ \ | |_) / _ \| |   | |_| |  _|    _  | | |\/| |  _|   | | |  _| | |_) | 
 / ___ \|  __/ ___ \ |___|  _  | |___  | |_| | |  | | |___  | | | |___|  _ <  
/_/   \_\_| /_/   \_\____|_| |_|_____|  \___/|_|  |_|_____| |_| |_____|_| \_\ 4.0 r1823414  

Copyright (c) 1999-2018 The Apache Software Foundation

 / None
[2018-07-26 16:12:09,781 DEBUG Engine] New artifact filename: /Users/narsi01/Desktop/JWC_SN/WKS/WKS/2018-07-26_16-12-07.724479/requests.jmx
[2018-07-26 16:12:09,783 DEBUG root] Importing module: bzt.jmx.http
[2018-07-26 16:12:09,785 DEBUG root] Loading class: 'HTTPProtocolHandler' from <module 'bzt.jmx.http' from '/usr/local/Cellar/bzt/1.12.1/libexec/lib/python2.7/site-packages/bzt/jmx/http.pyc'>
[2018-07-26 16:12:09,788 DEBUG JMeterScenarioBuilder] Saving JMX to: /Users/narsi01/Desktop/JWC_SN/WKS/WKS/2018-07-26_16-12-07.724479/requests.jmx
[2018-07-26 16:12:09,789 DEBUG Engine.jmeter] Load: LoadSpec(concurrency=100, throughput=None, ramp_up=60.0, hold=300.0, iterations=1000, duration=360.0, steps=None)
[2018-07-26 16:12:09,805 DEBUG Engine] New artifact filename: /Users/narsi01/Desktop/JWC_SN/WKS/WKS/2018-07-26_16-12-07.724479/kpi.jtl
[2018-07-26 16:12:09,806 DEBUG Engine] New artifact filename: /Users/narsi01/Desktop/JWC_SN/WKS/WKS/2018-07-26_16-12-07.724479/error.jtl
[2018-07-26 16:12:09,807 DEBUG Engine.jmeter.LoadSettingsProcessor] Thread group detection: iterations are found, regular ThreadGroup will be used
[2018-07-26 16:12:09,812 DEBUG Engine.jmeter.LoadSettingsProcessor.ThreadGroupHandler] Converting ThreadGroup (blazedemo) to ThreadGroup and apply load parameters
[2018-07-26 16:12:09,813 DEBUG Engine] New artifact filename: /Users/narsi01/Desktop/JWC_SN/WKS/WKS/2018-07-26_16-12-07.724479/modified_requests.jmx
[2018-07-26 16:12:09,813 DEBUG JMX] Saving JMX to: /Users/narsi01/Desktop/JWC_SN/WKS/WKS/2018-07-26_16-12-07.724479/modified_requests.jmx
[2018-07-26 16:12:09,814 DEBUG Engine.jmeter] Additional properties: defaultdict(None, {'jmeter.save.saveservice.autoflush': u'true', 'jmeter.save.saveservice.connect_time': u'true', 'user.classpath': '/Users/narsi01/Desktop/JWC_SN/WKS/WKS/2018-07-26_16-12-07.724479:/Users/narsi01/Desktop/JWC_SN/WKS/WKS/2018-07-26_16-12-07.724479', 'sampleresult.default.encoding': 'UTF-8', 'summariser.name': u'', 'jmeterengine.force.system.exit': u'true', 'jmeter.save.saveservice.timestamp_format': 'ms', 'jmeterengine.nongui.maxport': 4445, 'jmeterengine.nongui.port': 4445})
[2018-07-26 16:12:09,814 DEBUG Engine] New artifact filename: /Users/narsi01/Desktop/JWC_SN/WKS/WKS/2018-07-26_16-12-07.724479/jmeter-bzt.properties
[2018-07-26 16:12:09,815 DEBUG Engine.jmeter.JMeter] Passing JVM_ARGS: ''
[2018-07-26 16:12:09,815 DEBUG bzt.utils] Executing shell: ['/Users/narsi01/.bzt/jmeter-taurus/4.0/bin/PluginsManagerCMD.sh', 'install-for-jmx', '/Users/narsi01/Desktop/JWC_SN/WKS/WKS/2018-07-26_16-12-07.724479/modified_requests.jmx'] at .
[2018-07-26 16:12:11,711 DEBUG Engine.jmeter.JMeter] Try to detect plugins for /Users/narsi01/Desktop/JWC_SN/WKS/WKS/2018-07-26_16-12-07.724479/modified_requests.jmx
2018-07-26 16:12:10,496 INFO o.j.r.PluginManagerCMD: Command is: install-for-jmx
2018-07-26 16:12:10,618 INFO o.j.r.JARSourceHTTP: Found cached repo
2018-07-26 16:12:10,804 INFO o.j.r.PluginManager: Plugins Status: [jpgc-functions=2.1, jpgc-casutg=2.5, jpgc-dummy=0.2, jpgc-ffw=2.0, jpgc-fifo=0.2, jpgc-json=2.6, jpgc-prmctl=0.4, jpgc-perfmon=2.1, jpgc-plugins-manager=1.1, jpgc-tst=2.5, jmeter-core=4.0, jmeter-ftp=4.0, jmeter-http=4.0, jmeter-jdbc=4.0, jmeter-jms=4.0, jmeter-junit=4.0, jmeter-java=4.0, jmeter-ldap=4.0, jmeter-mail=4.0, jmeter-mongodb=4.0, jmeter-native=4.0, jmeter-tcp=4.0, jmeter-components=4.0]
2018-07-26 16:12:10,807 INFO o.j.r.PluginManagerCMD: Params line is: /Users/narsi01/Desktop/JWC_SN/WKS/WKS/2018-07-26_16-12-07.724479/modified_requests.jmx
2018-07-26 16:12:11,076 INFO o.a.j.s.SaveService: Testplan (JMX) version: 2.2. Testlog (JTL) version: 2.2
2018-07-26 16:12:11,088 INFO o.a.j.s.SaveService: Using SaveService properties file encoding UTF-8
2018-07-26 16:12:11,092 INFO o.a.j.s.SaveService: Using SaveService properties version 4.0
2018-07-26 16:12:11,142 INFO o.a.j.p.h.c.CacheManager: Will only cache the following methods: [GET]
2018-07-26 16:12:11,146 INFO o.a.j.p.h.c.CookieManager: Settings: Delete null: true Check: true Allow variable: true Save: false Prefix: COOKIE_
2018-07-26 16:12:11,219 INFO o.a.j.p.h.s.HTTPSamplerBase: Parser for text/html is org.apache.jmeter.protocol.http.parser.LagartoBasedHtmlParser
2018-07-26 16:12:11,219 INFO o.a.j.p.h.s.HTTPSamplerBase: Parser for application/xhtml+xml is org.apache.jmeter.protocol.http.parser.LagartoBasedHtmlParser
2018-07-26 16:12:11,219 INFO o.a.j.p.h.s.HTTPSamplerBase: Parser for application/xml is org.apache.jmeter.protocol.http.parser.LagartoBasedHtmlParser
2018-07-26 16:12:11,220 INFO o.a.j.p.h.s.HTTPSamplerBase: Parser for text/xml is org.apache.jmeter.protocol.http.parser.LagartoBasedHtmlParser
2018-07-26 16:12:11,220 INFO o.a.j.p.h.s.HTTPSamplerBase: Parser for text/vnd.wap.wml is org.apache.jmeter.protocol.http.parser.RegexpHTMLParser
2018-07-26 16:12:11,220 INFO o.a.j.p.h.s.HTTPSamplerBase: Parser for text/css is org.apache.jmeter.protocol.http.parser.CssParser
2018-07-26 16:12:11,314 INFO o.j.r.PluginManager: Finishing without changes


[2018-07-26 16:12:11,712 DEBUG Engine] New artifact filename: /Users/narsi01/Desktop/JWC_SN/WKS/WKS/2018-07-26_16-12-07.724479/jmeter.out
[2018-07-26 16:12:11,712 DEBUG Engine] New artifact filename: /Users/narsi01/Desktop/JWC_SN/WKS/WKS/2018-07-26_16-12-07.724479/jmeter.err
[2018-07-26 16:12:11,713 DEBUG Engine] Module config: final-stats defaultdict(None, {'class': u'bzt.modules.reporting.FinalStatus'})
[2018-07-26 16:12:11,713 DEBUG root] Importing module: bzt.modules.reporting
[2018-07-26 16:12:11,739 DEBUG easyprocess] version=0.2.3
[2018-07-26 16:12:11,743 DEBUG pyvirtualdisplay] version=0.2.1
[2018-07-26 16:12:11,746 DEBUG root] Loading class: 'FinalStatus' from <module 'bzt.modules.reporting' from '/usr/local/Cellar/bzt/1.12.1/libexec/lib/python2.7/site-packages/bzt/modules/reporting.pyc'>
[2018-07-26 16:12:11,746 DEBUG Engine] Module config: console defaultdict(None, {'class': u'bzt.modules.console.ConsoleStatusReporter'})
[2018-07-26 16:12:11,746 DEBUG root] Importing module: bzt.modules.console
[2018-07-26 16:12:11,747 DEBUG root] Loading class: 'ConsoleStatusReporter' from <module 'bzt.modules.console' from '/usr/local/Cellar/bzt/1.12.1/libexec/lib/python2.7/site-packages/bzt/modules/console.pyc'>
[2018-07-26 16:12:11,747 DEBUG Engine] Module config: passfail defaultdict(None, {'class': u'bzt.modules.passfail.PassFailStatus'})
[2018-07-26 16:12:11,747 DEBUG root] Importing module: bzt.modules.passfail
[2018-07-26 16:12:11,747 DEBUG root] Loading class: 'PassFailStatus' from <module 'bzt.modules.passfail' from '/usr/local/Cellar/bzt/1.12.1/libexec/lib/python2.7/site-packages/bzt/modules/passfail.pyc'>
[2018-07-26 16:12:11,747 DEBUG Engine] Module config: final_stats defaultdict(None, {'class': u'bzt.modules.reporting.FinalStatus'})
[2018-07-26 16:12:11,747 DEBUG root] Importing module: bzt.modules.reporting
[2018-07-26 16:12:11,747 DEBUG root] Loading class: 'FinalStatus' from <module 'bzt.modules.reporting' from '/usr/local/Cellar/bzt/1.12.1/libexec/lib/python2.7/site-packages/bzt/modules/reporting.pyc'>
[2018-07-26 16:12:11,747 DEBUG Engine] Module config: junit-xml defaultdict(None, {'class': u'bzt.modules.reporting.JUnitXMLReporter'})
[2018-07-26 16:12:11,747 DEBUG root] Importing module: bzt.modules.reporting
[2018-07-26 16:12:11,747 DEBUG root] Loading class: 'JUnitXMLReporter' from <module 'bzt.modules.reporting' from '/usr/local/Cellar/bzt/1.12.1/libexec/lib/python2.7/site-packages/bzt/modules/reporting.pyc'>
[2018-07-26 16:12:11,748 DEBUG Engine] Module config: blazemeter defaultdict(None, {'test': u'CICD Taurus SLA', 'token': '********', 'class': u'bzt.modules.blazemeter.BlazeMeterUploader'})
[2018-07-26 16:12:11,748 DEBUG root] Importing module: bzt.modules.blazemeter
[2018-07-26 16:12:11,748 DEBUG root] Loading class: 'BlazeMeterUploader' from <module 'bzt.modules.blazemeter' from '/usr/local/Cellar/bzt/1.12.1/libexec/lib/python2.7/site-packages/bzt/modules/blazemeter.pyc'>
[2018-07-26 16:12:11,756 DEBUG root] Importing module: bzt.modules.passfail
[2018-07-26 16:12:11,756 DEBUG root] Loading class: 'DataCriterion' from <module 'bzt.modules.passfail' from '/usr/local/Cellar/bzt/1.12.1/libexec/lib/python2.7/site-packages/bzt/modules/passfail.pyc'>
[2018-07-26 16:12:11,757 DEBUG Engine.blazemeter] Installing http client
[2018-07-26 16:12:11,757 DEBUG User] Request: GET https://a.blazemeter.com/api/v4/web/version None
[2018-07-26 16:12:11,757 DEBUG HTTPClient] Making HTTP request GET https://a.blazemeter.com/api/v4/web/version
[2018-07-26 16:12:11,821 DEBUG urllib3.connectionpool] Starting new HTTPS connection (1): a.blazemeter.com:443
[2018-07-26 16:12:12,313 DEBUG urllib3.connectionpool] https://a.blazemeter.com:443 "GET /api/v4/web/version HTTP/1.1" 200 200
[2018-07-26 16:12:12,315 DEBUG User] Response [200]: {
    "api_version": 4,
    "error": null,
    "result": "packages_backendPackageBuild 11437 release/2018-07-12_100 B11437  Tue Jul 24 14:15:24 2018 +0300 64631053c94edf4ee77cc9d2427dcea2034684ae\n"
}
[2018-07-26 16:12:12,315 DEBUG User] Request: GET https://a.blazemeter.com/api/v4/accounts None
[2018-07-26 16:12:12,315 DEBUG HTTPClient] Making HTTP request GET https://a.blazemeter.com/api/v4/accounts
[2018-07-26 16:12:12,521 DEBUG urllib3.connectionpool] https://a.blazemeter.com:443 "GET /api/v4/accounts HTTP/1.1" 200 3450
[2018-07-26 16:12:12,522 DEBUG User] Response [200]: {
    "limit": 10,
    "skip": 0,
    "total": 4,
    "hidden": 0,
    "api_version": 4,
    "error": null,
    "result": [
        {
            "id": 100305,
            "name": "Account",
            "thumbnailUrl": null,
            "salesforceId": nul
[2018-07-26 16:12:12,524 DEBUG User] Request: GET https://a.blazemeter.com/api/v4/workspaces?accountId=100305&enabled=true&limit=100 None
[2018-07-26 16:12:12,525 DEBUG HTTPClient] Making HTTP request GET https://a.blazemeter.com/api/v4/workspaces?accountId=100305&enabled=true&limit=100
[2018-07-26 16:12:12,719 DEBUG urllib3.connectionpool] https://a.blazemeter.com:443 "GET /api/v4/workspaces?accountId=100305&enabled=true&limit=100 HTTP/1.1" 200 127
[2018-07-26 16:12:12,720 DEBUG User] Response [200]: {
    "limit": 100,
    "skip": 0,
    "total": 0,
    "hidden": 0,
    "api_version": 4,
    "error": null,
    "result": []
}
[2018-07-26 16:12:12,720 DEBUG User] Request: GET https://a.blazemeter.com/api/v4/workspaces?accountId=130965&enabled=true&limit=100 None
[2018-07-26 16:12:12,720 DEBUG HTTPClient] Making HTTP request GET https://a.blazemeter.com/api/v4/workspaces?accountId=130965&enabled=true&limit=100
[2018-07-26 16:12:13,058 DEBUG urllib3.connectionpool] https://a.blazemeter.com:443 "GET /api/v4/workspaces?accountId=130965&enabled=true&limit=100 HTTP/1.1" 200 2866
[2018-07-26 16:12:13,059 DEBUG User] Response [200]: {
    "limit": 100,
    "skip": 0,
    "total": 4,
    "hidden": 0,
    "api_version": 4,
    "error": null,
    "result": [
        {
            "id": 124387,
            "name": "Klaus Workspace",
            "userId": 345248,
            "created": 148
[2018-07-26 16:12:13,061 DEBUG User] Request: GET https://a.blazemeter.com/api/v4/workspaces?accountId=21166&enabled=true&limit=100 None
[2018-07-26 16:12:13,061 DEBUG HTTPClient] Making HTTP request GET https://a.blazemeter.com/api/v4/workspaces?accountId=21166&enabled=true&limit=100
[2018-07-26 16:12:13,267 DEBUG urllib3.connectionpool] https://a.blazemeter.com:443 "GET /api/v4/workspaces?accountId=21166&enabled=true&limit=100 HTTP/1.1" 200 1482
[2018-07-26 16:12:13,268 DEBUG User] Response [200]: {
    "limit": 100,
    "skip": 0,
    "total": 2,
    "hidden": 0,
    "api_version": 4,
    "error": null,
    "result": [
        {
            "id": 7199,
            "name": "CA SE Workspace",
            "userId": 307773,
            "created": 14775
[2018-07-26 16:12:13,269 DEBUG User] Request: GET https://a.blazemeter.com/api/v4/workspaces?accountId=40241&enabled=true&limit=100 None
[2018-07-26 16:12:13,269 DEBUG HTTPClient] Making HTTP request GET https://a.blazemeter.com/api/v4/workspaces?accountId=40241&enabled=true&limit=100
[2018-07-26 16:12:13,470 DEBUG urllib3.connectionpool] https://a.blazemeter.com:443 "GET /api/v4/workspaces?accountId=40241&enabled=true&limit=100 HTTP/1.1" 200 2191
[2018-07-26 16:12:13,471 DEBUG User] Response [200]: {
    "limit": 100,
    "skip": 0,
    "total": 3,
    "hidden": 0,
    "api_version": 4,
    "error": null,
    "result": [
        {
            "id": 509,
            "name": "Customer Demo Org",
            "userId": 86033,
            "created": 14419
[2018-07-26 16:12:13,472 DEBUG User] Request: GET https://a.blazemeter.com/api/v4/tests?workspaceId=124387&name=CICD+Taurus+SLA None
[2018-07-26 16:12:13,472 DEBUG HTTPClient] Making HTTP request GET https://a.blazemeter.com/api/v4/tests?workspaceId=124387&name=CICD+Taurus+SLA
[2018-07-26 16:12:13,673 DEBUG urllib3.connectionpool] https://a.blazemeter.com:443 "GET /api/v4/tests?workspaceId=124387&name=CICD+Taurus+SLA HTTP/1.1" 200 126
[2018-07-26 16:12:13,673 DEBUG User] Response [200]: {
    "limit": 10,
    "skip": 0,
    "total": 0,
    "hidden": 0,
    "api_version": 4,
    "error": null,
    "result": []
}
[2018-07-26 16:12:13,674 DEBUG User] Request: GET https://a.blazemeter.com/api/v4/tests?workspaceId=137782&name=CICD+Taurus+SLA None
[2018-07-26 16:12:13,674 DEBUG HTTPClient] Making HTTP request GET https://a.blazemeter.com/api/v4/tests?workspaceId=137782&name=CICD+Taurus+SLA
[2018-07-26 16:12:13,878 DEBUG urllib3.connectionpool] https://a.blazemeter.com:443 "GET /api/v4/tests?workspaceId=137782&name=CICD+Taurus+SLA HTTP/1.1" 200 126
[2018-07-26 16:12:13,879 DEBUG User] Response [200]: {
    "limit": 10,
    "skip": 0,
    "total": 0,
    "hidden": 0,
    "api_version": 4,
    "error": null,
    "result": []
}
[2018-07-26 16:12:13,879 DEBUG User] Request: GET https://a.blazemeter.com/api/v4/tests?workspaceId=161580&name=CICD+Taurus+SLA None
[2018-07-26 16:12:13,879 DEBUG HTTPClient] Making HTTP request GET https://a.blazemeter.com/api/v4/tests?workspaceId=161580&name=CICD+Taurus+SLA
[2018-07-26 16:12:14,065 DEBUG urllib3.connectionpool] https://a.blazemeter.com:443 "GET /api/v4/tests?workspaceId=161580&name=CICD+Taurus+SLA HTTP/1.1" 200 126
[2018-07-26 16:12:14,066 DEBUG User] Response [200]: {
    "limit": 10,
    "skip": 0,
    "total": 0,
    "hidden": 0,
    "api_version": 4,
    "error": null,
    "result": []
}
[2018-07-26 16:12:14,066 DEBUG User] Request: GET https://a.blazemeter.com/api/v4/tests?workspaceId=165145&name=CICD+Taurus+SLA None
[2018-07-26 16:12:14,066 DEBUG HTTPClient] Making HTTP request GET https://a.blazemeter.com/api/v4/tests?workspaceId=165145&name=CICD+Taurus+SLA
[2018-07-26 16:12:14,253 DEBUG urllib3.connectionpool] https://a.blazemeter.com:443 "GET /api/v4/tests?workspaceId=165145&name=CICD+Taurus+SLA HTTP/1.1" 200 126
[2018-07-26 16:12:14,254 DEBUG User] Response [200]: {
    "limit": 10,
    "skip": 0,
    "total": 0,
    "hidden": 0,
    "api_version": 4,
    "error": null,
    "result": []
}
[2018-07-26 16:12:14,254 DEBUG User] Request: GET https://a.blazemeter.com/api/v4/tests?workspaceId=7199&name=CICD+Taurus+SLA None
[2018-07-26 16:12:14,254 DEBUG HTTPClient] Making HTTP request GET https://a.blazemeter.com/api/v4/tests?workspaceId=7199&name=CICD+Taurus+SLA
[2018-07-26 16:12:14,461 DEBUG urllib3.connectionpool] https://a.blazemeter.com:443 "GET /api/v4/tests?workspaceId=7199&name=CICD+Taurus+SLA HTTP/1.1" 200 126
[2018-07-26 16:12:14,462 DEBUG User] Response [200]: {
    "limit": 10,
    "skip": 0,
    "total": 0,
    "hidden": 0,
    "api_version": 4,
    "error": null,
    "result": []
}
[2018-07-26 16:12:14,462 DEBUG User] Request: GET https://a.blazemeter.com/api/v4/tests?workspaceId=133217&name=CICD+Taurus+SLA None
[2018-07-26 16:12:14,462 DEBUG HTTPClient] Making HTTP request GET https://a.blazemeter.com/api/v4/tests?workspaceId=133217&name=CICD+Taurus+SLA
[2018-07-26 16:12:14,671 DEBUG urllib3.connectionpool] https://a.blazemeter.com:443 "GET /api/v4/tests?workspaceId=133217&name=CICD+Taurus+SLA HTTP/1.1" 200 126
[2018-07-26 16:12:14,672 DEBUG User] Response [200]: {
    "limit": 10,
    "skip": 0,
    "total": 0,
    "hidden": 0,
    "api_version": 4,
    "error": null,
    "result": []
}
[2018-07-26 16:12:14,672 DEBUG User] Request: GET https://a.blazemeter.com/api/v4/tests?workspaceId=509&name=CICD+Taurus+SLA None
[2018-07-26 16:12:14,672 DEBUG HTTPClient] Making HTTP request GET https://a.blazemeter.com/api/v4/tests?workspaceId=509&name=CICD+Taurus+SLA
[2018-07-26 16:12:14,876 DEBUG urllib3.connectionpool] https://a.blazemeter.com:443 "GET /api/v4/tests?workspaceId=509&name=CICD+Taurus+SLA HTTP/1.1" 200 126
[2018-07-26 16:12:14,877 DEBUG User] Response [200]: {
    "limit": 10,
    "skip": 0,
    "total": 0,
    "hidden": 0,
    "api_version": 4,
    "error": null,
    "result": []
}
[2018-07-26 16:12:14,878 DEBUG User] Request: GET https://a.blazemeter.com/api/v4/tests?workspaceId=3130&name=CICD+Taurus+SLA None
[2018-07-26 16:12:14,878 DEBUG HTTPClient] Making HTTP request GET https://a.blazemeter.com/api/v4/tests?workspaceId=3130&name=CICD+Taurus+SLA
[2018-07-26 16:12:15,070 DEBUG urllib3.connectionpool] https://a.blazemeter.com:443 "GET /api/v4/tests?workspaceId=3130&name=CICD+Taurus+SLA HTTP/1.1" 200 126
[2018-07-26 16:12:15,070 DEBUG User] Response [200]: {
    "limit": 10,
    "skip": 0,
    "total": 0,
    "hidden": 0,
    "api_version": 4,
    "error": null,
    "result": []
}
[2018-07-26 16:12:15,071 DEBUG User] Request: GET https://a.blazemeter.com/api/v4/tests?workspaceId=31694&name=CICD+Taurus+SLA None
[2018-07-26 16:12:15,071 DEBUG HTTPClient] Making HTTP request GET https://a.blazemeter.com/api/v4/tests?workspaceId=31694&name=CICD+Taurus+SLA
[2018-07-26 16:12:15,284 DEBUG urllib3.connectionpool] https://a.blazemeter.com:443 "GET /api/v4/tests?workspaceId=31694&name=CICD+Taurus+SLA HTTP/1.1" 200 588
[2018-07-26 16:12:15,285 DEBUG User] Response [200]: {
    "limit": 10,
    "skip": 0,
    "total": 1,
    "hidden": 0,
    "api_version": 4,
    "error": null,
    "result": [
        {
            "id": 6205788,
            "name": "CICD Taurus SLA",
            "userId": 106819,
            "created": 153
[2018-07-26 16:12:15,289 DEBUG Engine.Configuration] Dumping YAML config into /Users/narsi01/Desktop/JWC_SN/WKS/WKS/2018-07-26_16-12-07.724479/effective.yml
[2018-07-26 16:12:15,323 DEBUG Engine.Configuration] Dumping JSON config into /Users/narsi01/Desktop/JWC_SN/WKS/WKS/2018-07-26_16-12-07.724479/effective.json
[2018-07-26 16:12:15,325 INFO Engine] Starting...
[2018-07-26 16:12:15,325 DEBUG Engine] Startup <bzt.modules.monitoring.Monitoring object at 0x110fe2b90>
[2018-07-26 16:12:15,325 DEBUG Engine] Startup <bzt.modules.aggregator.ConsolidatingAggregator object at 0x110fe2090>
[2018-07-26 16:12:15,325 DEBUG Engine] Startup <bzt.modules.reporting.FinalStatus object at 0x111017750>
[2018-07-26 16:12:15,325 DEBUG Engine] Startup <bzt.modules.console.ConsoleStatusReporter object at 0x111934ad0>
[2018-07-26 16:12:15,325 INFO Engine.console] Waiting for results...
[2018-07-26 16:12:15,326 DEBUG Engine] Startup <bzt.modules.passfail.PassFailStatus object at 0x1119659d0>
[2018-07-26 16:12:15,326 DEBUG Engine] Startup <bzt.modules.reporting.FinalStatus object at 0x1119657d0>
[2018-07-26 16:12:15,326 DEBUG Engine] Startup <bzt.modules.reporting.JUnitXMLReporter object at 0x11199ba50>
[2018-07-26 16:12:15,326 DEBUG Engine] Startup <bzt.modules.blazemeter.BlazeMeterUploader object at 0x11199bb10>
[2018-07-26 16:12:15,326 INFO Engine.blazemeter] Initiating data feeding...
[2018-07-26 16:12:15,326 DEBUG User] Request: POST https://a.blazemeter.com/api/v4/tests/6205788/start-external None
[2018-07-26 16:12:15,326 DEBUG HTTPClient] Making HTTP request POST https://a.blazemeter.com/api/v4/tests/6205788/start-external
[2018-07-26 16:12:15,567 DEBUG urllib3.connectionpool] https://a.blazemeter.com:443 "POST /api/v4/tests/6205788/start-external HTTP/1.1" 202 1786
[2018-07-26 16:12:15,568 DEBUG User] Response [202]: {
    "api_version": 4,
    "error": null,
    "result": {
        "session": {
            "id": "r-ext5b5a554f77e79",
            "name": "CICD Taurus SLA",
            "userId": 106819,
            "offset": 0,
            "statusCode": 15,
            
[2018-07-26 16:12:15,569 INFO Engine.blazemeter] Started data feeding: https://a.blazemeter.com/app/#/masters/17996788
[2018-07-26 16:12:15,850 DEBUG Engine] Startup <bzt.modules.provisioning.Local object at 0x110fb6e90>
[2018-07-26 16:12:15,850 DEBUG Engine.local] Delay setup for None/blazedemo: 0(start-at) + 0(delay) = 0
[2018-07-26 16:12:15,855 DEBUG Engine.Configuration] Dumping YAML config into /Users/narsi01/Desktop/JWC_SN/WKS/WKS/2018-07-26_16-12-07.724479/effective.yml
[2018-07-26 16:12:15,908 DEBUG Engine.Configuration] Dumping JSON config into /Users/narsi01/Desktop/JWC_SN/WKS/WKS/2018-07-26_16-12-07.724479/effective.json
[2018-07-26 16:12:15,910 DEBUG root] Leveling down log file verbosity to INFO, use -v option to have DEBUG messages enabled
[2018-07-26 16:12:15,910 DEBUG root] Leveled up log file verbosity
[2018-07-26 16:12:15,911 DEBUG bzt.utils] Executing shell: ['/Users/narsi01/.bzt/jmeter-taurus/4.0/bin/jmeter.sh', '-n', '-t', '/Users/narsi01/Desktop/JWC_SN/WKS/WKS/2018-07-26_16-12-07.724479/modified_requests.jmx', '-j', '/Users/narsi01/Desktop/JWC_SN/WKS/WKS/2018-07-26_16-12-07.724479/jmeter.log', '-q', '/Users/narsi01/Desktop/JWC_SN/WKS/WKS/2018-07-26_16-12-07.724479/jmeter-bzt.properties'] at /Users/narsi01/Desktop/JWC_SN/WKS/WKS
[2018-07-26 16:12:15,929 DEBUG root] Leveling down log file verbosity to INFO, use -v option to have DEBUG messages enabled
[2018-07-26 16:12:16,174 INFO Engine.console] Waiting for finish...
[2018-07-26 16:12:22,137 INFO Engine.jmeter.JTLReader] Changed data analysis delay to 3s
[2018-07-26 16:12:26,147 INFO Engine.jmeter.JTLReader] Changed data analysis delay to 2s
[2018-07-26 16:12:27,322 WARNING root] Alert: avg-rt>350ms for 5 sec
[2018-07-26 16:12:27,441 INFO root] Pass/Fail criterion triggered shutdown: Failed: avg-rt>350ms for 5 sec
[2018-07-26 16:12:27,459 WARNING Engine] Please wait for graceful shutdown...
[2018-07-26 16:12:27,474 DEBUG root] Leveled up log file verbosity
[2018-07-26 16:12:27,475 INFO Engine] Shutting down...
[2018-07-26 16:12:27,497 DEBUG Engine] Current stop reason: Failed: avg-rt>350ms for 5 sec
[2018-07-26 16:12:27,498 DEBUG Engine.local] Shutdown None/blazedemo
[2018-07-26 16:12:28,503 INFO Engine.jmeter] Sending Shutdown command to JMeter on port 4445...
[2018-07-26 16:12:33,551 INFO Engine.jmeter] Sending StopTestNow command to JMeter on port 4445...
[2018-07-26 16:12:34,575 DEBUG Engine.jmeter] JMeter stopped on StopTestNow command
[2018-07-26 16:12:34,576 DEBUG Engine.console] Restoring logging streams, [<logging.StreamHandler object at 0x110fb6550>]/{<logging.StreamHandler object at 0x110fb6550>: <open file '<stdout>', mode 'w' at 0x10f742150>}
[2018-07-26 16:12:34,581 DEBUG Engine.Configuration] Dumping YAML config into /Users/narsi01/Desktop/JWC_SN/WKS/WKS/2018-07-26_16-12-07.724479/effective.yml
[2018-07-26 16:12:34,647 DEBUG Engine.Configuration] Dumping JSON config into /Users/narsi01/Desktop/JWC_SN/WKS/WKS/2018-07-26_16-12-07.724479/effective.json
[2018-07-26 16:12:34,650 WARNING root] Automated shutdown
[2018-07-26 16:12:34,652 DEBUG root] AutomatedShutdown: Failed: avg-rt>350ms for 5 sec
Traceback (most recent call last):
  File "/usr/local/Cellar/bzt/1.12.1/libexec/lib/python2.7/site-packages/bzt/cli.py", line 254, in perform
    self.engine.run()
  File "/usr/local/Cellar/bzt/1.12.1/libexec/lib/python2.7/site-packages/bzt/engine.py", line 224, in run
    reraise(exc_info)
  File "/usr/local/Cellar/bzt/1.12.1/libexec/lib/python2.7/site-packages/bzt/engine.py", line 206, in run
    self._wait()
  File "/usr/local/Cellar/bzt/1.12.1/libexec/lib/python2.7/site-packages/bzt/engine.py", line 245, in _wait
    while not self._check_modules_list():
  File "/usr/local/Cellar/bzt/1.12.1/libexec/lib/python2.7/site-packages/bzt/engine.py", line 232, in _check_modules_list
    finished = bool(module.check())
  File "/usr/local/Cellar/bzt/1.12.1/libexec/lib/python2.7/site-packages/bzt/modules/passfail.py", line 98, in check
    res = res or crit.check()
  File "/usr/local/Cellar/bzt/1.12.1/libexec/lib/python2.7/site-packages/bzt/modules/passfail.py", line 204, in check
    raise AutomatedShutdown("%s" % self)
AutomatedShutdown: Failed: avg-rt>350ms for 5 sec
[2018-07-26 16:12:34,652 INFO Engine] Post-processing...
[2018-07-26 16:12:34,652 DEBUG Engine.local] Post-process None/blazedemo
[2018-07-26 16:12:34,652 DEBUG Engine] Add existing artifact (move=True): /Users/narsi01/Desktop/JWC_SN/WKS/WKS/2018-07-26_16-12-07.724479/modified_requests.jmx
[2018-07-26 16:12:34,652 DEBUG Engine] No need to copy /Users/narsi01/Desktop/JWC_SN/WKS/WKS/2018-07-26_16-12-07.724479/modified_requests.jmx
[2018-07-26 16:12:34,653 DEBUG Engine.jmeter.JTLErrorsReader.FileReader] Opening file: /Users/narsi01/Desktop/JWC_SN/WKS/WKS/2018-07-26_16-12-07.724479/error.jtl
[2018-07-26 16:12:34,653 DEBUG Engine.jmeter.JTLErrorsReader.FileReader] Reading: /Users/narsi01/Desktop/JWC_SN/WKS/WKS/2018-07-26_16-12-07.724479/error.jtl
[2018-07-26 16:12:34,654 DEBUG Engine.jmeter.JTLErrorsReader.FileReader] Reading: /Users/narsi01/Desktop/JWC_SN/WKS/WKS/2018-07-26_16-12-07.724479/error.jtl
[2018-07-26 16:12:34,655 DEBUG Engine.jmeter.JTLReader.IncrementalCSVReader.FileReader] Reading: /Users/narsi01/Desktop/JWC_SN/WKS/WKS/2018-07-26_16-12-07.724479/kpi.jtl
[2018-07-26 16:12:34,656 DEBUG Engine.jmeter.JTLReader.IncrementalCSVReader] Read: 57 lines / 6724 bytes (at speed 1048576)
[2018-07-26 16:12:34,658 DEBUG Engine.jmeter.JTLReader] Buffer len: 4; Known errors count: 0
[2018-07-26 16:12:34,658 DEBUG Engine.jmeter.JTLReader] Aggregating: 1532646745
[2018-07-26 16:12:34,715 DEBUG Engine.jmeter.JTLReader] Aggregating: 1532646746
[2018-07-26 16:12:34,757 DEBUG Engine.jmeter.JTLReader] Aggregating: 1532646747
[2018-07-26 16:12:34,796 DEBUG Engine.jmeter.JTLReader] Aggregating: 1532646748
[2018-07-26 16:12:34,833 DEBUG Engine.consolidator] Consolidator buffer[6]: [1532646743, 1532646744, 1532646745, 1532646746, 1532646747, 1532646748]
[2018-07-26 16:12:34,833 DEBUG Engine.consolidator] Merging into 1532646743
[2018-07-26 16:12:34,833 DEBUG Engine.consolidator] Merging 1532646743
[2018-07-26 16:12:34,908 DEBUG root] 1532646743 Failed: avg-rt>350ms for 6 sec: True
[2018-07-26 16:12:34,908 DEBUG Engine.consolidator] Processed datapoint: 1532646743/None
[2018-07-26 16:12:34,908 DEBUG Engine.consolidator] Merging into 1532646744
[2018-07-26 16:12:34,908 DEBUG Engine.consolidator] Merging 1532646744
[2018-07-26 16:12:34,965 DEBUG root] 1532646744 Failed: avg-rt>350ms for 7 sec: True
[2018-07-26 16:12:34,965 DEBUG Engine.consolidator] Processed datapoint: 1532646744/None
[2018-07-26 16:12:34,965 DEBUG Engine.consolidator] Merging into 1532646745
[2018-07-26 16:12:34,965 DEBUG Engine.consolidator] Merging 1532646745
[2018-07-26 16:12:35,021 DEBUG root] 1532646745 Failed: avg-rt>350ms for 8 sec: True
[2018-07-26 16:12:35,022 DEBUG Engine.consolidator] Processed datapoint: 1532646745/None
[2018-07-26 16:12:35,022 DEBUG Engine.consolidator] Merging into 1532646746
[2018-07-26 16:12:35,022 DEBUG Engine.consolidator] Merging 1532646746
[2018-07-26 16:12:35,075 DEBUG root] 1532646746 Failed: avg-rt>350ms for 9 sec: True
[2018-07-26 16:12:35,076 DEBUG Engine.consolidator] Processed datapoint: 1532646746/None
[2018-07-26 16:12:35,076 DEBUG Engine.consolidator] Merging into 1532646747
[2018-07-26 16:12:35,076 DEBUG Engine.consolidator] Merging 1532646747
[2018-07-26 16:12:35,135 DEBUG root] 1532646747 Failed: avg-rt>350ms for 10 sec: True
[2018-07-26 16:12:35,135 DEBUG Engine.consolidator] Processed datapoint: 1532646747/None
[2018-07-26 16:12:35,135 DEBUG Engine.consolidator] Merging into 1532646748
[2018-07-26 16:12:35,135 DEBUG Engine.consolidator] Merging 1532646748
[2018-07-26 16:12:35,198 DEBUG root] 1532646748 Failed: avg-rt>350ms for 11 sec: True
[2018-07-26 16:12:35,198 DEBUG Engine.consolidator] Processed datapoint: 1532646748/None
[2018-07-26 16:12:35,198 INFO Engine.final-stats] Test duration: 0:00:19
[2018-07-26 16:12:35,199 INFO Engine.final-stats] Samples count: 155, 0.00% failures
[2018-07-26 16:12:35,199 INFO Engine.final-stats] Average times: total 0.615, latency 0.177, connect 0.020
[2018-07-26 16:12:35,201 INFO Engine.final-stats] Percentiles:
(0lqqqqqqqqqqqqqqqwqqqqqqqqqqqqqqqk(B
(0x(B Percentile, % (0x(B Resp. Time, s (0x(B
(0tqqqqqqqqqqqqqqqnqqqqqqqqqqqqqqqu(B
(0x(B           0.0 (0x(B         0.184 (0x(B
(0x(B          50.0 (0x(B         0.515 (0x(B
(0x(B          90.0 (0x(B           1.0 (0x(B
(0x(B          95.0 (0x(B         1.168 (0x(B
(0x(B          99.0 (0x(B         1.196 (0x(B
(0x(B          99.9 (0x(B         1.619 (0x(B
(0x(B         100.0 (0x(B         1.619 (0x(B
(0mqqqqqqqqqqqqqqqvqqqqqqqqqqqqqqqj(B
[2018-07-26 16:12:35,204 INFO Engine.final-stats] Request label stats:
(0lqqqqqqqqqqqqqqqqqqqqqqqqqqqqqqqqqqqqqqqqqqqqqqqqqqqwqqqqqqqqwqqqqqqqqqwqqqqqqqqwqqqqqqqk(B
(0x(B label                                             (0x(B status (0x(B    succ (0x(B avg_rt (0x(B error (0x(B
(0tqqqqqqqqqqqqqqqqqqqqqqqqqqqqqqqqqqqqqqqqqqqqqqqqqqqnqqqqqqqqnqqqqqqqqqnqqqqqqqqnqqqqqqqu(B
(0x(B http://www.centurylink.com/home/                  (0x(B   OK   (0x(B 100.00% (0x(B  0.503 (0x(B       (0x(B
(0x(B http://www.centurylink.com/home/help.html         (0x(B   OK   (0x(B 100.00% (0x(B  0.396 (0x(B       (0x(B
(0x(B http://www.centurylink.com/home/help/contact.html (0x(B   OK   (0x(B 100.00% (0x(B  0.514 (0x(B       (0x(B
(0x(B http://www.centurylink.com/index_a.html           (0x(B   OK   (0x(B 100.00% (0x(B  0.943 (0x(B       (0x(B
(0mqqqqqqqqqqqqqqqqqqqqqqqqqqqqqqqqqqqqqqqqqqqqqqqqqqqvqqqqqqqqvqqqqqqqqqvqqqqqqqqvqqqqqqqj(B
[2018-07-26 16:12:35,204 DEBUG Engine.console] No logger_handler or orig_stream was detected
[2018-07-26 16:12:35,204 INFO Engine.final_stats] Test duration: 0:00:19
[2018-07-26 16:12:35,205 INFO Engine.final_stats] Samples count: 155, 0.00% failures
[2018-07-26 16:12:35,205 INFO Engine.final_stats] Average times: total 0.615, latency 0.177, connect 0.020
[2018-07-26 16:12:35,206 INFO Engine.final_stats] Percentiles:
(0lqqqqqqqqqqqqqqqwqqqqqqqqqqqqqqqk(B
(0x(B Percentile, % (0x(B Resp. Time, s (0x(B
(0tqqqqqqqqqqqqqqqnqqqqqqqqqqqqqqqu(B
(0x(B           0.0 (0x(B         0.184 (0x(B
(0x(B          50.0 (0x(B         0.515 (0x(B
(0x(B          90.0 (0x(B           1.0 (0x(B
(0x(B          95.0 (0x(B         1.168 (0x(B
(0x(B          99.0 (0x(B         1.196 (0x(B
(0x(B          99.9 (0x(B         1.619 (0x(B
(0x(B         100.0 (0x(B         1.619 (0x(B
(0mqqqqqqqqqqqqqqqvqqqqqqqqqqqqqqqj(B
[2018-07-26 16:12:35,207 INFO Engine.final_stats] Request label stats:
(0lqqqqqqqqqqqqqqqqqqqqqqqqqqqqqqqqqqqqqqqqqqqqqqqqqqqwqqqqqqqqwqqqqqqqqqwqqqqqqqqwqqqqqqqk(B
(0x(B label                                             (0x(B status (0x(B    succ (0x(B avg_rt (0x(B error (0x(B
(0tqqqqqqqqqqqqqqqqqqqqqqqqqqqqqqqqqqqqqqqqqqqqqqqqqqqnqqqqqqqqnqqqqqqqqqnqqqqqqqqnqqqqqqqu(B
(0x(B http://www.centurylink.com/home/                  (0x(B   OK   (0x(B 100.00% (0x(B  0.503 (0x(B       (0x(B
(0x(B http://www.centurylink.com/home/help.html         (0x(B   OK   (0x(B 100.00% (0x(B  0.396 (0x(B       (0x(B
(0x(B http://www.centurylink.com/home/help/contact.html (0x(B   OK   (0x(B 100.00% (0x(B  0.514 (0x(B       (0x(B
(0x(B http://www.centurylink.com/index_a.html           (0x(B   OK   (0x(B 100.00% (0x(B  0.943 (0x(B       (0x(B
(0mqqqqqqqqqqqqqqqqqqqqqqqqqqqqqqqqqqqqqqqqqqqqqqqqqqqvqqqqqqqqvqqqqqqqqqvqqqqqqqqvqqqqqqqj(B
[2018-07-26 16:12:35,208 INFO Engine.final_stats] Dumping final status as CSV: aggregate.csv
[2018-07-26 16:12:35,212 DEBUG Engine.junit-xml] Processing passfail objects: [<bzt.modules.passfail.PassFailStatus object at 0x1119659d0>]
[2018-07-26 16:12:35,212 WARNING Engine.XUnitFileWriter] File pass-fail.xml already exists, it will be overwritten
[2018-07-26 16:12:35,212 INFO Engine.XUnitFileWriter] Writing JUnit XML report into: pass-fail.xml
[2018-07-26 16:12:35,213 DEBUG Engine.blazemeter] KPI bulk buffer len in post-proc: 11
[2018-07-26 16:12:35,213 INFO Engine.blazemeter] Sending remaining KPI data to server...
[2018-07-26 16:12:35,225 DEBUG User] Request: POST https://data.blazemeter.com/submit.php?session_id=r-ext5b5a554f77e79&signature=ci1leHQ1YjVhNTU0Zjc3ZTc5OjE1MzMyNTE1MzU6ZjA3OWU0ODc2M2Y5NGFhN2RhZjJiNzMzNjM2OTBlNDJmMWJlYzE1ZjFhYWU0ZmNmMzM5NTI1ZDg5YjAxN2FlNTFmN2U2Mzg0YTI0MjM3YTcyN2IwZDg3OTRjZDgyMzFiOWNiNGRiNzA2YzE2MzcxMTQ3NjNhOGUwMWIwZDdmM2Y=&test_id=6205788&user_id=106819&pq=0&target=labels_bulk&update=1 {
 "sourceID": 4590254864, 
 "labels": [
  {
   "percentileHistogramBytes": [], 
   "errors": [], 
   "name": "ALL", 
   "interval": 1, 
   "otherErrorsCount": 0, 
   "n": 155, 
   "percentileHistogramLatency": [], 
   "intervals": [
    {
     "by": {
   
[2018-07-26 16:12:35,226 DEBUG HTTPClient] Making HTTP request POST https://data.blazemeter.com/submit.php?session_id=r-ext5b5a554f77e79&signature=ci1leHQ1YjVhNTU0Zjc3ZTc5OjE1MzMyNTE1MzU6ZjA3OWU0ODc2M2Y5NGFhN2RhZjJiNzMzNjM2OTBlNDJmMWJlYzE1ZjFhYWU0ZmNmMzM5NTI1ZDg5YjAxN2FlNTFmN2U2Mzg0YTI0MjM3YTcyN2IwZDg3OTRjZDgyMzFiOWNiNGRiNzA2YzE2MzcxMTQ3NjNhOGUwMWIwZDdmM2Y=&test_id=6205788&user_id=106819&pq=0&target=labels_bulk&update=1
[2018-07-26 16:12:35,488 DEBUG urllib3.connectionpool] https://data.blazemeter.com:443 "POST /submit.php?session_id=r-ext5b5a554f77e79&signature=ci1leHQ1YjVhNTU0Zjc3ZTc5OjE1MzMyNTE1MzU6ZjA3OWU0ODc2M2Y5NGFhN2RhZjJiNzMzNjM2OTBlNDJmMWJlYzE1ZjFhYWU0ZmNmMzM5NTI1ZDg5YjAxN2FlNTFmN2U2Mzg0YTI0MjM3YTcyN2IwZDg3OTRjZDgyMzFiOWNiNGRiNzA2YzE2MzcxMTQ3NjNhOGUwMWIwZDdmM2Y=&test_id=6205788&user_id=106819&pq=0&target=labels_bulk&update=1 HTTP/1.1" 200 145
[2018-07-26 16:12:35,489 DEBUG User] Response [200]: {"api_version":2,"error":null,"result":{"session":{"_id":"r-ext5b5a554f77e79","name":"CICD Taurus SLA","statusCode":15,"status":"INITIALIZING"}}}
[2018-07-26 16:12:35,493 DEBUG User] Request: POST https://data.blazemeter.com/api/v4/image/r-ext5b5a554f77e79/files?signature=ci1leHQ1YjVhNTU0Zjc3ZTc5OjE1MzMyNTE1MzU6ZjA3OWU0ODc2M2Y5NGFhN2RhZjJiNzMzNjM2OTBlNDJmMWJlYzE1ZjFhYWU0ZmNmMzM5NTI1ZDg5YjAxN2FlNTFmN2U2Mzg0YTI0MjM3YTcyN2IwZDg3OTRjZDgyMzFiOWNiNGRiNzA2YzE2MzcxMTQ3NjNhOGUwMWIwZDdmM2Y= --===============8026875397124045165==
Content-Disposition: file; name="file"; filename="r-ext5b5a554f77e79-0-c.monitoring.json"
Content-Type: application/json

{
 "kpis": {
  "Connections": "Connections", 
  "CPU": "CPU", 
  "Network I/O": "Network I/
[2018-07-26 16:12:35,493 DEBUG HTTPClient] Making HTTP request POST https://data.blazemeter.com/api/v4/image/r-ext5b5a554f77e79/files?signature=ci1leHQ1YjVhNTU0Zjc3ZTc5OjE1MzMyNTE1MzU6ZjA3OWU0ODc2M2Y5NGFhN2RhZjJiNzMzNjM2OTBlNDJmMWJlYzE1ZjFhYWU0ZmNmMzM5NTI1ZDg5YjAxN2FlNTFmN2U2Mzg0YTI0MjM3YTcyN2IwZDg3OTRjZDgyMzFiOWNiNGRiNzA2YzE2MzcxMTQ3NjNhOGUwMWIwZDdmM2Y=
[2018-07-26 16:12:35,903 DEBUG urllib3.connectionpool] https://data.blazemeter.com:443 "POST /api/v4/image/r-ext5b5a554f77e79/files?signature=ci1leHQ1YjVhNTU0Zjc3ZTc5OjE1MzMyNTE1MzU6ZjA3OWU0ODc2M2Y5NGFhN2RhZjJiNzMzNjM2OTBlNDJmMWJlYzE1ZjFhYWU0ZmNmMzM5NTI1ZDg5YjAxN2FlNTFmN2U2Mzg0YTI0MjM3YTcyN2IwZDg3OTRjZDgyMzFiOWNiNGRiNzA2YzE2MzcxMTQ3NjNhOGUwMWIwZDdmM2Y= HTTP/1.1" 200 115
[2018-07-26 16:12:35,904 DEBUG User] Response [200]: {
    "api_version": 4,
    "error": null,
    "result": [
        "r-ext5b5a554f77e79-0-c.monitoring.json"
    ]
}
[2018-07-26 16:12:35,915 INFO Engine.blazemeter] Uploading all artifacts as artifacts.zip ...
[2018-07-26 16:12:35,916 DEBUG User] Request: POST https://data.blazemeter.com/api/v4/image/r-ext5b5a554f77e79/files?signature=ci1leHQ1YjVhNTU0Zjc3ZTc5OjE1MzMyNTE1MzU6ZjA3OWU0ODc2M2Y5NGFhN2RhZjJiNzMzNjM2OTBlNDJmMWJlYzE1ZjFhYWU0ZmNmMzM5NTI1ZDg5YjAxN2FlNTFmN2U2Mzg0YTI0MjM3YTcyN2IwZDg3OTRjZDgyMzFiOWNiNGRiNzA2YzE2MzcxMTQ3NjNhOGUwMWIwZDdmM2Y= --===============7123609566440390587==
Content-Disposition: file; name="file"; filename="artifacts.zip"
Content-Type: application/zip

PK    ÉÅ˙L¥Ú≤ÿ  –     merged.jsonÌWmo€6˛Ó_AËSõY≤7Ó⁄b<ØËÇ&MP;ÿÜ°0hÈ$q°Hï§b'Eˇ˚é‘kÏ¥KÅ∂‰CêÔxÔyÓÏ˚4 ûé@P≈
[2018-07-26 16:12:35,916 DEBUG HTTPClient] Making HTTP request POST https://data.blazemeter.com/api/v4/image/r-ext5b5a554f77e79/files?signature=ci1leHQ1YjVhNTU0Zjc3ZTc5OjE1MzMyNTE1MzU6ZjA3OWU0ODc2M2Y5NGFhN2RhZjJiNzMzNjM2OTBlNDJmMWJlYzE1ZjFhYWU0ZmNmMzM5NTI1ZDg5YjAxN2FlNTFmN2U2Mzg0YTI0MjM3YTcyN2IwZDg3OTRjZDgyMzFiOWNiNGRiNzA2YzE2MzcxMTQ3NjNhOGUwMWIwZDdmM2Y=
[2018-07-26 16:12:36,347 DEBUG urllib3.connectionpool] https://data.blazemeter.com:443 "POST /api/v4/image/r-ext5b5a554f77e79/files?signature=ci1leHQ1YjVhNTU0Zjc3ZTc5OjE1MzMyNTE1MzU6ZjA3OWU0ODc2M2Y5NGFhN2RhZjJiNzMzNjM2OTBlNDJmMWJlYzE1ZjFhYWU0ZmNmMzM5NTI1ZDg5YjAxN2FlNTFmN2U2Mzg0YTI0MjM3YTcyN2IwZDg3OTRjZDgyMzFiOWNiNGRiNzA2YzE2MzcxMTQ3NjNhOGUwMWIwZDdmM2Y= HTTP/1.1" 200 90
[2018-07-26 16:12:36,347 DEBUG User] Response [200]: {
    "api_version": 4,
    "error": null,
    "result": [
        "artifacts.zip"
    ]
}
[2018-07-26 16:12:36,348 DEBUG User] Request: POST https://data.blazemeter.com/api/v4/image/r-ext5b5a554f77e79/files?signature=ci1leHQ1YjVhNTU0Zjc3ZTc5OjE1MzMyNTE1MzU6ZjA3OWU0ODc2M2Y5NGFhN2RhZjJiNzMzNjM2OTBlNDJmMWJlYzE1ZjFhYWU0ZmNmMzM5NTI1ZDg5YjAxN2FlNTFmN2U2Mzg0YTI0MjM3YTcyN2IwZDg3OTRjZDgyMzFiOWNiNGRiNzA2YzE2MzcxMTQ3NjNhOGUwMWIwZDdmM2Y= --===============2503608499765442848==
Content-Disposition: file; name="file"; filename="artifacts.zip.tail.bz"
Content-Type: application/x-bzip

43K bzt.log
9K effective.json
7K effective.yml
83  error.jtl
422  jmeter-bzt.properties
0  jmeter.err
32K 
[2018-07-26 16:12:36,348 DEBUG HTTPClient] Making HTTP request POST https://data.blazemeter.com/api/v4/image/r-ext5b5a554f77e79/files?signature=ci1leHQ1YjVhNTU0Zjc3ZTc5OjE1MzMyNTE1MzU6ZjA3OWU0ODc2M2Y5NGFhN2RhZjJiNzMzNjM2OTBlNDJmMWJlYzE1ZjFhYWU0ZmNmMzM5NTI1ZDg5YjAxN2FlNTFmN2U2Mzg0YTI0MjM3YTcyN2IwZDg3OTRjZDgyMzFiOWNiNGRiNzA2YzE2MzcxMTQ3NjNhOGUwMWIwZDdmM2Y=
[2018-07-26 16:12:36,825 DEBUG urllib3.connectionpool] https://data.blazemeter.com:443 "POST /api/v4/image/r-ext5b5a554f77e79/files?signature=ci1leHQ1YjVhNTU0Zjc3ZTc5OjE1MzMyNTE1MzU6ZjA3OWU0ODc2M2Y5NGFhN2RhZjJiNzMzNjM2OTBlNDJmMWJlYzE1ZjFhYWU0ZmNmMzM5NTI1ZDg5YjAxN2FlNTFmN2U2Mzg0YTI0MjM3YTcyN2IwZDg3OTRjZDgyMzFiOWNiNGRiNzA2YzE2MzcxMTQ3NjNhOGUwMWIwZDdmM2Y= HTTP/1.1" 200 98
[2018-07-26 16:12:36,825 DEBUG User] Response [200]: {
    "api_version": 4,
    "error": null,
    "result": [
        "artifacts.zip.tail.bz"
    ]
}
[2018-07-26 16:12:36,826 INFO Engine.blazemeter] Uploading /Users/narsi01/Desktop/JWC_SN/WKS/WKS/2018-07-26_16-12-07.724479/bzt.log
[2018-07-26 16:12:36,826 DEBUG User] Request: POST https://data.blazemeter.com/api/v4/image/r-ext5b5a554f77e79/files?signature=ci1leHQ1YjVhNTU0Zjc3ZTc5OjE1MzMyNTE1MzU6ZjA3OWU0ODc2M2Y5NGFhN2RhZjJiNzMzNjM2OTBlNDJmMWJlYzE1ZjFhYWU0ZmNmMzM5NTI1ZDg5YjAxN2FlNTFmN2U2Mzg0YTI0MjM3YTcyN2IwZDg3OTRjZDgyMzFiOWNiNGRiNzA2YzE2MzcxMTQ3NjNhOGUwMWIwZDdmM2Y= --===============7152716725636809348==
Content-Disposition: file; name="file"; filename="bzt.log"
Content-Type: text/plain

[2018-07-26 16:12:07,647 INFO root] Taurus CLI Tool v1.12.1
[2018-07-26 16:12:07,647 DEBUG root] Command-line options: {'verbose
[2018-07-26 16:12:36,826 DEBUG HTTPClient] Making HTTP request POST https://data.blazemeter.com/api/v4/image/r-ext5b5a554f77e79/files?signature=ci1leHQ1YjVhNTU0Zjc3ZTc5OjE1MzMyNTE1MzU6ZjA3OWU0ODc2M2Y5NGFhN2RhZjJiNzMzNjM2OTBlNDJmMWJlYzE1ZjFhYWU0ZmNmMzM5NTI1ZDg5YjAxN2FlNTFmN2U2Mzg0YTI0MjM3YTcyN2IwZDg3OTRjZDgyMzFiOWNiNGRiNzA2YzE2MzcxMTQ3NjNhOGUwMWIwZDdmM2Y=
[2018-07-26 16:12:37,439 DEBUG urllib3.connectionpool] https://data.blazemeter.com:443 "POST /api/v4/image/r-ext5b5a554f77e79/files?signature=ci1leHQ1YjVhNTU0Zjc3ZTc5OjE1MzMyNTE1MzU6ZjA3OWU0ODc2M2Y5NGFhN2RhZjJiNzMzNjM2OTBlNDJmMWJlYzE1ZjFhYWU0ZmNmMzM5NTI1ZDg5YjAxN2FlNTFmN2U2Mzg0YTI0MjM3YTcyN2IwZDg3OTRjZDgyMzFiOWNiNGRiNzA2YzE2MzcxMTQ3NjNhOGUwMWIwZDdmM2Y= HTTP/1.1" 200 84
[2018-07-26 16:12:37,440 DEBUG User] Response [200]: {
    "api_version": 4,
    "error": null,
    "result": [
        "bzt.log"
    ]
}
[2018-07-26 16:12:37,441 DEBUG User] Request: POST https://data.blazemeter.com/api/v4/image/r-ext5b5a554f77e79/files?signature=ci1leHQ1YjVhNTU0Zjc3ZTc5OjE1MzMyNTE1MzU6ZjA3OWU0ODc2M2Y5NGFhN2RhZjJiNzMzNjM2OTBlNDJmMWJlYzE1ZjFhYWU0ZmNmMzM5NTI1ZDg5YjAxN2FlNTFmN2U2Mzg0YTI0MjM3YTcyN2IwZDg3OTRjZDgyMzFiOWNiNGRiNzA2YzE2MzcxMTQ3NjNhOGUwMWIwZDdmM2Y= --===============7609030991866811296==
Content-Disposition: file; name="file"; filename="bzt.log.tail.bz"
Content-Type: application/x-bzip


PK    ÉÅ˙L¥Ú≤ÿ  –     merged.jsonÌWmo€6˛Ó_AËSõY≤7Ó⁄b<ØËÇ&MP;ÿÜ°0hÈ$q°Hï§b'Eˇ˚é‘kÏ¥KÅ∂‰CêÔxÔyÓÏ˚
[2018-07-26 16:12:37,441 DEBUG HTTPClient] Making HTTP request POST https://data.blazemeter.com/api/v4/image/r-ext5b5a554f77e79/files?signature=ci1leHQ1YjVhNTU0Zjc3ZTc5OjE1MzMyNTE1MzU6ZjA3OWU0ODc2M2Y5NGFhN2RhZjJiNzMzNjM2OTBlNDJmMWJlYzE1ZjFhYWU0ZmNmMzM5NTI1ZDg5YjAxN2FlNTFmN2U2Mzg0YTI0MjM3YTcyN2IwZDg3OTRjZDgyMzFiOWNiNGRiNzA2YzE2MzcxMTQ3NjNhOGUwMWIwZDdmM2Y=
[2018-07-26 16:12:39,205 DEBUG urllib3.connectionpool] https://data.blazemeter.com:443 "POST /api/v4/image/r-ext5b5a554f77e79/files?signature=ci1leHQ1YjVhNTU0Zjc3ZTc5OjE1MzMyNTE1MzU6ZjA3OWU0ODc2M2Y5NGFhN2RhZjJiNzMzNjM2OTBlNDJmMWJlYzE1ZjFhYWU0ZmNmMzM5NTI1ZDg5YjAxN2FlNTFmN2U2Mzg0YTI0MjM3YTcyN2IwZDg3OTRjZDgyMzFiOWNiNGRiNzA2YzE2MzcxMTQ3NjNhOGUwMWIwZDdmM2Y= HTTP/1.1" 200 92
[2018-07-26 16:12:39,206 DEBUG User] Response [200]: {
    "api_version": 4,
    "error": null,
    "result": [
        "bzt.log.tail.bz"
    ]
}
[2018-07-26 16:12:39,206 DEBUG Engine.blazemeter] Set last check time to: 1532646731.75
[2018-07-26 16:12:39,206 INFO Engine.blazemeter] Ending data feeding...
[2018-07-26 16:12:39,206 DEBUG User] Request: POST https://a.blazemeter.com/api/v4/sessions/r-ext5b5a554f77e79/stop None
[2018-07-26 16:12:39,206 DEBUG HTTPClient] Making HTTP request POST https://a.blazemeter.com/api/v4/sessions/r-ext5b5a554f77e79/stop
[2018-07-26 16:12:39,396 DEBUG urllib3.connectionpool] https://a.blazemeter.com:443 "POST /api/v4/sessions/r-ext5b5a554f77e79/stop HTTP/1.1" 202 69
[2018-07-26 16:12:39,397 DEBUG User] Response [202]: {
    "api_version": 4,
    "error": null,
    "result": "Stopping"
}
[2018-07-26 16:12:39,397 DEBUG User] Request: GET https://a.blazemeter.com/api/v4/sessions/r-ext5b5a554f77e79 None
[2018-07-26 16:12:39,397 DEBUG HTTPClient] Making HTTP request GET https://a.blazemeter.com/api/v4/sessions/r-ext5b5a554f77e79
[2018-07-26 16:12:39,665 DEBUG urllib3.connectionpool] https://a.blazemeter.com:443 "GET /api/v4/sessions/r-ext5b5a554f77e79 HTTP/1.1" 200 2411
[2018-07-26 16:12:39,665 DEBUG User] Response [200]: {
    "api_version": 4,
    "error": null,
    "result": {
        "id": "r-ext5b5a554f77e79",
        "name": "CICD Taurus SLA",
        "userId": 106819,
        "offset": 0,
        "statusCode": 100,
        "status": "DATA_RECEIVED",
        "firstSam
[2018-07-26 16:12:39,665 DEBUG User] Request: PATCH https://a.blazemeter.com/api/v4/sessions/r-ext5b5a554f77e79 {
 "note": "AutomatedShutdown: Failed: avg-rt>350ms for 5 sec"
}
[2018-07-26 16:12:39,666 DEBUG HTTPClient] Making HTTP request PATCH https://a.blazemeter.com/api/v4/sessions/r-ext5b5a554f77e79
[2018-07-26 16:12:39,947 DEBUG urllib3.connectionpool] https://a.blazemeter.com:443 "PATCH /api/v4/sessions/r-ext5b5a554f77e79 HTTP/1.1" 200 2281
[2018-07-26 16:12:39,947 DEBUG User] Response [200]: {
    "api_version": 4,
    "error": null,
    "result": {
        "id": "r-ext5b5a554f77e79",
        "name": "CICD Taurus SLA",
        "userId": 106819,
        "offset": 0,
        "statusCode": 140,
        "status": "ENDED",
        "ended": 15326467
[2018-07-26 16:12:39,948 DEBUG User] Request: GET https://a.blazemeter.com/api/v4/masters/17996788 None
[2018-07-26 16:12:39,948 DEBUG HTTPClient] Making HTTP request GET https://a.blazemeter.com/api/v4/masters/17996788
[2018-07-26 16:12:40,169 DEBUG urllib3.connectionpool] https://a.blazemeter.com:443 "GET /api/v4/masters/17996788 HTTP/1.1" 200 1818
[2018-07-26 16:12:40,170 DEBUG User] Response [200]: {
    "api_version": 4,
    "error": null,
    "result": {
        "id": 17996788,
        "name": "CICD Taurus SLA",
        "userId": 106819,
        "ended": 1532646759,
        "maxUsers": 17,
        "created": 1532646735,
        "updated": 153264675
[2018-07-26 16:12:40,170 DEBUG User] Request: PATCH https://a.blazemeter.com/api/v4/masters/17996788 {
 "note": "AutomatedShutdown: Failed: avg-rt>350ms for 5 sec"
}
[2018-07-26 16:12:40,170 DEBUG HTTPClient] Making HTTP request PATCH https://a.blazemeter.com/api/v4/masters/17996788
[2018-07-26 16:12:40,376 DEBUG urllib3.connectionpool] https://a.blazemeter.com:443 "PATCH /api/v4/masters/17996788 HTTP/1.1" 200 444
[2018-07-26 16:12:40,377 DEBUG User] Response [200]: {
    "api_version": 4,
    "error": null,
    "result": {
        "id": 17996788,
        "name": "CICD Taurus SLA",
        "userId": 106819,
        "ended": 1532646759,
        "maxUsers": 17,
        "isSandbox": false,
        "executorClientId": "Ta
[2018-07-26 16:12:40,377 INFO Engine.blazemeter] Online report link: https://a.blazemeter.com/app/#/masters/17996788
[2018-07-26 16:12:40,382 DEBUG Engine.Configuration] Dumping YAML config into /Users/narsi01/Desktop/JWC_SN/WKS/WKS/2018-07-26_16-12-07.724479/effective.yml
[2018-07-26 16:12:40,440 DEBUG Engine.Configuration] Dumping JSON config into /Users/narsi01/Desktop/JWC_SN/WKS/WKS/2018-07-26_16-12-07.724479/effective.json
[2018-07-26 16:12:40,442 INFO root] Artifacts dir: /Users/narsi01/Desktop/JWC_SN/WKS/WKS/2018-07-26_16-12-07.724479
[2018-07-26 16:12:40,443 WARNING root] Done performing with code: 3
[2018-07-26 16:12:40,443 DEBUG root] Closing log handler: /Users/narsi01/Desktop/JWC_SN/WKS/WKS/2018-07-26_16-12-07.724479/bzt.log
