2018-07-26 16:12:17,302 INFO o.a.j.u.JMeterUtils: Setting Locale to en_US
2018-07-26 16:12:17,326 INFO o.a.j.JMeter: Loading user properties from: /Users/narsi01/.bzt/jmeter-taurus/4.0/bin/user.properties
2018-07-26 16:12:17,326 INFO o.a.j.JMeter: Loading system properties from: /Users/narsi01/.bzt/jmeter-taurus/4.0/bin/system.properties
2018-07-26 16:12:17,333 INFO o.a.j.JMeter: Copyright (c) 1998-2018 The Apache Software Foundation
2018-07-26 16:12:17,333 INFO o.a.j.JMeter: Version 4.0 r1823414
2018-07-26 16:12:17,333 INFO o.a.j.JMeter: java.version=1.8.0_121
2018-07-26 16:12:17,333 INFO o.a.j.JMeter: java.vm.name=Java HotSpot(TM) 64-Bit Server VM
2018-07-26 16:12:17,333 INFO o.a.j.JMeter: os.name=Mac OS X
2018-07-26 16:12:17,333 INFO o.a.j.JMeter: os.arch=x86_64
2018-07-26 16:12:17,334 INFO o.a.j.JMeter: os.version=10.13.5
2018-07-26 16:12:17,334 INFO o.a.j.JMeter: file.encoding=UTF-8
2018-07-26 16:12:17,334 INFO o.a.j.JMeter: Max memory     =3817865216
2018-07-26 16:12:17,334 INFO o.a.j.JMeter: Available Processors =8
2018-07-26 16:12:17,338 INFO o.a.j.JMeter: Default Locale=English (United States)
2018-07-26 16:12:17,338 INFO o.a.j.JMeter: JMeter  Locale=English (United States)
2018-07-26 16:12:17,338 INFO o.a.j.JMeter: JMeterHome=/Users/narsi01/.bzt/jmeter-taurus/4.0
2018-07-26 16:12:17,338 INFO o.a.j.JMeter: user.dir  =/Users/narsi01/Desktop/JWC_SN/WKS/WKS
2018-07-26 16:12:17,338 INFO o.a.j.JMeter: PWD       =/Users/narsi01/Desktop/JWC_SN/WKS/WKS
2018-07-26 16:12:17,341 INFO o.a.j.JMeter: IP: 10.137.178.246 Name: narsi01mac1752 FullName: narsi01mac1752.ca.com
2018-07-26 16:12:17,341 INFO o.a.j.JMeter: user.classpath=/Users/narsi01/Desktop/JWC_SN/WKS/WKS/2018-07-26_16-12-07.724479:/Users/narsi01/Desktop/JWC_SN/WKS/WKS/2018-07-26_16-12-07.724479
2018-07-26 16:12:17,341 INFO o.a.j.JMeter: Adding to classpath and loader: /Users/narsi01/Desktop/JWC_SN/WKS/WKS/2018-07-26_16-12-07.724479
2018-07-26 16:12:17,342 INFO o.a.j.JMeter: Adding to classpath and loader: /Users/narsi01/Desktop/JWC_SN/WKS/WKS/2018-07-26_16-12-07.724479
2018-07-26 16:12:17,345 INFO o.a.j.s.FileServer: Default base='/Users/narsi01/Desktop/JWC_SN/WKS/WKS'
2018-07-26 16:12:17,351 INFO o.a.j.s.FileServer: Set new base='/Users/narsi01/Desktop/JWC_SN/WKS/WKS/2018-07-26_16-12-07.724479'
2018-07-26 16:12:17,508 INFO o.a.j.s.SaveService: Testplan (JMX) version: 2.2. Testlog (JTL) version: 2.2
2018-07-26 16:12:17,541 INFO o.a.j.s.SaveService: Using SaveService properties file encoding UTF-8
2018-07-26 16:12:17,547 INFO o.a.j.s.SaveService: Using SaveService properties version 4.0
2018-07-26 16:12:17,554 INFO o.a.j.s.SaveService: Loading file: /Users/narsi01/Desktop/JWC_SN/WKS/WKS/2018-07-26_16-12-07.724479/modified_requests.jmx
2018-07-26 16:12:17,618 INFO o.a.j.p.h.c.CacheManager: Will only cache the following methods: [GET]
2018-07-26 16:12:17,620 INFO o.a.j.p.h.c.CookieManager: Settings: Delete null: true Check: true Allow variable: true Save: false Prefix: COOKIE_
2018-07-26 16:12:17,631 INFO o.a.j.p.h.s.HTTPSamplerBase: Parser for text/html is org.apache.jmeter.protocol.http.parser.LagartoBasedHtmlParser
2018-07-26 16:12:17,631 INFO o.a.j.p.h.s.HTTPSamplerBase: Parser for application/xhtml+xml is org.apache.jmeter.protocol.http.parser.LagartoBasedHtmlParser
2018-07-26 16:12:17,631 INFO o.a.j.p.h.s.HTTPSamplerBase: Parser for application/xml is org.apache.jmeter.protocol.http.parser.LagartoBasedHtmlParser
2018-07-26 16:12:17,631 INFO o.a.j.p.h.s.HTTPSamplerBase: Parser for text/xml is org.apache.jmeter.protocol.http.parser.LagartoBasedHtmlParser
2018-07-26 16:12:17,631 INFO o.a.j.p.h.s.HTTPSamplerBase: Parser for text/vnd.wap.wml is org.apache.jmeter.protocol.http.parser.RegexpHTMLParser
2018-07-26 16:12:17,631 INFO o.a.j.p.h.s.HTTPSamplerBase: Parser for text/css is org.apache.jmeter.protocol.http.parser.CssParser
2018-07-26 16:12:17,683 INFO o.a.j.e.StandardJMeterEngine: Running the test!
2018-07-26 16:12:17,684 INFO o.a.j.s.SampleEvent: List of sample_variables: []
2018-07-26 16:12:17,684 INFO o.a.j.s.SampleEvent: List of sample_variables: []
2018-07-26 16:12:17,689 INFO o.a.j.e.u.CompoundVariable: Note: Function class names must contain the string: '.functions.'
2018-07-26 16:12:17,689 INFO o.a.j.e.u.CompoundVariable: Note: Function class names must not contain the string: '.gui.'
2018-07-26 16:12:18,320 INFO o.a.j.JMeter: Running test (1532646738320)
2018-07-26 16:12:18,380 INFO o.a.j.e.StandardJMeterEngine: Starting ThreadGroup: 1 : blazedemo
2018-07-26 16:12:18,380 INFO o.a.j.e.StandardJMeterEngine: Starting 100 threads for group blazedemo.
2018-07-26 16:12:18,380 INFO o.a.j.e.StandardJMeterEngine: Thread will continue on error
2018-07-26 16:12:18,380 INFO o.a.j.t.ThreadGroup: Starting thread group... number=1 threads=100 ramp-up=60 perThread=600.0 delayedStart=false
2018-07-26 16:12:18,390 INFO o.a.j.t.JMeterThread: Thread started: blazedemo 1-1
2018-07-26 16:12:18,423 INFO o.a.j.p.h.s.HTTPHCAbstractImpl: Local host = narsi01mac1752
2018-07-26 16:12:18,430 INFO o.a.j.p.h.s.HTTPHC4Impl: HTTP request retry count = 0
2018-07-26 16:12:18,444 INFO o.a.j.s.SampleResult: Note: Sample TimeStamps are START times
2018-07-26 16:12:18,444 INFO o.a.j.s.SampleResult: sampleresult.default.encoding is set to UTF-8
2018-07-26 16:12:18,444 INFO o.a.j.s.SampleResult: sampleresult.useNanoTime=true
2018-07-26 16:12:18,444 INFO o.a.j.s.SampleResult: sampleresult.nanoThreadSleep=5000
2018-07-26 16:12:18,481 INFO o.a.j.t.ThreadGroup: Started thread group number 1
2018-07-26 16:12:18,482 INFO o.a.j.e.StandardJMeterEngine: All thread groups have been started
2018-07-26 16:12:18,994 INFO o.a.j.t.JMeterThread: Thread started: blazedemo 1-2
2018-07-26 16:12:19,206 INFO o.a.j.p.h.p.BaseParser: Created org.apache.jmeter.protocol.http.parser.LagartoBasedHtmlParser
2018-07-26 16:12:19,262 INFO o.a.j.p.h.s.ResourcesDownloader: Creating ResourcesDownloader with keepalive_inseconds : 60
2018-07-26 16:12:19,594 INFO o.a.j.t.JMeterThread: Thread started: blazedemo 1-3
2018-07-26 16:12:19,903 INFO o.a.j.p.h.p.BaseParser: Created org.apache.jmeter.protocol.http.parser.CssParser
2018-07-26 16:12:19,903 INFO o.a.j.p.h.p.BaseParser: Created org.apache.jmeter.protocol.http.parser.CssParser
2018-07-26 16:12:20,196 INFO o.a.j.t.JMeterThread: Thread started: blazedemo 1-4
2018-07-26 16:12:20,796 INFO o.a.j.t.JMeterThread: Thread started: blazedemo 1-5
2018-07-26 16:12:21,396 INFO o.a.j.t.JMeterThread: Thread started: blazedemo 1-6
2018-07-26 16:12:22,000 INFO o.a.j.t.JMeterThread: Thread started: blazedemo 1-7
2018-07-26 16:12:22,598 INFO o.a.j.t.JMeterThread: Thread started: blazedemo 1-8
2018-07-26 16:12:23,203 INFO o.a.j.t.JMeterThread: Thread started: blazedemo 1-9
2018-07-26 16:12:23,803 INFO o.a.j.t.JMeterThread: Thread started: blazedemo 1-10
2018-07-26 16:12:24,401 INFO o.a.j.t.JMeterThread: Thread started: blazedemo 1-11
2018-07-26 16:12:25,004 INFO o.a.j.t.JMeterThread: Thread started: blazedemo 1-12
2018-07-26 16:12:25,603 INFO o.a.j.t.JMeterThread: Thread started: blazedemo 1-13
2018-07-26 16:12:26,204 INFO o.a.j.t.JMeterThread: Thread started: blazedemo 1-14
2018-07-26 16:12:26,805 INFO o.a.j.t.JMeterThread: Thread started: blazedemo 1-15
2018-07-26 16:12:27,407 INFO o.a.j.t.JMeterThread: Thread started: blazedemo 1-16
2018-07-26 16:12:28,009 INFO o.a.j.t.JMeterThread: Thread started: blazedemo 1-17
2018-07-26 16:12:28,542 INFO o.a.j.JMeter: Command: Shutdown received from /127.0.0.1
2018-07-26 16:12:28,549 INFO o.a.j.t.JMeterThread: Stopping: blazedemo 1-100
2018-07-26 16:12:28,550 INFO o.a.j.t.JMeterThread: Stopping: blazedemo 1-1
2018-07-26 16:12:28,550 INFO o.a.j.t.JMeterThread: Stopping: blazedemo 1-92
2018-07-26 16:12:28,550 INFO o.a.j.t.JMeterThread: Stopping: blazedemo 1-90
2018-07-26 16:12:28,550 INFO o.a.j.t.JMeterThread: Stopping: blazedemo 1-35
2018-07-26 16:12:28,550 INFO o.a.j.t.JMeterThread: Stopping: blazedemo 1-56
2018-07-26 16:12:28,550 INFO o.a.j.t.JMeterThread: Stopping: blazedemo 1-61
2018-07-26 16:12:28,551 INFO o.a.j.t.JMeterThread: Stopping: blazedemo 1-86
2018-07-26 16:12:28,551 INFO o.a.j.t.JMeterThread: Stopping: blazedemo 1-59
2018-07-26 16:12:28,551 INFO o.a.j.t.JMeterThread: Stopping: blazedemo 1-50
2018-07-26 16:12:28,551 INFO o.a.j.t.JMeterThread: Stopping: blazedemo 1-60
2018-07-26 16:12:28,551 INFO o.a.j.t.JMeterThread: Stopping: blazedemo 1-58
2018-07-26 16:12:28,551 INFO o.a.j.t.JMeterThread: Stopping: blazedemo 1-81
2018-07-26 16:12:28,551 INFO o.a.j.t.JMeterThread: Stopping: blazedemo 1-43
2018-07-26 16:12:28,551 INFO o.a.j.t.JMeterThread: Stopping: blazedemo 1-68
2018-07-26 16:12:28,551 INFO o.a.j.t.JMeterThread: Stopping: blazedemo 1-98
2018-07-26 16:12:28,551 INFO o.a.j.t.JMeterThread: Stopping: blazedemo 1-38
2018-07-26 16:12:28,552 INFO o.a.j.t.JMeterThread: Stopping: blazedemo 1-46
2018-07-26 16:12:28,552 INFO o.a.j.t.JMeterThread: Stopping: blazedemo 1-63
2018-07-26 16:12:28,552 INFO o.a.j.t.JMeterThread: Stopping: blazedemo 1-14
2018-07-26 16:12:28,552 INFO o.a.j.t.JMeterThread: Stopping: blazedemo 1-48
2018-07-26 16:12:28,552 INFO o.a.j.t.JMeterThread: Stopping: blazedemo 1-74
2018-07-26 16:12:28,552 INFO o.a.j.t.JMeterThread: Stopping: blazedemo 1-42
2018-07-26 16:12:28,552 INFO o.a.j.t.JMeterThread: Stopping: blazedemo 1-7
2018-07-26 16:12:28,552 INFO o.a.j.t.JMeterThread: Stopping: blazedemo 1-17
2018-07-26 16:12:28,552 INFO o.a.j.t.JMeterThread: Stopping: blazedemo 1-41
2018-07-26 16:12:28,552 INFO o.a.j.t.JMeterThread: Stopping: blazedemo 1-71
2018-07-26 16:12:28,553 INFO o.a.j.t.JMeterThread: Stopping: blazedemo 1-54
2018-07-26 16:12:28,553 INFO o.a.j.t.JMeterThread: Stopping: blazedemo 1-66
2018-07-26 16:12:28,553 INFO o.a.j.t.JMeterThread: Stopping: blazedemo 1-22
2018-07-26 16:12:28,553 INFO o.a.j.t.JMeterThread: Stopping: blazedemo 1-67
2018-07-26 16:12:28,553 INFO o.a.j.t.JMeterThread: Stopping: blazedemo 1-36
2018-07-26 16:12:28,553 INFO o.a.j.t.JMeterThread: Stopping: blazedemo 1-3
2018-07-26 16:12:28,560 INFO o.a.j.t.JMeterThread: Stopping: blazedemo 1-25
2018-07-26 16:12:28,560 INFO o.a.j.t.JMeterThread: Stopping: blazedemo 1-24
2018-07-26 16:12:28,560 INFO o.a.j.t.JMeterThread: Stopping: blazedemo 1-95
2018-07-26 16:12:28,560 INFO o.a.j.t.JMeterThread: Stopping: blazedemo 1-76
2018-07-26 16:12:28,560 INFO o.a.j.t.JMeterThread: Stopping: blazedemo 1-82
2018-07-26 16:12:28,560 INFO o.a.j.t.JMeterThread: Stopping: blazedemo 1-32
2018-07-26 16:12:28,560 INFO o.a.j.t.JMeterThread: Stopping: blazedemo 1-31
2018-07-26 16:12:28,560 INFO o.a.j.t.JMeterThread: Stopping: blazedemo 1-30
2018-07-26 16:12:28,560 INFO o.a.j.t.JMeterThread: Stopping: blazedemo 1-69
2018-07-26 16:12:28,561 INFO o.a.j.t.JMeterThread: Stopping: blazedemo 1-84
2018-07-26 16:12:28,561 INFO o.a.j.t.JMeterThread: Stopping: blazedemo 1-39
2018-07-26 16:12:28,561 INFO o.a.j.t.JMeterThread: Stopping: blazedemo 1-34
2018-07-26 16:12:28,561 INFO o.a.j.t.JMeterThread: Stopping: blazedemo 1-88
2018-07-26 16:12:28,561 INFO o.a.j.t.JMeterThread: Stopping: blazedemo 1-18
2018-07-26 16:12:28,561 INFO o.a.j.t.JMeterThread: Stopping: blazedemo 1-16
2018-07-26 16:12:28,561 INFO o.a.j.t.JMeterThread: Stopping: blazedemo 1-62
2018-07-26 16:12:28,562 INFO o.a.j.t.JMeterThread: Stopping: blazedemo 1-13
2018-07-26 16:12:28,562 INFO o.a.j.t.JMeterThread: Stopping: blazedemo 1-10
2018-07-26 16:12:28,562 INFO o.a.j.t.JMeterThread: Stopping: blazedemo 1-28
2018-07-26 16:12:28,562 INFO o.a.j.t.JMeterThread: Stopping: blazedemo 1-80
2018-07-26 16:12:28,562 INFO o.a.j.t.JMeterThread: Stopping: blazedemo 1-44
2018-07-26 16:12:28,562 INFO o.a.j.t.JMeterThread: Stopping: blazedemo 1-65
2018-07-26 16:12:28,562 INFO o.a.j.t.JMeterThread: Stopping: blazedemo 1-77
2018-07-26 16:12:28,562 INFO o.a.j.t.JMeterThread: Stopping: blazedemo 1-26
2018-07-26 16:12:28,563 INFO o.a.j.t.JMeterThread: Stopping: blazedemo 1-2
2018-07-26 16:12:28,563 INFO o.a.j.t.JMeterThread: Stopping: blazedemo 1-19
2018-07-26 16:12:28,563 INFO o.a.j.t.JMeterThread: Stopping: blazedemo 1-94
2018-07-26 16:12:28,563 INFO o.a.j.t.JMeterThread: Stopping: blazedemo 1-55
2018-07-26 16:12:28,563 INFO o.a.j.t.JMeterThread: Stopping: blazedemo 1-57
2018-07-26 16:12:28,564 INFO o.a.j.t.JMeterThread: Stopping: blazedemo 1-96
2018-07-26 16:12:28,564 INFO o.a.j.t.JMeterThread: Stopping: blazedemo 1-40
2018-07-26 16:12:28,564 INFO o.a.j.t.JMeterThread: Stopping: blazedemo 1-15
2018-07-26 16:12:28,564 INFO o.a.j.t.JMeterThread: Stopping: blazedemo 1-99
2018-07-26 16:12:28,564 INFO o.a.j.t.JMeterThread: Stopping: blazedemo 1-64
2018-07-26 16:12:28,564 INFO o.a.j.t.JMeterThread: Stopping: blazedemo 1-20
2018-07-26 16:12:28,564 INFO o.a.j.t.JMeterThread: Stopping: blazedemo 1-85
2018-07-26 16:12:28,565 INFO o.a.j.t.JMeterThread: Stopping: blazedemo 1-4
2018-07-26 16:12:28,565 INFO o.a.j.t.JMeterThread: Stopping: blazedemo 1-11
2018-07-26 16:12:28,566 INFO o.a.j.t.JMeterThread: Stopping: blazedemo 1-45
2018-07-26 16:12:28,566 INFO o.a.j.t.JMeterThread: Stopping: blazedemo 1-27
2018-07-26 16:12:28,566 INFO o.a.j.t.JMeterThread: Stopping: blazedemo 1-73
2018-07-26 16:12:28,566 INFO o.a.j.t.JMeterThread: Stopping: blazedemo 1-8
2018-07-26 16:12:28,566 INFO o.a.j.t.JMeterThread: Stopping: blazedemo 1-21
2018-07-26 16:12:28,566 INFO o.a.j.t.JMeterThread: Stopping: blazedemo 1-70
2018-07-26 16:12:28,566 INFO o.a.j.t.JMeterThread: Stopping: blazedemo 1-97
2018-07-26 16:12:28,566 INFO o.a.j.t.JMeterThread: Stopping: blazedemo 1-6
2018-07-26 16:12:28,567 INFO o.a.j.t.JMeterThread: Stopping: blazedemo 1-23
2018-07-26 16:12:28,567 INFO o.a.j.t.JMeterThread: Stopping: blazedemo 1-72
2018-07-26 16:12:28,567 INFO o.a.j.t.JMeterThread: Stopping: blazedemo 1-89
2018-07-26 16:12:28,567 INFO o.a.j.t.JMeterThread: Stopping: blazedemo 1-51
2018-07-26 16:12:28,567 INFO o.a.j.t.JMeterThread: Stopping: blazedemo 1-33
2018-07-26 16:12:28,567 INFO o.a.j.t.JMeterThread: Stopping: blazedemo 1-47
2018-07-26 16:12:28,567 INFO o.a.j.t.JMeterThread: Stopping: blazedemo 1-53
2018-07-26 16:12:28,567 INFO o.a.j.t.JMeterThread: Stopping: blazedemo 1-49
2018-07-26 16:12:28,568 INFO o.a.j.t.JMeterThread: Stopping: blazedemo 1-37
2018-07-26 16:12:28,568 INFO o.a.j.t.JMeterThread: Stopping: blazedemo 1-52
2018-07-26 16:12:28,568 INFO o.a.j.t.JMeterThread: Stopping: blazedemo 1-79
2018-07-26 16:12:28,568 INFO o.a.j.t.JMeterThread: Stopping: blazedemo 1-9
2018-07-26 16:12:28,568 INFO o.a.j.t.JMeterThread: Stopping: blazedemo 1-93
2018-07-26 16:12:28,568 INFO o.a.j.t.JMeterThread: Stopping: blazedemo 1-83
2018-07-26 16:12:28,568 INFO o.a.j.t.JMeterThread: Stopping: blazedemo 1-12
2018-07-26 16:12:28,568 INFO o.a.j.t.JMeterThread: Stopping: blazedemo 1-29
2018-07-26 16:12:28,568 INFO o.a.j.t.JMeterThread: Stopping: blazedemo 1-91
2018-07-26 16:12:28,569 INFO o.a.j.t.JMeterThread: Stopping: blazedemo 1-5
2018-07-26 16:12:28,569 INFO o.a.j.t.JMeterThread: Stopping: blazedemo 1-78
2018-07-26 16:12:28,569 INFO o.a.j.t.JMeterThread: Stopping: blazedemo 1-87
2018-07-26 16:12:28,570 INFO o.a.j.t.JMeterThread: Stopping: blazedemo 1-75
2018-07-26 16:12:28,608 INFO o.a.j.t.JMeterThread: Thread started: blazedemo 1-18
2018-07-26 16:12:28,609 INFO o.a.j.t.JMeterThread: Thread finished: blazedemo 1-18
2018-07-26 16:12:28,736 INFO o.a.j.t.JMeterThread: Thread finished: blazedemo 1-14
2018-07-26 16:12:28,781 INFO o.a.j.t.JMeterThread: Thread finished: blazedemo 1-8
2018-07-26 16:12:28,860 INFO o.a.j.t.JMeterThread: Thread finished: blazedemo 1-6
2018-07-26 16:12:28,873 INFO o.a.j.t.JMeterThread: Thread finished: blazedemo 1-2
2018-07-26 16:12:28,892 INFO o.a.j.t.JMeterThread: Thread finished: blazedemo 1-15
2018-07-26 16:12:28,906 INFO o.a.j.t.JMeterThread: Thread finished: blazedemo 1-12
2018-07-26 16:12:28,910 INFO o.a.j.t.JMeterThread: Thread finished: blazedemo 1-16
2018-07-26 16:12:28,936 INFO o.a.j.t.JMeterThread: Thread finished: blazedemo 1-13
2018-07-26 16:12:28,942 INFO o.a.j.t.JMeterThread: Thread finished: blazedemo 1-4
2018-07-26 16:12:28,949 INFO o.a.j.t.JMeterThread: Thread finished: blazedemo 1-7
2018-07-26 16:12:28,967 INFO o.a.j.t.JMeterThread: Thread finished: blazedemo 1-5
2018-07-26 16:12:29,003 INFO o.a.j.t.JMeterThread: Thread finished: blazedemo 1-17
2018-07-26 16:12:29,006 INFO o.a.j.t.JMeterThread: Thread finished: blazedemo 1-11
2018-07-26 16:12:29,208 INFO o.a.j.t.JMeterThread: Thread finished: blazedemo 1-1
2018-07-26 16:12:29,210 INFO o.a.j.t.JMeterThread: Thread started: blazedemo 1-19
2018-07-26 16:12:29,210 INFO o.a.j.t.JMeterThread: Thread finished: blazedemo 1-19
2018-07-26 16:12:29,274 INFO o.a.j.t.JMeterThread: Thread finished: blazedemo 1-3
2018-07-26 16:12:29,363 INFO o.a.j.t.JMeterThread: Thread finished: blazedemo 1-10
2018-07-26 16:12:29,423 INFO o.a.j.t.JMeterThread: Thread started: blazedemo 1-20
2018-07-26 16:12:29,423 INFO o.a.j.t.JMeterThread: Thread finished: blazedemo 1-20
2018-07-26 16:12:29,425 INFO o.a.j.t.JMeterThread: Thread started: blazedemo 1-22
2018-07-26 16:12:29,425 INFO o.a.j.t.JMeterThread: Thread started: blazedemo 1-21
2018-07-26 16:12:29,425 INFO o.a.j.t.JMeterThread: Thread finished: blazedemo 1-22
2018-07-26 16:12:29,425 INFO o.a.j.t.JMeterThread: Thread finished: blazedemo 1-21
2018-07-26 16:12:29,441 INFO o.a.j.t.JMeterThread: Thread started: blazedemo 1-23
2018-07-26 16:12:29,441 INFO o.a.j.t.JMeterThread: Thread started: blazedemo 1-24
2018-07-26 16:12:29,441 INFO o.a.j.t.JMeterThread: Thread started: blazedemo 1-26
2018-07-26 16:12:29,441 INFO o.a.j.t.JMeterThread: Thread started: blazedemo 1-29
2018-07-26 16:12:29,441 INFO o.a.j.t.JMeterThread: Thread started: blazedemo 1-30
2018-07-26 16:12:29,441 INFO o.a.j.t.JMeterThread: Thread finished: blazedemo 1-23
2018-07-26 16:12:29,441 INFO o.a.j.t.JMeterThread: Thread started: blazedemo 1-25
2018-07-26 16:12:29,441 INFO o.a.j.t.JMeterThread: Thread started: blazedemo 1-28
2018-07-26 16:12:29,441 INFO o.a.j.t.JMeterThread: Thread finished: blazedemo 1-29
2018-07-26 16:12:29,441 INFO o.a.j.t.JMeterThread: Thread started: blazedemo 1-31
2018-07-26 16:12:29,441 INFO o.a.j.t.JMeterThread: Thread finished: blazedemo 1-26
2018-07-26 16:12:29,441 INFO o.a.j.t.JMeterThread: Thread finished: blazedemo 1-25
2018-07-26 16:12:29,441 INFO o.a.j.t.JMeterThread: Thread finished: blazedemo 1-24
2018-07-26 16:12:29,441 INFO o.a.j.t.JMeterThread: Thread started: blazedemo 1-27
2018-07-26 16:12:29,441 INFO o.a.j.t.JMeterThread: Thread finished: blazedemo 1-30
2018-07-26 16:12:29,441 INFO o.a.j.t.JMeterThread: Thread finished: blazedemo 1-27
2018-07-26 16:12:29,441 INFO o.a.j.t.JMeterThread: Thread finished: blazedemo 1-31
2018-07-26 16:12:29,441 INFO o.a.j.t.JMeterThread: Thread finished: blazedemo 1-28
2018-07-26 16:12:29,451 INFO o.a.j.t.JMeterThread: Thread started: blazedemo 1-32
2018-07-26 16:12:29,451 INFO o.a.j.t.JMeterThread: Thread started: blazedemo 1-33
2018-07-26 16:12:29,452 INFO o.a.j.t.JMeterThread: Thread finished: blazedemo 1-33
2018-07-26 16:12:29,452 INFO o.a.j.t.JMeterThread: Thread finished: blazedemo 1-32
2018-07-26 16:12:29,458 INFO o.a.j.t.JMeterThread: Thread started: blazedemo 1-36
2018-07-26 16:12:29,458 INFO o.a.j.t.JMeterThread: Thread started: blazedemo 1-39
2018-07-26 16:12:29,458 INFO o.a.j.t.JMeterThread: Thread started: blazedemo 1-37
2018-07-26 16:12:29,459 INFO o.a.j.t.JMeterThread: Thread finished: blazedemo 1-36
2018-07-26 16:12:29,459 INFO o.a.j.t.JMeterThread: Thread started: blazedemo 1-38
2018-07-26 16:12:29,459 INFO o.a.j.t.JMeterThread: Thread started: blazedemo 1-40
2018-07-26 16:12:29,459 INFO o.a.j.t.JMeterThread: Thread finished: blazedemo 1-38
2018-07-26 16:12:29,459 INFO o.a.j.t.JMeterThread: Thread finished: blazedemo 1-40
2018-07-26 16:12:29,459 INFO o.a.j.t.JMeterThread: Thread started: blazedemo 1-44
2018-07-26 16:12:29,459 INFO o.a.j.t.JMeterThread: Thread finished: blazedemo 1-44
2018-07-26 16:12:29,459 INFO o.a.j.t.JMeterThread: Thread started: blazedemo 1-49
2018-07-26 16:12:29,459 INFO o.a.j.t.JMeterThread: Thread started: blazedemo 1-47
2018-07-26 16:12:29,459 INFO o.a.j.t.JMeterThread: Thread started: blazedemo 1-46
2018-07-26 16:12:29,459 INFO o.a.j.t.JMeterThread: Thread finished: blazedemo 1-49
2018-07-26 16:12:29,459 INFO o.a.j.t.JMeterThread: Thread finished: blazedemo 1-47
2018-07-26 16:12:29,459 INFO o.a.j.t.JMeterThread: Thread started: blazedemo 1-54
2018-07-26 16:12:29,459 INFO o.a.j.t.JMeterThread: Thread finished: blazedemo 1-46
2018-07-26 16:12:29,458 INFO o.a.j.t.JMeterThread: Thread started: blazedemo 1-35
2018-07-26 16:12:29,459 INFO o.a.j.t.JMeterThread: Thread started: blazedemo 1-43
2018-07-26 16:12:29,459 INFO o.a.j.t.JMeterThread: Thread started: blazedemo 1-48
2018-07-26 16:12:29,460 INFO o.a.j.t.JMeterThread: Thread finished: blazedemo 1-43
2018-07-26 16:12:29,459 INFO o.a.j.t.JMeterThread: Thread started: blazedemo 1-45
2018-07-26 16:12:29,460 INFO o.a.j.t.JMeterThread: Thread finished: blazedemo 1-48
2018-07-26 16:12:29,459 INFO o.a.j.t.JMeterThread: Thread started: blazedemo 1-41
2018-07-26 16:12:29,459 INFO o.a.j.t.JMeterThread: Thread started: blazedemo 1-51
2018-07-26 16:12:29,459 INFO o.a.j.t.JMeterThread: Thread started: blazedemo 1-50
2018-07-26 16:12:29,460 INFO o.a.j.t.JMeterThread: Thread finished: blazedemo 1-41
2018-07-26 16:12:29,459 INFO o.a.j.t.JMeterThread: Thread finished: blazedemo 1-37
2018-07-26 16:12:29,460 INFO o.a.j.t.JMeterThread: Thread finished: blazedemo 1-45
2018-07-26 16:12:29,459 INFO o.a.j.t.JMeterThread: Thread started: blazedemo 1-34
2018-07-26 16:12:29,459 INFO o.a.j.t.JMeterThread: Thread finished: blazedemo 1-39
2018-07-26 16:12:29,460 INFO o.a.j.t.JMeterThread: Thread finished: blazedemo 1-50
2018-07-26 16:12:29,460 INFO o.a.j.t.JMeterThread: Thread finished: blazedemo 1-51
2018-07-26 16:12:29,460 INFO o.a.j.t.JMeterThread: Thread finished: blazedemo 1-54
2018-07-26 16:12:29,459 INFO o.a.j.t.JMeterThread: Thread started: blazedemo 1-42
2018-07-26 16:12:29,459 INFO o.a.j.t.JMeterThread: Thread started: blazedemo 1-53
2018-07-26 16:12:29,459 INFO o.a.j.t.JMeterThread: Thread started: blazedemo 1-52
2018-07-26 16:12:29,460 INFO o.a.j.t.JMeterThread: Thread finished: blazedemo 1-42
2018-07-26 16:12:29,460 INFO o.a.j.t.JMeterThread: Thread finished: blazedemo 1-53
2018-07-26 16:12:29,460 INFO o.a.j.t.JMeterThread: Thread finished: blazedemo 1-35
2018-07-26 16:12:29,460 INFO o.a.j.t.JMeterThread: Thread finished: blazedemo 1-34
2018-07-26 16:12:29,461 INFO o.a.j.t.JMeterThread: Thread finished: blazedemo 1-52
2018-07-26 16:12:29,463 INFO o.a.j.t.JMeterThread: Thread started: blazedemo 1-55
2018-07-26 16:12:29,463 INFO o.a.j.t.JMeterThread: Thread started: blazedemo 1-56
2018-07-26 16:12:29,463 INFO o.a.j.t.JMeterThread: Thread started: blazedemo 1-58
2018-07-26 16:12:29,464 INFO o.a.j.t.JMeterThread: Thread started: blazedemo 1-57
2018-07-26 16:12:29,464 INFO o.a.j.t.JMeterThread: Thread finished: blazedemo 1-55
2018-07-26 16:12:29,464 INFO o.a.j.t.JMeterThread: Thread finished: blazedemo 1-58
2018-07-26 16:12:29,464 INFO o.a.j.t.JMeterThread: Thread finished: blazedemo 1-57
2018-07-26 16:12:29,464 INFO o.a.j.t.JMeterThread: Thread finished: blazedemo 1-56
2018-07-26 16:12:29,467 INFO o.a.j.t.JMeterThread: Thread started: blazedemo 1-59
2018-07-26 16:12:29,468 INFO o.a.j.t.JMeterThread: Thread finished: blazedemo 1-59
2018-07-26 16:12:29,471 INFO o.a.j.t.JMeterThread: Thread started: blazedemo 1-61
2018-07-26 16:12:29,471 INFO o.a.j.t.JMeterThread: Thread started: blazedemo 1-62
2018-07-26 16:12:29,471 INFO o.a.j.t.JMeterThread: Thread started: blazedemo 1-60
2018-07-26 16:12:29,471 INFO o.a.j.t.JMeterThread: Thread started: blazedemo 1-63
2018-07-26 16:12:29,472 INFO o.a.j.t.JMeterThread: Thread finished: blazedemo 1-60
2018-07-26 16:12:29,472 INFO o.a.j.t.JMeterThread: Thread finished: blazedemo 1-62
2018-07-26 16:12:29,471 INFO o.a.j.t.JMeterThread: Thread started: blazedemo 1-64
2018-07-26 16:12:29,472 INFO o.a.j.t.JMeterThread: Thread finished: blazedemo 1-63
2018-07-26 16:12:29,472 INFO o.a.j.t.JMeterThread: Thread finished: blazedemo 1-61
2018-07-26 16:12:29,472 INFO o.a.j.t.JMeterThread: Thread finished: blazedemo 1-64
2018-07-26 16:12:29,481 INFO o.a.j.t.JMeterThread: Thread started: blazedemo 1-73
2018-07-26 16:12:29,481 INFO o.a.j.t.JMeterThread: Thread started: blazedemo 1-71
2018-07-26 16:12:29,481 INFO o.a.j.t.JMeterThread: Thread started: blazedemo 1-68
2018-07-26 16:12:29,481 INFO o.a.j.t.JMeterThread: Thread started: blazedemo 1-67
2018-07-26 16:12:29,481 INFO o.a.j.t.JMeterThread: Thread started: blazedemo 1-65
2018-07-26 16:12:29,481 INFO o.a.j.t.JMeterThread: Thread started: blazedemo 1-78
2018-07-26 16:12:29,481 INFO o.a.j.t.JMeterThread: Thread finished: blazedemo 1-65
2018-07-26 16:12:29,481 INFO o.a.j.t.JMeterThread: Thread started: blazedemo 1-84
2018-07-26 16:12:29,482 INFO o.a.j.t.JMeterThread: Thread finished: blazedemo 1-84
2018-07-26 16:12:29,482 INFO o.a.j.t.JMeterThread: Thread started: blazedemo 1-86
2018-07-26 16:12:29,481 INFO o.a.j.t.JMeterThread: Thread started: blazedemo 1-69
2018-07-26 16:12:29,481 INFO o.a.j.t.JMeterThread: Thread started: blazedemo 1-83
2018-07-26 16:12:29,482 INFO o.a.j.t.JMeterThread: Thread finished: blazedemo 1-69
2018-07-26 16:12:29,482 INFO o.a.j.t.JMeterThread: Thread finished: blazedemo 1-83
2018-07-26 16:12:29,482 INFO o.a.j.t.JMeterThread: Thread started: blazedemo 1-85
2018-07-26 16:12:29,482 INFO o.a.j.t.JMeterThread: Thread started: blazedemo 1-74
2018-07-26 16:12:29,482 INFO o.a.j.t.JMeterThread: Thread started: blazedemo 1-72
2018-07-26 16:12:29,482 INFO o.a.j.t.JMeterThread: Thread finished: blazedemo 1-85
2018-07-26 16:12:29,482 INFO o.a.j.t.JMeterThread: Thread started: blazedemo 1-89
2018-07-26 16:12:29,482 INFO o.a.j.t.JMeterThread: Thread started: blazedemo 1-66
2018-07-26 16:12:29,482 INFO o.a.j.t.JMeterThread: Thread started: blazedemo 1-82
2018-07-26 16:12:29,482 INFO o.a.j.t.JMeterThread: Thread finished: blazedemo 1-72
2018-07-26 16:12:29,482 INFO o.a.j.t.JMeterThread: Thread finished: blazedemo 1-89
2018-07-26 16:12:29,482 INFO o.a.j.t.JMeterThread: Thread finished: blazedemo 1-82
2018-07-26 16:12:29,482 INFO o.a.j.t.JMeterThread: Thread finished: blazedemo 1-73
2018-07-26 16:12:29,482 INFO o.a.j.t.JMeterThread: Thread finished: blazedemo 1-68
2018-07-26 16:12:29,482 INFO o.a.j.t.JMeterThread: Thread started: blazedemo 1-87
2018-07-26 16:12:29,482 INFO o.a.j.t.JMeterThread: Thread started: blazedemo 1-88
2018-07-26 16:12:29,482 INFO o.a.j.t.JMeterThread: Thread finished: blazedemo 1-66
2018-07-26 16:12:29,481 INFO o.a.j.t.JMeterThread: Thread started: blazedemo 1-75
2018-07-26 16:12:29,481 INFO o.a.j.t.JMeterThread: Thread started: blazedemo 1-80
2018-07-26 16:12:29,481 INFO o.a.j.t.JMeterThread: Thread started: blazedemo 1-77
2018-07-26 16:12:29,481 INFO o.a.j.t.JMeterThread: Thread started: blazedemo 1-76
2018-07-26 16:12:29,481 INFO o.a.j.t.JMeterThread: Thread started: blazedemo 1-81
2018-07-26 16:12:29,481 INFO o.a.j.t.JMeterThread: Thread started: blazedemo 1-79
2018-07-26 16:12:29,481 INFO o.a.j.t.JMeterThread: Thread started: blazedemo 1-70
2018-07-26 16:12:29,481 INFO o.a.j.t.JMeterThread: Thread finished: blazedemo 1-71
2018-07-26 16:12:29,483 INFO o.a.j.t.JMeterThread: Thread finished: blazedemo 1-70
2018-07-26 16:12:29,483 INFO o.a.j.t.JMeterThread: Thread finished: blazedemo 1-78
2018-07-26 16:12:29,483 INFO o.a.j.t.JMeterThread: Thread finished: blazedemo 1-79
2018-07-26 16:12:29,483 INFO o.a.j.t.JMeterThread: Thread finished: blazedemo 1-81
2018-07-26 16:12:29,483 INFO o.a.j.t.JMeterThread: Thread finished: blazedemo 1-76
2018-07-26 16:12:29,483 INFO o.a.j.t.JMeterThread: Thread finished: blazedemo 1-77
2018-07-26 16:12:29,483 INFO o.a.j.t.JMeterThread: Thread finished: blazedemo 1-80
2018-07-26 16:12:29,483 INFO o.a.j.t.JMeterThread: Thread finished: blazedemo 1-75
2018-07-26 16:12:29,483 INFO o.a.j.t.JMeterThread: Thread finished: blazedemo 1-86
2018-07-26 16:12:29,483 INFO o.a.j.t.JMeterThread: Thread finished: blazedemo 1-87
2018-07-26 16:12:29,483 INFO o.a.j.t.JMeterThread: Thread finished: blazedemo 1-74
2018-07-26 16:12:29,483 INFO o.a.j.t.JMeterThread: Thread finished: blazedemo 1-67
2018-07-26 16:12:29,484 INFO o.a.j.t.JMeterThread: Thread finished: blazedemo 1-88
2018-07-26 16:12:29,489 INFO o.a.j.t.JMeterThread: Thread started: blazedemo 1-93
2018-07-26 16:12:29,489 INFO o.a.j.t.JMeterThread: Thread started: blazedemo 1-91
2018-07-26 16:12:29,489 INFO o.a.j.t.JMeterThread: Thread started: blazedemo 1-94
2018-07-26 16:12:29,489 INFO o.a.j.t.JMeterThread: Thread started: blazedemo 1-95
2018-07-26 16:12:29,489 INFO o.a.j.t.JMeterThread: Thread started: blazedemo 1-92
2018-07-26 16:12:29,489 INFO o.a.j.t.JMeterThread: Thread started: blazedemo 1-90
2018-07-26 16:12:29,490 INFO o.a.j.t.JMeterThread: Thread finished: blazedemo 1-94
2018-07-26 16:12:29,490 INFO o.a.j.t.JMeterThread: Thread finished: blazedemo 1-92
2018-07-26 16:12:29,490 INFO o.a.j.t.JMeterThread: Thread finished: blazedemo 1-95
2018-07-26 16:12:29,490 INFO o.a.j.t.JMeterThread: Thread finished: blazedemo 1-90
2018-07-26 16:12:29,490 INFO o.a.j.t.JMeterThread: Thread finished: blazedemo 1-91
2018-07-26 16:12:29,490 INFO o.a.j.t.JMeterThread: Thread finished: blazedemo 1-93
2018-07-26 16:12:29,495 INFO o.a.j.t.JMeterThread: Thread started: blazedemo 1-96
2018-07-26 16:12:29,495 INFO o.a.j.t.JMeterThread: Thread started: blazedemo 1-100
2018-07-26 16:12:29,496 INFO o.a.j.t.JMeterThread: Thread started: blazedemo 1-99
2018-07-26 16:12:29,495 INFO o.a.j.t.JMeterThread: Thread started: blazedemo 1-97
2018-07-26 16:12:29,495 INFO o.a.j.t.JMeterThread: Thread started: blazedemo 1-98
2018-07-26 16:12:29,496 INFO o.a.j.t.JMeterThread: Thread finished: blazedemo 1-96
2018-07-26 16:12:29,496 INFO o.a.j.t.JMeterThread: Thread finished: blazedemo 1-100
2018-07-26 16:12:29,496 INFO o.a.j.t.JMeterThread: Thread finished: blazedemo 1-98
2018-07-26 16:12:29,496 INFO o.a.j.t.JMeterThread: Thread finished: blazedemo 1-99
2018-07-26 16:12:29,497 INFO o.a.j.t.JMeterThread: Thread finished: blazedemo 1-97
2018-07-26 16:12:33,574 INFO o.a.j.JMeter: Command: StopTestNow received from /127.0.0.1
2018-07-26 16:12:33,576 INFO o.a.j.t.JMeterThread: Stopping: blazedemo 1-9
2018-07-26 16:12:33,576 WARN o.a.j.t.JMeterThread: Interrupting: blazedemo 1-9 sampler: http://www.centurylink.com/home/
2018-07-26 16:12:33,576 WARN o.a.j.t.JMeterThread: No operation pending
2018-07-26 16:12:33,577 WARN o.a.j.p.h.s.HTTPSamplerBase: Interrupted fetching embedded resources
java.lang.InterruptedException: null
	at java.util.concurrent.locks.AbstractQueuedSynchronizer$ConditionObject.reportInterruptAfterWait(AbstractQueuedSynchronizer.java:2014) ~[?:1.8.0_121]
	at java.util.concurrent.locks.AbstractQueuedSynchronizer$ConditionObject.await(AbstractQueuedSynchronizer.java:2048) ~[?:1.8.0_121]
	at java.util.concurrent.LinkedBlockingQueue.take(LinkedBlockingQueue.java:442) ~[?:1.8.0_121]
	at java.util.concurrent.ExecutorCompletionService.take(ExecutorCompletionService.java:193) ~[?:1.8.0_121]
	at org.apache.jmeter.protocol.http.sampler.ResourcesDownloader.invokeAllAndAwaitTermination(ResourcesDownloader.java:186) ~[ApacheJMeter_http.jar:4.0 r1823414]
	at org.apache.jmeter.protocol.http.sampler.HTTPSamplerBase.downloadPageResources(HTTPSamplerBase.java:1343) [ApacheJMeter_http.jar:4.0 r1823414]
	at org.apache.jmeter.protocol.http.sampler.HTTPSamplerBase.resultProcessing(HTTPSamplerBase.java:1657) [ApacheJMeter_http.jar:4.0 r1823414]
	at org.apache.jmeter.protocol.http.sampler.HTTPAbstractImpl.resultProcessing(HTTPAbstractImpl.java:525) [ApacheJMeter_http.jar:4.0 r1823414]
	at org.apache.jmeter.protocol.http.sampler.HTTPHC4Impl.sample(HTTPHC4Impl.java:536) [ApacheJMeter_http.jar:4.0 r1823414]
	at org.apache.jmeter.protocol.http.sampler.HTTPSamplerProxy.sample(HTTPSamplerProxy.java:74) [ApacheJMeter_http.jar:4.0 r1823414]
	at org.apache.jmeter.protocol.http.sampler.HTTPSamplerBase.sample(HTTPSamplerBase.java:1189) [ApacheJMeter_http.jar:4.0 r1823414]
	at org.apache.jmeter.protocol.http.sampler.HTTPSamplerBase.sample(HTTPSamplerBase.java:1178) [ApacheJMeter_http.jar:4.0 r1823414]
	at org.apache.jmeter.threads.JMeterThread.executeSamplePackage(JMeterThread.java:490) [ApacheJMeter_core.jar:4.0 r1823414]
	at org.apache.jmeter.threads.JMeterThread.processSampler(JMeterThread.java:416) [ApacheJMeter_core.jar:4.0 r1823414]
	at org.apache.jmeter.threads.JMeterThread.run(JMeterThread.java:250) [ApacheJMeter_core.jar:4.0 r1823414]
	at java.lang.Thread.run(Thread.java:745) [?:1.8.0_121]
2018-07-26 16:12:33,587 INFO o.a.j.t.JMeterThread: Thread finished: blazedemo 1-9
2018-07-26 16:12:33,588 INFO o.a.j.e.StandardJMeterEngine: Notifying test listeners of end of test
2018-07-26 16:12:33,590 INFO o.a.j.e.StandardJMeterEngine: Forced JVM shutdown requested at end of test
