[2018-07-30 20:28:24,476 INFO root] Taurus CLI Tool v1.12.1
[2018-07-30 20:28:24,476 DEBUG root] Command-line options: {'verbose': None, 'no_system_configs': None, 'quiet': None, 'log': '/var/folders/t5/kg41spf56pz146ff1j739w358p9wh7/T/bzt_uhDgmy.log', 'option': None, 'aliases': ['locations']}
[2018-07-30 20:28:24,477 DEBUG root] Python: CPython 2.7.15
[2018-07-30 20:28:24,477 DEBUG root] OS: ('Darwin', 'narsi01mac1752', '17.6.0', 'Darwin Kernel Version 17.6.0: Tue May  8 15:22:16 PDT 2018; root:xnu-4570.61.1~1/RELEASE_X86_64', 'x86_64', 'i386')
[2018-07-30 20:28:24,477 INFO root] Starting with configs: []
[2018-07-30 20:28:24,477 DEBUG root] Using personal config: /Users/narsi01/.bzt-rc
[2018-07-30 20:28:24,477 INFO Engine] Configuring...
[2018-07-30 20:28:24,477 DEBUG Engine] No machine configs dir: /usr/local/Cellar/bzt/1.12.1/libexec/bin/../etc/bzt.d
[2018-07-30 20:28:24,478 DEBUG Engine] Base configs list: ['/usr/local/Cellar/bzt/1.12.1/libexec/lib/python2.7/site-packages/bzt/resources/base-config.yml']
[2018-07-30 20:28:24,478 DEBUG Engine.Configuration] Configs: ['/usr/local/Cellar/bzt/1.12.1/libexec/lib/python2.7/site-packages/bzt/resources/base-config.yml']
[2018-07-30 20:28:24,478 DEBUG Engine.Configuration] Reading /usr/local/Cellar/bzt/1.12.1/libexec/lib/python2.7/site-packages/bzt/resources/base-config.yml as YAML
[2018-07-30 20:28:24,507 DEBUG Engine] User configs list: ['/Users/narsi01/.bzt-rc']
[2018-07-30 20:28:24,507 DEBUG Engine.Configuration] Configs: ['/Users/narsi01/.bzt-rc']
[2018-07-30 20:28:24,508 DEBUG Engine.Configuration] Reading /Users/narsi01/.bzt-rc as YAML
[2018-07-30 20:28:24,508 DEBUG Engine.Configuration] Configs: ['/Users/narsi01/.bzt-rc']
[2018-07-30 20:28:24,509 DEBUG Engine.Configuration] Reading /Users/narsi01/.bzt-rc as YAML
[2018-07-30 20:28:24,519 DEBUG Engine] Requesting updates info: http://gettaurus.org/updates/?version=1.12.1&installID=macos-784f437f78c0
[2018-07-30 20:28:24,519 DEBUG HTTPClient] Making HTTP request GET http://gettaurus.org/updates/?version=1.12.1&installID=macos-784f437f78c0
[2018-07-30 20:28:24,519 INFO Engine] Artifacts dir: /Users/narsi01/Desktop/JWC_SN/WKS/WKS/2018-07-30_20-28-24.519724
[2018-07-30 20:28:24,525 DEBUG Engine] New artifact filename: /Users/narsi01/Desktop/JWC_SN/WKS/WKS/2018-07-30_20-28-24.519724/effective
[2018-07-30 20:28:24,528 DEBUG urllib3.connectionpool] Starting new HTTP connection (1): gettaurus.org:80
[2018-07-30 20:28:24,528 DEBUG Engine.Configuration] Dumping YAML config into /Users/narsi01/Desktop/JWC_SN/WKS/WKS/2018-07-30_20-28-24.519724/effective.yml
[2018-07-30 20:28:24,561 DEBUG Engine.Configuration] Dumping JSON config into /Users/narsi01/Desktop/JWC_SN/WKS/WKS/2018-07-30_20-28-24.519724/effective.json
[2018-07-30 20:28:24,563 DEBUG Engine] New artifact filename: /Users/narsi01/Desktop/JWC_SN/WKS/WKS/2018-07-30_20-28-24.519724/merged.yml
[2018-07-30 20:28:24,563 DEBUG Engine.Configuration] Dumping YAML config into /Users/narsi01/Desktop/JWC_SN/WKS/WKS/2018-07-30_20-28-24.519724/merged.yml
[2018-07-30 20:28:24,565 DEBUG Engine] New artifact filename: /Users/narsi01/Desktop/JWC_SN/WKS/WKS/2018-07-30_20-28-24.519724/merged.json
[2018-07-30 20:28:24,565 DEBUG Engine.Configuration] Dumping JSON config into /Users/narsi01/Desktop/JWC_SN/WKS/WKS/2018-07-30_20-28-24.519724/merged.json
[2018-07-30 20:28:24,566 DEBUG Engine.Environment] Replace 'TAURUS_ARTIFACTS_DIR' in environment
[2018-07-30 20:28:24,567 DEBUG root] Closing log handler: /var/folders/t5/kg41spf56pz146ff1j739w358p9wh7/T/bzt_uhDgmy.log
[2018-07-30 20:28:24,584 DEBUG root] Switched writing logs to /Users/narsi01/Desktop/JWC_SN/WKS/WKS/2018-07-30_20-28-24.519724/bzt.log
[2018-07-30 20:28:24,584 DEBUG root] Linting config
[2018-07-30 20:28:24,586 INFO Engine] Preparing...
[2018-07-30 20:28:24,587 DEBUG Engine] Module config: consolidator defaultdict(None, {'class': u'bzt.modules.aggregator.ConsolidatingAggregator'})
[2018-07-30 20:28:24,587 DEBUG root] Importing module: bzt.modules.aggregator
[2018-07-30 20:28:24,701 DEBUG root] Loading class: 'ConsolidatingAggregator' from <module 'bzt.modules.aggregator' from '/usr/local/Cellar/bzt/1.12.1/libexec/lib/python2.7/site-packages/bzt/modules/aggregator.pyc'>
[2018-07-30 20:28:24,702 DEBUG Engine.consolidator] Buffer scaling setup: percentile 95.0 from [0.0, 50.0, 90.0, 95.0, 99.0, 99.9, 100.0] selected
[2018-07-30 20:28:24,702 DEBUG Engine] Module config: monitoring defaultdict(None, {'class': u'bzt.modules.monitoring.Monitoring'})
[2018-07-30 20:28:24,702 DEBUG root] Importing module: bzt.modules.monitoring
[2018-07-30 20:28:24,703 DEBUG root] Loading class: 'Monitoring' from <module 'bzt.modules.monitoring' from '/usr/local/Cellar/bzt/1.12.1/libexec/lib/python2.7/site-packages/bzt/modules/monitoring.pyc'>
[2018-07-30 20:28:24,704 DEBUG Engine.monitoring] Should not run because of non-matching prov: cloud != local
[2018-07-30 20:28:24,704 DEBUG Engine] Module config: cloud defaultdict(None, {'class': u'bzt.modules.blazemeter.CloudProvisioning', 'dump-locations': True})
[2018-07-30 20:28:24,704 DEBUG root] Importing module: bzt.modules.blazemeter
[2018-07-30 20:28:24,711 DEBUG easyprocess] version=0.2.3
[2018-07-30 20:28:24,713 DEBUG pyvirtualdisplay] version=0.2.1
[2018-07-30 20:28:24,714 DEBUG root] Loading class: 'CloudProvisioning' from <module 'bzt.modules.blazemeter' from '/usr/local/Cellar/bzt/1.12.1/libexec/lib/python2.7/site-packages/bzt/modules/blazemeter.pyc'>
[2018-07-30 20:28:24,715 DEBUG Engine] Module config: blazemeter defaultdict(None, {'token': '********', 'class': u'bzt.modules.blazemeter.BlazeMeterUploader'})
[2018-07-30 20:28:24,715 DEBUG root] Importing module: bzt.modules.blazemeter
[2018-07-30 20:28:24,715 DEBUG root] Loading class: 'BlazeMeterUploader' from <module 'bzt.modules.blazemeter' from '/usr/local/Cellar/bzt/1.12.1/libexec/lib/python2.7/site-packages/bzt/modules/blazemeter.pyc'>
[2018-07-30 20:28:24,715 DEBUG Engine.cloud] Installing http client
[2018-07-30 20:28:24,715 DEBUG Engine.cloud] Request: GET https://a.blazemeter.com/api/v4/accounts None
[2018-07-30 20:28:24,716 DEBUG HTTPClient] Making HTTP request GET https://a.blazemeter.com/api/v4/accounts
[2018-07-30 20:28:24,813 DEBUG urllib3.connectionpool] Starting new HTTPS connection (1): a.blazemeter.com:443
[2018-07-30 20:28:25,127 DEBUG urllib3.connectionpool] http://gettaurus.org:80 "GET /updates/?version=1.12.1&installID=macos-784f437f78c0 HTTP/1.1" 200 60
[2018-07-30 20:28:25,129 DEBUG Engine] Taurus updates info: {u'needsUpgrade': False, u'latest': u'1.12.1'}
[2018-07-30 20:28:25,129 DEBUG Engine] Installation is up-to-date
[2018-07-30 20:28:25,175 DEBUG urllib3.connectionpool] https://a.blazemeter.com:443 "GET /api/v4/accounts HTTP/1.1" 200 3450
[2018-07-30 20:28:25,177 DEBUG Engine.cloud] Response [200]: {
    "limit": 10,
    "skip": 0,
    "total": 4,
    "hidden": 0,
    "api_version": 4,
    "error": null,
    "result": [
        {
            "id": 100305,
            "name": "Account",
            "thumbnailUrl": null,
            "salesforceId": nul
[2018-07-30 20:28:25,179 DEBUG Engine.cloud] Request: GET https://a.blazemeter.com/api/v4/workspaces?accountId=100305&enabled=true&limit=100 None
[2018-07-30 20:28:25,179 DEBUG HTTPClient] Making HTTP request GET https://a.blazemeter.com/api/v4/workspaces?accountId=100305&enabled=true&limit=100
[2018-07-30 20:28:25,334 DEBUG urllib3.connectionpool] https://a.blazemeter.com:443 "GET /api/v4/workspaces?accountId=100305&enabled=true&limit=100 HTTP/1.1" 200 127
[2018-07-30 20:28:25,335 DEBUG Engine.cloud] Response [200]: {
    "limit": 100,
    "skip": 0,
    "total": 0,
    "hidden": 0,
    "api_version": 4,
    "error": null,
    "result": []
}
[2018-07-30 20:28:25,335 DEBUG Engine.cloud] Request: GET https://a.blazemeter.com/api/v4/workspaces?accountId=130965&enabled=true&limit=100 None
[2018-07-30 20:28:25,335 DEBUG HTTPClient] Making HTTP request GET https://a.blazemeter.com/api/v4/workspaces?accountId=130965&enabled=true&limit=100
[2018-07-30 20:28:25,515 DEBUG urllib3.connectionpool] https://a.blazemeter.com:443 "GET /api/v4/workspaces?accountId=130965&enabled=true&limit=100 HTTP/1.1" 200 2866
[2018-07-30 20:28:25,516 DEBUG Engine.cloud] Response [200]: {
    "limit": 100,
    "skip": 0,
    "total": 4,
    "hidden": 0,
    "api_version": 4,
    "error": null,
    "result": [
        {
            "id": 124387,
            "name": "Klaus Workspace",
            "userId": 345248,
            "created": 148
[2018-07-30 20:28:25,517 DEBUG Engine.cloud] Request: GET https://a.blazemeter.com/api/v4/workspaces?accountId=21166&enabled=true&limit=100 None
[2018-07-30 20:28:25,518 DEBUG HTTPClient] Making HTTP request GET https://a.blazemeter.com/api/v4/workspaces?accountId=21166&enabled=true&limit=100
[2018-07-30 20:28:25,709 DEBUG urllib3.connectionpool] https://a.blazemeter.com:443 "GET /api/v4/workspaces?accountId=21166&enabled=true&limit=100 HTTP/1.1" 200 1482
[2018-07-30 20:28:25,710 DEBUG Engine.cloud] Response [200]: {
    "limit": 100,
    "skip": 0,
    "total": 2,
    "hidden": 0,
    "api_version": 4,
    "error": null,
    "result": [
        {
            "id": 7199,
            "name": "CA SE Workspace",
            "userId": 307773,
            "created": 14775
[2018-07-30 20:28:25,711 DEBUG Engine.cloud] Request: GET https://a.blazemeter.com/api/v4/workspaces?accountId=40241&enabled=true&limit=100 None
[2018-07-30 20:28:25,711 DEBUG HTTPClient] Making HTTP request GET https://a.blazemeter.com/api/v4/workspaces?accountId=40241&enabled=true&limit=100
[2018-07-30 20:28:25,879 DEBUG urllib3.connectionpool] https://a.blazemeter.com:443 "GET /api/v4/workspaces?accountId=40241&enabled=true&limit=100 HTTP/1.1" 200 2191
[2018-07-30 20:28:25,881 DEBUG Engine.cloud] Response [200]: {
    "limit": 100,
    "skip": 0,
    "total": 3,
    "hidden": 0,
    "api_version": 4,
    "error": null,
    "result": [
        {
            "id": 509,
            "name": "Customer Demo Org",
            "userId": 86033,
            "created": 14419
[2018-07-30 20:28:25,882 DEBUG Engine.cloud] Request: GET https://a.blazemeter.com/api/v4/workspaces/124387 None
[2018-07-30 20:28:25,882 DEBUG HTTPClient] Making HTTP request GET https://a.blazemeter.com/api/v4/workspaces/124387
[2018-07-30 20:28:26,157 DEBUG urllib3.connectionpool] https://a.blazemeter.com:443 "GET /api/v4/workspaces/124387 HTTP/1.1" 200 None
[2018-07-30 20:28:26,201 DEBUG Engine.cloud] Response [200]: {
    "api_version": 4,
    "error": null,
    "result": {
        "id": 124387,
        "name": "Klaus Workspace",
        "userId": 345248,
        "created": 1489515261,
        "updated": 1531348719,
        "enabled": true,
        "dedicatedIpsEnable
[2018-07-30 20:28:26,223 DEBUG Engine.cloud] Request: GET https://a.blazemeter.com/api/v4/workspaces/137782 None
[2018-07-30 20:28:26,223 DEBUG HTTPClient] Making HTTP request GET https://a.blazemeter.com/api/v4/workspaces/137782
[2018-07-30 20:28:26,457 DEBUG urllib3.connectionpool] https://a.blazemeter.com:443 "GET /api/v4/workspaces/137782 HTTP/1.1" 200 None
[2018-07-30 20:28:26,474 DEBUG Engine.cloud] Response [200]: {
    "api_version": 4,
    "error": null,
    "result": {
        "id": 137782,
        "name": "depr api",
        "userId": 345248,
        "created": 1495573777,
        "updated": 1516814620,
        "enabled": true,
        "dedicatedIpsEnabled": tru
[2018-07-30 20:28:26,497 DEBUG Engine.cloud] Request: GET https://a.blazemeter.com/api/v4/workspaces/161580 None
[2018-07-30 20:28:26,497 DEBUG HTTPClient] Making HTTP request GET https://a.blazemeter.com/api/v4/workspaces/161580
[2018-07-30 20:28:26,720 DEBUG urllib3.connectionpool] https://a.blazemeter.com:443 "GET /api/v4/workspaces/161580 HTTP/1.1" 200 None
[2018-07-30 20:28:26,736 DEBUG Engine.cloud] Response [200]: {
    "api_version": 4,
    "error": null,
    "result": {
        "id": 161580,
        "name": "depr apm",
        "userId": 345248,
        "created": 1505317739,
        "updated": 1516814612,
        "enabled": true,
        "dedicatedIpsEnabled": tru
[2018-07-30 20:28:26,757 DEBUG Engine.cloud] Request: GET https://a.blazemeter.com/api/v4/workspaces/165145 None
[2018-07-30 20:28:26,757 DEBUG HTTPClient] Making HTTP request GET https://a.blazemeter.com/api/v4/workspaces/165145
[2018-07-30 20:28:26,980 DEBUG urllib3.connectionpool] https://a.blazemeter.com:443 "GET /api/v4/workspaces/165145 HTTP/1.1" 200 None
[2018-07-30 20:28:27,001 DEBUG Engine.cloud] Response [200]: {
    "api_version": 4,
    "error": null,
    "result": {
        "id": 165145,
        "name": "z - fx - Amadeus",
        "userId": 345248,
        "created": 1506556230,
        "updated": 1506636371,
        "enabled": true,
        "dedicatedIpsEnabl
[2018-07-30 20:28:27,022 DEBUG Engine.cloud] Request: GET https://a.blazemeter.com/api/v4/workspaces/7199 None
[2018-07-30 20:28:27,022 DEBUG HTTPClient] Making HTTP request GET https://a.blazemeter.com/api/v4/workspaces/7199
[2018-07-30 20:28:27,221 DEBUG urllib3.connectionpool] https://a.blazemeter.com:443 "GET /api/v4/workspaces/7199 HTTP/1.1" 200 None
[2018-07-30 20:28:27,232 DEBUG Engine.cloud] Response [200]: {
    "api_version": 4,
    "error": null,
    "result": {
        "id": 7199,
        "name": "CA SE Workspace",
        "userId": 307773,
        "created": 1477580960,
        "updated": 1507211353,
        "enabled": true,
        "dedicatedIpsEnabled"
[2018-07-30 20:28:27,252 DEBUG Engine.cloud] Request: GET https://a.blazemeter.com/api/v4/workspaces/133217 None
[2018-07-30 20:28:27,252 DEBUG HTTPClient] Making HTTP request GET https://a.blazemeter.com/api/v4/workspaces/133217
[2018-07-30 20:28:27,452 DEBUG urllib3.connectionpool] https://a.blazemeter.com:443 "GET /api/v4/workspaces/133217 HTTP/1.1" 200 None
[2018-07-30 20:28:27,468 DEBUG Engine.cloud] Response [200]: {
    "api_version": 4,
    "error": null,
    "result": {
        "id": 133217,
        "name": "SE DEMOs",
        "userId": 307773,
        "created": 1493664013,
        "updated": 1508256640,
        "enabled": true,
        "dedicatedIpsEnabled": tru
[2018-07-30 20:28:27,489 DEBUG Engine.cloud] Request: GET https://a.blazemeter.com/api/v4/workspaces/509 None
[2018-07-30 20:28:27,489 DEBUG HTTPClient] Making HTTP request GET https://a.blazemeter.com/api/v4/workspaces/509
[2018-07-30 20:28:27,703 DEBUG urllib3.connectionpool] https://a.blazemeter.com:443 "GET /api/v4/workspaces/509 HTTP/1.1" 200 None
[2018-07-30 20:28:27,720 DEBUG Engine.cloud] Response [200]: {
    "api_version": 4,
    "error": null,
    "result": {
        "id": 509,
        "name": "Customer Demo Org",
        "userId": 86033,
        "created": 1441920631,
        "updated": 1484233350,
        "enabled": true,
        "dedicatedIpsEnabled"
[2018-07-30 20:28:27,756 DEBUG Engine.cloud] Request: GET https://a.blazemeter.com/api/v4/workspaces/3130 None
[2018-07-30 20:28:27,756 DEBUG HTTPClient] Making HTTP request GET https://a.blazemeter.com/api/v4/workspaces/3130
[2018-07-30 20:28:27,940 DEBUG urllib3.connectionpool] https://a.blazemeter.com:443 "GET /api/v4/workspaces/3130 HTTP/1.1" 200 None
[2018-07-30 20:28:27,949 DEBUG Engine.cloud] Response [200]: {
    "api_version": 4,
    "error": null,
    "result": {
        "id": 3130,
        "name": "Performance Labs",
        "userId": 106819,
        "description": "",
        "created": 1475511777,
        "updated": 1475511777,
        "enabled": true,
 
[2018-07-30 20:28:27,969 DEBUG Engine.cloud] Request: GET https://a.blazemeter.com/api/v4/workspaces/31694 None
[2018-07-30 20:28:27,969 DEBUG HTTPClient] Making HTTP request GET https://a.blazemeter.com/api/v4/workspaces/31694
[2018-07-30 20:28:28,172 DEBUG urllib3.connectionpool] https://a.blazemeter.com:443 "GET /api/v4/workspaces/31694 HTTP/1.1" 200 None
[2018-07-30 20:28:28,186 DEBUG Engine.cloud] Response [200]: {
    "api_version": 4,
    "error": null,
    "result": {
        "id": 31694,
        "name": "Sid Narang's Workspace",
        "userId": 106819,
        "created": 1482649488,
        "updated": 1482649488,
        "enabled": true,
        "dedicatedIps
[2018-07-30 20:28:28,212 WARNING Engine.cloud] Dumping available locations instead of running the test:
(0lqqqqqqqqqqqqqqqqqqqqqqqqqqqqqqqqqwqqqqqqqqqqqqqqqqqqqqqqqqqqqqqqqqqqqqqqqqqqqqk(B
(0x(B ID                              (0x(B Name                                       (0x(B
(0tqqqqqqqqqqqqqqqqqqqqqqqqqqqqqqqqqnqqqqqqqqqqqqqqqqqqqqqqqqqqqqqqqqqqqqqqqqqqqqu(B
(0x(B ap-northeast-1                  (0x(B Asia Pacific (Tokyo)                       (0x(B
(0x(B ap-northeast-2                  (0x(B Asia Pacific (Seoul)                       (0x(B
(0x(B ap-south-1                      (0x(B Asia Pacific (Mumbai)                      (0x(B
(0x(B ap-southeast-1                  (0x(B Asia Pacific (Singapore)                   (0x(B
(0x(B ap-southeast-2                  (0x(B Australia (Sydney)                         (0x(B
(0x(B asia-east1-a                    (0x(B Asia East (Taiwan, Google)                 (0x(B
(0x(B asia-northeast1-a               (0x(B Asia Northeast (Japan, Google)             (0x(B
(0x(B asia-south1-a                   (0x(B Asia South (Mumbai, Google)                (0x(B
(0x(B asia-southeast1-a               (0x(B Asia Southeast (Singapore, Google)         (0x(B
(0x(B australia-southeast1-a          (0x(B Australia (Sydney, Google)                 (0x(B
(0x(B azure-ap-northeast-1            (0x(B Azure Korea Central (Seoul)                (0x(B
(0x(B azure-ap-northeast-2            (0x(B Azure Korea South (Busan)                  (0x(B
(0x(B azure-brazil-south-1            (0x(B Azure Brazil South (Sao Paulo)             (0x(B
(0x(B azure-central-asia-1            (0x(B Azure Central India (Pune)                 (0x(B
(0x(B azure-central-asia-2            (0x(B Azure West India (Mumbai)                  (0x(B
(0x(B azure-central-asia-3            (0x(B Azure South India (Chennai)                (0x(B
(0x(B azure-central-ca                (0x(B Azure Canada Central (Toronto)             (0x(B
(0x(B azure-central-us-1              (0x(B Azure US Central (Iowa)                    (0x(B
(0x(B azure-east-asia-1               (0x(B Azure East Asia (Hong Kong)                (0x(B
(0x(B azure-east-au-1                 (0x(B Azure Australia East (New South Wales)     (0x(B
(0x(B azure-east-ca                   (0x(B Azure Canada East (Quebec City)            (0x(B
(0x(B azure-east-us-1                 (0x(B Azure US East (Virginia)                   (0x(B
(0x(B azure-east-us-2                 (0x(B Azure East US 2 (Virginia)                 (0x(B
(0x(B azure-eu-west-2                 (0x(B Azure UK South (London)                    (0x(B
(0x(B azure-eu-west-3                 (0x(B Azure UK West (Cardiff)                    (0x(B
(0x(B azure-japan-east-1              (0x(B Azure Japan East (Tokyo, Saitama)          (0x(B
(0x(B azure-japan-west-1              (0x(B Azure Japan West (Osaka)                   (0x(B
(0x(B azure-north-central-us-1        (0x(B Azure US North Central (Illinois)          (0x(B
(0x(B azure-north-europe-1            (0x(B Azure EU North (Ireland)                   (0x(B
(0x(B azure-south-central-us-1        (0x(B Azure US South Central (Texas)             (0x(B
(0x(B azure-southeast-asia-1          (0x(B Azure Southeast Asia (Singapore)           (0x(B
(0x(B azure-southeast-au-1            (0x(B Azure Australia Southeast (Victoria)       (0x(B
(0x(B azure-us-west-central           (0x(B Azure US West Central (US West Central)    (0x(B
(0x(B azure-west-europe-1             (0x(B Azure EU West (Netherlands)                (0x(B
(0x(B azure-west-us-1                 (0x(B Azure US West (California)                 (0x(B
(0x(B azure-west-us-2                 (0x(B Azure US East (US West 2)                  (0x(B
(0x(B ca-central-1                    (0x(B Canada (Central)                           (0x(B
(0x(B eu-central-1                    (0x(B EU Central (Frankfurt)                     (0x(B
(0x(B eu-west-1                       (0x(B EU West (Ireland)                          (0x(B
(0x(B eu-west-2                       (0x(B EU West (London)                           (0x(B
(0x(B eu-west-3                       (0x(B EU West (Paris) - New                      (0x(B
(0x(B europe-west1-b                  (0x(B EU West (Belgium, Google)                  (0x(B
(0x(B europe-west2-a                  (0x(B EU West (London, Google)                   (0x(B
(0x(B europe-west3-a                  (0x(B EU West (Frankfurt, Google)                (0x(B
(0x(B europe-west4-b                  (0x(B EU West (Netherlands, Google)              (0x(B
(0x(B harbor-5591335d8588531f5cde3a04 (0x(B Sandbox                                    (0x(B
(0x(B harbor-58d3b97ff132adc0347b23c6 (0x(B Functional Testing Default Location        (0x(B
(0x(B harbor-59464ffd67f3bf63cb7b23c9 (0x(B US East (Ohio) - Functional Test           (0x(B
(0x(B harbor-59465fcde4d6a240d97b23c6 (0x(B Us West (N. California) - Functional Test  (0x(B
(0x(B harbor-594662d6e6e960aedb7b23c7 (0x(B Us West (Oregon) - Functional Test         (0x(B
(0x(B harbor-5946677fe4d6a21adb7b23c8 (0x(B Canada (Central) - Functional Test         (0x(B
(0x(B harbor-59466cb1e4d6a296e37b23c8 (0x(B EU West (Ireland) - Functional Test        (0x(B
(0x(B harbor-59466f1b67f3bfebe27b23c7 (0x(B EU Central (Frankfurt) - Functional Test   (0x(B
(0x(B harbor-5946708a65e00138e57b23c6 (0x(B EU West (London) - Functional Test         (0x(B
(0x(B harbor-59467342e4d6a205e67b23c6 (0x(B Asia Pacific (Singapore) - Functional Test (0x(B
(0x(B harbor-5946756fe4d6a204e37b23c6 (0x(B Australia (Sydney) - Functional Test       (0x(B
(0x(B harbor-5946770be6e960e5e57b23cf (0x(B Asia Pacific (Seoul) - Functional Test     (0x(B
(0x(B harbor-59d2393f222c0a00807b23c6 (0x(B test                                       (0x(B
(0x(B harbor-59d7effc4f7fe3ba6f324891 (0x(B nfl test                                   (0x(B
(0x(B harbor-5a1af5fc822b6678567b23c7 (0x(B CA-Fort-Collins-CO                         (0x(B
(0x(B harbor-5a7a024dc3fbdaa50f7b23ce (0x(B testnk                                     (0x(B
(0x(B harbor-5aac3bde453c82af587b23ce (0x(B bla                                        (0x(B
(0x(B harbor-5aaff614474f40321d7b23ce (0x(B testea                                     (0x(B
(0x(B harbor-5b5124cfe50e93743e7b23c8 (0x(B Internal LG                                (0x(B
(0x(B northamerica-northeast1-a       (0x(B Canada East (Montreal, Google)             (0x(B
(0x(B sa-east-1                       (0x(B South America (Sao Paulo)                  (0x(B
(0x(B southamerica-east1-a            (0x(B Brazil (Sao Paulo, Google)                 (0x(B
(0x(B us-central1-a                   (0x(B US Central (Iowa, Google)                  (0x(B
(0x(B us-east-1                       (0x(B US East (Virginia)                         (0x(B
(0x(B us-east-2                       (0x(B US East (Ohio)                             (0x(B
(0x(B us-east1-b                      (0x(B US East (South Carolina, Google)           (0x(B
(0x(B us-east4-a                      (0x(B US East (Virginia, Google)                 (0x(B
(0x(B us-west-1                       (0x(B US West (N.California)                     (0x(B
(0x(B us-west-2                       (0x(B US West (Oregon)                           (0x(B
(0x(B us-west1-a                      (0x(B US West (Oregon, Google)                   (0x(B
(0mqqqqqqqqqqqqqqqqqqqqqqqqqqqqqqqqqvqqqqqqqqqqqqqqqqqqqqqqqqqqqqqqqqqqqqqqqqqqqqj(B
[2018-07-30 20:28:28,213 DEBUG root] Shutting down by request from code
[2018-07-30 20:28:28,214 DEBUG root] NormalShutdown: Done listing locations
Traceback (most recent call last):
  File "/usr/local/Cellar/bzt/1.12.1/libexec/lib/python2.7/site-packages/bzt/cli.py", line 253, in perform
    self.engine.prepare()
  File "/usr/local/Cellar/bzt/1.12.1/libexec/lib/python2.7/site-packages/bzt/engine.py", line 171, in prepare
    self.__prepare_provisioning()
  File "/usr/local/Cellar/bzt/1.12.1/libexec/lib/python2.7/site-packages/bzt/engine.py", line 517, in __prepare_provisioning
    self.provisioning.prepare()
  File "/usr/local/Cellar/bzt/1.12.1/libexec/lib/python2.7/site-packages/bzt/modules/blazemeter.py", line 1548, in prepare
    self.__dump_locations_if_needed()
  File "/usr/local/Cellar/bzt/1.12.1/libexec/lib/python2.7/site-packages/bzt/modules/blazemeter.py", line 1602, in __dump_locations_if_needed
    raise NormalShutdown("Done listing locations")
NormalShutdown: Done listing locations
[2018-07-30 20:28:28,214 INFO Engine] Post-processing...
[2018-07-30 20:28:28,215 DEBUG Engine.consolidator] Consolidator buffer[0]: []
[2018-07-30 20:28:28,216 DEBUG Engine.Configuration] Dumping YAML config into /Users/narsi01/Desktop/JWC_SN/WKS/WKS/2018-07-30_20-28-24.519724/effective.yml
[2018-07-30 20:28:28,237 DEBUG Engine.Configuration] Dumping JSON config into /Users/narsi01/Desktop/JWC_SN/WKS/WKS/2018-07-30_20-28-24.519724/effective.json
[2018-07-30 20:28:28,238 INFO root] Artifacts dir: /Users/narsi01/Desktop/JWC_SN/WKS/WKS/2018-07-30_20-28-24.519724
[2018-07-30 20:28:28,238 INFO root] Done performing with code: 0
[2018-07-30 20:28:28,239 DEBUG root] Closing log handler: /Users/narsi01/Desktop/JWC_SN/WKS/WKS/2018-07-30_20-28-24.519724/bzt.log
