[2017-10-02 16:07:49,758 INFO root] Taurus CLI Tool v1.8.4.1401
[2017-10-02 16:07:49,759 DEBUG root] Command-line options: {'verbose': None, 'no_system_configs': None, 'quiet': None, 'log': '/var/folders/t5/kg41spf56pz146ff1j739w358p9wh7/T/bzt_aKoaqL.log', 'option': None, 'aliases': []}
[2017-10-02 16:07:49,759 DEBUG root] Python: CPython 2.7.13
[2017-10-02 16:07:49,759 DEBUG root] OS: ('Darwin', 'narsi01mac1752', '16.7.0', 'Darwin Kernel Version 16.7.0: Thu Jun 15 17:36:27 PDT 2017; root:xnu-3789.70.16~2/RELEASE_X86_64', 'x86_64', 'i386')
[2017-10-02 16:07:49,759 INFO root] Starting with configs: ['ctl_sla.jmx.yml']
[2017-10-02 16:07:49,759 DEBUG root] Adding personal config: /Users/narsi01/.bzt-rc
[2017-10-02 16:07:49,759 INFO Engine] Configuring...
[2017-10-02 16:07:49,761 DEBUG Engine] Reading extension configs from: /usr/local/etc/bzt.d
[2017-10-02 16:07:49,762 DEBUG Engine.Configuration] Configs: ['/Library/Frameworks/Python.framework/Versions/2.7/lib/python2.7/site-packages/bzt/resources/base-config.yml', '/usr/local/etc/bzt.d/99-installID.yml']
[2017-10-02 16:07:49,762 DEBUG Engine.Configuration] Reading /Library/Frameworks/Python.framework/Versions/2.7/lib/python2.7/site-packages/bzt/resources/base-config.yml
[2017-10-02 16:07:49,834 DEBUG Engine.Configuration] Reading /Library/Frameworks/Python.framework/Versions/2.7/lib/python2.7/site-packages/bzt/resources/base-config.yml as YAML
[2017-10-02 16:07:49,858 DEBUG Engine.Configuration] Reading /usr/local/etc/bzt.d/99-installID.yml
[2017-10-02 16:07:49,921 DEBUG Engine.Configuration] Reading /usr/local/etc/bzt.d/99-installID.yml as YAML
[2017-10-02 16:07:49,921 DEBUG Engine.Configuration] Configs: ['/Users/narsi01/.bzt-rc', 'ctl_sla.jmx.yml']
[2017-10-02 16:07:49,921 DEBUG Engine.Configuration] Reading /Users/narsi01/.bzt-rc
[2017-10-02 16:07:49,925 DEBUG Engine.Configuration] Reading /Users/narsi01/.bzt-rc as YAML
[2017-10-02 16:07:49,925 DEBUG Engine.Configuration] Reading ctl_sla.jmx.yml
[2017-10-02 16:07:49,926 DEBUG Engine.Configuration] Reading ctl_sla.jmx.yml as YAML
[2017-10-02 16:07:49,943 DEBUG root] Configs: ['/Users/narsi01/.bzt-rc', 'ctl_sla.jmx.yml']
[2017-10-02 16:07:49,943 DEBUG root] Reading /Users/narsi01/.bzt-rc
[2017-10-02 16:07:49,943 DEBUG root] Reading /Users/narsi01/.bzt-rc as YAML
[2017-10-02 16:07:49,944 DEBUG root] Reading ctl_sla.jmx.yml
[2017-10-02 16:07:49,944 DEBUG root] Reading ctl_sla.jmx.yml as YAML
[2017-10-02 16:07:49,959 INFO Engine] Artifacts dir: /Users/narsi01/Desktop/CTL_CI/CTL/2017-10-02_16-07-49.959780
[2017-10-02 16:07:49,960 DEBUG Engine] New artifact filename: /Users/narsi01/Desktop/CTL_CI/CTL/2017-10-02_16-07-49.959780/effective
[2017-10-02 16:07:49,962 DEBUG Engine.Configuration] Dumping YAML config into /Users/narsi01/Desktop/CTL_CI/CTL/2017-10-02_16-07-49.959780/effective.yml
[2017-10-02 16:07:49,976 DEBUG Engine] Requesting updates info: http://gettaurus.org/updates/?version=1.8.4.1401&installID=acde48001122
[2017-10-02 16:07:50,064 DEBUG Engine.Configuration] Dumping JSON config into /Users/narsi01/Desktop/CTL_CI/CTL/2017-10-02_16-07-49.959780/effective.json
[2017-10-02 16:07:50,126 DEBUG Engine] New artifact filename: /Users/narsi01/Desktop/CTL_CI/CTL/2017-10-02_16-07-49.959780/merged.yml
[2017-10-02 16:07:50,127 DEBUG root] Dumping YAML config into /Users/narsi01/Desktop/CTL_CI/CTL/2017-10-02_16-07-49.959780/merged.yml
[2017-10-02 16:07:50,199 DEBUG Engine] New artifact filename: /Users/narsi01/Desktop/CTL_CI/CTL/2017-10-02_16-07-49.959780/merged.json
[2017-10-02 16:07:50,201 DEBUG root] Dumping JSON config into /Users/narsi01/Desktop/CTL_CI/CTL/2017-10-02_16-07-49.959780/merged.json
[2017-10-02 16:07:50,267 DEBUG Engine] Add existing artifact (move=False): ctl_sla.jmx.yml
[2017-10-02 16:07:50,267 DEBUG Engine] Copying ctl_sla.jmx.yml to /Users/narsi01/Desktop/CTL_CI/CTL/2017-10-02_16-07-49.959780/ctl_sla.jmx.yml
[2017-10-02 16:07:50,329 DEBUG root] Closing log handler: /var/folders/t5/kg41spf56pz146ff1j739w358p9wh7/T/bzt_aKoaqL.log
[2017-10-02 16:07:50,450 DEBUG root] Switched writing logs to /Users/narsi01/Desktop/CTL_CI/CTL/2017-10-02_16-07-49.959780/bzt.log
[2017-10-02 16:07:50,450 INFO Engine] Preparing...
[2017-10-02 16:07:50,451 DEBUG Engine] Module config: consolidator defaultdict(None, {'class': 'bzt.modules.aggregator.ConsolidatingAggregator'})
[2017-10-02 16:07:50,451 DEBUG root] Importing module: bzt.modules.aggregator
[2017-10-02 16:07:50,719 DEBUG root] Loading class: 'ConsolidatingAggregator' from <module 'bzt.modules.aggregator' from '/Library/Frameworks/Python.framework/Versions/2.7/lib/python2.7/site-packages/bzt/modules/aggregator.pyc'>
[2017-10-02 16:07:50,720 DEBUG Engine.consolidator] Exception in dehumanize_time(inf)
[2017-10-02 16:07:50,720 DEBUG Engine.consolidator] Buffer scaling setup: percentile 95.0 from [0.0, 50.0, 90.0, 95.0, 99.0, 99.9, 100.0] selected
[2017-10-02 16:07:50,720 DEBUG Engine] Module config: monitoring defaultdict(None, {'class': 'bzt.modules.monitoring.Monitoring'})
[2017-10-02 16:07:50,720 DEBUG root] Importing module: bzt.modules.monitoring
[2017-10-02 16:07:52,412 DEBUG root] Loading class: 'Monitoring' from <module 'bzt.modules.monitoring' from '/Library/Frameworks/Python.framework/Versions/2.7/lib/python2.7/site-packages/bzt/modules/monitoring.pyc'>
[2017-10-02 16:07:52,412 DEBUG Engine] Module config: local defaultdict(None, {'class': 'bzt.modules.provisioning.Local'})
[2017-10-02 16:07:52,412 DEBUG root] Importing module: bzt.modules.provisioning
[2017-10-02 16:07:52,412 DEBUG Engine] Taurus updates info: {"latest":"1.9.6","needsUpgrade":true}
[2017-10-02 16:07:52,412 DEBUG root] Loading class: 'Local' from <module 'bzt.modules.provisioning' from '/Library/Frameworks/Python.framework/Versions/2.7/lib/python2.7/site-packages/bzt/modules/provisioning.pyc'>
[2017-10-02 16:07:52,413 WARNING Engine] There is newer version of Taurus 1.9.6 available, consider upgrading. What's new: http://gettaurus.org/docs/Changelog/
[2017-10-02 16:07:52,413 DEBUG Engine] Module config: jmeter defaultdict(None, {'properties': defaultdict(None, {'jmeter.save.saveservice.autoflush': 'true', 'summariser.name': '', 'jmeter.save.saveservice.connect_time': 'true', 'mode': 'Stripped', 'jmeterengine.force.system.exit': 'true'}), 'class': 'bzt.modules.jmeter.JMeterExecutor', 'plugins': ['jpgc-casutg', 'jpgc-dummy', 'jpgc-ffw', 'jpgc-fifo', 'jpgc-functions', 'jpgc-json', 'jpgc-perfmon', 'jpgc-prmctl', 'jpgc-tst']})
[2017-10-02 16:07:52,413 DEBUG root] Importing module: bzt.modules.jmeter
[2017-10-02 16:07:53,332 DEBUG root] Loading class: 'JMeterExecutor' from <module 'bzt.modules.jmeter' from '/Library/Frameworks/Python.framework/Versions/2.7/lib/python2.7/site-packages/bzt/modules/jmeter.pyc'>
[2017-10-02 16:07:53,333 DEBUG Engine.local] Preparing executor: jmeter/4397056848
[2017-10-02 16:07:53,333 DEBUG Engine] New artifact filename: /Users/narsi01/Desktop/CTL_CI/CTL/2017-10-02_16-07-49.959780/jmeter.log
[2017-10-02 16:07:53,333 DEBUG Engine.jmeter] Checking if port 4445 is free
[2017-10-02 16:07:53,334 DEBUG Engine.jmeter] Port 4445 is free
[2017-10-02 16:07:53,334 DEBUG Engine.jmeter] Using port 4445 for management
[2017-10-02 16:07:53,334 DEBUG Engine.jmeter.JavaVM] Trying JavaVM: ['java', '-version']
[2017-10-02 16:07:54,334 DEBUG Engine.jmeter.JavaVM] JavaVM output: java version "1.8.0_121"
Java(TM) SE Runtime Environment (build 1.8.0_121-b13)
Java HotSpot(TM) 64-Bit Server VM (build 25.121-b13, mixed mode)

[2017-10-02 16:07:54,335 DEBUG Engine.jmeter.TclLibrary] We don't need to check tcl library on this platform
[2017-10-02 16:07:54,335 DEBUG Engine.jmeter.JMeter] Trying jmeter: /Users/narsi01/.bzt/jmeter-taurus/bin/jmeter.sh
[2017-10-02 16:07:54,336 DEBUG bzt.utils] Executing shell: ['/Users/narsi01/.bzt/jmeter-taurus/bin/jmeter.sh', '-j', '/var/folders/t5/kg41spf56pz146ff1j739w358p9wh7/T/jmeterR2_gbrlog', '--version']
[2017-10-02 16:07:56,103 DEBUG Engine.jmeter.JMeter] JMeter check: Writing log file to: /var/folders/t5/kg41spf56pz146ff1j739w358p9wh7/T/jmeterR2_gbrlog
    _    ____   _    ____ _   _ _____       _ __  __ _____ _____ _____ ____     
   / \  |  _ \ / \  / ___| | | | ____|     | |  \/  | ____|_   _| ____|  _ \   
  / _ \ | |_) / _ \| |   | |_| |  _|    _  | | |\/| |  _|   | | |  _| | |_) | 
 / ___ \|  __/ ___ \ |___|  _  | |___  | |_| | |  | | |___  | | | |___|  _ <  
/_/   \_\_| /_/   \_\____|_| |_|_____|  \___/|_|  |_|_____| |_| |_____|_| \_\ 3.1 r1770033  

Copyright (c) 1999-2016 The Apache Software Foundation

 / None
[2017-10-02 16:07:56,110 DEBUG Engine] New artifact filename: /Users/narsi01/Desktop/CTL_CI/CTL/2017-10-02_16-07-49.959780/requests.jmx
[2017-10-02 16:07:56,114 DEBUG JMeterScenarioBuilder] Saving JMX to: /Users/narsi01/Desktop/CTL_CI/CTL/2017-10-02_16-07-49.959780/requests.jmx
[2017-10-02 16:07:56,185 DEBUG Engine.jmeter] Load: LoadSpec(concurrency=10, throughput=None, ramp_up=60.0, hold=300.0, iterations=1000, duration=360.0, steps=None)
[2017-10-02 16:07:56,188 DEBUG Engine.jmeter] Original threads: 1.0
[2017-10-02 16:07:56,190 DEBUG Engine] New artifact filename: /Users/narsi01/Desktop/CTL_CI/CTL/2017-10-02_16-07-49.959780/kpi.jtl
[2017-10-02 16:07:56,190 DEBUG Engine] New artifact filename: /Users/narsi01/Desktop/CTL_CI/CTL/2017-10-02_16-07-49.959780/error.jtl
[2017-10-02 16:07:56,191 DEBUG Engine.jmeter] Enforcing parent sample for transaction controller
[2017-10-02 16:07:56,191 DEBUG Engine] New artifact filename: /Users/narsi01/Desktop/CTL_CI/CTL/2017-10-02_16-07-49.959780/modified_requests.jmx
[2017-10-02 16:07:56,191 DEBUG JMX] Saving JMX to: /Users/narsi01/Desktop/CTL_CI/CTL/2017-10-02_16-07-49.959780/modified_requests.jmx
[2017-10-02 16:07:56,265 DEBUG Engine.jmeter] Additional properties: defaultdict(None, {'jmeter.save.saveservice.autoflush': 'true', 'jmeter.save.saveservice.connect_time': 'true', 'user.classpath': '/Users/narsi01/Desktop/CTL_CI/CTL/2017-10-02_16-07-49.959780', 'sampleresult.default.encoding': 'UTF-8', 'summariser.name': '', 'jmeterengine.force.system.exit': 'true', 'jmeter.save.saveservice.timestamp_format': 'ms', 'mode': 'Stripped', 'jmeterengine.nongui.maxport': 4445, 'jmeterengine.nongui.port': 4445})
[2017-10-02 16:07:56,265 DEBUG Engine] New artifact filename: /Users/narsi01/Desktop/CTL_CI/CTL/2017-10-02_16-07-49.959780/jmeter-bzt.properties
[2017-10-02 16:07:56,330 DEBUG Engine] New artifact filename: /Users/narsi01/Desktop/CTL_CI/CTL/2017-10-02_16-07-49.959780/jmeter.out
[2017-10-02 16:07:56,330 DEBUG Engine] New artifact filename: /Users/narsi01/Desktop/CTL_CI/CTL/2017-10-02_16-07-49.959780/jmeter.err
[2017-10-02 16:07:56,332 DEBUG Engine] Module config: final-stats defaultdict(None, {'class': 'bzt.modules.reporting.FinalStatus'})
[2017-10-02 16:07:56,333 DEBUG root] Importing module: bzt.modules.reporting
[2017-10-02 16:08:03,509 DEBUG root] Loading class: 'FinalStatus' from <module 'bzt.modules.reporting' from '/Library/Frameworks/Python.framework/Versions/2.7/lib/python2.7/site-packages/bzt/modules/reporting.pyc'>
[2017-10-02 16:08:03,509 DEBUG Engine] Module config: console defaultdict(None, {'class': 'bzt.modules.console.ConsoleStatusReporter'})
[2017-10-02 16:08:03,509 DEBUG root] Importing module: bzt.modules.console
[2017-10-02 16:08:03,509 DEBUG root] Loading class: 'ConsoleStatusReporter' from <module 'bzt.modules.console' from '/Library/Frameworks/Python.framework/Versions/2.7/lib/python2.7/site-packages/bzt/modules/console.pyc'>
[2017-10-02 16:08:03,509 DEBUG Engine] Module config: final_stats defaultdict(None, {'class': 'bzt.modules.reporting.FinalStatus'})
[2017-10-02 16:08:03,509 DEBUG root] Importing module: bzt.modules.reporting
[2017-10-02 16:08:03,509 DEBUG root] Loading class: 'FinalStatus' from <module 'bzt.modules.reporting' from '/Library/Frameworks/Python.framework/Versions/2.7/lib/python2.7/site-packages/bzt/modules/reporting.pyc'>
[2017-10-02 16:08:03,510 DEBUG Engine] Module config: junit-xml defaultdict(None, {'class': 'bzt.modules.reporting.JUnitXMLReporter'})
[2017-10-02 16:08:03,510 DEBUG root] Importing module: bzt.modules.reporting
[2017-10-02 16:08:03,510 DEBUG root] Loading class: 'JUnitXMLReporter' from <module 'bzt.modules.reporting' from '/Library/Frameworks/Python.framework/Versions/2.7/lib/python2.7/site-packages/bzt/modules/reporting.pyc'>
[2017-10-02 16:08:03,516 DEBUG Engine.Configuration] Dumping YAML config into /Users/narsi01/Desktop/CTL_CI/CTL/2017-10-02_16-07-49.959780/effective.yml
[2017-10-02 16:08:03,615 DEBUG Engine.Configuration] Dumping JSON config into /Users/narsi01/Desktop/CTL_CI/CTL/2017-10-02_16-07-49.959780/effective.json
[2017-10-02 16:08:03,676 INFO Engine] Starting...
[2017-10-02 16:08:03,676 DEBUG Engine] Startup <bzt.modules.monitoring.Monitoring object at 0x105c2f950>
[2017-10-02 16:08:03,676 DEBUG Engine] Startup <bzt.modules.aggregator.ConsolidatingAggregator object at 0x105be7fd0>
[2017-10-02 16:08:03,676 DEBUG Engine] Startup <bzt.modules.reporting.FinalStatus object at 0x1061a7c10>
[2017-10-02 16:08:03,677 DEBUG Engine] Startup <bzt.modules.console.ConsoleStatusReporter object at 0x1062d5f90>
[2017-10-02 16:08:03,677 INFO Engine.console] Waiting for results...
[2017-10-02 16:08:03,677 DEBUG Engine] Startup <bzt.modules.reporting.FinalStatus object at 0x1062e0a10>
[2017-10-02 16:08:03,677 DEBUG Engine] Startup <bzt.modules.reporting.JUnitXMLReporter object at 0x1062e0190>
[2017-10-02 16:08:03,677 DEBUG Engine] Startup <bzt.modules.provisioning.Local object at 0x105c2fb90>
[2017-10-02 16:08:03,677 DEBUG Engine.local] Delay setup for jmeter/Thread Group: 0(start-at) + 0(delay) = 0
[2017-10-02 16:08:03,679 DEBUG Engine.Configuration] Dumping YAML config into /Users/narsi01/Desktop/CTL_CI/CTL/2017-10-02_16-07-49.959780/effective.yml
[2017-10-02 16:08:03,783 DEBUG Engine.Configuration] Dumping JSON config into /Users/narsi01/Desktop/CTL_CI/CTL/2017-10-02_16-07-49.959780/effective.json
[2017-10-02 16:08:03,845 DEBUG root] Leveling down log file verbosity, use -v option to have DEBUG messages enabled
[2017-10-02 16:08:04,116 INFO Engine.console] Waiting for finish...
[2017-10-02 16:08:09,857 INFO Engine.jmeter.JTLReader] Changed data analysis delay to 5s
[2017-10-02 16:08:23,073 INFO Engine.jmeter.JTLReader] Changed data analysis delay to 3s
[2017-10-02 16:08:24,684 INFO Engine.jmeter.JTLReader] Changed data analysis delay to 4s
[2017-10-02 16:08:26,987 WARNING Engine] Please wait for graceful shutdown...
[2017-10-02 16:08:26,996 DEBUG root] Leveled up log file verbosity
[2017-10-02 16:08:26,996 INFO Engine] Shutting down...
[2017-10-02 16:08:27,004 DEBUG Engine.local] Shutdown jmeter/Thread Group
[2017-10-02 16:08:28,005 INFO Engine.jmeter] Sending Shutdown command to JMeter on port 4445...
[2017-10-02 16:08:30,018 DEBUG Engine.jmeter] JMeter stopped on Shutdown command
[2017-10-02 16:08:30,025 DEBUG Engine.console] Restoring logging streams, [<logging.StreamHandler object at 0x105bfc090>]/{<logging.StreamHandler object at 0x105bfc090>: <open file '<stdout>', mode 'w' at 0x1002ad150>}
[2017-10-02 16:08:30,028 DEBUG Engine.Configuration] Dumping YAML config into /Users/narsi01/Desktop/CTL_CI/CTL/2017-10-02_16-07-49.959780/effective.yml
[2017-10-02 16:08:30,142 DEBUG Engine.Configuration] Dumping JSON config into /Users/narsi01/Desktop/CTL_CI/CTL/2017-10-02_16-07-49.959780/effective.json
[2017-10-02 16:08:30,206 WARNING root] Keyboard interrupt
[2017-10-02 16:08:30,207 DEBUG root] KeyboardInterrupt: 
Traceback (most recent call last):
  File "/Library/Frameworks/Python.framework/Versions/2.7/lib/python2.7/site-packages/bzt/cli.py", line 213, in perform
    self.engine.run()
  File "/Library/Frameworks/Python.framework/Versions/2.7/lib/python2.7/site-packages/bzt/engine.py", line 168, in run
    reraise(exc_info)
  File "/Library/Frameworks/Python.framework/Versions/2.7/lib/python2.7/site-packages/bzt/engine.py", line 150, in run
    self._wait()
  File "/Library/Frameworks/Python.framework/Versions/2.7/lib/python2.7/site-packages/bzt/engine.py", line 193, in _wait
    time.sleep(delay)
KeyboardInterrupt
[2017-10-02 16:08:30,207 INFO Engine] Post-processing...
[2017-10-02 16:08:30,207 DEBUG Engine.local] Post-process jmeter/Thread Group
[2017-10-02 16:08:30,207 DEBUG Engine] Add existing artifact (move=True): /Users/narsi01/Desktop/CTL_CI/CTL/2017-10-02_16-07-49.959780/modified_requests.jmx
[2017-10-02 16:08:30,207 DEBUG Engine] No need to copy /Users/narsi01/Desktop/CTL_CI/CTL/2017-10-02_16-07-49.959780/modified_requests.jmx
[2017-10-02 16:08:30,207 DEBUG Engine.jmeter.JTLErrorsReader] Opening /Users/narsi01/Desktop/CTL_CI/CTL/2017-10-02_16-07-49.959780/error.jtl
[2017-10-02 16:08:30,209 DEBUG Engine.jmeter.JTLReader.IncrementalCSVReader] Reading JTL: /Users/narsi01/Desktop/CTL_CI/CTL/2017-10-02_16-07-49.959780/kpi.jtl
[2017-10-02 16:08:30,209 DEBUG Engine.jmeter.JTLReader.IncrementalCSVReader] Read lines: 10 / 1390 bytes (at speed 1048576)
[2017-10-02 16:08:30,209 DEBUG Engine.jmeter.JTLReader] Buffer len: 6
[2017-10-02 16:08:30,209 DEBUG Engine.jmeter.JTLReader] Aggregating: 1506985702
[2017-10-02 16:08:30,210 DEBUG Engine.jmeter.JTLReader] Aggregating: 1506985703
[2017-10-02 16:08:30,212 DEBUG Engine.jmeter.JTLReader] Aggregating: 1506985704
[2017-10-02 16:08:30,213 DEBUG Engine.jmeter.JTLReader] Aggregating: 1506985705
[2017-10-02 16:08:30,214 DEBUG Engine.jmeter.JTLReader] Aggregating: 1506985706
[2017-10-02 16:08:30,215 DEBUG Engine.jmeter.JTLReader] Aggregating: 1506985707
[2017-10-02 16:08:30,217 DEBUG Engine.consolidator] Consolidator buffer[8]: [1506985700, 1506985701, 1506985702, 1506985703, 1506985704, 1506985705, 1506985706, 1506985707]
[2017-10-02 16:08:30,217 DEBUG Engine.consolidator] Merging into 1506985700
[2017-10-02 16:08:30,217 DEBUG Engine.consolidator] Merging 1506985700
[2017-10-02 16:08:30,221 DEBUG Engine.consolidator] Processed datapoint: 1506985700/None
[2017-10-02 16:08:30,221 DEBUG Engine.consolidator] Merging into 1506985701
[2017-10-02 16:08:30,221 DEBUG Engine.consolidator] Merging 1506985701
[2017-10-02 16:08:30,224 DEBUG Engine.consolidator] Processed datapoint: 1506985701/None
[2017-10-02 16:08:30,224 DEBUG Engine.consolidator] Merging into 1506985702
[2017-10-02 16:08:30,224 DEBUG Engine.consolidator] Merging 1506985702
[2017-10-02 16:08:30,227 DEBUG Engine.consolidator] Processed datapoint: 1506985702/None
[2017-10-02 16:08:30,227 DEBUG Engine.consolidator] Merging into 1506985703
[2017-10-02 16:08:30,227 DEBUG Engine.consolidator] Merging 1506985703
[2017-10-02 16:08:30,230 DEBUG Engine.consolidator] Processed datapoint: 1506985703/None
[2017-10-02 16:08:30,230 DEBUG Engine.consolidator] Merging into 1506985704
[2017-10-02 16:08:30,231 DEBUG Engine.consolidator] Merging 1506985704
[2017-10-02 16:08:30,234 DEBUG Engine.consolidator] Processed datapoint: 1506985704/None
[2017-10-02 16:08:30,234 DEBUG Engine.consolidator] Merging into 1506985705
[2017-10-02 16:08:30,234 DEBUG Engine.consolidator] Merging 1506985705
[2017-10-02 16:08:30,237 DEBUG Engine.consolidator] Processed datapoint: 1506985705/None
[2017-10-02 16:08:30,237 DEBUG Engine.consolidator] Merging into 1506985706
[2017-10-02 16:08:30,237 DEBUG Engine.consolidator] Merging 1506985706
[2017-10-02 16:08:30,241 DEBUG Engine.consolidator] Processed datapoint: 1506985706/None
[2017-10-02 16:08:30,241 DEBUG Engine.consolidator] Merging into 1506985707
[2017-10-02 16:08:30,241 DEBUG Engine.consolidator] Merging 1506985707
[2017-10-02 16:08:30,245 DEBUG Engine.consolidator] Processed datapoint: 1506985707/None
[2017-10-02 16:08:30,245 INFO Engine.final-stats] Test duration: 0:00:27
[2017-10-02 16:08:30,246 INFO Engine.final-stats] Samples count: 64, 1.56% failures
[2017-10-02 16:08:30,246 INFO Engine.final-stats] Average times: total 0.905, latency 0.235, connect 0.000
[2017-10-02 16:08:30,246 INFO Engine.final-stats] Percentile 0.0%: 0.579
[2017-10-02 16:08:30,246 INFO Engine.final-stats] Percentile 50.0%: 0.808
[2017-10-02 16:08:30,246 INFO Engine.final-stats] Percentile 90.0%: 1.286
[2017-10-02 16:08:30,246 INFO Engine.final-stats] Percentile 95.0%: 1.396
[2017-10-02 16:08:30,246 INFO Engine.final-stats] Percentile 99.0%: 2.652
[2017-10-02 16:08:30,246 INFO Engine.final-stats] Percentile 99.9%: 2.652
[2017-10-02 16:08:30,246 INFO Engine.final-stats] Percentile 100.0%: 2.652
[2017-10-02 16:08:30,246 DEBUG Engine.console] No logger_handler or orig_stream was detected
[2017-10-02 16:08:30,246 INFO Engine.final_stats] Test duration: 0:00:27
[2017-10-02 16:08:30,246 INFO Engine.final_stats] Samples count: 64, 1.56% failures
[2017-10-02 16:08:30,246 INFO Engine.final_stats] Average times: total 0.905, latency 0.235, connect 0.000
[2017-10-02 16:08:30,247 INFO Engine.final_stats] Percentile 0.0%: 0.579
[2017-10-02 16:08:30,247 INFO Engine.final_stats] Percentile 50.0%: 0.808
[2017-10-02 16:08:30,247 INFO Engine.final_stats] Percentile 90.0%: 1.286
[2017-10-02 16:08:30,247 INFO Engine.final_stats] Percentile 95.0%: 1.396
[2017-10-02 16:08:30,247 INFO Engine.final_stats] Percentile 99.0%: 2.652
[2017-10-02 16:08:30,247 INFO Engine.final_stats] Percentile 99.9%: 2.652
[2017-10-02 16:08:30,247 INFO Engine.final_stats] Percentile 100.0%: 2.652
[2017-10-02 16:08:30,247 INFO Engine.final_stats] Dumping final status as CSV: aggregate.csv
[2017-10-02 16:08:30,267 DEBUG Engine.junit-xml] Processing passfail objects: []
[2017-10-02 16:08:30,267 WARNING Engine.XUnitFileWriter] File pass-fail.xml already exists, it will be overwritten
[2017-10-02 16:08:30,267 INFO Engine.XUnitFileWriter] Writing JUnit XML report into: pass-fail.xml
[2017-10-02 16:08:30,302 DEBUG Engine.Configuration] Dumping YAML config into /Users/narsi01/Desktop/CTL_CI/CTL/2017-10-02_16-07-49.959780/effective.yml
[2017-10-02 16:08:30,399 DEBUG Engine.Configuration] Dumping JSON config into /Users/narsi01/Desktop/CTL_CI/CTL/2017-10-02_16-07-49.959780/effective.json
[2017-10-02 16:08:30,461 INFO root] Artifacts dir: /Users/narsi01/Desktop/CTL_CI/CTL/2017-10-02_16-07-49.959780
[2017-10-02 16:08:30,461 WARNING root] Done performing with code: 1
[2017-10-02 16:08:30,461 DEBUG root] Closing log handler: /Users/narsi01/Desktop/CTL_CI/CTL/2017-10-02_16-07-49.959780/bzt.log
