2018-08-16 12:21:14,586 INFO o.a.j.u.JMeterUtils: Setting Locale to en_US
2018-08-16 12:21:14,606 INFO o.a.j.JMeter: Loading user properties from: /Users/narsi01/.bzt/jmeter-taurus/4.0/bin/user.properties
2018-08-16 12:21:14,606 INFO o.a.j.JMeter: Loading system properties from: /Users/narsi01/.bzt/jmeter-taurus/4.0/bin/system.properties
2018-08-16 12:21:14,611 INFO o.a.j.JMeter: Copyright (c) 1998-2018 The Apache Software Foundation
2018-08-16 12:21:14,611 INFO o.a.j.JMeter: Version 4.0 r1823414
2018-08-16 12:21:14,611 INFO o.a.j.JMeter: java.version=1.8.0_121
2018-08-16 12:21:14,612 INFO o.a.j.JMeter: java.vm.name=Java HotSpot(TM) 64-Bit Server VM
2018-08-16 12:21:14,612 INFO o.a.j.JMeter: os.name=Mac OS X
2018-08-16 12:21:14,612 INFO o.a.j.JMeter: os.arch=x86_64
2018-08-16 12:21:14,612 INFO o.a.j.JMeter: os.version=10.13.5
2018-08-16 12:21:14,612 INFO o.a.j.JMeter: file.encoding=UTF-8
2018-08-16 12:21:14,612 INFO o.a.j.JMeter: Max memory     =3817865216
2018-08-16 12:21:14,612 INFO o.a.j.JMeter: Available Processors =8
2018-08-16 12:21:14,616 INFO o.a.j.JMeter: Default Locale=English (United States)
2018-08-16 12:21:14,616 INFO o.a.j.JMeter: JMeter  Locale=English (United States)
2018-08-16 12:21:14,616 INFO o.a.j.JMeter: JMeterHome=/Users/narsi01/.bzt/jmeter-taurus/4.0
2018-08-16 12:21:14,616 INFO o.a.j.JMeter: user.dir  =/Users/narsi01/Desktop/JWC_SN/WKS/WKS
2018-08-16 12:21:14,616 INFO o.a.j.JMeter: PWD       =/Users/narsi01/Desktop/JWC_SN/WKS/WKS
2018-08-16 12:21:14,618 INFO o.a.j.JMeter: IP: 192.168.1.20 Name: narsi01mac1752 FullName: 192.168.1.20
2018-08-16 12:21:14,618 INFO o.a.j.JMeter: user.classpath=/Users/narsi01/Desktop/JWC_SN/WKS/WKS/2018-08-16_12-21-01.451481:/Users/narsi01/Desktop/JWC_SN/WKS/WKS/2018-08-16_12-21-01.451481
2018-08-16 12:21:14,618 INFO o.a.j.JMeter: Adding to classpath and loader: /Users/narsi01/Desktop/JWC_SN/WKS/WKS/2018-08-16_12-21-01.451481
2018-08-16 12:21:14,619 INFO o.a.j.JMeter: Adding to classpath and loader: /Users/narsi01/Desktop/JWC_SN/WKS/WKS/2018-08-16_12-21-01.451481
2018-08-16 12:21:14,622 INFO o.a.j.s.FileServer: Default base='/Users/narsi01/Desktop/JWC_SN/WKS/WKS'
2018-08-16 12:21:14,639 INFO o.a.j.s.FileServer: Set new base='/Users/narsi01/Desktop/JWC_SN/WKS/WKS/2018-08-16_12-21-01.451481'
2018-08-16 12:21:14,756 INFO o.a.j.s.SaveService: Testplan (JMX) version: 2.2. Testlog (JTL) version: 2.2
2018-08-16 12:21:14,772 INFO o.a.j.s.SaveService: Using SaveService properties file encoding UTF-8
2018-08-16 12:21:14,776 INFO o.a.j.s.SaveService: Using SaveService properties version 4.0
2018-08-16 12:21:14,782 INFO o.a.j.s.SaveService: Loading file: /Users/narsi01/Desktop/JWC_SN/WKS/WKS/2018-08-16_12-21-01.451481/modified_requests.jmx
2018-08-16 12:21:14,840 INFO o.a.j.p.h.c.CacheManager: Will only cache the following methods: [GET]
2018-08-16 12:21:14,842 INFO o.a.j.p.h.c.CookieManager: Settings: Delete null: true Check: true Allow variable: true Save: false Prefix: COOKIE_
2018-08-16 12:21:14,850 INFO o.a.j.p.h.s.HTTPSamplerBase: Parser for text/html is org.apache.jmeter.protocol.http.parser.LagartoBasedHtmlParser
2018-08-16 12:21:14,850 INFO o.a.j.p.h.s.HTTPSamplerBase: Parser for application/xhtml+xml is org.apache.jmeter.protocol.http.parser.LagartoBasedHtmlParser
2018-08-16 12:21:14,850 INFO o.a.j.p.h.s.HTTPSamplerBase: Parser for application/xml is org.apache.jmeter.protocol.http.parser.LagartoBasedHtmlParser
2018-08-16 12:21:14,850 INFO o.a.j.p.h.s.HTTPSamplerBase: Parser for text/xml is org.apache.jmeter.protocol.http.parser.LagartoBasedHtmlParser
2018-08-16 12:21:14,850 INFO o.a.j.p.h.s.HTTPSamplerBase: Parser for text/vnd.wap.wml is org.apache.jmeter.protocol.http.parser.RegexpHTMLParser
2018-08-16 12:21:14,850 INFO o.a.j.p.h.s.HTTPSamplerBase: Parser for text/css is org.apache.jmeter.protocol.http.parser.CssParser
2018-08-16 12:21:14,891 INFO o.a.j.e.StandardJMeterEngine: Running the test!
2018-08-16 12:21:14,892 INFO o.a.j.s.SampleEvent: List of sample_variables: []
2018-08-16 12:21:14,892 INFO o.a.j.s.SampleEvent: List of sample_variables: []
2018-08-16 12:21:14,897 INFO o.a.j.e.u.CompoundVariable: Note: Function class names must contain the string: '.functions.'
2018-08-16 12:21:14,897 INFO o.a.j.e.u.CompoundVariable: Note: Function class names must not contain the string: '.gui.'
2018-08-16 12:21:15,294 INFO o.a.j.JMeter: Running test (1534447275294)
2018-08-16 12:21:15,357 INFO o.a.j.e.StandardJMeterEngine: Starting ThreadGroup: 1 : blazedemo
2018-08-16 12:21:15,357 INFO o.a.j.e.StandardJMeterEngine: Starting 150 threads for group blazedemo.
2018-08-16 12:21:15,357 INFO o.a.j.e.StandardJMeterEngine: Thread will continue on error
2018-08-16 12:21:15,357 INFO o.a.j.t.ThreadGroup: Starting thread group... number=1 threads=150 ramp-up=60 perThread=400.0 delayedStart=false
2018-08-16 12:21:15,363 INFO o.a.j.t.JMeterThread: Thread started: blazedemo 1-1
2018-08-16 12:21:15,383 INFO o.a.j.p.h.s.HTTPHCAbstractImpl: Local host = narsi01mac1752
2018-08-16 12:21:15,394 INFO o.a.j.p.h.s.HTTPHC4Impl: HTTP request retry count = 0
2018-08-16 12:21:15,403 INFO o.a.j.s.SampleResult: Note: Sample TimeStamps are START times
2018-08-16 12:21:15,403 INFO o.a.j.s.SampleResult: sampleresult.default.encoding is set to UTF-8
2018-08-16 12:21:15,403 INFO o.a.j.s.SampleResult: sampleresult.useNanoTime=true
2018-08-16 12:21:15,403 INFO o.a.j.s.SampleResult: sampleresult.nanoThreadSleep=5000
2018-08-16 12:21:15,429 INFO o.a.j.t.ThreadGroup: Started thread group number 1
2018-08-16 12:21:15,430 INFO o.a.j.e.StandardJMeterEngine: All thread groups have been started
2018-08-16 12:21:15,767 INFO o.a.j.t.JMeterThread: Thread started: blazedemo 1-2
2018-08-16 12:21:16,168 INFO o.a.j.t.JMeterThread: Thread started: blazedemo 1-3
2018-08-16 12:21:16,199 INFO o.a.j.p.h.p.BaseParser: Created org.apache.jmeter.protocol.http.parser.LagartoBasedHtmlParser
2018-08-16 12:21:16,237 INFO o.a.j.p.h.s.ResourcesDownloader: Creating ResourcesDownloader with keepalive_inseconds : 60
2018-08-16 12:21:16,568 INFO o.a.j.t.JMeterThread: Thread started: blazedemo 1-4
2018-08-16 12:21:16,969 INFO o.a.j.t.JMeterThread: Thread started: blazedemo 1-5
2018-08-16 12:21:17,372 INFO o.a.j.t.JMeterThread: Thread started: blazedemo 1-6
2018-08-16 12:21:17,410 INFO o.a.j.p.h.p.BaseParser: Created org.apache.jmeter.protocol.http.parser.CssParser
2018-08-16 12:21:17,410 INFO o.a.j.p.h.p.BaseParser: Created org.apache.jmeter.protocol.http.parser.CssParser
2018-08-16 12:21:17,770 INFO o.a.j.t.JMeterThread: Thread started: blazedemo 1-7
2018-08-16 12:21:18,171 INFO o.a.j.t.JMeterThread: Thread started: blazedemo 1-8
2018-08-16 12:21:18,571 INFO o.a.j.t.JMeterThread: Thread started: blazedemo 1-9
2018-08-16 12:21:18,974 INFO o.a.j.t.JMeterThread: Thread started: blazedemo 1-10
2018-08-16 12:21:19,372 INFO o.a.j.t.JMeterThread: Thread started: blazedemo 1-11
2018-08-16 12:21:19,776 INFO o.a.j.t.JMeterThread: Thread started: blazedemo 1-12
2018-08-16 12:21:20,176 INFO o.a.j.t.JMeterThread: Thread started: blazedemo 1-13
2018-08-16 12:21:20,574 INFO o.a.j.t.JMeterThread: Thread started: blazedemo 1-14
2018-08-16 12:21:20,974 INFO o.a.j.t.JMeterThread: Thread started: blazedemo 1-15
2018-08-16 12:21:21,374 INFO o.a.j.t.JMeterThread: Thread started: blazedemo 1-16
2018-08-16 12:21:21,779 INFO o.a.j.t.JMeterThread: Thread started: blazedemo 1-17
2018-08-16 12:21:22,176 INFO o.a.j.t.JMeterThread: Thread started: blazedemo 1-18
2018-08-16 12:21:22,577 INFO o.a.j.t.JMeterThread: Thread started: blazedemo 1-19
2018-08-16 12:21:22,977 INFO o.a.j.t.JMeterThread: Thread started: blazedemo 1-20
2018-08-16 12:21:23,381 INFO o.a.j.t.JMeterThread: Thread started: blazedemo 1-21
2018-08-16 12:21:23,781 INFO o.a.j.t.JMeterThread: Thread started: blazedemo 1-22
2018-08-16 12:21:24,182 INFO o.a.j.t.JMeterThread: Thread started: blazedemo 1-23
2018-08-16 12:21:24,582 INFO o.a.j.t.JMeterThread: Thread started: blazedemo 1-24
2018-08-16 12:21:24,983 INFO o.a.j.t.JMeterThread: Thread started: blazedemo 1-25
2018-08-16 12:21:25,383 INFO o.a.j.t.JMeterThread: Thread started: blazedemo 1-26
2018-08-16 12:21:25,784 INFO o.a.j.t.JMeterThread: Thread started: blazedemo 1-27
2018-08-16 12:21:26,184 INFO o.a.j.t.JMeterThread: Thread started: blazedemo 1-28
2018-08-16 12:21:26,581 INFO o.a.j.t.JMeterThread: Thread started: blazedemo 1-29
2018-08-16 12:21:26,983 INFO o.a.j.t.JMeterThread: Thread started: blazedemo 1-30
2018-08-16 12:21:27,386 INFO o.a.j.t.JMeterThread: Thread started: blazedemo 1-31
2018-08-16 12:21:27,787 INFO o.a.j.t.JMeterThread: Thread started: blazedemo 1-32
2018-08-16 12:21:28,184 INFO o.a.j.t.JMeterThread: Thread started: blazedemo 1-33
2018-08-16 12:21:28,583 INFO o.a.j.t.JMeterThread: Thread started: blazedemo 1-34
2018-08-16 12:21:28,985 INFO o.a.j.t.JMeterThread: Thread started: blazedemo 1-35
2018-08-16 12:21:29,389 INFO o.a.j.t.JMeterThread: Thread started: blazedemo 1-36
2018-08-16 12:21:29,789 INFO o.a.j.t.JMeterThread: Thread started: blazedemo 1-37
2018-08-16 12:21:29,814 INFO o.a.j.JMeter: Command: Shutdown received from /127.0.0.1
2018-08-16 12:21:29,815 INFO o.a.j.t.JMeterThread: Stopping: blazedemo 1-78
2018-08-16 12:21:29,816 INFO o.a.j.t.JMeterThread: Stopping: blazedemo 1-109
2018-08-16 12:21:29,816 INFO o.a.j.t.JMeterThread: Stopping: blazedemo 1-54
2018-08-16 12:21:29,816 INFO o.a.j.t.JMeterThread: Stopping: blazedemo 1-15
2018-08-16 12:21:29,816 INFO o.a.j.t.JMeterThread: Stopping: blazedemo 1-68
2018-08-16 12:21:29,816 INFO o.a.j.t.JMeterThread: Stopping: blazedemo 1-117
2018-08-16 12:21:29,816 INFO o.a.j.t.JMeterThread: Stopping: blazedemo 1-45
2018-08-16 12:21:29,816 INFO o.a.j.t.JMeterThread: Stopping: blazedemo 1-95
2018-08-16 12:21:29,816 INFO o.a.j.t.JMeterThread: Stopping: blazedemo 1-63
2018-08-16 12:21:29,816 INFO o.a.j.t.JMeterThread: Stopping: blazedemo 1-66
2018-08-16 12:21:29,816 INFO o.a.j.t.JMeterThread: Stopping: blazedemo 1-131
2018-08-16 12:21:29,816 INFO o.a.j.t.JMeterThread: Stopping: blazedemo 1-114
2018-08-16 12:21:29,816 INFO o.a.j.t.JMeterThread: Stopping: blazedemo 1-30
2018-08-16 12:21:29,816 INFO o.a.j.t.JMeterThread: Stopping: blazedemo 1-127
2018-08-16 12:21:29,816 INFO o.a.j.t.JMeterThread: Stopping: blazedemo 1-12
2018-08-16 12:21:29,816 INFO o.a.j.t.JMeterThread: Stopping: blazedemo 1-129
2018-08-16 12:21:29,817 INFO o.a.j.t.JMeterThread: Stopping: blazedemo 1-126
2018-08-16 12:21:29,817 INFO o.a.j.t.JMeterThread: Stopping: blazedemo 1-7
2018-08-16 12:21:29,817 INFO o.a.j.t.JMeterThread: Stopping: blazedemo 1-99
2018-08-16 12:21:29,817 INFO o.a.j.t.JMeterThread: Stopping: blazedemo 1-133
2018-08-16 12:21:29,817 INFO o.a.j.t.JMeterThread: Stopping: blazedemo 1-121
2018-08-16 12:21:29,817 INFO o.a.j.t.JMeterThread: Stopping: blazedemo 1-55
2018-08-16 12:21:29,817 INFO o.a.j.t.JMeterThread: Stopping: blazedemo 1-116
2018-08-16 12:21:29,817 INFO o.a.j.t.JMeterThread: Stopping: blazedemo 1-49
2018-08-16 12:21:29,817 INFO o.a.j.t.JMeterThread: Stopping: blazedemo 1-110
2018-08-16 12:21:29,817 INFO o.a.j.t.JMeterThread: Stopping: blazedemo 1-11
2018-08-16 12:21:29,817 INFO o.a.j.t.JMeterThread: Stopping: blazedemo 1-26
2018-08-16 12:21:29,817 INFO o.a.j.t.JMeterThread: Stopping: blazedemo 1-104
2018-08-16 12:21:29,817 INFO o.a.j.t.JMeterThread: Stopping: blazedemo 1-146
2018-08-16 12:21:29,817 INFO o.a.j.t.JMeterThread: Stopping: blazedemo 1-65
2018-08-16 12:21:29,817 INFO o.a.j.t.JMeterThread: Stopping: blazedemo 1-13
2018-08-16 12:21:29,817 INFO o.a.j.t.JMeterThread: Stopping: blazedemo 1-46
2018-08-16 12:21:29,817 INFO o.a.j.t.JMeterThread: Stopping: blazedemo 1-119
2018-08-16 12:21:29,817 INFO o.a.j.t.JMeterThread: Stopping: blazedemo 1-59
2018-08-16 12:21:29,817 INFO o.a.j.t.JMeterThread: Stopping: blazedemo 1-122
2018-08-16 12:21:29,817 INFO o.a.j.t.JMeterThread: Stopping: blazedemo 1-47
2018-08-16 12:21:29,818 INFO o.a.j.t.JMeterThread: Stopping: blazedemo 1-128
2018-08-16 12:21:29,818 INFO o.a.j.t.JMeterThread: Stopping: blazedemo 1-103
2018-08-16 12:21:29,818 INFO o.a.j.t.JMeterThread: Stopping: blazedemo 1-28
2018-08-16 12:21:29,818 INFO o.a.j.t.JMeterThread: Stopping: blazedemo 1-149
2018-08-16 12:21:29,818 INFO o.a.j.t.JMeterThread: Stopping: blazedemo 1-94
2018-08-16 12:21:29,818 INFO o.a.j.t.JMeterThread: Stopping: blazedemo 1-61
2018-08-16 12:21:29,818 INFO o.a.j.t.JMeterThread: Stopping: blazedemo 1-132
2018-08-16 12:21:29,818 INFO o.a.j.t.JMeterThread: Stopping: blazedemo 1-1
2018-08-16 12:21:29,818 INFO o.a.j.t.JMeterThread: Stopping: blazedemo 1-137
2018-08-16 12:21:29,818 INFO o.a.j.t.JMeterThread: Stopping: blazedemo 1-71
2018-08-16 12:21:29,818 INFO o.a.j.t.JMeterThread: Stopping: blazedemo 1-111
2018-08-16 12:21:29,818 INFO o.a.j.t.JMeterThread: Stopping: blazedemo 1-34
2018-08-16 12:21:29,818 INFO o.a.j.t.JMeterThread: Stopping: blazedemo 1-73
2018-08-16 12:21:29,818 INFO o.a.j.t.JMeterThread: Stopping: blazedemo 1-82
2018-08-16 12:21:29,818 INFO o.a.j.t.JMeterThread: Stopping: blazedemo 1-115
2018-08-16 12:21:29,818 INFO o.a.j.t.JMeterThread: Stopping: blazedemo 1-108
2018-08-16 12:21:29,818 INFO o.a.j.t.JMeterThread: Stopping: blazedemo 1-31
2018-08-16 12:21:29,818 INFO o.a.j.t.JMeterThread: Stopping: blazedemo 1-101
2018-08-16 12:21:29,819 INFO o.a.j.t.JMeterThread: Stopping: blazedemo 1-39
2018-08-16 12:21:29,819 INFO o.a.j.t.JMeterThread: Stopping: blazedemo 1-80
2018-08-16 12:21:29,819 INFO o.a.j.t.JMeterThread: Stopping: blazedemo 1-23
2018-08-16 12:21:29,819 INFO o.a.j.t.JMeterThread: Stopping: blazedemo 1-58
2018-08-16 12:21:29,819 INFO o.a.j.t.JMeterThread: Stopping: blazedemo 1-113
2018-08-16 12:21:29,819 INFO o.a.j.t.JMeterThread: Stopping: blazedemo 1-79
2018-08-16 12:21:29,819 INFO o.a.j.t.JMeterThread: Stopping: blazedemo 1-130
2018-08-16 12:21:29,819 INFO o.a.j.t.JMeterThread: Stopping: blazedemo 1-43
2018-08-16 12:21:29,819 INFO o.a.j.t.JMeterThread: Stopping: blazedemo 1-62
2018-08-16 12:21:29,819 INFO o.a.j.t.JMeterThread: Stopping: blazedemo 1-87
2018-08-16 12:21:29,819 INFO o.a.j.t.JMeterThread: Stopping: blazedemo 1-143
2018-08-16 12:21:29,819 INFO o.a.j.t.JMeterThread: Stopping: blazedemo 1-93
2018-08-16 12:21:29,819 INFO o.a.j.t.JMeterThread: Stopping: blazedemo 1-35
2018-08-16 12:21:29,819 INFO o.a.j.t.JMeterThread: Stopping: blazedemo 1-150
2018-08-16 12:21:29,819 INFO o.a.j.t.JMeterThread: Stopping: blazedemo 1-57
2018-08-16 12:21:29,819 INFO o.a.j.t.JMeterThread: Stopping: blazedemo 1-69
2018-08-16 12:21:29,819 INFO o.a.j.t.JMeterThread: Stopping: blazedemo 1-106
2018-08-16 12:21:29,819 INFO o.a.j.t.JMeterThread: Stopping: blazedemo 1-145
2018-08-16 12:21:29,819 INFO o.a.j.t.JMeterThread: Stopping: blazedemo 1-53
2018-08-16 12:21:29,819 INFO o.a.j.t.JMeterThread: Stopping: blazedemo 1-67
2018-08-16 12:21:29,819 INFO o.a.j.t.JMeterThread: Stopping: blazedemo 1-16
2018-08-16 12:21:29,820 INFO o.a.j.t.JMeterThread: Stopping: blazedemo 1-60
2018-08-16 12:21:29,820 INFO o.a.j.t.JMeterThread: Stopping: blazedemo 1-90
2018-08-16 12:21:29,820 INFO o.a.j.t.JMeterThread: Stopping: blazedemo 1-124
2018-08-16 12:21:29,820 INFO o.a.j.t.JMeterThread: Stopping: blazedemo 1-141
2018-08-16 12:21:29,820 INFO o.a.j.t.JMeterThread: Stopping: blazedemo 1-139
2018-08-16 12:21:29,820 INFO o.a.j.t.JMeterThread: Stopping: blazedemo 1-6
2018-08-16 12:21:29,820 INFO o.a.j.t.JMeterThread: Stopping: blazedemo 1-83
2018-08-16 12:21:29,820 INFO o.a.j.t.JMeterThread: Stopping: blazedemo 1-118
2018-08-16 12:21:29,820 INFO o.a.j.t.JMeterThread: Stopping: blazedemo 1-20
2018-08-16 12:21:29,820 INFO o.a.j.t.JMeterThread: Stopping: blazedemo 1-64
2018-08-16 12:21:29,820 INFO o.a.j.t.JMeterThread: Stopping: blazedemo 1-4
2018-08-16 12:21:29,820 INFO o.a.j.t.JMeterThread: Stopping: blazedemo 1-144
2018-08-16 12:21:29,820 INFO o.a.j.t.JMeterThread: Stopping: blazedemo 1-24
2018-08-16 12:21:29,820 INFO o.a.j.t.JMeterThread: Stopping: blazedemo 1-77
2018-08-16 12:21:29,820 INFO o.a.j.t.JMeterThread: Stopping: blazedemo 1-8
2018-08-16 12:21:29,820 INFO o.a.j.t.JMeterThread: Stopping: blazedemo 1-136
2018-08-16 12:21:29,820 INFO o.a.j.t.JMeterThread: Stopping: blazedemo 1-36
2018-08-16 12:21:29,820 INFO o.a.j.t.JMeterThread: Stopping: blazedemo 1-14
2018-08-16 12:21:29,820 INFO o.a.j.t.JMeterThread: Stopping: blazedemo 1-56
2018-08-16 12:21:29,820 INFO o.a.j.t.JMeterThread: Stopping: blazedemo 1-18
2018-08-16 12:21:29,820 INFO o.a.j.t.JMeterThread: Stopping: blazedemo 1-72
2018-08-16 12:21:29,821 INFO o.a.j.t.JMeterThread: Stopping: blazedemo 1-123
2018-08-16 12:21:29,821 INFO o.a.j.t.JMeterThread: Stopping: blazedemo 1-5
2018-08-16 12:21:29,821 INFO o.a.j.t.JMeterThread: Stopping: blazedemo 1-52
2018-08-16 12:21:29,821 INFO o.a.j.t.JMeterThread: Stopping: blazedemo 1-125
2018-08-16 12:21:29,821 INFO o.a.j.t.JMeterThread: Stopping: blazedemo 1-41
2018-08-16 12:21:29,821 INFO o.a.j.t.JMeterThread: Stopping: blazedemo 1-44
2018-08-16 12:21:29,821 INFO o.a.j.t.JMeterThread: Stopping: blazedemo 1-89
2018-08-16 12:21:29,821 INFO o.a.j.t.JMeterThread: Stopping: blazedemo 1-22
2018-08-16 12:21:29,821 INFO o.a.j.t.JMeterThread: Stopping: blazedemo 1-91
2018-08-16 12:21:29,821 INFO o.a.j.t.JMeterThread: Stopping: blazedemo 1-100
2018-08-16 12:21:29,821 INFO o.a.j.t.JMeterThread: Stopping: blazedemo 1-112
2018-08-16 12:21:29,821 INFO o.a.j.t.JMeterThread: Stopping: blazedemo 1-84
2018-08-16 12:21:29,821 INFO o.a.j.t.JMeterThread: Stopping: blazedemo 1-9
2018-08-16 12:21:29,821 INFO o.a.j.t.JMeterThread: Stopping: blazedemo 1-51
2018-08-16 12:21:29,821 INFO o.a.j.t.JMeterThread: Stopping: blazedemo 1-25
2018-08-16 12:21:29,821 INFO o.a.j.t.JMeterThread: Stopping: blazedemo 1-88
2018-08-16 12:21:29,821 INFO o.a.j.t.JMeterThread: Stopping: blazedemo 1-2
2018-08-16 12:21:29,821 INFO o.a.j.t.JMeterThread: Stopping: blazedemo 1-48
2018-08-16 12:21:29,821 INFO o.a.j.t.JMeterThread: Stopping: blazedemo 1-10
2018-08-16 12:21:29,821 INFO o.a.j.t.JMeterThread: Stopping: blazedemo 1-75
2018-08-16 12:21:29,822 INFO o.a.j.t.JMeterThread: Stopping: blazedemo 1-86
2018-08-16 12:21:29,822 INFO o.a.j.t.JMeterThread: Stopping: blazedemo 1-42
2018-08-16 12:21:29,822 INFO o.a.j.t.JMeterThread: Stopping: blazedemo 1-142
2018-08-16 12:21:29,822 INFO o.a.j.t.JMeterThread: Stopping: blazedemo 1-98
2018-08-16 12:21:29,822 INFO o.a.j.t.JMeterThread: Stopping: blazedemo 1-97
2018-08-16 12:21:29,822 INFO o.a.j.t.JMeterThread: Stopping: blazedemo 1-120
2018-08-16 12:21:29,822 INFO o.a.j.t.JMeterThread: Stopping: blazedemo 1-96
2018-08-16 12:21:29,822 INFO o.a.j.t.JMeterThread: Stopping: blazedemo 1-134
2018-08-16 12:21:29,822 INFO o.a.j.t.JMeterThread: Stopping: blazedemo 1-19
2018-08-16 12:21:29,822 INFO o.a.j.t.JMeterThread: Stopping: blazedemo 1-140
2018-08-16 12:21:29,822 INFO o.a.j.t.JMeterThread: Stopping: blazedemo 1-3
2018-08-16 12:21:29,822 INFO o.a.j.t.JMeterThread: Stopping: blazedemo 1-29
2018-08-16 12:21:29,822 INFO o.a.j.t.JMeterThread: Stopping: blazedemo 1-32
2018-08-16 12:21:29,822 INFO o.a.j.t.JMeterThread: Stopping: blazedemo 1-102
2018-08-16 12:21:29,822 INFO o.a.j.t.JMeterThread: Stopping: blazedemo 1-37
2018-08-16 12:21:29,822 INFO o.a.j.t.JMeterThread: Stopping: blazedemo 1-17
2018-08-16 12:21:29,822 INFO o.a.j.t.JMeterThread: Stopping: blazedemo 1-85
2018-08-16 12:21:29,822 INFO o.a.j.t.JMeterThread: Stopping: blazedemo 1-92
2018-08-16 12:21:29,822 INFO o.a.j.t.JMeterThread: Stopping: blazedemo 1-76
2018-08-16 12:21:29,822 INFO o.a.j.t.JMeterThread: Stopping: blazedemo 1-105
2018-08-16 12:21:29,822 INFO o.a.j.t.JMeterThread: Stopping: blazedemo 1-135
2018-08-16 12:21:29,823 INFO o.a.j.t.JMeterThread: Stopping: blazedemo 1-70
2018-08-16 12:21:29,823 INFO o.a.j.t.JMeterThread: Stopping: blazedemo 1-148
2018-08-16 12:21:29,823 INFO o.a.j.t.JMeterThread: Stopping: blazedemo 1-50
2018-08-16 12:21:29,823 INFO o.a.j.t.JMeterThread: Stopping: blazedemo 1-27
2018-08-16 12:21:29,823 INFO o.a.j.t.JMeterThread: Stopping: blazedemo 1-38
2018-08-16 12:21:29,823 INFO o.a.j.t.JMeterThread: Stopping: blazedemo 1-107
2018-08-16 12:21:29,823 INFO o.a.j.t.JMeterThread: Stopping: blazedemo 1-40
2018-08-16 12:21:29,823 INFO o.a.j.t.JMeterThread: Stopping: blazedemo 1-74
2018-08-16 12:21:29,823 INFO o.a.j.t.JMeterThread: Stopping: blazedemo 1-138
2018-08-16 12:21:29,823 INFO o.a.j.t.JMeterThread: Stopping: blazedemo 1-33
2018-08-16 12:21:29,823 INFO o.a.j.t.JMeterThread: Stopping: blazedemo 1-81
2018-08-16 12:21:29,823 INFO o.a.j.t.JMeterThread: Stopping: blazedemo 1-147
2018-08-16 12:21:29,823 INFO o.a.j.t.JMeterThread: Stopping: blazedemo 1-21
2018-08-16 12:21:29,909 INFO o.a.j.t.JMeterThread: Thread finished: blazedemo 1-8
2018-08-16 12:21:30,024 INFO o.a.j.t.JMeterThread: Thread finished: blazedemo 1-16
2018-08-16 12:21:30,024 INFO o.a.j.t.JMeterThread: Thread finished: blazedemo 1-22
2018-08-16 12:21:30,187 INFO o.a.j.t.JMeterThread: Thread started: blazedemo 1-38
2018-08-16 12:21:30,187 INFO o.a.j.t.JMeterThread: Thread finished: blazedemo 1-38
2018-08-16 12:21:30,281 INFO o.a.j.t.JMeterThread: Thread finished: blazedemo 1-18
2018-08-16 12:21:30,301 INFO o.a.j.t.JMeterThread: Thread finished: blazedemo 1-19
2018-08-16 12:21:30,439 INFO o.a.j.t.JMeterThread: Thread started: blazedemo 1-41
2018-08-16 12:21:30,440 INFO o.a.j.t.JMeterThread: Thread started: blazedemo 1-55
2018-08-16 12:21:30,440 INFO o.a.j.t.JMeterThread: Thread started: blazedemo 1-58
2018-08-16 12:21:30,440 INFO o.a.j.t.JMeterThread: Thread started: blazedemo 1-60
2018-08-16 12:21:30,440 INFO o.a.j.t.JMeterThread: Thread started: blazedemo 1-56
2018-08-16 12:21:30,440 INFO o.a.j.t.JMeterThread: Thread finished: blazedemo 1-58
2018-08-16 12:21:30,440 INFO o.a.j.t.JMeterThread: Thread finished: blazedemo 1-55
2018-08-16 12:21:30,439 INFO o.a.j.t.JMeterThread: Thread started: blazedemo 1-39
2018-08-16 12:21:30,440 INFO o.a.j.t.JMeterThread: Thread started: blazedemo 1-46
2018-08-16 12:21:30,439 INFO o.a.j.t.JMeterThread: Thread started: blazedemo 1-48
2018-08-16 12:21:30,439 INFO o.a.j.t.JMeterThread: Thread started: blazedemo 1-45
2018-08-16 12:21:30,439 INFO o.a.j.t.JMeterThread: Thread started: blazedemo 1-49
2018-08-16 12:21:30,440 INFO o.a.j.t.JMeterThread: Thread finished: blazedemo 1-39
2018-08-16 12:21:30,440 INFO o.a.j.t.JMeterThread: Thread finished: blazedemo 1-45
2018-08-16 12:21:30,439 INFO o.a.j.t.JMeterThread: Thread started: blazedemo 1-51
2018-08-16 12:21:30,439 INFO o.a.j.t.JMeterThread: Thread started: blazedemo 1-42
2018-08-16 12:21:30,439 INFO o.a.j.t.JMeterThread: Thread started: blazedemo 1-47
2018-08-16 12:21:30,440 INFO o.a.j.t.JMeterThread: Thread finished: blazedemo 1-51
2018-08-16 12:21:30,440 INFO o.a.j.t.JMeterThread: Thread finished: blazedemo 1-47
2018-08-16 12:21:30,439 INFO o.a.j.t.JMeterThread: Thread started: blazedemo 1-50
2018-08-16 12:21:30,439 INFO o.a.j.t.JMeterThread: Thread started: blazedemo 1-52
2018-08-16 12:21:30,439 INFO o.a.j.t.JMeterThread: Thread started: blazedemo 1-53
2018-08-16 12:21:30,439 INFO o.a.j.t.JMeterThread: Thread started: blazedemo 1-54
2018-08-16 12:21:30,439 INFO o.a.j.t.JMeterThread: Thread started: blazedemo 1-44
2018-08-16 12:21:30,440 INFO o.a.j.t.JMeterThread: Thread finished: blazedemo 1-50
2018-08-16 12:21:30,440 INFO o.a.j.t.JMeterThread: Thread finished: blazedemo 1-52
2018-08-16 12:21:30,439 INFO o.a.j.t.JMeterThread: Thread started: blazedemo 1-40
2018-08-16 12:21:30,440 INFO o.a.j.t.JMeterThread: Thread finished: blazedemo 1-49
2018-08-16 12:21:30,441 INFO o.a.j.t.JMeterThread: Thread finished: blazedemo 1-44
2018-08-16 12:21:30,440 INFO o.a.j.t.JMeterThread: Thread finished: blazedemo 1-48
2018-08-16 12:21:30,440 INFO o.a.j.t.JMeterThread: Thread finished: blazedemo 1-56
2018-08-16 12:21:30,440 INFO o.a.j.t.JMeterThread: Thread started: blazedemo 1-62
2018-08-16 12:21:30,441 INFO o.a.j.t.JMeterThread: Thread finished: blazedemo 1-46
2018-08-16 12:21:30,440 INFO o.a.j.t.JMeterThread: Thread started: blazedemo 1-59
2018-08-16 12:21:30,440 INFO o.a.j.t.JMeterThread: Thread started: blazedemo 1-57
2018-08-16 12:21:30,441 INFO o.a.j.t.JMeterThread: Thread finished: blazedemo 1-62
2018-08-16 12:21:30,440 INFO o.a.j.t.JMeterThread: Thread started: blazedemo 1-61
2018-08-16 12:21:30,441 INFO o.a.j.t.JMeterThread: Thread finished: blazedemo 1-59
2018-08-16 12:21:30,441 INFO o.a.j.t.JMeterThread: Thread finished: blazedemo 1-57
2018-08-16 12:21:30,441 INFO o.a.j.t.JMeterThread: Thread finished: blazedemo 1-61
2018-08-16 12:21:30,440 INFO o.a.j.t.JMeterThread: Thread finished: blazedemo 1-41
2018-08-16 12:21:30,441 INFO o.a.j.t.JMeterThread: Thread finished: blazedemo 1-60
2018-08-16 12:21:30,441 INFO o.a.j.t.JMeterThread: Thread finished: blazedemo 1-42
2018-08-16 12:21:30,441 INFO o.a.j.t.JMeterThread: Thread finished: blazedemo 1-40
2018-08-16 12:21:30,441 INFO o.a.j.t.JMeterThread: Thread finished: blazedemo 1-54
2018-08-16 12:21:30,439 INFO o.a.j.t.JMeterThread: Thread started: blazedemo 1-43
2018-08-16 12:21:30,441 INFO o.a.j.t.JMeterThread: Thread finished: blazedemo 1-53
2018-08-16 12:21:30,441 INFO o.a.j.t.JMeterThread: Thread finished: blazedemo 1-43
2018-08-16 12:21:30,448 INFO o.a.j.t.JMeterThread: Thread started: blazedemo 1-67
2018-08-16 12:21:30,448 INFO o.a.j.t.JMeterThread: Thread started: blazedemo 1-89
2018-08-16 12:21:30,448 INFO o.a.j.t.JMeterThread: Thread started: blazedemo 1-79
2018-08-16 12:21:30,448 INFO o.a.j.t.JMeterThread: Thread started: blazedemo 1-100
2018-08-16 12:21:30,448 INFO o.a.j.t.JMeterThread: Thread started: blazedemo 1-73
2018-08-16 12:21:30,448 INFO o.a.j.t.JMeterThread: Thread started: blazedemo 1-96
2018-08-16 12:21:30,448 INFO o.a.j.t.JMeterThread: Thread finished: blazedemo 1-79
2018-08-16 12:21:30,448 INFO o.a.j.t.JMeterThread: Thread finished: blazedemo 1-73
2018-08-16 12:21:30,448 INFO o.a.j.t.JMeterThread: Thread started: blazedemo 1-75
2018-08-16 12:21:30,448 INFO o.a.j.t.JMeterThread: Thread started: blazedemo 1-78
2018-08-16 12:21:30,448 INFO o.a.j.t.JMeterThread: Thread finished: blazedemo 1-75
2018-08-16 12:21:30,448 INFO o.a.j.t.JMeterThread: Thread finished: blazedemo 1-78
2018-08-16 12:21:30,448 INFO o.a.j.t.JMeterThread: Thread started: blazedemo 1-76
2018-08-16 12:21:30,448 INFO o.a.j.t.JMeterThread: Thread finished: blazedemo 1-76
2018-08-16 12:21:30,448 INFO o.a.j.t.JMeterThread: Thread started: blazedemo 1-77
2018-08-16 12:21:30,448 INFO o.a.j.t.JMeterThread: Thread started: blazedemo 1-82
2018-08-16 12:21:30,448 INFO o.a.j.t.JMeterThread: Thread finished: blazedemo 1-77
2018-08-16 12:21:30,448 INFO o.a.j.t.JMeterThread: Thread finished: blazedemo 1-82
2018-08-16 12:21:30,448 INFO o.a.j.t.JMeterThread: Thread started: blazedemo 1-71
2018-08-16 12:21:30,449 INFO o.a.j.t.JMeterThread: Thread started: blazedemo 1-74
2018-08-16 12:21:30,449 INFO o.a.j.t.JMeterThread: Thread finished: blazedemo 1-71
2018-08-16 12:21:30,449 INFO o.a.j.t.JMeterThread: Thread started: blazedemo 1-86
2018-08-16 12:21:30,449 INFO o.a.j.t.JMeterThread: Thread started: blazedemo 1-92
2018-08-16 12:21:30,449 INFO o.a.j.t.JMeterThread: Thread finished: blazedemo 1-74
2018-08-16 12:21:30,448 INFO o.a.j.t.JMeterThread: Thread started: blazedemo 1-87
2018-08-16 12:21:30,448 INFO o.a.j.t.JMeterThread: Thread started: blazedemo 1-95
2018-08-16 12:21:30,449 INFO o.a.j.t.JMeterThread: Thread started: blazedemo 1-99
2018-08-16 12:21:30,449 INFO o.a.j.t.JMeterThread: Thread started: blazedemo 1-63
2018-08-16 12:21:30,449 INFO o.a.j.t.JMeterThread: Thread finished: blazedemo 1-87
2018-08-16 12:21:30,449 INFO o.a.j.t.JMeterThread: Thread finished: blazedemo 1-95
2018-08-16 12:21:30,449 INFO o.a.j.t.JMeterThread: Thread started: blazedemo 1-65
2018-08-16 12:21:30,449 INFO o.a.j.t.JMeterThread: Thread started: blazedemo 1-120
2018-08-16 12:21:30,449 INFO o.a.j.t.JMeterThread: Thread started: blazedemo 1-108
2018-08-16 12:21:30,449 INFO o.a.j.t.JMeterThread: Thread finished: blazedemo 1-120
2018-08-16 12:21:30,449 INFO o.a.j.t.JMeterThread: Thread started: blazedemo 1-105
2018-08-16 12:21:30,449 INFO o.a.j.t.JMeterThread: Thread started: blazedemo 1-115
2018-08-16 12:21:30,449 INFO o.a.j.t.JMeterThread: Thread finished: blazedemo 1-105
2018-08-16 12:21:30,449 INFO o.a.j.t.JMeterThread: Thread finished: blazedemo 1-115
2018-08-16 12:21:30,449 INFO o.a.j.t.JMeterThread: Thread started: blazedemo 1-112
2018-08-16 12:21:30,449 INFO o.a.j.t.JMeterThread: Thread started: blazedemo 1-110
2018-08-16 12:21:30,449 INFO o.a.j.t.JMeterThread: Thread started: blazedemo 1-106
2018-08-16 12:21:30,449 INFO o.a.j.t.JMeterThread: Thread finished: blazedemo 1-110
2018-08-16 12:21:30,449 INFO o.a.j.t.JMeterThread: Thread finished: blazedemo 1-106
2018-08-16 12:21:30,449 INFO o.a.j.t.JMeterThread: Thread started: blazedemo 1-103
2018-08-16 12:21:30,450 INFO o.a.j.t.JMeterThread: Thread started: blazedemo 1-116
2018-08-16 12:21:30,450 INFO o.a.j.t.JMeterThread: Thread started: blazedemo 1-104
2018-08-16 12:21:30,450 INFO o.a.j.t.JMeterThread: Thread started: blazedemo 1-114
2018-08-16 12:21:30,450 INFO o.a.j.t.JMeterThread: Thread finished: blazedemo 1-116
2018-08-16 12:21:30,448 INFO o.a.j.t.JMeterThread: Thread started: blazedemo 1-97
2018-08-16 12:21:30,450 INFO o.a.j.t.JMeterThread: Thread finished: blazedemo 1-114
2018-08-16 12:21:30,450 INFO o.a.j.t.JMeterThread: Thread finished: blazedemo 1-97
2018-08-16 12:21:30,450 INFO o.a.j.t.JMeterThread: Thread started: blazedemo 1-122
2018-08-16 12:21:30,449 INFO o.a.j.t.JMeterThread: Thread finished: blazedemo 1-86
2018-08-16 12:21:30,450 INFO o.a.j.t.JMeterThread: Thread finished: blazedemo 1-122
2018-08-16 12:21:30,450 INFO o.a.j.t.JMeterThread: Thread finished: blazedemo 1-103
2018-08-16 12:21:30,449 INFO o.a.j.t.JMeterThread: Thread started: blazedemo 1-94
2018-08-16 12:21:30,449 INFO o.a.j.t.JMeterThread: Thread started: blazedemo 1-85
2018-08-16 12:21:30,447 INFO o.a.j.t.JMeterThread: Thread started: blazedemo 1-69
2018-08-16 12:21:30,447 INFO o.a.j.t.JMeterThread: Thread started: blazedemo 1-68
2018-08-16 12:21:30,450 INFO o.a.j.t.JMeterThread: Thread finished: blazedemo 1-94
2018-08-16 12:21:30,447 INFO o.a.j.t.JMeterThread: Thread started: blazedemo 1-64
2018-08-16 12:21:30,450 INFO o.a.j.t.JMeterThread: Thread finished: blazedemo 1-68
2018-08-16 12:21:30,449 INFO o.a.j.t.JMeterThread: Thread started: blazedemo 1-81
2018-08-16 12:21:30,450 INFO o.a.j.t.JMeterThread: Thread finished: blazedemo 1-92
2018-08-16 12:21:30,448 INFO o.a.j.t.JMeterThread: Thread started: blazedemo 1-80
2018-08-16 12:21:30,448 INFO o.a.j.t.JMeterThread: Thread started: blazedemo 1-101
2018-08-16 12:21:30,448 INFO o.a.j.t.JMeterThread: Thread started: blazedemo 1-83
2018-08-16 12:21:30,448 INFO o.a.j.t.JMeterThread: Thread started: blazedemo 1-91
2018-08-16 12:21:30,450 INFO o.a.j.t.JMeterThread: Thread finished: blazedemo 1-80
2018-08-16 12:21:30,448 INFO o.a.j.t.JMeterThread: Thread started: blazedemo 1-70
2018-08-16 12:21:30,450 INFO o.a.j.t.JMeterThread: Thread finished: blazedemo 1-101
2018-08-16 12:21:30,448 INFO o.a.j.t.JMeterThread: Thread finished: blazedemo 1-96
2018-08-16 12:21:30,450 INFO o.a.j.t.JMeterThread: Thread finished: blazedemo 1-83
2018-08-16 12:21:30,450 INFO o.a.j.t.JMeterThread: Thread finished: blazedemo 1-91
2018-08-16 12:21:30,448 INFO o.a.j.t.JMeterThread: Thread started: blazedemo 1-90
2018-08-16 12:21:30,448 INFO o.a.j.t.JMeterThread: Thread started: blazedemo 1-98
2018-08-16 12:21:30,448 INFO o.a.j.t.JMeterThread: Thread started: blazedemo 1-84
2018-08-16 12:21:30,451 INFO o.a.j.t.JMeterThread: Thread finished: blazedemo 1-98
2018-08-16 12:21:30,451 INFO o.a.j.t.JMeterThread: Thread finished: blazedemo 1-84
2018-08-16 12:21:30,451 INFO o.a.j.t.JMeterThread: Thread finished: blazedemo 1-100
2018-08-16 12:21:30,451 INFO o.a.j.t.JMeterThread: Thread finished: blazedemo 1-89
2018-08-16 12:21:30,451 INFO o.a.j.t.JMeterThread: Thread finished: blazedemo 1-67
2018-08-16 12:21:30,451 INFO o.a.j.t.JMeterThread: Thread finished: blazedemo 1-90
2018-08-16 12:21:30,450 INFO o.a.j.t.JMeterThread: Thread finished: blazedemo 1-81
2018-08-16 12:21:30,447 INFO o.a.j.t.JMeterThread: Thread started: blazedemo 1-66
2018-08-16 12:21:30,451 INFO o.a.j.t.JMeterThread: Thread finished: blazedemo 1-70
2018-08-16 12:21:30,450 INFO o.a.j.t.JMeterThread: Thread finished: blazedemo 1-64
2018-08-16 12:21:30,447 INFO o.a.j.t.JMeterThread: Thread started: blazedemo 1-72
2018-08-16 12:21:30,450 INFO o.a.j.t.JMeterThread: Thread finished: blazedemo 1-69
2018-08-16 12:21:30,451 INFO o.a.j.t.JMeterThread: Thread finished: blazedemo 1-72
2018-08-16 12:21:30,447 INFO o.a.j.t.JMeterThread: Thread started: blazedemo 1-93
2018-08-16 12:21:30,451 INFO o.a.j.t.JMeterThread: Thread finished: blazedemo 1-85
2018-08-16 12:21:30,449 INFO o.a.j.t.JMeterThread: Thread started: blazedemo 1-117
2018-08-16 12:21:30,449 INFO o.a.j.t.JMeterThread: Thread started: blazedemo 1-121
2018-08-16 12:21:30,449 INFO o.a.j.t.JMeterThread: Thread started: blazedemo 1-102
2018-08-16 12:21:30,451 INFO o.a.j.t.JMeterThread: Thread finished: blazedemo 1-117
2018-08-16 12:21:30,451 INFO o.a.j.t.JMeterThread: Thread finished: blazedemo 1-121
2018-08-16 12:21:30,449 INFO o.a.j.t.JMeterThread: Thread started: blazedemo 1-113
2018-08-16 12:21:30,452 INFO o.a.j.t.JMeterThread: Thread finished: blazedemo 1-102
2018-08-16 12:21:30,449 INFO o.a.j.t.JMeterThread: Thread started: blazedemo 1-118
2018-08-16 12:21:30,449 INFO o.a.j.t.JMeterThread: Thread started: blazedemo 1-109
2018-08-16 12:21:30,449 INFO o.a.j.t.JMeterThread: Thread started: blazedemo 1-119
2018-08-16 12:21:30,452 INFO o.a.j.t.JMeterThread: Thread finished: blazedemo 1-118
2018-08-16 12:21:30,452 INFO o.a.j.t.JMeterThread: Thread finished: blazedemo 1-112
2018-08-16 12:21:30,449 INFO o.a.j.t.JMeterThread: Thread started: blazedemo 1-107
2018-08-16 12:21:30,452 INFO o.a.j.t.JMeterThread: Thread finished: blazedemo 1-109
2018-08-16 12:21:30,449 INFO o.a.j.t.JMeterThread: Thread finished: blazedemo 1-99
2018-08-16 12:21:30,452 INFO o.a.j.t.JMeterThread: Thread finished: blazedemo 1-107
2018-08-16 12:21:30,452 INFO o.a.j.t.JMeterThread: Thread finished: blazedemo 1-108
2018-08-16 12:21:30,449 INFO o.a.j.t.JMeterThread: Thread started: blazedemo 1-88
2018-08-16 12:21:30,452 INFO o.a.j.t.JMeterThread: Thread finished: blazedemo 1-65
2018-08-16 12:21:30,452 INFO o.a.j.t.JMeterThread: Thread finished: blazedemo 1-119
2018-08-16 12:21:30,452 INFO o.a.j.t.JMeterThread: Thread finished: blazedemo 1-63
2018-08-16 12:21:30,451 INFO o.a.j.t.JMeterThread: Thread finished: blazedemo 1-104
2018-08-16 12:21:30,451 INFO o.a.j.t.JMeterThread: Thread finished: blazedemo 1-93
2018-08-16 12:21:30,451 INFO o.a.j.t.JMeterThread: Thread finished: blazedemo 1-66
2018-08-16 12:21:30,452 INFO o.a.j.t.JMeterThread: Thread finished: blazedemo 1-113
2018-08-16 12:21:30,452 INFO o.a.j.t.JMeterThread: Thread finished: blazedemo 1-88
2018-08-16 12:21:30,466 INFO o.a.j.t.JMeterThread: Thread started: blazedemo 1-111
2018-08-16 12:21:30,466 INFO o.a.j.t.JMeterThread: Thread finished: blazedemo 1-111
2018-08-16 12:21:30,468 INFO o.a.j.t.JMeterThread: Thread started: blazedemo 1-125
2018-08-16 12:21:30,468 INFO o.a.j.t.JMeterThread: Thread started: blazedemo 1-123
2018-08-16 12:21:30,468 INFO o.a.j.t.JMeterThread: Thread started: blazedemo 1-124
2018-08-16 12:21:30,469 INFO o.a.j.t.JMeterThread: Thread finished: blazedemo 1-125
2018-08-16 12:21:30,469 INFO o.a.j.t.JMeterThread: Thread finished: blazedemo 1-124
2018-08-16 12:21:30,469 INFO o.a.j.t.JMeterThread: Thread finished: blazedemo 1-123
2018-08-16 12:21:30,475 INFO o.a.j.t.JMeterThread: Thread started: blazedemo 1-138
2018-08-16 12:21:30,475 INFO o.a.j.t.JMeterThread: Thread started: blazedemo 1-142
2018-08-16 12:21:30,475 INFO o.a.j.t.JMeterThread: Thread started: blazedemo 1-129
2018-08-16 12:21:30,475 INFO o.a.j.t.JMeterThread: Thread started: blazedemo 1-126
2018-08-16 12:21:30,475 INFO o.a.j.t.JMeterThread: Thread finished: blazedemo 1-129
2018-08-16 12:21:30,475 INFO o.a.j.t.JMeterThread: Thread started: blazedemo 1-145
2018-08-16 12:21:30,475 INFO o.a.j.t.JMeterThread: Thread finished: blazedemo 1-145
2018-08-16 12:21:30,475 INFO o.a.j.t.JMeterThread: Thread started: blazedemo 1-128
2018-08-16 12:21:30,475 INFO o.a.j.t.JMeterThread: Thread finished: blazedemo 1-128
2018-08-16 12:21:30,475 INFO o.a.j.t.JMeterThread: Thread started: blazedemo 1-140
2018-08-16 12:21:30,475 INFO o.a.j.t.JMeterThread: Thread started: blazedemo 1-149
2018-08-16 12:21:30,476 INFO o.a.j.t.JMeterThread: Thread finished: blazedemo 1-149
2018-08-16 12:21:30,475 INFO o.a.j.t.JMeterThread: Thread started: blazedemo 1-137
2018-08-16 12:21:30,475 INFO o.a.j.t.JMeterThread: Thread started: blazedemo 1-146
2018-08-16 12:21:30,476 INFO o.a.j.t.JMeterThread: Thread started: blazedemo 1-144
2018-08-16 12:21:30,475 INFO o.a.j.t.JMeterThread: Thread started: blazedemo 1-147
2018-08-16 12:21:30,476 INFO o.a.j.t.JMeterThread: Thread finished: blazedemo 1-137
2018-08-16 12:21:30,476 INFO o.a.j.t.JMeterThread: Thread finished: blazedemo 1-147
2018-08-16 12:21:30,475 INFO o.a.j.t.JMeterThread: Thread started: blazedemo 1-141
2018-08-16 12:21:30,476 INFO o.a.j.t.JMeterThread: Thread finished: blazedemo 1-144
2018-08-16 12:21:30,476 INFO o.a.j.t.JMeterThread: Thread started: blazedemo 1-136
2018-08-16 12:21:30,475 INFO o.a.j.t.JMeterThread: Thread started: blazedemo 1-135
2018-08-16 12:21:30,476 INFO o.a.j.t.JMeterThread: Thread started: blazedemo 1-130
2018-08-16 12:21:30,475 INFO o.a.j.t.JMeterThread: Thread started: blazedemo 1-139
2018-08-16 12:21:30,476 INFO o.a.j.t.JMeterThread: Thread finished: blazedemo 1-135
2018-08-16 12:21:30,475 INFO o.a.j.t.JMeterThread: Thread started: blazedemo 1-131
2018-08-16 12:21:30,475 INFO o.a.j.t.JMeterThread: Thread started: blazedemo 1-133
2018-08-16 12:21:30,476 INFO o.a.j.t.JMeterThread: Thread finished: blazedemo 1-146
2018-08-16 12:21:30,475 INFO o.a.j.t.JMeterThread: Thread started: blazedemo 1-134
2018-08-16 12:21:30,475 INFO o.a.j.t.JMeterThread: Thread started: blazedemo 1-143
2018-08-16 12:21:30,476 INFO o.a.j.t.JMeterThread: Thread finished: blazedemo 1-133
2018-08-16 12:21:30,475 INFO o.a.j.t.JMeterThread: Thread finished: blazedemo 1-126
2018-08-16 12:21:30,476 INFO o.a.j.t.JMeterThread: Thread finished: blazedemo 1-134
2018-08-16 12:21:30,475 INFO o.a.j.t.JMeterThread: Thread started: blazedemo 1-127
2018-08-16 12:21:30,475 INFO o.a.j.t.JMeterThread: Thread started: blazedemo 1-148
2018-08-16 12:21:30,475 INFO o.a.j.t.JMeterThread: Thread started: blazedemo 1-132
2018-08-16 12:21:30,475 INFO o.a.j.t.JMeterThread: Thread finished: blazedemo 1-138
2018-08-16 12:21:30,476 INFO o.a.j.t.JMeterThread: Thread finished: blazedemo 1-127
2018-08-16 12:21:30,476 INFO o.a.j.t.JMeterThread: Thread finished: blazedemo 1-132
2018-08-16 12:21:30,476 INFO o.a.j.t.JMeterThread: Thread finished: blazedemo 1-143
2018-08-16 12:21:30,476 INFO o.a.j.t.JMeterThread: Thread finished: blazedemo 1-140
2018-08-16 12:21:30,476 INFO o.a.j.t.JMeterThread: Thread finished: blazedemo 1-131
2018-08-16 12:21:30,476 INFO o.a.j.t.JMeterThread: Thread finished: blazedemo 1-139
2018-08-16 12:21:30,476 INFO o.a.j.t.JMeterThread: Thread finished: blazedemo 1-130
2018-08-16 12:21:30,476 INFO o.a.j.t.JMeterThread: Thread finished: blazedemo 1-136
2018-08-16 12:21:30,476 INFO o.a.j.t.JMeterThread: Thread finished: blazedemo 1-141
2018-08-16 12:21:30,476 INFO o.a.j.t.JMeterThread: Thread finished: blazedemo 1-142
2018-08-16 12:21:30,476 INFO o.a.j.t.JMeterThread: Thread finished: blazedemo 1-148
2018-08-16 12:21:30,477 INFO o.a.j.t.JMeterThread: Thread started: blazedemo 1-150
2018-08-16 12:21:30,478 INFO o.a.j.t.JMeterThread: Thread finished: blazedemo 1-150
2018-08-16 12:21:30,643 INFO o.a.j.t.JMeterThread: Thread finished: blazedemo 1-4
2018-08-16 12:21:30,654 INFO o.a.j.t.JMeterThread: Thread finished: blazedemo 1-17
2018-08-16 12:21:30,654 INFO o.a.j.t.JMeterThread: Thread finished: blazedemo 1-5
2018-08-16 12:21:30,654 INFO o.a.j.t.JMeterThread: Thread finished: blazedemo 1-21
2018-08-16 12:21:30,730 INFO o.a.j.t.JMeterThread: Thread finished: blazedemo 1-27
2018-08-16 12:21:30,748 INFO o.a.j.t.JMeterThread: Thread finished: blazedemo 1-24
2018-08-16 12:21:30,826 INFO o.a.j.t.JMeterThread: Thread finished: blazedemo 1-28
2018-08-16 12:21:30,915 INFO o.a.j.t.JMeterThread: Thread finished: blazedemo 1-3
2018-08-16 12:21:30,990 INFO o.a.j.t.JMeterThread: Thread finished: blazedemo 1-15
2018-08-16 12:21:31,013 INFO o.a.j.t.JMeterThread: Thread finished: blazedemo 1-7
2018-08-16 12:21:31,137 INFO o.a.j.t.JMeterThread: Thread finished: blazedemo 1-6
2018-08-16 12:21:31,318 INFO o.a.j.t.JMeterThread: Thread finished: blazedemo 1-10
2018-08-16 12:21:31,441 INFO o.a.j.t.JMeterThread: Thread finished: blazedemo 1-13
2018-08-16 12:21:31,459 INFO o.a.j.t.JMeterThread: Thread finished: blazedemo 1-31
2018-08-16 12:21:31,460 INFO o.a.j.t.JMeterThread: Thread finished: blazedemo 1-9
2018-08-16 12:21:31,562 INFO o.a.j.t.JMeterThread: Thread finished: blazedemo 1-2
2018-08-16 12:21:31,653 INFO o.a.j.t.JMeterThread: Thread finished: blazedemo 1-11
2018-08-16 12:21:31,774 INFO o.a.j.t.JMeterThread: Thread finished: blazedemo 1-32
2018-08-16 12:21:31,814 INFO o.a.j.t.JMeterThread: Thread finished: blazedemo 1-1
2018-08-16 12:21:32,046 INFO o.a.j.t.JMeterThread: Thread finished: blazedemo 1-20
2018-08-16 12:21:32,173 INFO o.a.j.t.JMeterThread: Thread finished: blazedemo 1-14
2018-08-16 12:21:32,480 INFO o.a.j.t.JMeterThread: Thread finished: blazedemo 1-29
2018-08-16 12:21:32,517 INFO o.a.j.t.JMeterThread: Thread finished: blazedemo 1-23
2018-08-16 12:21:32,517 INFO o.a.j.t.JMeterThread: Thread finished: blazedemo 1-33
2018-08-16 12:21:32,665 INFO o.a.j.t.JMeterThread: Thread finished: blazedemo 1-26
2018-08-16 12:21:32,826 INFO o.a.j.t.JMeterThread: Thread finished: blazedemo 1-35
2018-08-16 12:21:32,980 INFO o.a.j.t.JMeterThread: Thread finished: blazedemo 1-34
2018-08-16 12:21:33,044 INFO o.a.j.t.JMeterThread: Thread finished: blazedemo 1-36
2018-08-16 12:21:33,054 INFO o.a.j.t.JMeterThread: Thread finished: blazedemo 1-25
2018-08-16 12:21:33,074 INFO o.a.j.t.JMeterThread: Thread finished: blazedemo 1-12
2018-08-16 12:21:33,115 INFO o.a.j.t.JMeterThread: Thread finished: blazedemo 1-37
2018-08-16 12:21:33,188 INFO o.a.j.t.JMeterThread: Thread finished: blazedemo 1-30
2018-08-16 12:21:33,189 INFO o.a.j.e.StandardJMeterEngine: Notifying test listeners of end of test
2018-08-16 12:21:33,190 INFO o.a.j.e.StandardJMeterEngine: Forced JVM shutdown requested at end of test
