2018-08-16 12:23:18,192 INFO o.a.j.u.JMeterUtils: Setting Locale to en_US
2018-08-16 12:23:18,219 INFO o.a.j.JMeter: Loading user properties from: /Users/narsi01/.bzt/jmeter-taurus/4.0/bin/user.properties
2018-08-16 12:23:18,220 INFO o.a.j.JMeter: Loading system properties from: /Users/narsi01/.bzt/jmeter-taurus/4.0/bin/system.properties
2018-08-16 12:23:18,226 INFO o.a.j.JMeter: Copyright (c) 1998-2018 The Apache Software Foundation
2018-08-16 12:23:18,227 INFO o.a.j.JMeter: Version 4.0 r1823414
2018-08-16 12:23:18,227 INFO o.a.j.JMeter: java.version=1.8.0_121
2018-08-16 12:23:18,227 INFO o.a.j.JMeter: java.vm.name=Java HotSpot(TM) 64-Bit Server VM
2018-08-16 12:23:18,227 INFO o.a.j.JMeter: os.name=Mac OS X
2018-08-16 12:23:18,227 INFO o.a.j.JMeter: os.arch=x86_64
2018-08-16 12:23:18,227 INFO o.a.j.JMeter: os.version=10.13.5
2018-08-16 12:23:18,227 INFO o.a.j.JMeter: file.encoding=UTF-8
2018-08-16 12:23:18,227 INFO o.a.j.JMeter: Max memory     =3817865216
2018-08-16 12:23:18,227 INFO o.a.j.JMeter: Available Processors =8
2018-08-16 12:23:18,232 INFO o.a.j.JMeter: Default Locale=English (United States)
2018-08-16 12:23:18,232 INFO o.a.j.JMeter: JMeter  Locale=English (United States)
2018-08-16 12:23:18,232 INFO o.a.j.JMeter: JMeterHome=/Users/narsi01/.bzt/jmeter-taurus/4.0
2018-08-16 12:23:18,232 INFO o.a.j.JMeter: user.dir  =/Users/narsi01/Desktop/JWC_SN/WKS/WKS
2018-08-16 12:23:18,232 INFO o.a.j.JMeter: PWD       =/Users/narsi01/Desktop/JWC_SN/WKS/WKS
2018-08-16 12:23:18,234 INFO o.a.j.JMeter: IP: 192.168.1.20 Name: narsi01mac1752 FullName: 192.168.1.20
2018-08-16 12:23:18,234 INFO o.a.j.JMeter: user.classpath=/Users/narsi01/Desktop/JWC_SN/WKS/WKS/2018-08-16_12-23-09.034738:/Users/narsi01/Desktop/JWC_SN/WKS/WKS/2018-08-16_12-23-09.034738
2018-08-16 12:23:18,234 INFO o.a.j.JMeter: Adding to classpath and loader: /Users/narsi01/Desktop/JWC_SN/WKS/WKS/2018-08-16_12-23-09.034738
2018-08-16 12:23:18,235 INFO o.a.j.JMeter: Adding to classpath and loader: /Users/narsi01/Desktop/JWC_SN/WKS/WKS/2018-08-16_12-23-09.034738
2018-08-16 12:23:18,239 INFO o.a.j.s.FileServer: Default base='/Users/narsi01/Desktop/JWC_SN/WKS/WKS'
2018-08-16 12:23:18,244 INFO o.a.j.s.FileServer: Set new base='/Users/narsi01/Desktop/JWC_SN/WKS/WKS/2018-08-16_12-23-09.034738'
2018-08-16 12:23:18,399 INFO o.a.j.s.SaveService: Testplan (JMX) version: 2.2. Testlog (JTL) version: 2.2
2018-08-16 12:23:18,420 INFO o.a.j.s.SaveService: Using SaveService properties file encoding UTF-8
2018-08-16 12:23:18,425 INFO o.a.j.s.SaveService: Using SaveService properties version 4.0
2018-08-16 12:23:18,432 INFO o.a.j.s.SaveService: Loading file: /Users/narsi01/Desktop/JWC_SN/WKS/WKS/2018-08-16_12-23-09.034738/modified_requests.jmx
2018-08-16 12:23:18,488 INFO o.a.j.p.h.c.CacheManager: Will only cache the following methods: [GET]
2018-08-16 12:23:18,490 INFO o.a.j.p.h.c.CookieManager: Settings: Delete null: true Check: true Allow variable: true Save: false Prefix: COOKIE_
2018-08-16 12:23:18,501 INFO o.a.j.p.h.s.HTTPSamplerBase: Parser for text/html is org.apache.jmeter.protocol.http.parser.LagartoBasedHtmlParser
2018-08-16 12:23:18,501 INFO o.a.j.p.h.s.HTTPSamplerBase: Parser for application/xhtml+xml is org.apache.jmeter.protocol.http.parser.LagartoBasedHtmlParser
2018-08-16 12:23:18,501 INFO o.a.j.p.h.s.HTTPSamplerBase: Parser for application/xml is org.apache.jmeter.protocol.http.parser.LagartoBasedHtmlParser
2018-08-16 12:23:18,501 INFO o.a.j.p.h.s.HTTPSamplerBase: Parser for text/xml is org.apache.jmeter.protocol.http.parser.LagartoBasedHtmlParser
2018-08-16 12:23:18,501 INFO o.a.j.p.h.s.HTTPSamplerBase: Parser for text/vnd.wap.wml is org.apache.jmeter.protocol.http.parser.RegexpHTMLParser
2018-08-16 12:23:18,502 INFO o.a.j.p.h.s.HTTPSamplerBase: Parser for text/css is org.apache.jmeter.protocol.http.parser.CssParser
2018-08-16 12:23:18,549 INFO o.a.j.e.StandardJMeterEngine: Running the test!
2018-08-16 12:23:18,549 INFO o.a.j.s.SampleEvent: List of sample_variables: []
2018-08-16 12:23:18,549 INFO o.a.j.s.SampleEvent: List of sample_variables: []
2018-08-16 12:23:18,553 INFO o.a.j.e.u.CompoundVariable: Note: Function class names must contain the string: '.functions.'
2018-08-16 12:23:18,553 INFO o.a.j.e.u.CompoundVariable: Note: Function class names must not contain the string: '.gui.'
2018-08-16 12:23:19,048 INFO o.a.j.JMeter: Running test (1534447399048)
2018-08-16 12:23:19,114 INFO o.a.j.e.StandardJMeterEngine: Starting ThreadGroup: 1 : blazedemo
2018-08-16 12:23:19,114 INFO o.a.j.e.StandardJMeterEngine: Starting 150 threads for group blazedemo.
2018-08-16 12:23:19,114 INFO o.a.j.e.StandardJMeterEngine: Thread will continue on error
2018-08-16 12:23:19,114 INFO o.a.j.t.ThreadGroup: Starting thread group... number=1 threads=150 ramp-up=60 perThread=400.0 delayedStart=false
2018-08-16 12:23:19,123 INFO o.a.j.t.JMeterThread: Thread started: blazedemo 1-1
2018-08-16 12:23:19,154 INFO o.a.j.p.h.s.HTTPHCAbstractImpl: Local host = narsi01mac1752
2018-08-16 12:23:19,162 INFO o.a.j.p.h.s.HTTPHC4Impl: HTTP request retry count = 0
2018-08-16 12:23:19,180 INFO o.a.j.s.SampleResult: Note: Sample TimeStamps are START times
2018-08-16 12:23:19,180 INFO o.a.j.s.SampleResult: sampleresult.default.encoding is set to UTF-8
2018-08-16 12:23:19,181 INFO o.a.j.s.SampleResult: sampleresult.useNanoTime=true
2018-08-16 12:23:19,181 INFO o.a.j.s.SampleResult: sampleresult.nanoThreadSleep=5000
2018-08-16 12:23:19,230 INFO o.a.j.t.ThreadGroup: Started thread group number 1
2018-08-16 12:23:19,230 INFO o.a.j.e.StandardJMeterEngine: All thread groups have been started
2018-08-16 12:23:19,524 INFO o.a.j.t.JMeterThread: Thread started: blazedemo 1-2
2018-08-16 12:23:19,720 INFO o.a.j.p.h.p.BaseParser: Created org.apache.jmeter.protocol.http.parser.LagartoBasedHtmlParser
2018-08-16 12:23:19,773 INFO o.a.j.p.h.s.ResourcesDownloader: Creating ResourcesDownloader with keepalive_inseconds : 60
2018-08-16 12:23:19,927 INFO o.a.j.t.JMeterThread: Thread started: blazedemo 1-3
2018-08-16 12:23:20,329 INFO o.a.j.t.JMeterThread: Thread started: blazedemo 1-4
2018-08-16 12:23:20,577 INFO o.a.j.p.h.p.BaseParser: Created org.apache.jmeter.protocol.http.parser.CssParser
2018-08-16 12:23:20,732 INFO o.a.j.t.JMeterThread: Thread started: blazedemo 1-5
2018-08-16 12:23:21,129 INFO o.a.j.t.JMeterThread: Thread started: blazedemo 1-6
2018-08-16 12:23:21,530 INFO o.a.j.t.JMeterThread: Thread started: blazedemo 1-7
2018-08-16 12:23:21,933 INFO o.a.j.t.JMeterThread: Thread started: blazedemo 1-8
2018-08-16 12:23:22,333 INFO o.a.j.t.JMeterThread: Thread started: blazedemo 1-9
2018-08-16 12:23:22,734 INFO o.a.j.t.JMeterThread: Thread started: blazedemo 1-10
2018-08-16 12:23:23,138 INFO o.a.j.t.JMeterThread: Thread started: blazedemo 1-11
2018-08-16 12:23:23,538 INFO o.a.j.t.JMeterThread: Thread started: blazedemo 1-12
2018-08-16 12:23:23,938 INFO o.a.j.t.JMeterThread: Thread started: blazedemo 1-13
2018-08-16 12:23:24,339 INFO o.a.j.t.JMeterThread: Thread started: blazedemo 1-14
2018-08-16 12:23:24,740 INFO o.a.j.t.JMeterThread: Thread started: blazedemo 1-15
2018-08-16 12:23:25,144 INFO o.a.j.t.JMeterThread: Thread started: blazedemo 1-16
2018-08-16 12:23:25,547 INFO o.a.j.t.JMeterThread: Thread started: blazedemo 1-17
2018-08-16 12:23:25,948 INFO o.a.j.t.JMeterThread: Thread started: blazedemo 1-18
2018-08-16 12:23:26,359 INFO o.a.j.t.JMeterThread: Thread started: blazedemo 1-19
2018-08-16 12:23:26,746 INFO o.a.j.t.JMeterThread: Thread started: blazedemo 1-20
