2017/10/04 10:31:31 INFO  - jmeter.util.JMeterUtils: Setting Locale to en_US 
2017/10/04 10:31:31 INFO  - jmeter.JMeter: Loading user properties from: /Users/narsi01/.bzt/jmeter-taurus/bin/user.properties 
2017/10/04 10:31:31 INFO  - jmeter.JMeter: Loading system properties from: /Users/narsi01/.bzt/jmeter-taurus/bin/system.properties 
2017/10/04 10:31:31 INFO  - jmeter.JMeter: Copyright (c) 1998-2016 The Apache Software Foundation 
2017/10/04 10:31:31 INFO  - jmeter.JMeter: Version 3.1 r1770033 
2017/10/04 10:31:31 INFO  - jmeter.JMeter: java.version=1.8.0_121 
2017/10/04 10:31:31 INFO  - jmeter.JMeter: java.vm.name=Java HotSpot(TM) 64-Bit Server VM 
2017/10/04 10:31:31 INFO  - jmeter.JMeter: os.name=Mac OS X 
2017/10/04 10:31:31 INFO  - jmeter.JMeter: os.arch=x86_64 
2017/10/04 10:31:31 INFO  - jmeter.JMeter: os.version=10.12.6 
2017/10/04 10:31:31 INFO  - jmeter.JMeter: file.encoding=UTF-8 
2017/10/04 10:31:31 INFO  - jmeter.JMeter: Max memory     =3817865216 
2017/10/04 10:31:31 INFO  - jmeter.JMeter: Available Processors =8 
2017/10/04 10:31:31 INFO  - jmeter.JMeter: Default Locale=English (United States) 
2017/10/04 10:31:31 INFO  - jmeter.JMeter: JMeter  Locale=English (United States) 
2017/10/04 10:31:31 INFO  - jmeter.JMeter: JMeterHome=/Users/narsi01/.bzt/jmeter-taurus 
2017/10/04 10:31:31 INFO  - jmeter.JMeter: user.dir  =/Users/narsi01/Desktop/CTL_CI/CTL 
2017/10/04 10:31:31 INFO  - jmeter.JMeter: PWD       =/Users/narsi01/Desktop/CTL_CI/CTL 
2017/10/04 10:31:31 INFO  - jmeter.JMeter: IP: 10.0.0.197 Name: narsi01mac1752 FullName: 10.0.0.197 
2017/10/04 10:31:31 INFO  - jmeter.JMeter: user.classpath=/Users/narsi01/Desktop/CTL_CI/CTL/2017-10-04_10-31-23.227123 
2017/10/04 10:31:31 INFO  - jmeter.JMeter: Adding to classpath and loader: /Users/narsi01/Desktop/CTL_CI/CTL/2017-10-04_10-31-23.227123 
2017/10/04 10:31:31 INFO  - jmeter.services.FileServer: Default base='/Users/narsi01/Desktop/CTL_CI/CTL' 
2017/10/04 10:31:31 INFO  - jmeter.services.FileServer: Set new base='/Users/narsi01/Desktop/CTL_CI/CTL/2017-10-04_10-31-23.227123' 
2017/10/04 10:31:31 INFO  - jmeter.save.SaveService: Testplan (JMX) version: 2.2. Testlog (JTL) version: 2.2 
2017/10/04 10:31:31 INFO  - jmeter.save.SaveService: Using SaveService properties file encoding UTF-8 
2017/10/04 10:31:31 INFO  - jmeter.save.SaveService: Using SaveService properties version 3.1 
2017/10/04 10:31:31 INFO  - jmeter.save.SaveService: All converter versions present and correct 
2017/10/04 10:31:31 INFO  - jmeter.save.SaveService: Loading file: /Users/narsi01/Desktop/CTL_CI/CTL/2017-10-04_10-31-23.227123/modified_requests.jmx 
2017/10/04 10:31:31 INFO  - jmeter.protocol.http.control.CacheManager: Will only cache the following methods: [GET] 
2017/10/04 10:31:31 INFO  - jmeter.protocol.http.control.CookieManager: Settings: Delete null: true Check: true Allow variable: true Save: false Prefix: COOKIE_ 
2017/10/04 10:31:31 INFO  - jmeter.protocol.http.sampler.HTTPSamplerBase: Parser for text/html is org.apache.jmeter.protocol.http.parser.LagartoBasedHtmlParser 
2017/10/04 10:31:31 INFO  - jmeter.protocol.http.sampler.HTTPSamplerBase: Parser for application/xhtml+xml is org.apache.jmeter.protocol.http.parser.LagartoBasedHtmlParser 
2017/10/04 10:31:31 INFO  - jmeter.protocol.http.sampler.HTTPSamplerBase: Parser for application/xml is org.apache.jmeter.protocol.http.parser.LagartoBasedHtmlParser 
2017/10/04 10:31:31 INFO  - jmeter.protocol.http.sampler.HTTPSamplerBase: Parser for text/xml is org.apache.jmeter.protocol.http.parser.LagartoBasedHtmlParser 
2017/10/04 10:31:31 INFO  - jmeter.protocol.http.sampler.HTTPSamplerBase: Parser for text/vnd.wap.wml is org.apache.jmeter.protocol.http.parser.RegexpHTMLParser 
2017/10/04 10:31:31 INFO  - jmeter.protocol.http.sampler.HTTPSamplerBase: Parser for text/css is org.apache.jmeter.protocol.http.parser.CssParser 
2017/10/04 10:31:31 INFO  - jmeter.engine.StandardJMeterEngine: Running the test! 
2017/10/04 10:31:31 INFO  - jmeter.samplers.SampleEvent: List of sample_variables: [] 
2017/10/04 10:31:31 INFO  - jmeter.samplers.SampleEvent: List of sample_variables: [] 
2017/10/04 10:31:31 INFO  - jmeter.engine.util.CompoundVariable: Note: Function class names must contain the string: '.functions.' 
2017/10/04 10:31:31 INFO  - jmeter.engine.util.CompoundVariable: Note: Function class names must not contain the string: '.gui.' 
2017/10/04 10:31:32 INFO  - jmeter.JMeter: Running test (1507138292154) 
2017/10/04 10:31:32 INFO  - jmeter.engine.StandardJMeterEngine: Starting ThreadGroup: 1 : ThreadGroup 
2017/10/04 10:31:32 INFO  - jmeter.engine.StandardJMeterEngine: Starting 10 threads for group ThreadGroup. 
2017/10/04 10:31:32 INFO  - jmeter.engine.StandardJMeterEngine: Thread will continue on error 
2017/10/04 10:31:32 INFO  - jmeter.threads.ThreadGroup: Starting thread group number 1 threads 10 ramp-up 60 perThread 6000.0 delayedStart=false 
2017/10/04 10:31:32 INFO  - jmeter.threads.JMeterThread: Thread started: ThreadGroup 1-1 
2017/10/04 10:31:32 INFO  - jmeter.threads.ThreadGroup: Started thread group number 1 
2017/10/04 10:31:32 INFO  - jmeter.engine.StandardJMeterEngine: All thread groups have been started 
2017/10/04 10:31:32 INFO  - jmeter.protocol.http.sampler.HTTPHCAbstractImpl: Local host = narsi01mac1752 
2017/10/04 10:31:32 INFO  - jmeter.protocol.http.sampler.HTTPHC4Impl: HTTP request retry count = 0 
2017/10/04 10:31:32 INFO  - jmeter.samplers.SampleResult: Note: Sample TimeStamps are START times 
2017/10/04 10:31:32 INFO  - jmeter.samplers.SampleResult: sampleresult.default.encoding is set to UTF-8 
2017/10/04 10:31:32 INFO  - jmeter.samplers.SampleResult: sampleresult.useNanoTime=true 
2017/10/04 10:31:32 INFO  - jmeter.samplers.SampleResult: sampleresult.nanoThreadSleep=5000 
2017/10/04 10:31:32 INFO  - jmeter.protocol.http.parser.BaseParser: Created org.apache.jmeter.protocol.http.parser.LagartoBasedHtmlParser 
2017/10/04 10:31:32 INFO  - jmeter.protocol.http.sampler.ResourcesDownloader: Creating ResourcesDownloader with keepalive_inseconds:60 
2017/10/04 10:31:33 INFO  - jmeter.protocol.http.parser.BaseParser: Created org.apache.jmeter.protocol.http.parser.CssParser 
2017/10/04 10:31:38 INFO  - jmeter.threads.JMeterThread: Thread started: ThreadGroup 1-2 
2017/10/04 10:31:44 INFO  - jmeter.threads.JMeterThread: Thread started: ThreadGroup 1-3 
2017/10/04 10:31:50 INFO  - jmeter.threads.JMeterThread: Thread started: ThreadGroup 1-4 
2017/10/04 10:31:56 INFO  - jmeter.threads.JMeterThread: Thread started: ThreadGroup 1-5 
2017/10/04 10:32:02 INFO  - jmeter.threads.JMeterThread: Thread started: ThreadGroup 1-6 
2017/10/04 10:32:08 INFO  - jmeter.threads.JMeterThread: Thread started: ThreadGroup 1-7 
2017/10/04 10:32:14 INFO  - jmeter.threads.JMeterThread: Thread started: ThreadGroup 1-8 
2017/10/04 10:32:20 INFO  - jmeter.threads.JMeterThread: Thread started: ThreadGroup 1-9 
2017/10/04 10:32:26 INFO  - jmeter.threads.JMeterThread: Thread started: ThreadGroup 1-10 
2017/10/04 10:37:32 INFO  - jmeter.threads.JMeterThread: Stopping because end time detected by thread: ThreadGroup 1-5 
2017/10/04 10:37:32 INFO  - jmeter.threads.JMeterThread: Thread finished: ThreadGroup 1-5 
2017/10/04 10:37:32 INFO  - jmeter.threads.JMeterThread: Stopping because end time detected by thread: ThreadGroup 1-8 
2017/10/04 10:37:32 INFO  - jmeter.threads.JMeterThread: Thread finished: ThreadGroup 1-8 
2017/10/04 10:37:32 INFO  - jmeter.threads.JMeterThread: Stopping because end time detected by thread: ThreadGroup 1-2 
2017/10/04 10:37:32 INFO  - jmeter.threads.JMeterThread: Thread finished: ThreadGroup 1-2 
2017/10/04 10:37:32 INFO  - jmeter.threads.JMeterThread: Stopping because end time detected by thread: ThreadGroup 1-7 
2017/10/04 10:37:32 INFO  - jmeter.threads.JMeterThread: Thread finished: ThreadGroup 1-7 
2017/10/04 10:37:32 INFO  - jmeter.threads.JMeterThread: Stopping because end time detected by thread: ThreadGroup 1-10 
2017/10/04 10:37:32 INFO  - jmeter.threads.JMeterThread: Thread finished: ThreadGroup 1-10 
2017/10/04 10:37:33 INFO  - jmeter.threads.JMeterThread: Stopping because end time detected by thread: ThreadGroup 1-6 
2017/10/04 10:37:33 INFO  - jmeter.threads.JMeterThread: Thread finished: ThreadGroup 1-6 
2017/10/04 10:37:33 INFO  - jmeter.threads.JMeterThread: Stopping because end time detected by thread: ThreadGroup 1-4 
2017/10/04 10:37:33 INFO  - jmeter.threads.JMeterThread: Thread finished: ThreadGroup 1-4 
2017/10/04 10:37:33 INFO  - jmeter.threads.JMeterThread: Stopping because end time detected by thread: ThreadGroup 1-1 
2017/10/04 10:37:33 INFO  - jmeter.threads.JMeterThread: Thread finished: ThreadGroup 1-1 
2017/10/04 10:37:33 INFO  - jmeter.threads.JMeterThread: Stopping because end time detected by thread: ThreadGroup 1-3 
2017/10/04 10:37:33 INFO  - jmeter.threads.JMeterThread: Thread finished: ThreadGroup 1-3 
2017/10/04 10:37:34 INFO  - jmeter.threads.JMeterThread: Stopping because end time detected by thread: ThreadGroup 1-9 
2017/10/04 10:37:34 INFO  - jmeter.threads.JMeterThread: Thread finished: ThreadGroup 1-9 
2017/10/04 10:37:34 INFO  - jmeter.engine.StandardJMeterEngine: Notifying test listeners of end of test 
2017/10/04 10:37:34 INFO  - jmeter.engine.StandardJMeterEngine: Forced JVM shutdown requested at end of test 
