[2017-08-10 13:11:47,111 INFO root] Taurus CLI Tool v1.8.4.1401
[2017-08-10 13:11:47,112 DEBUG root] Command-line options: {'verbose': None, 'no_system_configs': None, 'quiet': None, 'log': '/var/folders/t5/kg41spf56pz146ff1j739w358p9wh7/T/bzt_S49_Zl.log', 'option': None, 'aliases': []}
[2017-08-10 13:11:47,112 DEBUG root] Python: CPython 2.7.13
[2017-08-10 13:11:47,112 DEBUG root] OS: ('Darwin', 'narsi01mac1752', '16.7.0', 'Darwin Kernel Version 16.7.0: Thu Jun 15 17:36:27 PDT 2017; root:xnu-3789.70.16~2/RELEASE_X86_64', 'x86_64', 'i386')
[2017-08-10 13:11:47,112 INFO root] Starting with configs: ['stastaurusdemo.yml']
[2017-08-10 13:11:47,112 DEBUG root] Adding personal config: /Users/narsi01/.bzt-rc
[2017-08-10 13:11:47,112 INFO Engine] Configuring...
[2017-08-10 13:11:47,112 DEBUG Engine] Reading extension configs from: /usr/local/etc/bzt.d
[2017-08-10 13:11:47,112 DEBUG Engine.Configuration] Configs: ['/Library/Frameworks/Python.framework/Versions/2.7/lib/python2.7/site-packages/bzt/resources/base-config.yml', '/usr/local/etc/bzt.d/99-installID.yml']
[2017-08-10 13:11:47,113 DEBUG Engine.Configuration] Reading /Library/Frameworks/Python.framework/Versions/2.7/lib/python2.7/site-packages/bzt/resources/base-config.yml
[2017-08-10 13:11:47,113 DEBUG Engine.Configuration] Reading /Library/Frameworks/Python.framework/Versions/2.7/lib/python2.7/site-packages/bzt/resources/base-config.yml as YAML
[2017-08-10 13:11:47,138 DEBUG Engine.Configuration] Reading /usr/local/etc/bzt.d/99-installID.yml
[2017-08-10 13:11:47,139 DEBUG Engine.Configuration] Reading /usr/local/etc/bzt.d/99-installID.yml as YAML
[2017-08-10 13:11:47,139 DEBUG Engine.Configuration] Configs: ['/Users/narsi01/.bzt-rc', 'stastaurusdemo.yml']
[2017-08-10 13:11:47,139 DEBUG Engine.Configuration] Reading /Users/narsi01/.bzt-rc
[2017-08-10 13:11:47,139 DEBUG Engine.Configuration] Reading /Users/narsi01/.bzt-rc as YAML
[2017-08-10 13:11:47,140 DEBUG Engine.Configuration] Reading stastaurusdemo.yml
[2017-08-10 13:11:47,141 DEBUG Engine.Configuration] Reading stastaurusdemo.yml as YAML
[2017-08-10 13:11:47,143 DEBUG root] Configs: ['/Users/narsi01/.bzt-rc', 'stastaurusdemo.yml']
[2017-08-10 13:11:47,143 DEBUG root] Reading /Users/narsi01/.bzt-rc
[2017-08-10 13:11:47,143 DEBUG root] Reading /Users/narsi01/.bzt-rc as YAML
[2017-08-10 13:11:47,144 DEBUG root] Reading stastaurusdemo.yml
[2017-08-10 13:11:47,144 DEBUG root] Reading stastaurusdemo.yml as YAML
[2017-08-10 13:11:47,147 INFO Engine] Artifacts dir: /Users/narsi01/Desktop/JWC_SN/sel/2017-08-10_13-11-47.147339
[2017-08-10 13:11:47,148 DEBUG Engine] New artifact filename: /Users/narsi01/Desktop/JWC_SN/sel/2017-08-10_13-11-47.147339/effective
[2017-08-10 13:11:47,149 DEBUG Engine.Configuration] Dumping YAML config into /Users/narsi01/Desktop/JWC_SN/sel/2017-08-10_13-11-47.147339/effective.yml
[2017-08-10 13:11:47,164 DEBUG Engine] Requesting updates info: http://gettaurus.org/updates/?version=1.8.4.1401&installID=acde48001122
[2017-08-10 13:11:47,198 DEBUG Engine.Configuration] Dumping JSON config into /Users/narsi01/Desktop/JWC_SN/sel/2017-08-10_13-11-47.147339/effective.json
[2017-08-10 13:11:47,214 DEBUG Engine] New artifact filename: /Users/narsi01/Desktop/JWC_SN/sel/2017-08-10_13-11-47.147339/merged.yml
[2017-08-10 13:11:47,214 DEBUG root] Dumping YAML config into /Users/narsi01/Desktop/JWC_SN/sel/2017-08-10_13-11-47.147339/merged.yml
[2017-08-10 13:11:47,233 DEBUG Engine] New artifact filename: /Users/narsi01/Desktop/JWC_SN/sel/2017-08-10_13-11-47.147339/merged.json
[2017-08-10 13:11:47,234 DEBUG root] Dumping JSON config into /Users/narsi01/Desktop/JWC_SN/sel/2017-08-10_13-11-47.147339/merged.json
[2017-08-10 13:11:47,248 DEBUG Engine] Add existing artifact (move=False): stastaurusdemo.yml
[2017-08-10 13:11:47,248 DEBUG Engine] Copying stastaurusdemo.yml to /Users/narsi01/Desktop/JWC_SN/sel/2017-08-10_13-11-47.147339/stastaurusdemo.yml
[2017-08-10 13:11:47,264 DEBUG root] Closing log handler: /var/folders/t5/kg41spf56pz146ff1j739w358p9wh7/T/bzt_S49_Zl.log
[2017-08-10 13:11:47,292 DEBUG root] Switched writing logs to /Users/narsi01/Desktop/JWC_SN/sel/2017-08-10_13-11-47.147339/bzt.log
[2017-08-10 13:11:47,292 INFO Engine] Preparing...
[2017-08-10 13:11:47,293 DEBUG Engine] Module config: consolidator defaultdict(None, {'class': 'bzt.modules.aggregator.ConsolidatingAggregator'})
[2017-08-10 13:11:47,293 DEBUG root] Importing module: bzt.modules.aggregator
[2017-08-10 13:11:47,294 DEBUG root] Loading class: 'ConsolidatingAggregator' from <module 'bzt.modules.aggregator' from '/Library/Frameworks/Python.framework/Versions/2.7/lib/python2.7/site-packages/bzt/modules/aggregator.pyc'>
[2017-08-10 13:11:47,294 DEBUG Engine.consolidator] Exception in dehumanize_time(inf)
[2017-08-10 13:11:47,294 DEBUG Engine.consolidator] Buffer scaling setup: percentile 95.0 from [0.0, 50.0, 90.0, 95.0, 99.0, 99.9, 100.0] selected
[2017-08-10 13:11:47,295 DEBUG Engine] Module config: monitoring defaultdict(None, {'class': 'bzt.modules.monitoring.Monitoring'})
[2017-08-10 13:11:47,295 DEBUG root] Importing module: bzt.modules.monitoring
[2017-08-10 13:11:47,313 DEBUG root] Loading class: 'Monitoring' from <module 'bzt.modules.monitoring' from '/Library/Frameworks/Python.framework/Versions/2.7/lib/python2.7/site-packages/bzt/modules/monitoring.pyc'>
[2017-08-10 13:11:47,314 DEBUG Engine] Module config: local defaultdict(None, {'class': 'bzt.modules.provisioning.Local'})
[2017-08-10 13:11:47,314 DEBUG root] Importing module: bzt.modules.provisioning
[2017-08-10 13:11:47,314 DEBUG root] Loading class: 'Local' from <module 'bzt.modules.provisioning' from '/Library/Frameworks/Python.framework/Versions/2.7/lib/python2.7/site-packages/bzt/modules/provisioning.pyc'>
[2017-08-10 13:11:47,314 DEBUG Engine] Module config: selenium defaultdict(None, {'selenium-tools': defaultdict(None, {'junit': defaultdict(None, {'compile-target-java': 1.8})}), 'class': 'bzt.modules.selenium.SeleniumExecutor'})
[2017-08-10 13:11:47,314 DEBUG root] Importing module: bzt.modules.selenium
[2017-08-10 13:11:47,318 DEBUG easyprocess] version=0.2.3
[2017-08-10 13:11:47,319 DEBUG pyvirtualdisplay] version=0.2.1
[2017-08-10 13:11:47,320 DEBUG root] Loading class: 'SeleniumExecutor' from <module 'bzt.modules.selenium' from '/Library/Frameworks/Python.framework/Versions/2.7/lib/python2.7/site-packages/bzt/modules/selenium.pyc'>
[2017-08-10 13:11:47,320 DEBUG Engine.local] Preparing executor: selenium/4378302160
[2017-08-10 13:11:47,321 DEBUG Engine] New artifact filename: /Users/narsi01/Desktop/JWC_SN/sel/2017-08-10_13-11-47.147339/selenium_tests_report.ldjson
[2017-08-10 13:11:47,321 DEBUG Engine.selenium] Detected script type: junit
[2017-08-10 13:11:47,321 DEBUG Engine] Module config: junit defaultdict(None, {'class': 'bzt.modules.java.JUnitTester'})
[2017-08-10 13:11:47,321 DEBUG root] Importing module: bzt.modules.java
[2017-08-10 13:11:47,322 DEBUG root] Loading class: 'JUnitTester' from <module 'bzt.modules.java' from '/Library/Frameworks/Python.framework/Versions/2.7/lib/python2.7/site-packages/bzt/modules/java.pyc'>
[2017-08-10 13:11:47,322 DEBUG Engine.junit.TclLibrary] We don't need to check tcl library on this platform
[2017-08-10 13:11:47,322 DEBUG Engine.junit.JavaVM] Trying JavaVM: ['java', '-version']
[2017-08-10 13:11:47,462 DEBUG Engine.junit.JavaVM] JavaVM output: java version "1.8.0_121"
Java(TM) SE Runtime Environment (build 1.8.0_121-b13)
Java HotSpot(TM) 64-Bit Server VM (build 25.121-b13, mixed mode)

[2017-08-10 13:11:47,462 DEBUG Engine.junit.SeleniumServerJar] Selenium server path: /Users/narsi01/.bzt/selenium-taurus/selenium-server.jar
[2017-08-10 13:11:47,462 DEBUG bzt.utils] Executing shell: ['java', '-jar', '/Users/narsi01/.bzt/selenium-taurus/selenium-server.jar', '-help']
[2017-08-10 13:11:47,776 DEBUG Engine.junit.SeleniumServerJar] Selenium server output: ("Usage: <main class> [options]\n  Options:\n    --version, -version\n       Displays the version and exits.\n       Default: false\n    -browserTimeout\n       <Integer> in seconds : number of seconds a browser session is allowed to\n       hang while a WebDriver command is running (example: driver.get(url)). If the\n       timeout is reached while a WebDriver command is still processing, the session\n       will quit. Minimum value is 60. An unspecified, zero, or negative value means\n       wait indefinitely.\n       Default: 0\n    -debug\n       <Boolean> : enables LogLevel.FINE.\n       Default: false\n    -jettyThreads, -jettyMaxThreads\n       <Integer> : max number of threads for Jetty. An unspecified, zero, or\n       negative value means the Jetty default value (200) will be used.\n    -log\n       <String> filename : the filename to use for logging. If omitted, will log\n       to STDOUT\n    -port\n       <Integer> : the port number the server will use.\n       Default: 4444\n    -role\n       <String> options are [hub], [node], or [standalone].\n       Default: standalone\n    -timeout, -sessionTimeout\n       <Integer> in seconds : Specifies the timeout before the server\n       automatically kills a session that hasn't had any activity in the last X seconds. The\n       test slot will then be released for another test to use. This is typically\n       used to take care of client crashes. For grid hub/node roles, cleanUpCycle\n       must also be set.\n       Default: 1800\n\n", None)
[2017-08-10 13:11:47,777 DEBUG Engine] New artifact filename: /Users/narsi01/Desktop/JWC_SN/sel/2017-08-10_13-11-47.147339/classes
[2017-08-10 13:11:47,777 DEBUG Engine] New artifact filename: /Users/narsi01/Desktop/JWC_SN/sel/2017-08-10_13-11-47.147339/runner.properties
[2017-08-10 13:11:47,840 DEBUG Engine] Taurus updates info: {"latest":"1.9.4","needsUpgrade":true}
[2017-08-10 13:11:47,840 WARNING Engine] There is newer version of Taurus 1.9.4 available, consider upgrading. What's new: http://gettaurus.org/docs/Changelog/
[2017-08-10 13:11:48,017 DEBUG Engine.junit.JavaC] JavaC output: javac 1.8.0_121

[2017-08-10 13:11:48,017 DEBUG Engine.junit.TclLibrary] We don't need to check tcl library on this platform
[2017-08-10 13:11:48,017 DEBUG Engine.junit.JavaVM] Trying JavaVM: ['java', '-version']
[2017-08-10 13:11:48,143 DEBUG Engine.junit.JavaVM] JavaVM output: java version "1.8.0_121"
Java(TM) SE Runtime Environment (build 1.8.0_121-b13)
Java HotSpot(TM) 64-Bit Server VM (build 25.121-b13, mixed mode)

[2017-08-10 13:11:48,144 DEBUG Engine.junit.SeleniumServerJar] Selenium server path: /Users/narsi01/.bzt/selenium-taurus/selenium-server.jar
[2017-08-10 13:11:48,144 DEBUG bzt.utils] Executing shell: ['java', '-jar', '/Users/narsi01/.bzt/selenium-taurus/selenium-server.jar', '-help']
[2017-08-10 13:11:48,445 DEBUG Engine.junit.SeleniumServerJar] Selenium server output: ("Usage: <main class> [options]\n  Options:\n    --version, -version\n       Displays the version and exits.\n       Default: false\n    -browserTimeout\n       <Integer> in seconds : number of seconds a browser session is allowed to\n       hang while a WebDriver command is running (example: driver.get(url)). If the\n       timeout is reached while a WebDriver command is still processing, the session\n       will quit. Minimum value is 60. An unspecified, zero, or negative value means\n       wait indefinitely.\n       Default: 0\n    -debug\n       <Boolean> : enables LogLevel.FINE.\n       Default: false\n    -jettyThreads, -jettyMaxThreads\n       <Integer> : max number of threads for Jetty. An unspecified, zero, or\n       negative value means the Jetty default value (200) will be used.\n    -log\n       <String> filename : the filename to use for logging. If omitted, will log\n       to STDOUT\n    -port\n       <Integer> : the port number the server will use.\n       Default: 4444\n    -role\n       <String> options are [hub], [node], or [standalone].\n       Default: standalone\n    -timeout, -sessionTimeout\n       <Integer> in seconds : Specifies the timeout before the server\n       automatically kills a session that hasn't had any activity in the last X seconds. The\n       test slot will then be released for another test to use. This is typically\n       used to take care of client crashes. For grid hub/node roles, cleanUpCycle\n       must also be set.\n       Default: 1800\n\n", None)
[2017-08-10 13:11:48,446 DEBUG Engine.junit] Compiling .java files started
[2017-08-10 13:11:48,446 DEBUG Engine] New artifact filename: /Users/narsi01/Desktop/JWC_SN/sel/2017-08-10_13-11-47.147339/javac.out
[2017-08-10 13:11:48,446 DEBUG Engine] New artifact filename: /Users/narsi01/Desktop/JWC_SN/sel/2017-08-10_13-11-47.147339/javac.err
[2017-08-10 13:11:48,446 DEBUG Engine.junit] running javac: ['javac', '-source', '1.8', '-target', '1.8', '-d', '/Users/narsi01/Desktop/JWC_SN/sel/2017-08-10_13-11-47.147339/classes', '-cp', '/Users/narsi01/.bzt/selenium-taurus/tools/junit/hamcrest-core.jar:/Users/narsi01/.bzt/selenium-taurus/tools/junit/json.jar:/Users/narsi01/.bzt/selenium-taurus/selenium-server.jar:/Users/narsi01/.bzt/selenium-taurus/tools/junit/junit.jar:/Library/Frameworks/Python.framework/Versions/2.7/lib/python2.7/site-packages/bzt/resources/taurus-junit-1.0.jar', '/Users/narsi01/Desktop/JWC_SN/sel/StasTaurusDemo.java']
[2017-08-10 13:11:48,446 DEBUG bzt.utils] Executing shell: ['javac', '-source', '1.8', '-target', '1.8', '-d', '/Users/narsi01/Desktop/JWC_SN/sel/2017-08-10_13-11-47.147339/classes', '-cp', '/Users/narsi01/.bzt/selenium-taurus/tools/junit/hamcrest-core.jar:/Users/narsi01/.bzt/selenium-taurus/tools/junit/json.jar:/Users/narsi01/.bzt/selenium-taurus/selenium-server.jar:/Users/narsi01/.bzt/selenium-taurus/tools/junit/junit.jar:/Library/Frameworks/Python.framework/Versions/2.7/lib/python2.7/site-packages/bzt/resources/taurus-junit-1.0.jar', '/Users/narsi01/Desktop/JWC_SN/sel/StasTaurusDemo.java']
[2017-08-10 13:11:48,467 DEBUG Engine.junit] Compiling .java files...
[2017-08-10 13:11:49,469 INFO Engine.junit] Compiling .java files completed
[2017-08-10 13:11:49,470 DEBUG Engine.junit] Making .jar started
[2017-08-10 13:11:49,470 DEBUG bzt.utils] Executing shell: ['jar', '-cf', 'compiled.jar', '.']
[2017-08-10 13:11:49,489 DEBUG Engine.junit] Making jar file...
[2017-08-10 13:11:50,495 INFO Engine.junit] Making .jar file completed
[2017-08-10 13:11:50,496 DEBUG Engine] Module config: final-stats defaultdict(None, {'class': 'bzt.modules.reporting.FinalStatus'})
[2017-08-10 13:11:50,496 DEBUG root] Importing module: bzt.modules.reporting
[2017-08-10 13:11:50,524 DEBUG root] Loading class: 'FinalStatus' from <module 'bzt.modules.reporting' from '/Library/Frameworks/Python.framework/Versions/2.7/lib/python2.7/site-packages/bzt/modules/reporting.pyc'>
[2017-08-10 13:11:50,524 DEBUG Engine] Module config: console defaultdict(None, {'class': 'bzt.modules.console.ConsoleStatusReporter'})
[2017-08-10 13:11:50,524 DEBUG root] Importing module: bzt.modules.console
[2017-08-10 13:11:50,524 DEBUG root] Loading class: 'ConsoleStatusReporter' from <module 'bzt.modules.console' from '/Library/Frameworks/Python.framework/Versions/2.7/lib/python2.7/site-packages/bzt/modules/console.pyc'>
[2017-08-10 13:11:50,533 DEBUG Engine.Configuration] Dumping YAML config into /Users/narsi01/Desktop/JWC_SN/sel/2017-08-10_13-11-47.147339/effective.yml
[2017-08-10 13:11:50,575 DEBUG Engine.Configuration] Dumping JSON config into /Users/narsi01/Desktop/JWC_SN/sel/2017-08-10_13-11-47.147339/effective.json
[2017-08-10 13:11:50,591 INFO Engine] Starting...
[2017-08-10 13:11:50,591 DEBUG Engine] Startup <bzt.modules.monitoring.Monitoring object at 0x104b17050>
[2017-08-10 13:11:50,591 DEBUG Engine] Startup <bzt.modules.aggregator.ConsolidatingAggregator object at 0x104ae7fd0>
[2017-08-10 13:11:50,591 DEBUG Engine] Startup <bzt.modules.reporting.FinalStatus object at 0x104fd3810>
[2017-08-10 13:11:50,591 DEBUG Engine] Startup <bzt.modules.console.ConsoleStatusReporter object at 0x104fef350>
[2017-08-10 13:11:50,591 INFO Engine.console] Waiting for results...
[2017-08-10 13:11:50,592 DEBUG Engine] Startup <bzt.modules.provisioning.Local object at 0x104b17b50>
[2017-08-10 13:11:50,592 DEBUG Engine.local] Delay setup for junit/bdm: 0(start-at) + 0(delay) = 0
[2017-08-10 13:11:50,593 DEBUG Engine.Configuration] Dumping YAML config into /Users/narsi01/Desktop/JWC_SN/sel/2017-08-10_13-11-47.147339/effective.yml
[2017-08-10 13:11:50,633 DEBUG Engine.Configuration] Dumping JSON config into /Users/narsi01/Desktop/JWC_SN/sel/2017-08-10_13-11-47.147339/effective.json
[2017-08-10 13:11:50,650 DEBUG root] Leveling down log file verbosity, use -v option to have DEBUG messages enabled
[2017-08-10 13:11:50,895 INFO Engine.console] Waiting for finish...
[2017-08-10 13:11:51,719 WARNING Engine] Please wait for graceful shutdown...
[2017-08-10 13:11:51,724 DEBUG root] Leveled up log file verbosity
[2017-08-10 13:11:51,724 INFO Engine] Shutting down...
[2017-08-10 13:11:51,729 DEBUG Engine.local] Shutdown junit/bdm
[2017-08-10 13:11:51,729 DEBUG Engine.selenium] Selenium tests ran for 1.07935094833 seconds
[2017-08-10 13:11:51,729 DEBUG Engine.console] Restoring logging streams, [<logging.StreamHandler object at 0x104afc090>]/{<logging.StreamHandler object at 0x104afc090>: <open file '<stdout>', mode 'w' at 0x1002ad150>}
[2017-08-10 13:11:51,731 DEBUG Engine.Configuration] Dumping YAML config into /Users/narsi01/Desktop/JWC_SN/sel/2017-08-10_13-11-47.147339/effective.yml
[2017-08-10 13:11:51,768 DEBUG Engine.Configuration] Dumping JSON config into /Users/narsi01/Desktop/JWC_SN/sel/2017-08-10_13-11-47.147339/effective.json
[2017-08-10 13:11:51,785 INFO Engine] Post-processing...
[2017-08-10 13:11:51,785 DEBUG Engine.local] Post-process junit/bdm
[2017-08-10 13:11:51,785 DEBUG LoadSamplesReader] Buffer len: 1
[2017-08-10 13:11:51,785 DEBUG LoadSamplesReader] Aggregating: 1502395910
[2017-08-10 13:11:51,786 DEBUG Engine.consolidator] Consolidator buffer[1]: [1502395910]
[2017-08-10 13:11:51,786 DEBUG Engine.consolidator] Merging into 1502395910
[2017-08-10 13:11:51,786 DEBUG Engine.consolidator] Merging 1502395910
[2017-08-10 13:11:51,790 DEBUG Engine.consolidator] Processed datapoint: 1502395910/None
[2017-08-10 13:11:51,790 INFO Engine.final-stats] Test duration: 0:00:01
[2017-08-10 13:11:51,790 INFO Engine.final-stats] Samples count: 1, 100.00% failures
[2017-08-10 13:11:51,790 INFO Engine.final-stats] Average times: total 0.075, latency 0.000, connect 0.000
[2017-08-10 13:11:51,791 INFO Engine.final-stats] Percentile 0.0%: 0.075
[2017-08-10 13:11:51,791 INFO Engine.final-stats] Percentile 50.0%: 0.075
[2017-08-10 13:11:51,791 INFO Engine.final-stats] Percentile 90.0%: 0.075
[2017-08-10 13:11:51,791 INFO Engine.final-stats] Percentile 95.0%: 0.075
[2017-08-10 13:11:51,791 INFO Engine.final-stats] Percentile 99.0%: 0.075
[2017-08-10 13:11:51,791 INFO Engine.final-stats] Percentile 99.9%: 0.075
[2017-08-10 13:11:51,791 INFO Engine.final-stats] Percentile 100.0%: 0.075
[2017-08-10 13:11:51,791 DEBUG Engine.console] No logger_handler or orig_stream was detected
[2017-08-10 13:11:51,793 DEBUG Engine.Configuration] Dumping YAML config into /Users/narsi01/Desktop/JWC_SN/sel/2017-08-10_13-11-47.147339/effective.yml
[2017-08-10 13:11:51,833 DEBUG Engine.Configuration] Dumping JSON config into /Users/narsi01/Desktop/JWC_SN/sel/2017-08-10_13-11-47.147339/effective.json
[2017-08-10 13:11:51,850 INFO root] Artifacts dir: /Users/narsi01/Desktop/JWC_SN/sel/2017-08-10_13-11-47.147339
[2017-08-10 13:11:51,850 INFO root] Done performing with code: 0
[2017-08-10 13:11:51,850 DEBUG root] Closing log handler: /Users/narsi01/Desktop/JWC_SN/sel/2017-08-10_13-11-47.147339/bzt.log
