[2017-08-02 15:07:57,065 INFO root] Taurus CLI Tool v1.8.4.1401
[2017-08-02 15:07:57,065 DEBUG root] Command-line options: {'verbose': None, 'no_system_configs': None, 'quiet': None, 'log': '/var/folders/t5/kg41spf56pz146ff1j739w358p9wh7/T/bzt_77DKk4.log', 'option': None, 'aliases': ['cloud']}
[2017-08-02 15:07:57,065 DEBUG root] Python: CPython 2.7.13
[2017-08-02 15:07:57,065 DEBUG root] OS: ('Darwin', 'narsi01mac1752', '16.7.0', 'Darwin Kernel Version 16.7.0: Thu Jun 15 17:36:27 PDT 2017; root:xnu-3789.70.16~2/RELEASE_X86_64', 'x86_64', 'i386')
[2017-08-02 15:07:57,066 INFO root] Starting with configs: ['sel_har_cloud_Bzm.yml']
[2017-08-02 15:07:57,066 DEBUG root] Adding personal config: /Users/narsi01/.bzt-rc
[2017-08-02 15:07:57,066 INFO Engine] Configuring...
[2017-08-02 15:07:57,066 DEBUG Engine] Reading extension configs from: /usr/local/etc/bzt.d
[2017-08-02 15:07:57,066 DEBUG Engine.Configuration] Configs: ['/Library/Frameworks/Python.framework/Versions/2.7/lib/python2.7/site-packages/bzt/resources/base-config.yml', '/usr/local/etc/bzt.d/99-installID.yml']
[2017-08-02 15:07:57,066 DEBUG Engine.Configuration] Reading /Library/Frameworks/Python.framework/Versions/2.7/lib/python2.7/site-packages/bzt/resources/base-config.yml
[2017-08-02 15:07:57,067 DEBUG Engine.Configuration] Reading /Library/Frameworks/Python.framework/Versions/2.7/lib/python2.7/site-packages/bzt/resources/base-config.yml as YAML
[2017-08-02 15:07:57,090 DEBUG Engine.Configuration] Reading /usr/local/etc/bzt.d/99-installID.yml
[2017-08-02 15:07:57,090 DEBUG Engine.Configuration] Reading /usr/local/etc/bzt.d/99-installID.yml as YAML
[2017-08-02 15:07:57,091 DEBUG Engine.Configuration] Configs: ['/Users/narsi01/.bzt-rc', 'sel_har_cloud_Bzm.yml']
[2017-08-02 15:07:57,091 DEBUG Engine.Configuration] Reading /Users/narsi01/.bzt-rc
[2017-08-02 15:07:57,091 DEBUG Engine.Configuration] Reading /Users/narsi01/.bzt-rc as YAML
[2017-08-02 15:07:57,092 DEBUG Engine.Configuration] Reading sel_har_cloud_Bzm.yml
[2017-08-02 15:07:57,093 DEBUG Engine.Configuration] Reading sel_har_cloud_Bzm.yml as YAML
[2017-08-02 15:07:57,096 DEBUG root] Configs: ['/Users/narsi01/.bzt-rc', 'sel_har_cloud_Bzm.yml']
[2017-08-02 15:07:57,096 DEBUG root] Reading /Users/narsi01/.bzt-rc
[2017-08-02 15:07:57,096 DEBUG root] Reading /Users/narsi01/.bzt-rc as YAML
[2017-08-02 15:07:57,097 DEBUG root] Reading sel_har_cloud_Bzm.yml
[2017-08-02 15:07:57,097 DEBUG root] Reading sel_har_cloud_Bzm.yml as YAML
[2017-08-02 15:07:57,101 INFO Engine] Artifacts dir: /Users/narsi01/Desktop/JWC_SN/jenkins/2017-08-02_15-07-57.101132
[2017-08-02 15:07:57,101 DEBUG Engine] New artifact filename: /Users/narsi01/Desktop/JWC_SN/jenkins/2017-08-02_15-07-57.101132/effective
[2017-08-02 15:07:57,103 DEBUG Engine.Configuration] Dumping YAML config into /Users/narsi01/Desktop/JWC_SN/jenkins/2017-08-02_15-07-57.101132/effective.yml
[2017-08-02 15:07:57,113 DEBUG Engine] Requesting updates info: http://gettaurus.org/updates/?version=1.8.4.1401&installID=acde48001122
[2017-08-02 15:07:57,167 DEBUG Engine.Configuration] Dumping JSON config into /Users/narsi01/Desktop/JWC_SN/jenkins/2017-08-02_15-07-57.101132/effective.json
[2017-08-02 15:07:57,202 DEBUG Engine] New artifact filename: /Users/narsi01/Desktop/JWC_SN/jenkins/2017-08-02_15-07-57.101132/merged.yml
[2017-08-02 15:07:57,203 DEBUG root] Dumping YAML config into /Users/narsi01/Desktop/JWC_SN/jenkins/2017-08-02_15-07-57.101132/merged.yml
[2017-08-02 15:07:57,238 DEBUG Engine] New artifact filename: /Users/narsi01/Desktop/JWC_SN/jenkins/2017-08-02_15-07-57.101132/merged.json
[2017-08-02 15:07:57,239 DEBUG root] Dumping JSON config into /Users/narsi01/Desktop/JWC_SN/jenkins/2017-08-02_15-07-57.101132/merged.json
[2017-08-02 15:07:57,271 DEBUG Engine] Add existing artifact (move=False): sel_har_cloud_Bzm.yml
[2017-08-02 15:07:57,272 DEBUG Engine] Copying sel_har_cloud_Bzm.yml to /Users/narsi01/Desktop/JWC_SN/jenkins/2017-08-02_15-07-57.101132/sel_har_cloud_Bzm.yml
[2017-08-02 15:07:57,307 DEBUG root] Closing log handler: /var/folders/t5/kg41spf56pz146ff1j739w358p9wh7/T/bzt_77DKk4.log
[2017-08-02 15:07:57,370 DEBUG root] Switched writing logs to /Users/narsi01/Desktop/JWC_SN/jenkins/2017-08-02_15-07-57.101132/bzt.log
[2017-08-02 15:07:57,370 INFO Engine] Preparing...
[2017-08-02 15:07:57,370 DEBUG Engine] Module config: consolidator defaultdict(None, {'class': 'bzt.modules.aggregator.ConsolidatingAggregator'})
[2017-08-02 15:07:57,370 DEBUG root] Importing module: bzt.modules.aggregator
[2017-08-02 15:07:57,373 DEBUG root] Loading class: 'ConsolidatingAggregator' from <module 'bzt.modules.aggregator' from '/Library/Frameworks/Python.framework/Versions/2.7/lib/python2.7/site-packages/bzt/modules/aggregator.pyc'>
[2017-08-02 15:07:57,373 DEBUG Engine.consolidator] Exception in dehumanize_time(inf)
[2017-08-02 15:07:57,373 DEBUG Engine.consolidator] Buffer scaling setup: percentile 95.0 from [0.0, 50.0, 90.0, 95.0, 99.0, 99.9, 100.0] selected
[2017-08-02 15:07:57,374 DEBUG Engine] Module config: monitoring defaultdict(None, {'class': 'bzt.modules.monitoring.Monitoring'})
[2017-08-02 15:07:57,374 DEBUG root] Importing module: bzt.modules.monitoring
[2017-08-02 15:07:57,420 DEBUG root] Loading class: 'Monitoring' from <module 'bzt.modules.monitoring' from '/Library/Frameworks/Python.framework/Versions/2.7/lib/python2.7/site-packages/bzt/modules/monitoring.pyc'>
[2017-08-02 15:07:57,420 DEBUG Engine.monitoring] Should not run because of non-matching prov: cloud != local
[2017-08-02 15:07:57,420 DEBUG Engine] Module config: capturehar defaultdict(None, {'class': 'bzt.modules.blazemeter.ServiceStubCaptureHAR'})
[2017-08-02 15:07:57,420 DEBUG root] Importing module: bzt.modules.blazemeter
[2017-08-02 15:07:57,488 DEBUG root] Loading class: 'ServiceStubCaptureHAR' from <module 'bzt.modules.blazemeter' from '/Library/Frameworks/Python.framework/Versions/2.7/lib/python2.7/site-packages/bzt/modules/blazemeter.pyc'>
[2017-08-02 15:07:57,488 DEBUG Engine.capturehar] Should not run because of non-matching prov: cloud != local
[2017-08-02 15:07:57,488 DEBUG Engine] Module config: screenshoter defaultdict(None, {'class': 'bzt.modules.blazemeter.ServiceStubScreenshoter'})
[2017-08-02 15:07:57,488 DEBUG root] Importing module: bzt.modules.blazemeter
[2017-08-02 15:07:57,488 DEBUG root] Loading class: 'ServiceStubScreenshoter' from <module 'bzt.modules.blazemeter' from '/Library/Frameworks/Python.framework/Versions/2.7/lib/python2.7/site-packages/bzt/modules/blazemeter.pyc'>
[2017-08-02 15:07:57,488 DEBUG Engine.screenshoter] Should not run because of non-matching prov: cloud != local
[2017-08-02 15:07:57,488 DEBUG Engine] Module config: cloud defaultdict(None, {'class': 'bzt.modules.blazemeter.CloudProvisioning', 'default-location': 'us-central1-a'})
[2017-08-02 15:07:57,488 DEBUG root] Importing module: bzt.modules.blazemeter
[2017-08-02 15:07:57,488 DEBUG root] Loading class: 'CloudProvisioning' from <module 'bzt.modules.blazemeter' from '/Library/Frameworks/Python.framework/Versions/2.7/lib/python2.7/site-packages/bzt/modules/blazemeter.pyc'>
[2017-08-02 15:07:57,489 DEBUG Engine] Module config: blazemeter defaultdict(None, {'token': '********', 'class': 'bzt.modules.blazemeter.BlazeMeterUploader'})
[2017-08-02 15:07:57,489 DEBUG root] Importing module: bzt.modules.blazemeter
[2017-08-02 15:07:57,489 DEBUG root] Loading class: 'BlazeMeterUploader' from <module 'bzt.modules.blazemeter' from '/Library/Frameworks/Python.framework/Versions/2.7/lib/python2.7/site-packages/bzt/modules/blazemeter.pyc'>
[2017-08-02 15:07:57,489 DEBUG Engine.cloud] Request: GET https://a.blazemeter.com/api/v4/accounts None
[2017-08-02 15:07:57,750 DEBUG Engine] Taurus updates info: {"latest":"1.9.4","needsUpgrade":true}
[2017-08-02 15:07:57,752 WARNING Engine] There is newer version of Taurus 1.9.4 available, consider upgrading. What's new: http://gettaurus.org/docs/Changelog/
[2017-08-02 15:07:58,037 DEBUG Engine.cloud] Response: {
    "limit": 10,
    "skip": 0,
    "total": 2,
    "hidden": 0,
    "api_version": 4,
    "error": null,
    "result": [
        {
            "id": 21166,
            "name": "Martin Kowalewski",
            "thumbnailUrl": "",
            "salesforceI
[2017-08-02 15:07:58,037 DEBUG Engine.cloud] Request: GET https://a.blazemeter.com/api/v4/workspaces?accountId=21166&enabled=true&limit=100 None
[2017-08-02 15:07:58,506 DEBUG Engine.cloud] Response: {
    "limit": 100,
    "skip": 0,
    "total": 1,
    "hidden": 0,
    "api_version": 4,
    "error": null,
    "result": [
        {
            "id": 133217,
            "name": "SE DEMOs",
            "userId": 307773,
            "created": 1493664013
[2017-08-02 15:07:58,507 DEBUG Engine.cloud] Request: GET https://a.blazemeter.com/api/v4/workspaces?accountId=40241&enabled=true&limit=100 None
[2017-08-02 15:07:58,974 DEBUG Engine.cloud] Response: {
    "limit": 100,
    "skip": 0,
    "total": 3,
    "hidden": 0,
    "api_version": 4,
    "error": null,
    "result": [
        {
            "id": 509,
            "name": "Customer Demo Org",
            "userId": 86033,
            "created": 14419
[2017-08-02 15:07:58,974 DEBUG Engine] Module config: selenium defaultdict(None, {'class': 'bzt.modules.selenium.SeleniumExecutor', 'virtual-display': defaultdict(None, {'width': 1280, 'height': 800})})
[2017-08-02 15:07:58,974 DEBUG root] Importing module: bzt.modules.selenium
[2017-08-02 15:07:58,992 DEBUG easyprocess] version=0.2.3
[2017-08-02 15:07:58,997 DEBUG pyvirtualdisplay] version=0.2.1
[2017-08-02 15:07:58,998 DEBUG root] Loading class: 'SeleniumExecutor' from <module 'bzt.modules.selenium' from '/Library/Frameworks/Python.framework/Versions/2.7/lib/python2.7/site-packages/bzt/modules/selenium.pyc'>
[2017-08-02 15:07:58,998 DEBUG Engine.cloud] Request: GET https://a.blazemeter.com/api/v4/multi-tests?workspaceId=133217&name=Taurus+Cloud+Test None
[2017-08-02 15:07:59,483 DEBUG Engine.cloud] Response: {
    "limit": 10,
    "skip": 0,
    "total": 0,
    "hidden": 0,
    "api_version": 4,
    "error": null,
    "result": []
}
[2017-08-02 15:07:59,484 DEBUG Engine.cloud] Request: GET https://a.blazemeter.com/api/v4/multi-tests?workspaceId=509&name=Taurus+Cloud+Test None
[2017-08-02 15:07:59,961 DEBUG Engine.cloud] Response: {
    "limit": 10,
    "skip": 0,
    "total": 0,
    "hidden": 0,
    "api_version": 4,
    "error": null,
    "result": []
}
[2017-08-02 15:07:59,962 DEBUG Engine.cloud] Request: GET https://a.blazemeter.com/api/v4/multi-tests?workspaceId=3130&name=Taurus+Cloud+Test None
[2017-08-02 15:08:00,422 DEBUG Engine.cloud] Response: {
    "limit": 10,
    "skip": 0,
    "total": 0,
    "hidden": 0,
    "api_version": 4,
    "error": null,
    "result": []
}
[2017-08-02 15:08:00,423 DEBUG Engine.cloud] Request: GET https://a.blazemeter.com/api/v4/multi-tests?workspaceId=31694&name=Taurus+Cloud+Test None
[2017-08-02 15:08:00,892 DEBUG Engine.cloud] Response: {
    "limit": 10,
    "skip": 0,
    "total": 0,
    "hidden": 0,
    "api_version": 4,
    "error": null,
    "result": []
}
[2017-08-02 15:08:00,892 DEBUG Engine.cloud.ProjectFinder] Looked for collection: None
[2017-08-02 15:08:00,892 DEBUG Engine.cloud] Request: GET https://a.blazemeter.com/api/v4/tests?workspaceId=133217&name=Taurus+Cloud+Test None
[2017-08-02 15:08:01,339 DEBUG Engine.cloud] Response: {
    "limit": 10,
    "skip": 0,
    "total": 0,
    "hidden": 0,
    "api_version": 4,
    "error": null,
    "result": []
}
[2017-08-02 15:08:01,339 DEBUG Engine.cloud] Request: GET https://a.blazemeter.com/api/v4/tests?workspaceId=509&name=Taurus+Cloud+Test None
[2017-08-02 15:08:01,808 DEBUG Engine.cloud] Response: {
    "limit": 10,
    "skip": 0,
    "total": 0,
    "hidden": 0,
    "api_version": 4,
    "error": null,
    "result": []
}
[2017-08-02 15:08:01,808 DEBUG Engine.cloud] Request: GET https://a.blazemeter.com/api/v4/tests?workspaceId=3130&name=Taurus+Cloud+Test None
[2017-08-02 15:08:02,261 DEBUG Engine.cloud] Response: {
    "limit": 10,
    "skip": 0,
    "total": 0,
    "hidden": 0,
    "api_version": 4,
    "error": null,
    "result": []
}
[2017-08-02 15:08:02,261 DEBUG Engine.cloud] Request: GET https://a.blazemeter.com/api/v4/tests?workspaceId=31694&name=Taurus+Cloud+Test None
[2017-08-02 15:08:02,723 DEBUG Engine.cloud] Response: {
    "limit": 10,
    "skip": 0,
    "total": 1,
    "hidden": 0,
    "api_version": 4,
    "error": null,
    "result": [
        {
            "id": 5396847,
            "name": "Taurus Cloud Test",
            "userId": 106819,
            "created": 1
[2017-08-02 15:08:02,724 DEBUG Engine.cloud.ProjectFinder] Looked for test: {u'updated': 1501709392, u'name': u'Taurus Cloud Test', u'created': 1487111522, u'projectId': 74163, u'userId': 106819, u'lastUpdatedById': 106819, u'configuration': {u'targetThreads': 0, u'type': u'taurus', u'canControlRampup': False, u'plugins': {u'taurus': {u'filename': u'taurus.yml'}}}, u'id': 5396847}
[2017-08-02 15:08:02,724 DEBUG Engine.cloud.ProjectFinder] Detected test type: old
[2017-08-02 15:08:02,724 DEBUG Engine.cloud] Request: GET https://a.blazemeter.com/api/v4/user None
[2017-08-02 15:08:03,181 DEBUG Engine.cloud] Response: {
    "api_version": 4,
    "error": null,
    "result": {
        "id": 106819,
        "email": "sid@blazemeter.com",
        "access": 1501711682,
        "login": 1496385643,
        "firstName": "Sid",
        "lastName": "Narang",
        "timezone":
[2017-08-02 15:08:03,182 DEBUG Engine.cloud] Request: GET https://a.blazemeter.com/api/v4/projects?workspaceId=133217&limit=99999 None
[2017-08-02 15:08:03,628 DEBUG Engine.cloud] Response: {
    "limit": 99999,
    "skip": 0,
    "total": 4,
    "hidden": 0,
    "api_version": 4,
    "error": null,
    "result": [
        {
            "id": 201589,
            "name": "API ",
            "userId": null,
            "description": "Tests to 
[2017-08-02 15:08:03,628 DEBUG Engine.cloud] Request: GET https://a.blazemeter.com/api/v4/projects?workspaceId=509&limit=99999 None
[2017-08-02 15:08:04,083 DEBUG Engine.cloud] Response: {
    "limit": 99999,
    "skip": 0,
    "total": 2,
    "hidden": 0,
    "api_version": 4,
    "error": null,
    "result": [
        {
            "id": 41932,
            "name": "Production Test",
            "userId": 106819,
            "description"
[2017-08-02 15:08:04,084 DEBUG Engine.cloud] Request: GET https://a.blazemeter.com/api/v4/projects?workspaceId=3130&limit=99999 None
[2017-08-02 15:08:04,552 DEBUG Engine.cloud] Response: {
    "limit": 99999,
    "skip": 0,
    "total": 1,
    "hidden": 0,
    "api_version": 4,
    "error": null,
    "result": [
        {
            "id": 43759,
            "name": "Perf Labs Test",
            "userId": 106819,
            "description":
[2017-08-02 15:08:04,553 DEBUG Engine.cloud] Request: GET https://a.blazemeter.com/api/v4/projects?workspaceId=31694&limit=99999 None
[2017-08-02 15:08:05,004 DEBUG Engine.cloud] Response: {
    "limit": 99999,
    "skip": 0,
    "total": 9,
    "hidden": 0,
    "api_version": 4,
    "error": null,
    "result": [
        {
            "id": 61465,
            "name": "AWS 2016",
            "userId": 106819,
            "description": "",
 
[2017-08-02 15:08:05,004 DEBUG Engine.cloud] Request: GET https://a.blazemeter.com/api/v4/workspaces/133217 None
[2017-08-02 15:08:05,615 DEBUG Engine.cloud] Response: {
    "api_version": 4,
    "error": null,
    "result": {
        "id": 133217,
        "name": "SE DEMOs",
        "userId": 307773,
        "created": 1493664013,
        "updated": 1501529531,
        "enabled": true,
        "dedicatedIpsEnabled": tru
[2017-08-02 15:08:05,621 DEBUG Engine.cloud] Request: GET https://a.blazemeter.com/api/v4/workspaces/509 None
[2017-08-02 15:08:06,283 DEBUG Engine.cloud] Response: {
    "api_version": 4,
    "error": null,
    "result": {
        "id": 509,
        "name": "Customer Demo Org",
        "userId": 86033,
        "created": 1441920631,
        "updated": 1484233350,
        "enabled": true,
        "dedicatedIpsEnabled"
[2017-08-02 15:08:06,287 DEBUG Engine.cloud] Request: GET https://a.blazemeter.com/api/v4/workspaces/3130 None
[2017-08-02 15:08:06,962 DEBUG Engine.cloud] Response: {
    "api_version": 4,
    "error": null,
    "result": {
        "id": 3130,
        "name": "Performance Labs",
        "userId": 106819,
        "description": "",
        "created": 1475511777,
        "updated": 1475511777,
        "enabled": true,
 
[2017-08-02 15:08:06,967 DEBUG Engine.cloud] Request: GET https://a.blazemeter.com/api/v4/workspaces/31694 None
[2017-08-02 15:08:07,613 DEBUG Engine.cloud] Response: {
    "api_version": 4,
    "error": null,
    "result": {
        "id": 31694,
        "name": "Sid Narang's Workspace",
        "userId": 106819,
        "created": 1482649488,
        "updated": 1482649488,
        "enabled": true,
        "dedicatedIps
[2017-08-02 15:08:07,619 DEBUG Engine.cloud] All resource files are: []
[2017-08-02 15:08:07,619 DEBUG Engine.cloud] Replace file names in config: [] with []
[2017-08-02 15:08:07,620 DEBUG Engine] New artifact filename: /Users/narsi01/Desktop/JWC_SN/jenkins/2017-08-02_15-07-57.101132/cloud
[2017-08-02 15:08:07,621 DEBUG root] Dumping YAML config into /Users/narsi01/Desktop/JWC_SN/jenkins/2017-08-02_15-07-57.101132/cloud.yml
[2017-08-02 15:08:07,664 DEBUG root] Dumping JSON config into /Users/narsi01/Desktop/JWC_SN/jenkins/2017-08-02_15-07-57.101132/cloud.json
[2017-08-02 15:08:07,697 DEBUG Engine.cloud] Request: GET https://a.blazemeter.com/api/v4/web/elfinder/5396847?cmd=open&target=s1_Lw None
[2017-08-02 15:08:08,286 DEBUG Engine.cloud] Response: {"cwd":{"name":"data","size":0,"mime":"directory","read":1,"write":1,"parent_id":"users","hash":"s1_Lw","rootRev":"","options":{"path":"","url":"","tmbUrl":"","disabled":["mkdir","archive","extract","chmod"],"separator":"\/","copyOverwrite":1,"uploadOverwr
[2017-08-02 15:08:08,286 DEBUG Engine.cloud] Test files: [u'taurus.yml']
[2017-08-02 15:08:08,286 DEBUG Engine.cloud] Request: GET https://a.blazemeter.com/api/v4/web/elfinder/5396847?cmd=rm&targets[]=s1_dGF1cnVzLnltbA None
[2017-08-02 15:08:08,881 DEBUG Engine.cloud] Response: {"removed":["s1_dGF1cnVzLnltbA"],"changed":[{"name":"data","size":0,"mime":"directory","read":1,"write":1,"parent_id":"users","hash":"s1_Lw","rootRev":"","options":{"path":"","url":"","tmbUrl":"","disabled":["mkdir","archive","extract","chmod"],"separator"
[2017-08-02 15:08:08,881 DEBUG Engine.cloud] Successfully deleted 1 test files
[2017-08-02 15:08:08,887 DEBUG Engine.cloud] Uploading files into the test: []
[2017-08-02 15:08:08,899 DEBUG Engine.cloud] Request: POST https://a.blazemeter.com/api/v4/tests/5396847/files --===============7243688869973587472==
Content-Disposition: file; name="script"; filename="taurus.yml"
Content-Type: application/octet-stream

---
execution:
- executor: selenium
  iterations: 2
  locations:
    eu-west-1: 1
  scenario: req
local-bzt-v
[2017-08-02 15:08:09,535 DEBUG Engine.cloud] Response: {
    "api_version": 4,
    "error": null,
    "result": {
        "id": 5396847,
        "name": "Taurus Cloud Test",
        "userId": 106819,
        "created": 1487111522,
        "updated": 1501711689,
        "configuration": {
            "type": "t
[2017-08-02 15:08:09,535 DEBUG Engine.cloud] Request: PATCH https://a.blazemeter.com/api/v4/tests/5396847 {
 "configuration": {
  "executionType": null
 }
}
[2017-08-02 15:08:10,122 DEBUG Engine.cloud] Response: {
    "api_version": 4,
    "error": null,
    "result": {
        "id": 5396847,
        "name": "Taurus Cloud Test",
        "userId": 106819,
        "created": 1487111522,
        "updated": 1501711690,
        "projectId": 74163,
        "lastUpdatedB
[2017-08-02 15:08:10,123 DEBUG Engine] Module config: final-stats defaultdict(None, {'class': 'bzt.modules.reporting.FinalStatus'})
[2017-08-02 15:08:10,123 DEBUG root] Importing module: bzt.modules.reporting
[2017-08-02 15:08:10,130 DEBUG root] Loading class: 'FinalStatus' from <module 'bzt.modules.reporting' from '/Library/Frameworks/Python.framework/Versions/2.7/lib/python2.7/site-packages/bzt/modules/reporting.pyc'>
[2017-08-02 15:08:10,131 DEBUG Engine] Module config: console defaultdict(None, {'class': 'bzt.modules.console.ConsoleStatusReporter'})
[2017-08-02 15:08:10,131 DEBUG root] Importing module: bzt.modules.console
[2017-08-02 15:08:10,131 DEBUG root] Loading class: 'ConsoleStatusReporter' from <module 'bzt.modules.console' from '/Library/Frameworks/Python.framework/Versions/2.7/lib/python2.7/site-packages/bzt/modules/console.pyc'>
[2017-08-02 15:08:10,138 DEBUG Engine.Configuration] Dumping YAML config into /Users/narsi01/Desktop/JWC_SN/jenkins/2017-08-02_15-07-57.101132/effective.yml
[2017-08-02 15:08:10,195 DEBUG Engine.Configuration] Dumping JSON config into /Users/narsi01/Desktop/JWC_SN/jenkins/2017-08-02_15-07-57.101132/effective.json
[2017-08-02 15:08:10,227 INFO Engine] Starting...
[2017-08-02 15:08:10,227 DEBUG Engine] Startup <bzt.modules.aggregator.ConsolidatingAggregator object at 0x104ca7f50>
[2017-08-02 15:08:10,227 DEBUG Engine] Startup <bzt.modules.reporting.FinalStatus object at 0x107fea890>
[2017-08-02 15:08:10,227 DEBUG Engine] Startup <bzt.modules.console.ConsoleStatusReporter object at 0x107feabd0>
[2017-08-02 15:08:10,227 INFO Engine.console] Waiting for results...
[2017-08-02 15:08:10,227 DEBUG Engine] Startup <bzt.modules.blazemeter.CloudProvisioning object at 0x104cefc50>
[2017-08-02 15:08:10,227 INFO Engine.cloud.ProjectFinder.CloudTaurusTest] Initiating cloud test with https://a.blazemeter.com ...
[2017-08-02 15:08:10,227 DEBUG Engine.cloud] Request: POST https://a.blazemeter.com/api/v4/tests/5396847/start None
[2017-08-02 15:08:11,076 DEBUG Engine.cloud] Response: {
    "api_version": 4,
    "error": null,
    "result": {
        "id": 16490902,
        "name": "Taurus Cloud Test",
        "userId": 106819,
        "runnerUserId": 106819,
        "created": 1501711690,
        "updated": 1501711690,
        "testId"
[2017-08-02 15:08:11,076 INFO Engine.cloud] Started cloud test: https://a.blazemeter.com/app/#/masters/16490902
[2017-08-02 15:08:11,167 DEBUG Engine.Configuration] Dumping YAML config into /Users/narsi01/Desktop/JWC_SN/jenkins/2017-08-02_15-07-57.101132/effective.yml
[2017-08-02 15:08:11,228 DEBUG Engine.Configuration] Dumping JSON config into /Users/narsi01/Desktop/JWC_SN/jenkins/2017-08-02_15-07-57.101132/effective.json
[2017-08-02 15:08:11,260 DEBUG root] Leveling down log file verbosity, use -v option to have DEBUG messages enabled
[2017-08-02 15:08:11,797 INFO Engine.cloud] Cloud test status: INIT
[2017-08-02 15:08:12,326 INFO Engine.console] Waiting for finish...
[2017-08-02 15:08:16,852 INFO Engine.cloud] Cloud test status: BOOT_STARTING
[2017-08-02 15:08:51,926 INFO Engine.cloud] Cloud test status: INIT_SCRIPT
[2017-08-02 15:08:56,911 INFO Engine.cloud] Cloud test status: TAURUS_ENGINE_INIT
[2017-08-02 15:10:22,032 INFO Engine.cloud] Cloud test status: DATA_RECIEVED
[2017-08-02 15:11:15,684 INFO Engine.cloud] Cloud test status: ENDED
[2017-08-02 15:11:15,690 INFO Engine.cloud] Test was stopped in the cloud: ENDED
[2017-08-02 15:11:17,190 WARNING Engine] Please wait for graceful shutdown...
[2017-08-02 15:11:17,195 DEBUG root] Leveled up log file verbosity
[2017-08-02 15:11:17,195 INFO Engine] Shutting down...
[2017-08-02 15:11:17,200 DEBUG Engine.console] Restoring logging streams, [<logging.StreamHandler object at 0x104cbd0d0>]/{<logging.StreamHandler object at 0x104cbd0d0>: <open file '<stdout>', mode 'w' at 0x1002ad150>}
[2017-08-02 15:11:17,201 DEBUG Engine.Configuration] Dumping YAML config into /Users/narsi01/Desktop/JWC_SN/jenkins/2017-08-02_15-07-57.101132/effective.yml
[2017-08-02 15:11:17,254 DEBUG Engine.Configuration] Dumping JSON config into /Users/narsi01/Desktop/JWC_SN/jenkins/2017-08-02_15-07-57.101132/effective.json
[2017-08-02 15:11:17,288 INFO Engine] Post-processing...
[2017-08-02 15:11:17,289 DEBUG Engine.cloud] Request: GET https://a.blazemeter.com/api/v4/masters/16490902/full None
[2017-08-02 15:11:17,767 DEBUG Engine.cloud] Response: {
    "api_version": 4,
    "error": null,
    "result": {
        "id": 16490902,
        "name": "Taurus Cloud Test",
        "userId": 106819,
        "ended": 1501711870,
        "runnerUserId": 106819,
        "maxUsers": 1,
        "created": 1501711
[2017-08-02 15:11:17,767 DEBUG Engine.cloud] Request: GET https://a.blazemeter.com/api/v4/masters/16490902/sessions None
[2017-08-02 15:11:18,259 DEBUG Engine.cloud] Response: {
    "api_version": 4,
    "error": null,
    "result": {
        "sessions": [
            {
                "id": "r-t-59824d4c14702",
                "name": "selenium/req/eu-west-1",
                "userId": 106819,
                "offset": 0,
     
[2017-08-02 15:11:18,260 DEBUG Engine.cloud] Request: GET https://a.blazemeter.com/api/v4/sessions/r-t-59824d4c14702/reports/logs None
[2017-08-02 15:11:18,817 DEBUG Engine.cloud] Response: {
    "api_version": 4,
    "error": null,
    "result": {
        "hash": "logs",
        "name": "Logs",
        "type": "Logs",
        "source": "",
        "id": "logs",
        "session_id": "r-t-59824d4c14702",
        "dataUrl": "https://a.blazemet
[2017-08-02 15:11:18,817 INFO Engine.cloud] Downloading artifacts-1.zip from the cloud
[2017-08-02 15:11:19,648 DEBUG Engine.cloud] Extracting selenium-req.har.js to /Users/narsi01/Desktop/JWC_SN/jenkins/2017-08-02_15-07-57.101132/cloud-artifacts
[2017-08-02 15:11:19,688 DEBUG Engine.cloud] Extracting selenium-req.har.scr.js to /Users/narsi01/Desktop/JWC_SN/jenkins/2017-08-02_15-07-57.101132/cloud-artifacts
[2017-08-02 15:11:19,726 DEBUG Engine.cloud] Extracting selenium-req.har to /Users/narsi01/Desktop/JWC_SN/jenkins/2017-08-02_15-07-57.101132/cloud-artifacts
[2017-08-02 15:11:19,762 DEBUG Engine.cloud] Extracting selenium-req.har.html to /Users/narsi01/Desktop/JWC_SN/jenkins/2017-08-02_15-07-57.101132/cloud-artifacts
[2017-08-02 15:11:19,794 INFO Engine.cloud] Downloading bzt-1.log from the cloud
[2017-08-02 15:11:20,886 DEBUG Engine.cloud] Request: GET https://a.blazemeter.com/api/v4/data/labels?master_id=16490902 None
[2017-08-02 15:11:21,353 DEBUG Engine.cloud] Response: {
    "api_version": 4,
    "error": null,
    "result": [
        {
            "id": "ALL",
            "name": "ALL",
            "sessions": [
                "r-t-59824d4c14702"
            ]
        },
        {
            "id": "7f267bede488cf66fdd
[2017-08-02 15:11:21,354 DEBUG Engine.cloud] Request: GET https://a.blazemeter.com/api/v4/data/kpis?interval=1&from=1501711792&master_ids%5B%5D=16490902&kpis%5B%5D=t&kpis%5B%5D=lt&kpis%5B%5D=by&kpis%5B%5D=n&kpis%5B%5D=ec&kpis%5B%5D=ts&kpis%5B%5D=na&labels%5B%5D=ALL&labels%5B%5D=7f267bede488cf66fddb3e1ae1660d8e None
[2017-08-02 15:11:21,834 DEBUG Engine.cloud] Response: {
    "api_version": 4,
    "error": null,
    "result": [
        {
            "labelId": "7f267bede488cf66fddb3e1ae1660d8e",
            "labelName": "https://blazedemo.com",
            "label": "https://blazedemo.com",
            "kpis": [
          
[2017-08-02 15:11:21,834 DEBUG Engine.cloud] Request: GET https://a.blazemeter.com/api/v4/masters/16490902/reports/aggregatereport/data None
[2017-08-02 15:11:22,291 DEBUG Engine.cloud] Response: {
    "api_version": 4,
    "error": null,
    "result": [
        {
            "labelId": "ALL",
            "labelName": "ALL",
            "samples": 2,
            "avgResponseTime": 10800,
            "90line": 11444,
            "95line": 11444,
   
[2017-08-02 15:11:22,292 DEBUG Engine.consolidator] Consolidator buffer[2]: [1501711804, 1501711791]
[2017-08-02 15:11:22,292 DEBUG Engine.consolidator] Merging into 1501711791
[2017-08-02 15:11:22,292 DEBUG Engine.consolidator] Merging 1501711791
[2017-08-02 15:11:22,295 DEBUG Engine.consolidator] Processed datapoint: 1501711791/None
[2017-08-02 15:11:22,295 DEBUG Engine.consolidator] Merging into 1501711804
[2017-08-02 15:11:22,295 DEBUG Engine.consolidator] Merging 1501711804
[2017-08-02 15:11:22,297 DEBUG Engine.consolidator] Processed datapoint: 1501711804/None
[2017-08-02 15:11:22,297 INFO Engine.final-stats] Test duration: 0:03:12
[2017-08-02 15:11:22,297 INFO Engine.final-stats] Samples count: 2, 0.00% failures
[2017-08-02 15:11:22,297 INFO Engine.final-stats] Average times: total 10.800, latency 0.000, connect 0.000
[2017-08-02 15:11:22,297 INFO Engine.final-stats] Percentile 90.0%: 11.444
[2017-08-02 15:11:22,298 INFO Engine.final-stats] Percentile 95.0%: 11.444
[2017-08-02 15:11:22,298 INFO Engine.final-stats] Percentile 99.0%: 11.444
[2017-08-02 15:11:22,298 DEBUG Engine.console] No logger_handler or orig_stream was detected
[2017-08-02 15:11:22,299 DEBUG Engine.Configuration] Dumping YAML config into /Users/narsi01/Desktop/JWC_SN/jenkins/2017-08-02_15-07-57.101132/effective.yml
[2017-08-02 15:11:22,362 DEBUG Engine.Configuration] Dumping JSON config into /Users/narsi01/Desktop/JWC_SN/jenkins/2017-08-02_15-07-57.101132/effective.json
[2017-08-02 15:11:22,401 INFO root] Artifacts dir: /Users/narsi01/Desktop/JWC_SN/jenkins/2017-08-02_15-07-57.101132
[2017-08-02 15:11:22,401 INFO root] Done performing with code: 0
[2017-08-02 15:11:22,401 DEBUG root] Closing log handler: /Users/narsi01/Desktop/JWC_SN/jenkins/2017-08-02_15-07-57.101132/bzt.log
