[2017-08-10 13:33:06,433 INFO root] Taurus CLI Tool v1.8.4.1401
[2017-08-10 13:33:06,433 DEBUG root] Command-line options: {'verbose': None, 'no_system_configs': None, 'quiet': None, 'log': '/var/folders/t5/kg41spf56pz146ff1j739w358p9wh7/T/bzt_ej75Jg.log', 'option': None, 'aliases': []}
[2017-08-10 13:33:06,433 DEBUG root] Python: CPython 2.7.13
[2017-08-10 13:33:06,433 DEBUG root] OS: ('Darwin', 'narsi01mac1752', '16.7.0', 'Darwin Kernel Version 16.7.0: Thu Jun 15 17:36:27 PDT 2017; root:xnu-3789.70.16~2/RELEASE_X86_64', 'x86_64', 'i386')
[2017-08-10 13:33:06,433 INFO root] Starting with configs: ['stastaurusdemo.yml']
[2017-08-10 13:33:06,433 DEBUG root] Adding personal config: /Users/narsi01/.bzt-rc
[2017-08-10 13:33:06,433 INFO Engine] Configuring...
[2017-08-10 13:33:06,433 DEBUG Engine] Reading extension configs from: /usr/local/etc/bzt.d
[2017-08-10 13:33:06,434 DEBUG Engine.Configuration] Configs: ['/Library/Frameworks/Python.framework/Versions/2.7/lib/python2.7/site-packages/bzt/resources/base-config.yml', '/usr/local/etc/bzt.d/99-installID.yml']
[2017-08-10 13:33:06,434 DEBUG Engine.Configuration] Reading /Library/Frameworks/Python.framework/Versions/2.7/lib/python2.7/site-packages/bzt/resources/base-config.yml
[2017-08-10 13:33:06,434 DEBUG Engine.Configuration] Reading /Library/Frameworks/Python.framework/Versions/2.7/lib/python2.7/site-packages/bzt/resources/base-config.yml as YAML
[2017-08-10 13:33:06,454 DEBUG Engine.Configuration] Reading /usr/local/etc/bzt.d/99-installID.yml
[2017-08-10 13:33:06,454 DEBUG Engine.Configuration] Reading /usr/local/etc/bzt.d/99-installID.yml as YAML
[2017-08-10 13:33:06,455 DEBUG Engine.Configuration] Configs: ['/Users/narsi01/.bzt-rc', 'stastaurusdemo.yml']
[2017-08-10 13:33:06,455 DEBUG Engine.Configuration] Reading /Users/narsi01/.bzt-rc
[2017-08-10 13:33:06,455 DEBUG Engine.Configuration] Reading /Users/narsi01/.bzt-rc as YAML
[2017-08-10 13:33:06,455 DEBUG Engine.Configuration] Reading stastaurusdemo.yml
[2017-08-10 13:33:06,456 DEBUG Engine.Configuration] Reading stastaurusdemo.yml as YAML
[2017-08-10 13:33:06,458 DEBUG root] Configs: ['/Users/narsi01/.bzt-rc', 'stastaurusdemo.yml']
[2017-08-10 13:33:06,458 DEBUG root] Reading /Users/narsi01/.bzt-rc
[2017-08-10 13:33:06,458 DEBUG root] Reading /Users/narsi01/.bzt-rc as YAML
[2017-08-10 13:33:06,459 DEBUG root] Reading stastaurusdemo.yml
[2017-08-10 13:33:06,459 DEBUG root] Reading stastaurusdemo.yml as YAML
[2017-08-10 13:33:06,461 INFO Engine] Artifacts dir: /Users/narsi01/Desktop/JWC_SN/sel/2017-08-10_13-33-06.461233
[2017-08-10 13:33:06,461 DEBUG Engine] New artifact filename: /Users/narsi01/Desktop/JWC_SN/sel/2017-08-10_13-33-06.461233/effective
[2017-08-10 13:33:06,463 DEBUG Engine.Configuration] Dumping YAML config into /Users/narsi01/Desktop/JWC_SN/sel/2017-08-10_13-33-06.461233/effective.yml
[2017-08-10 13:33:06,475 DEBUG Engine] Requesting updates info: http://gettaurus.org/updates/?version=1.8.4.1401&installID=acde48001122
[2017-08-10 13:33:06,509 DEBUG Engine.Configuration] Dumping JSON config into /Users/narsi01/Desktop/JWC_SN/sel/2017-08-10_13-33-06.461233/effective.json
[2017-08-10 13:33:06,525 DEBUG Engine] New artifact filename: /Users/narsi01/Desktop/JWC_SN/sel/2017-08-10_13-33-06.461233/merged.yml
[2017-08-10 13:33:06,526 DEBUG root] Dumping YAML config into /Users/narsi01/Desktop/JWC_SN/sel/2017-08-10_13-33-06.461233/merged.yml
[2017-08-10 13:33:06,542 DEBUG Engine] New artifact filename: /Users/narsi01/Desktop/JWC_SN/sel/2017-08-10_13-33-06.461233/merged.json
[2017-08-10 13:33:06,542 DEBUG root] Dumping JSON config into /Users/narsi01/Desktop/JWC_SN/sel/2017-08-10_13-33-06.461233/merged.json
[2017-08-10 13:33:06,556 DEBUG Engine] Add existing artifact (move=False): stastaurusdemo.yml
[2017-08-10 13:33:06,557 DEBUG Engine] Copying stastaurusdemo.yml to /Users/narsi01/Desktop/JWC_SN/sel/2017-08-10_13-33-06.461233/stastaurusdemo.yml
[2017-08-10 13:33:06,571 DEBUG root] Closing log handler: /var/folders/t5/kg41spf56pz146ff1j739w358p9wh7/T/bzt_ej75Jg.log
[2017-08-10 13:33:06,597 DEBUG root] Switched writing logs to /Users/narsi01/Desktop/JWC_SN/sel/2017-08-10_13-33-06.461233/bzt.log
[2017-08-10 13:33:06,598 INFO Engine] Preparing...
[2017-08-10 13:33:06,598 DEBUG Engine] Module config: consolidator defaultdict(None, {'class': 'bzt.modules.aggregator.ConsolidatingAggregator'})
[2017-08-10 13:33:06,598 DEBUG root] Importing module: bzt.modules.aggregator
[2017-08-10 13:33:06,600 DEBUG root] Loading class: 'ConsolidatingAggregator' from <module 'bzt.modules.aggregator' from '/Library/Frameworks/Python.framework/Versions/2.7/lib/python2.7/site-packages/bzt/modules/aggregator.pyc'>
[2017-08-10 13:33:06,601 DEBUG Engine.consolidator] Exception in dehumanize_time(inf)
[2017-08-10 13:33:06,601 DEBUG Engine.consolidator] Buffer scaling setup: percentile 95.0 from [0.0, 50.0, 90.0, 95.0, 99.0, 99.9, 100.0] selected
[2017-08-10 13:33:06,601 DEBUG Engine] Module config: monitoring defaultdict(None, {'class': 'bzt.modules.monitoring.Monitoring'})
[2017-08-10 13:33:06,601 DEBUG root] Importing module: bzt.modules.monitoring
[2017-08-10 13:33:06,644 DEBUG root] Loading class: 'Monitoring' from <module 'bzt.modules.monitoring' from '/Library/Frameworks/Python.framework/Versions/2.7/lib/python2.7/site-packages/bzt/modules/monitoring.pyc'>
[2017-08-10 13:33:06,644 DEBUG Engine] Module config: local defaultdict(None, {'class': 'bzt.modules.provisioning.Local'})
[2017-08-10 13:33:06,644 DEBUG root] Importing module: bzt.modules.provisioning
[2017-08-10 13:33:06,644 DEBUG root] Loading class: 'Local' from <module 'bzt.modules.provisioning' from '/Library/Frameworks/Python.framework/Versions/2.7/lib/python2.7/site-packages/bzt/modules/provisioning.pyc'>
[2017-08-10 13:33:06,644 DEBUG Engine] Module config: selenium defaultdict(None, {'selenium-tools': defaultdict(None, {'junit': defaultdict(None, {'compile-target-java': 1.8})}), 'class': 'bzt.modules.selenium.SeleniumExecutor'})
[2017-08-10 13:33:06,644 DEBUG root] Importing module: bzt.modules.selenium
[2017-08-10 13:33:06,656 DEBUG easyprocess] version=0.2.3
[2017-08-10 13:33:06,658 DEBUG pyvirtualdisplay] version=0.2.1
[2017-08-10 13:33:06,659 DEBUG root] Loading class: 'SeleniumExecutor' from <module 'bzt.modules.selenium' from '/Library/Frameworks/Python.framework/Versions/2.7/lib/python2.7/site-packages/bzt/modules/selenium.pyc'>
[2017-08-10 13:33:06,659 DEBUG Engine.local] Preparing executor: selenium/4432352976
[2017-08-10 13:33:06,660 DEBUG Engine] New artifact filename: /Users/narsi01/Desktop/JWC_SN/sel/2017-08-10_13-33-06.461233/selenium_tests_report.ldjson
[2017-08-10 13:33:06,660 DEBUG Engine.selenium] Detected script type: junit
[2017-08-10 13:33:06,660 DEBUG Engine] Module config: junit defaultdict(None, {'class': 'bzt.modules.java.JUnitTester'})
[2017-08-10 13:33:06,660 DEBUG root] Importing module: bzt.modules.java
[2017-08-10 13:33:06,662 DEBUG root] Loading class: 'JUnitTester' from <module 'bzt.modules.java' from '/Library/Frameworks/Python.framework/Versions/2.7/lib/python2.7/site-packages/bzt/modules/java.pyc'>
[2017-08-10 13:33:06,662 DEBUG Engine.junit.TclLibrary] We don't need to check tcl library on this platform
[2017-08-10 13:33:06,662 DEBUG Engine.junit.JavaVM] Trying JavaVM: ['java', '-version']
[2017-08-10 13:33:06,853 DEBUG Engine.junit.JavaVM] JavaVM output: java version "1.8.0_121"
Java(TM) SE Runtime Environment (build 1.8.0_121-b13)
Java HotSpot(TM) 64-Bit Server VM (build 25.121-b13, mixed mode)

[2017-08-10 13:33:06,854 DEBUG Engine.junit.SeleniumServerJar] Selenium server path: /Users/narsi01/.bzt/selenium-taurus/selenium-server.jar
[2017-08-10 13:33:06,854 DEBUG bzt.utils] Executing shell: ['java', '-jar', '/Users/narsi01/.bzt/selenium-taurus/selenium-server.jar', '-help']
[2017-08-10 13:33:07,109 DEBUG Engine] Taurus updates info: {"latest":"1.9.4","needsUpgrade":true}
[2017-08-10 13:33:07,110 WARNING Engine] There is newer version of Taurus 1.9.4 available, consider upgrading. What's new: http://gettaurus.org/docs/Changelog/
[2017-08-10 13:33:07,140 DEBUG Engine.junit.SeleniumServerJar] Selenium server output: ("Usage: <main class> [options]\n  Options:\n    --version, -version\n       Displays the version and exits.\n       Default: false\n    -browserTimeout\n       <Integer> in seconds : number of seconds a browser session is allowed to\n       hang while a WebDriver command is running (example: driver.get(url)). If the\n       timeout is reached while a WebDriver command is still processing, the session\n       will quit. Minimum value is 60. An unspecified, zero, or negative value means\n       wait indefinitely.\n       Default: 0\n    -debug\n       <Boolean> : enables LogLevel.FINE.\n       Default: false\n    -jettyThreads, -jettyMaxThreads\n       <Integer> : max number of threads for Jetty. An unspecified, zero, or\n       negative value means the Jetty default value (200) will be used.\n    -log\n       <String> filename : the filename to use for logging. If omitted, will log\n       to STDOUT\n    -port\n       <Integer> : the port number the server will use.\n       Default: 4444\n    -role\n       <String> options are [hub], [node], or [standalone].\n       Default: standalone\n    -timeout, -sessionTimeout\n       <Integer> in seconds : Specifies the timeout before the server\n       automatically kills a session that hasn't had any activity in the last X seconds. The\n       test slot will then be released for another test to use. This is typically\n       used to take care of client crashes. For grid hub/node roles, cleanUpCycle\n       must also be set.\n       Default: 1800\n\n", None)
[2017-08-10 13:33:07,141 DEBUG Engine] New artifact filename: /Users/narsi01/Desktop/JWC_SN/sel/2017-08-10_13-33-06.461233/classes
[2017-08-10 13:33:07,141 DEBUG Engine] New artifact filename: /Users/narsi01/Desktop/JWC_SN/sel/2017-08-10_13-33-06.461233/runner.properties
[2017-08-10 13:33:07,352 DEBUG Engine.junit.JavaC] JavaC output: javac 1.8.0_121

[2017-08-10 13:33:07,352 DEBUG Engine.junit.TclLibrary] We don't need to check tcl library on this platform
[2017-08-10 13:33:07,352 DEBUG Engine.junit.JavaVM] Trying JavaVM: ['java', '-version']
[2017-08-10 13:33:07,477 DEBUG Engine.junit.JavaVM] JavaVM output: java version "1.8.0_121"
Java(TM) SE Runtime Environment (build 1.8.0_121-b13)
Java HotSpot(TM) 64-Bit Server VM (build 25.121-b13, mixed mode)

[2017-08-10 13:33:07,478 DEBUG Engine.junit.SeleniumServerJar] Selenium server path: /Users/narsi01/.bzt/selenium-taurus/selenium-server.jar
[2017-08-10 13:33:07,478 DEBUG bzt.utils] Executing shell: ['java', '-jar', '/Users/narsi01/.bzt/selenium-taurus/selenium-server.jar', '-help']
[2017-08-10 13:33:07,754 DEBUG Engine.junit.SeleniumServerJar] Selenium server output: ("Usage: <main class> [options]\n  Options:\n    --version, -version\n       Displays the version and exits.\n       Default: false\n    -browserTimeout\n       <Integer> in seconds : number of seconds a browser session is allowed to\n       hang while a WebDriver command is running (example: driver.get(url)). If the\n       timeout is reached while a WebDriver command is still processing, the session\n       will quit. Minimum value is 60. An unspecified, zero, or negative value means\n       wait indefinitely.\n       Default: 0\n    -debug\n       <Boolean> : enables LogLevel.FINE.\n       Default: false\n    -jettyThreads, -jettyMaxThreads\n       <Integer> : max number of threads for Jetty. An unspecified, zero, or\n       negative value means the Jetty default value (200) will be used.\n    -log\n       <String> filename : the filename to use for logging. If omitted, will log\n       to STDOUT\n    -port\n       <Integer> : the port number the server will use.\n       Default: 4444\n    -role\n       <String> options are [hub], [node], or [standalone].\n       Default: standalone\n    -timeout, -sessionTimeout\n       <Integer> in seconds : Specifies the timeout before the server\n       automatically kills a session that hasn't had any activity in the last X seconds. The\n       test slot will then be released for another test to use. This is typically\n       used to take care of client crashes. For grid hub/node roles, cleanUpCycle\n       must also be set.\n       Default: 1800\n\n", None)
[2017-08-10 13:33:07,754 DEBUG Engine.junit] Compiling .java files started
[2017-08-10 13:33:07,754 DEBUG Engine] New artifact filename: /Users/narsi01/Desktop/JWC_SN/sel/2017-08-10_13-33-06.461233/javac.out
[2017-08-10 13:33:07,755 DEBUG Engine] New artifact filename: /Users/narsi01/Desktop/JWC_SN/sel/2017-08-10_13-33-06.461233/javac.err
[2017-08-10 13:33:07,755 DEBUG Engine.junit] running javac: ['javac', '-source', '1.8', '-target', '1.8', '-d', '/Users/narsi01/Desktop/JWC_SN/sel/2017-08-10_13-33-06.461233/classes', '-cp', '/Users/narsi01/.bzt/selenium-taurus/tools/junit/hamcrest-core.jar:/Users/narsi01/.bzt/selenium-taurus/tools/junit/json.jar:/Users/narsi01/.bzt/selenium-taurus/selenium-server.jar:/Users/narsi01/.bzt/selenium-taurus/tools/junit/junit.jar:/Library/Frameworks/Python.framework/Versions/2.7/lib/python2.7/site-packages/bzt/resources/taurus-junit-1.0.jar', '/Users/narsi01/Desktop/JWC_SN/sel/StasTaurusDemo.java']
[2017-08-10 13:33:07,755 DEBUG bzt.utils] Executing shell: ['javac', '-source', '1.8', '-target', '1.8', '-d', '/Users/narsi01/Desktop/JWC_SN/sel/2017-08-10_13-33-06.461233/classes', '-cp', '/Users/narsi01/.bzt/selenium-taurus/tools/junit/hamcrest-core.jar:/Users/narsi01/.bzt/selenium-taurus/tools/junit/json.jar:/Users/narsi01/.bzt/selenium-taurus/selenium-server.jar:/Users/narsi01/.bzt/selenium-taurus/tools/junit/junit.jar:/Library/Frameworks/Python.framework/Versions/2.7/lib/python2.7/site-packages/bzt/resources/taurus-junit-1.0.jar', '/Users/narsi01/Desktop/JWC_SN/sel/StasTaurusDemo.java']
[2017-08-10 13:33:07,773 DEBUG Engine.junit] Compiling .java files...
[2017-08-10 13:33:08,775 INFO Engine.junit] Compiling .java files completed
[2017-08-10 13:33:08,775 DEBUG Engine.junit] Making .jar started
[2017-08-10 13:33:08,776 DEBUG bzt.utils] Executing shell: ['jar', '-cf', 'compiled.jar', '.']
[2017-08-10 13:33:08,798 DEBUG Engine.junit] Making jar file...
[2017-08-10 13:33:09,803 INFO Engine.junit] Making .jar file completed
[2017-08-10 13:33:09,804 DEBUG Engine] Module config: final-stats defaultdict(None, {'class': 'bzt.modules.reporting.FinalStatus'})
[2017-08-10 13:33:09,804 DEBUG root] Importing module: bzt.modules.reporting
[2017-08-10 13:33:09,879 DEBUG root] Loading class: 'FinalStatus' from <module 'bzt.modules.reporting' from '/Library/Frameworks/Python.framework/Versions/2.7/lib/python2.7/site-packages/bzt/modules/reporting.pyc'>
[2017-08-10 13:33:09,880 DEBUG Engine] Module config: console defaultdict(None, {'class': 'bzt.modules.console.ConsoleStatusReporter'})
[2017-08-10 13:33:09,880 DEBUG root] Importing module: bzt.modules.console
[2017-08-10 13:33:09,880 DEBUG root] Loading class: 'ConsoleStatusReporter' from <module 'bzt.modules.console' from '/Library/Frameworks/Python.framework/Versions/2.7/lib/python2.7/site-packages/bzt/modules/console.pyc'>
[2017-08-10 13:33:09,886 DEBUG Engine.Configuration] Dumping YAML config into /Users/narsi01/Desktop/JWC_SN/sel/2017-08-10_13-33-06.461233/effective.yml
[2017-08-10 13:33:09,919 DEBUG Engine.Configuration] Dumping JSON config into /Users/narsi01/Desktop/JWC_SN/sel/2017-08-10_13-33-06.461233/effective.json
[2017-08-10 13:33:09,933 INFO Engine] Starting...
[2017-08-10 13:33:09,933 DEBUG Engine] Startup <bzt.modules.monitoring.Monitoring object at 0x104bd8050>
[2017-08-10 13:33:09,933 DEBUG Engine] Startup <bzt.modules.aggregator.ConsolidatingAggregator object at 0x104ba8fd0>
[2017-08-10 13:33:09,933 DEBUG Engine] Startup <bzt.modules.reporting.FinalStatus object at 0x1083c5810>
[2017-08-10 13:33:09,934 DEBUG Engine] Startup <bzt.modules.console.ConsoleStatusReporter object at 0x1083e1350>
[2017-08-10 13:33:09,934 INFO Engine.console] Waiting for results...
[2017-08-10 13:33:09,934 DEBUG Engine] Startup <bzt.modules.provisioning.Local object at 0x104bd8b50>
[2017-08-10 13:33:09,934 DEBUG Engine.local] Delay setup for junit/bdm: 0(start-at) + 0(delay) = 0
[2017-08-10 13:33:09,936 DEBUG Engine.Configuration] Dumping YAML config into /Users/narsi01/Desktop/JWC_SN/sel/2017-08-10_13-33-06.461233/effective.yml
[2017-08-10 13:33:09,972 DEBUG Engine.Configuration] Dumping JSON config into /Users/narsi01/Desktop/JWC_SN/sel/2017-08-10_13-33-06.461233/effective.json
[2017-08-10 13:33:09,986 DEBUG root] Leveling down log file verbosity, use -v option to have DEBUG messages enabled
[2017-08-10 13:33:10,230 INFO Engine.console] Waiting for finish...
[2017-08-10 13:33:11,042 WARNING Engine] Please wait for graceful shutdown...
[2017-08-10 13:33:11,046 DEBUG root] Leveled up log file verbosity
[2017-08-10 13:33:11,046 INFO Engine] Shutting down...
[2017-08-10 13:33:11,050 DEBUG Engine.local] Shutdown junit/bdm
[2017-08-10 13:33:11,050 DEBUG Engine.selenium] Selenium tests ran for 1.06444811821 seconds
[2017-08-10 13:33:11,051 DEBUG Engine.console] Restoring logging streams, [<logging.StreamHandler object at 0x104bbd090>]/{<logging.StreamHandler object at 0x104bbd090>: <open file '<stdout>', mode 'w' at 0x1002ad150>}
[2017-08-10 13:33:11,052 DEBUG Engine.Configuration] Dumping YAML config into /Users/narsi01/Desktop/JWC_SN/sel/2017-08-10_13-33-06.461233/effective.yml
[2017-08-10 13:33:11,086 DEBUG Engine.Configuration] Dumping JSON config into /Users/narsi01/Desktop/JWC_SN/sel/2017-08-10_13-33-06.461233/effective.json
[2017-08-10 13:33:11,100 INFO Engine] Post-processing...
[2017-08-10 13:33:11,100 DEBUG Engine.local] Post-process junit/bdm
[2017-08-10 13:33:11,101 DEBUG LoadSamplesReader] Buffer len: 1
[2017-08-10 13:33:11,101 DEBUG LoadSamplesReader] Aggregating: 1502397190
[2017-08-10 13:33:11,101 DEBUG Engine.consolidator] Consolidator buffer[1]: [1502397190]
[2017-08-10 13:33:11,101 DEBUG Engine.consolidator] Merging into 1502397190
[2017-08-10 13:33:11,102 DEBUG Engine.consolidator] Merging 1502397190
[2017-08-10 13:33:11,104 DEBUG Engine.consolidator] Processed datapoint: 1502397190/None
[2017-08-10 13:33:11,104 INFO Engine.final-stats] Test duration: 0:00:02
[2017-08-10 13:33:11,104 INFO Engine.final-stats] Samples count: 1, 100.00% failures
[2017-08-10 13:33:11,104 INFO Engine.final-stats] Average times: total 0.074, latency 0.000, connect 0.000
[2017-08-10 13:33:11,104 INFO Engine.final-stats] Percentile 0.0%: 0.074
[2017-08-10 13:33:11,105 INFO Engine.final-stats] Percentile 50.0%: 0.074
[2017-08-10 13:33:11,105 INFO Engine.final-stats] Percentile 90.0%: 0.074
[2017-08-10 13:33:11,105 INFO Engine.final-stats] Percentile 95.0%: 0.074
[2017-08-10 13:33:11,105 INFO Engine.final-stats] Percentile 99.0%: 0.074
[2017-08-10 13:33:11,105 INFO Engine.final-stats] Percentile 99.9%: 0.074
[2017-08-10 13:33:11,105 INFO Engine.final-stats] Percentile 100.0%: 0.074
[2017-08-10 13:33:11,105 DEBUG Engine.console] No logger_handler or orig_stream was detected
[2017-08-10 13:33:11,107 DEBUG Engine.Configuration] Dumping YAML config into /Users/narsi01/Desktop/JWC_SN/sel/2017-08-10_13-33-06.461233/effective.yml
[2017-08-10 13:33:11,140 DEBUG Engine.Configuration] Dumping JSON config into /Users/narsi01/Desktop/JWC_SN/sel/2017-08-10_13-33-06.461233/effective.json
[2017-08-10 13:33:11,154 INFO root] Artifacts dir: /Users/narsi01/Desktop/JWC_SN/sel/2017-08-10_13-33-06.461233
[2017-08-10 13:33:11,155 INFO root] Done performing with code: 0
[2017-08-10 13:33:11,155 DEBUG root] Closing log handler: /Users/narsi01/Desktop/JWC_SN/sel/2017-08-10_13-33-06.461233/bzt.log
