[2018-07-27 09:22:26,151 INFO root] Taurus CLI Tool v1.12.1
[2018-07-27 09:22:26,151 DEBUG root] Command-line options: {'verbose': None, 'no_system_configs': None, 'quiet': None, 'log': '/var/folders/t5/kg41spf56pz146ff1j739w358p9wh7/T/bzt_tki_7B.log', 'option': None, 'aliases': ['cloud']}
[2018-07-27 09:22:26,151 DEBUG root] Python: CPython 2.7.15
[2018-07-27 09:22:26,151 DEBUG root] OS: ('Darwin', 'narsi01mac1752', '17.6.0', 'Darwin Kernel Version 17.6.0: Tue May  8 15:22:16 PDT 2018; root:xnu-4570.61.1~1/RELEASE_X86_64', 'x86_64', 'i386')
[2018-07-27 09:22:26,151 INFO root] Starting with configs: ['CICD_Taurus_SLA.yml']
[2018-07-27 09:22:26,152 DEBUG root] Using personal config: /Users/narsi01/.bzt-rc
[2018-07-27 09:22:26,152 INFO Engine] Configuring...
[2018-07-27 09:22:26,152 DEBUG Engine] No machine configs dir: /usr/local/Cellar/bzt/1.12.1/libexec/bin/../etc/bzt.d
[2018-07-27 09:22:26,152 DEBUG Engine] Base configs list: ['/usr/local/Cellar/bzt/1.12.1/libexec/lib/python2.7/site-packages/bzt/resources/base-config.yml']
[2018-07-27 09:22:26,152 DEBUG Engine.Configuration] Configs: ['/usr/local/Cellar/bzt/1.12.1/libexec/lib/python2.7/site-packages/bzt/resources/base-config.yml']
[2018-07-27 09:22:26,153 DEBUG Engine.Configuration] Reading /usr/local/Cellar/bzt/1.12.1/libexec/lib/python2.7/site-packages/bzt/resources/base-config.yml as YAML
[2018-07-27 09:22:26,183 DEBUG Engine] User configs list: ['/Users/narsi01/.bzt-rc', 'CICD_Taurus_SLA.yml']
[2018-07-27 09:22:26,183 DEBUG Engine.Configuration] Configs: ['/Users/narsi01/.bzt-rc', 'CICD_Taurus_SLA.yml']
[2018-07-27 09:22:26,184 DEBUG Engine.Configuration] Reading /Users/narsi01/.bzt-rc as YAML
[2018-07-27 09:22:26,185 DEBUG Engine.Configuration] Reading CICD_Taurus_SLA.yml as YAML
[2018-07-27 09:22:26,204 DEBUG Engine.Configuration] Configs: ['/Users/narsi01/.bzt-rc', 'CICD_Taurus_SLA.yml']
[2018-07-27 09:22:26,204 DEBUG Engine.Configuration] Reading /Users/narsi01/.bzt-rc as YAML
[2018-07-27 09:22:26,205 DEBUG Engine.Configuration] Reading CICD_Taurus_SLA.yml as YAML
[2018-07-27 09:22:26,236 DEBUG Engine] Requesting updates info: http://gettaurus.org/updates/?version=1.12.1&installID=macos-784f437f78c0
[2018-07-27 09:22:26,236 DEBUG HTTPClient] Making HTTP request GET http://gettaurus.org/updates/?version=1.12.1&installID=macos-784f437f78c0
[2018-07-27 09:22:26,236 INFO Engine] Artifacts dir: /Users/narsi01/Desktop/JWC_SN/WKS/WKS/2018-07-27_09-22-26.236558
[2018-07-27 09:22:26,245 DEBUG Engine] New artifact filename: /Users/narsi01/Desktop/JWC_SN/WKS/WKS/2018-07-27_09-22-26.236558/effective
[2018-07-27 09:22:26,250 DEBUG urllib3.connectionpool] Starting new HTTP connection (1): gettaurus.org:80
[2018-07-27 09:22:26,250 DEBUG Engine.Configuration] Dumping YAML config into /Users/narsi01/Desktop/JWC_SN/WKS/WKS/2018-07-27_09-22-26.236558/effective.yml
[2018-07-27 09:22:26,295 DEBUG Engine.Configuration] Dumping JSON config into /Users/narsi01/Desktop/JWC_SN/WKS/WKS/2018-07-27_09-22-26.236558/effective.json
[2018-07-27 09:22:26,296 DEBUG Engine] New artifact filename: /Users/narsi01/Desktop/JWC_SN/WKS/WKS/2018-07-27_09-22-26.236558/merged.yml
[2018-07-27 09:22:26,297 DEBUG Engine.Configuration] Dumping YAML config into /Users/narsi01/Desktop/JWC_SN/WKS/WKS/2018-07-27_09-22-26.236558/merged.yml
[2018-07-27 09:22:26,312 DEBUG Engine] New artifact filename: /Users/narsi01/Desktop/JWC_SN/WKS/WKS/2018-07-27_09-22-26.236558/merged.json
[2018-07-27 09:22:26,313 DEBUG Engine.Configuration] Dumping JSON config into /Users/narsi01/Desktop/JWC_SN/WKS/WKS/2018-07-27_09-22-26.236558/merged.json
[2018-07-27 09:22:26,314 DEBUG Engine] Add existing artifact (move=False): CICD_Taurus_SLA.yml
[2018-07-27 09:22:26,314 DEBUG Engine] Copying CICD_Taurus_SLA.yml to /Users/narsi01/Desktop/JWC_SN/WKS/WKS/2018-07-27_09-22-26.236558/CICD_Taurus_SLA.yml
[2018-07-27 09:22:26,315 DEBUG Engine.Environment] Replace 'TAURUS_ARTIFACTS_DIR' in environment
[2018-07-27 09:22:26,316 DEBUG root] Closing log handler: /var/folders/t5/kg41spf56pz146ff1j739w358p9wh7/T/bzt_tki_7B.log
[2018-07-27 09:22:26,343 DEBUG root] Switched writing logs to /Users/narsi01/Desktop/JWC_SN/WKS/WKS/2018-07-27_09-22-26.236558/bzt.log
[2018-07-27 09:22:26,344 DEBUG root] Linting config
[2018-07-27 09:22:26,351 INFO Engine] Preparing...
[2018-07-27 09:22:26,352 DEBUG Engine] Module config: consolidator defaultdict(None, {'class': u'bzt.modules.aggregator.ConsolidatingAggregator'})
[2018-07-27 09:22:26,352 DEBUG root] Importing module: bzt.modules.aggregator
[2018-07-27 09:22:26,536 DEBUG root] Loading class: 'ConsolidatingAggregator' from <module 'bzt.modules.aggregator' from '/usr/local/Cellar/bzt/1.12.1/libexec/lib/python2.7/site-packages/bzt/modules/aggregator.pyc'>
[2018-07-27 09:22:26,536 DEBUG Engine.consolidator] Buffer scaling setup: percentile 95.0 from [0.0, 50.0, 90.0, 95.0, 99.0, 99.9, 100.0] selected
[2018-07-27 09:22:26,536 DEBUG Engine] Module config: monitoring defaultdict(None, {'class': u'bzt.modules.monitoring.Monitoring'})
[2018-07-27 09:22:26,537 DEBUG root] Importing module: bzt.modules.monitoring
[2018-07-27 09:22:26,539 DEBUG root] Loading class: 'Monitoring' from <module 'bzt.modules.monitoring' from '/usr/local/Cellar/bzt/1.12.1/libexec/lib/python2.7/site-packages/bzt/modules/monitoring.pyc'>
[2018-07-27 09:22:26,539 DEBUG Engine.monitoring] Should not run because of non-matching prov: cloud != local
[2018-07-27 09:22:26,539 DEBUG Engine] Module config: cloud defaultdict(None, {'class': u'bzt.modules.blazemeter.CloudProvisioning'})
[2018-07-27 09:22:26,539 DEBUG root] Importing module: bzt.modules.blazemeter
[2018-07-27 09:22:26,556 DEBUG easyprocess] version=0.2.3
[2018-07-27 09:22:26,560 DEBUG pyvirtualdisplay] version=0.2.1
[2018-07-27 09:22:26,562 DEBUG root] Loading class: 'CloudProvisioning' from <module 'bzt.modules.blazemeter' from '/usr/local/Cellar/bzt/1.12.1/libexec/lib/python2.7/site-packages/bzt/modules/blazemeter.pyc'>
[2018-07-27 09:22:26,563 DEBUG Engine] Module config: blazemeter defaultdict(None, {'test': u'CICD Taurus SLA', 'token': '********', 'class': u'bzt.modules.blazemeter.BlazeMeterUploader'})
[2018-07-27 09:22:26,563 DEBUG root] Importing module: bzt.modules.blazemeter
[2018-07-27 09:22:26,563 DEBUG root] Loading class: 'BlazeMeterUploader' from <module 'bzt.modules.blazemeter' from '/usr/local/Cellar/bzt/1.12.1/libexec/lib/python2.7/site-packages/bzt/modules/blazemeter.pyc'>
[2018-07-27 09:22:26,563 DEBUG Engine.cloud] Installing http client
[2018-07-27 09:22:26,563 DEBUG Engine.cloud] Request: GET https://a.blazemeter.com/api/v4/accounts None
[2018-07-27 09:22:26,563 DEBUG HTTPClient] Making HTTP request GET https://a.blazemeter.com/api/v4/accounts
[2018-07-27 09:22:26,586 DEBUG urllib3.connectionpool] Starting new HTTPS connection (1): a.blazemeter.com:443
[2018-07-27 09:22:26,923 DEBUG urllib3.connectionpool] http://gettaurus.org:80 "GET /updates/?version=1.12.1&installID=macos-784f437f78c0 HTTP/1.1" 200 60
[2018-07-27 09:22:26,924 DEBUG Engine] Taurus updates info: {u'needsUpgrade': False, u'latest': u'1.12.1'}
[2018-07-27 09:22:26,924 DEBUG Engine] Installation is up-to-date
[2018-07-27 09:22:27,174 DEBUG urllib3.connectionpool] https://a.blazemeter.com:443 "GET /api/v4/accounts HTTP/1.1" 200 3450
[2018-07-27 09:22:27,175 DEBUG Engine.cloud] Response [200]: {
    "limit": 10,
    "skip": 0,
    "total": 4,
    "hidden": 0,
    "api_version": 4,
    "error": null,
    "result": [
        {
            "id": 100305,
            "name": "Account",
            "thumbnailUrl": null,
            "salesforceId": nul
[2018-07-27 09:22:27,177 DEBUG Engine.cloud] Request: GET https://a.blazemeter.com/api/v4/workspaces?accountId=100305&enabled=true&limit=100 None
[2018-07-27 09:22:27,177 DEBUG HTTPClient] Making HTTP request GET https://a.blazemeter.com/api/v4/workspaces?accountId=100305&enabled=true&limit=100
[2018-07-27 09:22:27,403 DEBUG urllib3.connectionpool] https://a.blazemeter.com:443 "GET /api/v4/workspaces?accountId=100305&enabled=true&limit=100 HTTP/1.1" 200 127
[2018-07-27 09:22:27,404 DEBUG Engine.cloud] Response [200]: {
    "limit": 100,
    "skip": 0,
    "total": 0,
    "hidden": 0,
    "api_version": 4,
    "error": null,
    "result": []
}
[2018-07-27 09:22:27,404 DEBUG Engine.cloud] Request: GET https://a.blazemeter.com/api/v4/workspaces?accountId=130965&enabled=true&limit=100 None
[2018-07-27 09:22:27,404 DEBUG HTTPClient] Making HTTP request GET https://a.blazemeter.com/api/v4/workspaces?accountId=130965&enabled=true&limit=100
[2018-07-27 09:22:27,674 DEBUG urllib3.connectionpool] https://a.blazemeter.com:443 "GET /api/v4/workspaces?accountId=130965&enabled=true&limit=100 HTTP/1.1" 200 2866
[2018-07-27 09:22:27,675 DEBUG Engine.cloud] Response [200]: {
    "limit": 100,
    "skip": 0,
    "total": 4,
    "hidden": 0,
    "api_version": 4,
    "error": null,
    "result": [
        {
            "id": 124387,
            "name": "Klaus Workspace",
            "userId": 345248,
            "created": 148
[2018-07-27 09:22:27,676 DEBUG Engine.cloud] Request: GET https://a.blazemeter.com/api/v4/workspaces?accountId=21166&enabled=true&limit=100 None
[2018-07-27 09:22:27,676 DEBUG HTTPClient] Making HTTP request GET https://a.blazemeter.com/api/v4/workspaces?accountId=21166&enabled=true&limit=100
[2018-07-27 09:22:27,915 DEBUG urllib3.connectionpool] https://a.blazemeter.com:443 "GET /api/v4/workspaces?accountId=21166&enabled=true&limit=100 HTTP/1.1" 200 1482
[2018-07-27 09:22:27,916 DEBUG Engine.cloud] Response [200]: {
    "limit": 100,
    "skip": 0,
    "total": 2,
    "hidden": 0,
    "api_version": 4,
    "error": null,
    "result": [
        {
            "id": 7199,
            "name": "CA SE Workspace",
            "userId": 307773,
            "created": 14775
[2018-07-27 09:22:27,917 DEBUG Engine.cloud] Request: GET https://a.blazemeter.com/api/v4/workspaces?accountId=40241&enabled=true&limit=100 None
[2018-07-27 09:22:27,917 DEBUG HTTPClient] Making HTTP request GET https://a.blazemeter.com/api/v4/workspaces?accountId=40241&enabled=true&limit=100
[2018-07-27 09:22:28,131 DEBUG urllib3.connectionpool] https://a.blazemeter.com:443 "GET /api/v4/workspaces?accountId=40241&enabled=true&limit=100 HTTP/1.1" 200 2191
[2018-07-27 09:22:28,132 DEBUG Engine.cloud] Response [200]: {
    "limit": 100,
    "skip": 0,
    "total": 3,
    "hidden": 0,
    "api_version": 4,
    "error": null,
    "result": [
        {
            "id": 509,
            "name": "Customer Demo Org",
            "userId": 86033,
            "created": 14419
[2018-07-27 09:22:28,134 DEBUG Engine] Module config: jmeter defaultdict(None, {'class': u'bzt.modules.jmeter.JMeterExecutor', 'protocol-handlers': defaultdict(None, {'http': u'bzt.jmx.http.HTTPProtocolHandler'}), 'properties': defaultdict(None, {'jmeter.save.saveservice.autoflush': u'true', 'jmeter.save.saveservice.connect_time': u'true', 'summariser.name': u'', 'jmeterengine.force.system.exit': u'true'}), 'plugins': [u'jpgc-casutg', u'jpgc-dummy', u'jpgc-ffw', u'jpgc-fifo', u'jpgc-functions', u'jpgc-json', u'jpgc-perfmon', u'jpgc-prmctl', u'jpgc-tst']})
[2018-07-27 09:22:28,134 DEBUG root] Importing module: bzt.modules.jmeter
[2018-07-27 09:22:28,148 DEBUG root] Loading class: 'JMeterExecutor' from <module 'bzt.modules.jmeter' from '/usr/local/Cellar/bzt/1.12.1/libexec/lib/python2.7/site-packages/bzt/modules/jmeter.pyc'>
[2018-07-27 09:22:28,149 DEBUG Engine.cloud.ProjectFinder] Parsed test link: None
[2018-07-27 09:22:28,150 DEBUG Engine.cloud] Request: GET https://a.blazemeter.com/api/v4/user None
[2018-07-27 09:22:28,150 DEBUG HTTPClient] Making HTTP request GET https://a.blazemeter.com/api/v4/user
[2018-07-27 09:22:28,383 DEBUG urllib3.connectionpool] https://a.blazemeter.com:443 "GET /api/v4/user HTTP/1.1" 200 2632
[2018-07-27 09:22:28,383 DEBUG Engine.cloud] Response [200]: {
    "api_version": 4,
    "error": null,
    "result": {
        "id": 106819,
        "email": "sid@blazemeter.com",
        "access": 1532708547,
        "login": 1532530944,
        "firstName": "Sid",
        "lastName": "Narang",
        "timezone":
[2018-07-27 09:22:28,384 DEBUG Engine.cloud] Request: GET https://a.blazemeter.com/api/v4/accounts None
[2018-07-27 09:22:28,384 DEBUG HTTPClient] Making HTTP request GET https://a.blazemeter.com/api/v4/accounts
[2018-07-27 09:22:28,676 DEBUG urllib3.connectionpool] https://a.blazemeter.com:443 "GET /api/v4/accounts HTTP/1.1" 200 3450
[2018-07-27 09:22:28,676 DEBUG Engine.cloud] Response [200]: {
    "limit": 10,
    "skip": 0,
    "total": 4,
    "hidden": 0,
    "api_version": 4,
    "error": null,
    "result": [
        {
            "id": 100305,
            "name": "Account",
            "thumbnailUrl": null,
            "salesforceId": nul
[2018-07-27 09:22:28,677 DEBUG Engine.cloud.ProjectFinder] Using default account: {u'updated': 1496763432, u'disclaimerMessage': None, u'appUrl': u'https://a.blazemeter.com', u'inviteUrl': u'https://a.blazemeter.com/app/sign-up', u'owner': {u'displayName': u'Michael Redman', u'id': 86033, u'email': u'mike@blazemeter.com'}, u'membersCount': 6, u'thumbnailUrl': u'', u'inviteContactEmail': None, u'apiKeyExpiration': None, u'workspacesCount': 10, u'name': u'My SN', u'created': 1482649492, u'legacyApiKeysDisabled': True, u'totangoId': None, u'id': 40241, u'inviteContactName': None, u'salesforceId': None, u'sessionDelayedStart': 180}
[2018-07-27 09:22:28,677 DEBUG Engine.cloud] Request: GET https://a.blazemeter.com/api/v4/workspaces?accountId=40241&enabled=true&limit=100 None
[2018-07-27 09:22:28,677 DEBUG HTTPClient] Making HTTP request GET https://a.blazemeter.com/api/v4/workspaces?accountId=40241&enabled=true&limit=100
[2018-07-27 09:22:28,912 DEBUG urllib3.connectionpool] https://a.blazemeter.com:443 "GET /api/v4/workspaces?accountId=40241&enabled=true&limit=100 HTTP/1.1" 200 2191
[2018-07-27 09:22:28,913 DEBUG Engine.cloud] Response [200]: {
    "limit": 100,
    "skip": 0,
    "total": 3,
    "hidden": 0,
    "api_version": 4,
    "error": null,
    "result": [
        {
            "id": 509,
            "name": "Customer Demo Org",
            "userId": 86033,
            "created": 14419
[2018-07-27 09:22:28,914 DEBUG Engine.cloud.ProjectFinder] Using first workspace: {u'updated': 1482649488, u'name': u"Sid Narang's Workspace", u'created': 1482649488, u'enabled': True, u'performanceLabsEnabled': False, u'userId': 106819, u'dedicatedIpsEnabled': True, u'privateLocationsEnabled': True, u'owner': {u'displayName': u'Sid Narang', u'id': 106819, u'email': u'sid@blazemeter.com'}, u'membersCount': 1, u'accountId': 40241, u'id': 31694, u'allowance': {u'amount': 1000000, u'type': u'vuh'}}
[2018-07-27 09:22:28,914 DEBUG Engine.cloud] Request: GET https://a.blazemeter.com/api/v4/user None
[2018-07-27 09:22:28,914 DEBUG HTTPClient] Making HTTP request GET https://a.blazemeter.com/api/v4/user
[2018-07-27 09:22:29,124 DEBUG urllib3.connectionpool] https://a.blazemeter.com:443 "GET /api/v4/user HTTP/1.1" 200 2632
[2018-07-27 09:22:29,125 DEBUG Engine.cloud] Response [200]: {
    "api_version": 4,
    "error": null,
    "result": {
        "id": 106819,
        "email": "sid@blazemeter.com",
        "access": 1532708547,
        "login": 1532530944,
        "firstName": "Sid",
        "lastName": "Narang",
        "timezone":
[2018-07-27 09:22:29,125 DEBUG Engine.cloud.ProjectFinder] Looking for default project: 74163
[2018-07-27 09:22:29,125 DEBUG Engine.cloud] Request: GET https://a.blazemeter.com/api/v4/projects?workspaceId=124387 None
[2018-07-27 09:22:29,125 DEBUG HTTPClient] Making HTTP request GET https://a.blazemeter.com/api/v4/projects?workspaceId=124387
[2018-07-27 09:22:29,358 DEBUG urllib3.connectionpool] https://a.blazemeter.com:443 "GET /api/v4/projects?workspaceId=124387 HTTP/1.1" 200 1864
[2018-07-27 09:22:29,358 DEBUG Engine.cloud] Response [200]: {
    "limit": 10,
    "skip": 0,
    "total": 6,
    "hidden": 0,
    "api_version": 4,
    "error": null,
    "result": [
        {
            "id": 168940,
            "name": "Default project",
            "userId": 345248,
            "description": 
[2018-07-27 09:22:29,359 DEBUG Engine.cloud] Request: GET https://a.blazemeter.com/api/v4/projects?workspaceId=137782 None
[2018-07-27 09:22:29,359 DEBUG HTTPClient] Making HTTP request GET https://a.blazemeter.com/api/v4/projects?workspaceId=137782
[2018-07-27 09:22:29,561 DEBUG urllib3.connectionpool] https://a.blazemeter.com:443 "GET /api/v4/projects?workspaceId=137782 HTTP/1.1" 200 2995
[2018-07-27 09:22:29,563 DEBUG Engine.cloud] Response [200]: {
    "limit": 10,
    "skip": 0,
    "total": 24,
    "hidden": 0,
    "api_version": 4,
    "error": null,
    "result": [
        {
            "id": 184355,
            "name": "Default project",
            "userId": null,
            "description": n
[2018-07-27 09:22:29,563 DEBUG Engine.cloud] Request: GET https://a.blazemeter.com/api/v4/projects?workspaceId=161580 None
[2018-07-27 09:22:29,563 DEBUG HTTPClient] Making HTTP request GET https://a.blazemeter.com/api/v4/projects?workspaceId=161580
[2018-07-27 09:22:29,792 DEBUG urllib3.connectionpool] https://a.blazemeter.com:443 "GET /api/v4/projects?workspaceId=161580 HTTP/1.1" 200 410
[2018-07-27 09:22:29,793 DEBUG Engine.cloud] Response [200]: {
    "limit": 10,
    "skip": 0,
    "total": 1,
    "hidden": 0,
    "api_version": 4,
    "error": null,
    "result": [
        {
            "id": 211804,
            "name": "Default project",
            "userId": null,
            "description": nu
[2018-07-27 09:22:29,794 DEBUG Engine.cloud] Request: GET https://a.blazemeter.com/api/v4/projects?workspaceId=165145 None
[2018-07-27 09:22:29,794 DEBUG HTTPClient] Making HTTP request GET https://a.blazemeter.com/api/v4/projects?workspaceId=165145
[2018-07-27 09:22:29,996 DEBUG urllib3.connectionpool] https://a.blazemeter.com:443 "GET /api/v4/projects?workspaceId=165145 HTTP/1.1" 200 411
[2018-07-27 09:22:29,997 DEBUG Engine.cloud] Response [200]: {
    "limit": 10,
    "skip": 0,
    "total": 1,
    "hidden": 0,
    "api_version": 4,
    "error": null,
    "result": [
        {
            "id": 215916,
            "name": "Default project",
            "userId": null,
            "description": nu
[2018-07-27 09:22:29,997 DEBUG Engine.cloud] Request: GET https://a.blazemeter.com/api/v4/projects?workspaceId=7199 None
[2018-07-27 09:22:29,997 DEBUG HTTPClient] Making HTTP request GET https://a.blazemeter.com/api/v4/projects?workspaceId=7199
[2018-07-27 09:22:30,214 DEBUG urllib3.connectionpool] https://a.blazemeter.com:443 "GET /api/v4/projects?workspaceId=7199 HTTP/1.1" 200 2922
[2018-07-27 09:22:30,215 DEBUG Engine.cloud] Response [200]: {
    "limit": 10,
    "skip": 0,
    "total": 16,
    "hidden": 0,
    "api_version": 4,
    "error": null,
    "result": [
        {
            "id": 167099,
            "name": "APM",
            "userId": null,
            "description": "JMeter with 
[2018-07-27 09:22:30,216 DEBUG Engine.cloud] Request: GET https://a.blazemeter.com/api/v4/projects?workspaceId=133217 None
[2018-07-27 09:22:30,216 DEBUG HTTPClient] Making HTTP request GET https://a.blazemeter.com/api/v4/projects?workspaceId=133217
[2018-07-27 09:22:30,431 DEBUG urllib3.connectionpool] https://a.blazemeter.com:443 "GET /api/v4/projects?workspaceId=133217 HTTP/1.1" 200 1614
[2018-07-27 09:22:30,432 DEBUG Engine.cloud] Response [200]: {
    "limit": 10,
    "skip": 0,
    "total": 5,
    "hidden": 0,
    "api_version": 4,
    "error": null,
    "result": [
        {
            "id": 201589,
            "name": "API - Run As Functional",
            "userId": null,
            "descript
[2018-07-27 09:22:30,432 DEBUG Engine.cloud] Request: GET https://a.blazemeter.com/api/v4/projects?workspaceId=509 None
[2018-07-27 09:22:30,432 DEBUG HTTPClient] Making HTTP request GET https://a.blazemeter.com/api/v4/projects?workspaceId=509
[2018-07-27 09:22:30,653 DEBUG urllib3.connectionpool] https://a.blazemeter.com:443 "GET /api/v4/projects?workspaceId=509 HTTP/1.1" 200 672
[2018-07-27 09:22:30,654 DEBUG Engine.cloud] Response [200]: {
    "limit": 10,
    "skip": 0,
    "total": 2,
    "hidden": 0,
    "api_version": 4,
    "error": null,
    "result": [
        {
            "id": 41932,
            "name": "Production Test",
            "userId": 106819,
            "description": "
[2018-07-27 09:22:30,654 DEBUG Engine.cloud] Request: GET https://a.blazemeter.com/api/v4/projects?workspaceId=3130 None
[2018-07-27 09:22:30,654 DEBUG HTTPClient] Making HTTP request GET https://a.blazemeter.com/api/v4/projects?workspaceId=3130
[2018-07-27 09:22:30,855 DEBUG urllib3.connectionpool] https://a.blazemeter.com:443 "GET /api/v4/projects?workspaceId=3130 HTTP/1.1" 200 406
[2018-07-27 09:22:30,856 DEBUG Engine.cloud] Response [200]: {
    "limit": 10,
    "skip": 0,
    "total": 1,
    "hidden": 0,
    "api_version": 4,
    "error": null,
    "result": [
        {
            "id": 43759,
            "name": "Perf Labs Test",
            "userId": 106819,
            "description": ""
[2018-07-27 09:22:30,856 DEBUG Engine.cloud] Request: GET https://a.blazemeter.com/api/v4/projects?workspaceId=31694 None
[2018-07-27 09:22:30,856 DEBUG HTTPClient] Making HTTP request GET https://a.blazemeter.com/api/v4/projects?workspaceId=31694
[2018-07-27 09:22:31,089 DEBUG urllib3.connectionpool] https://a.blazemeter.com:443 "GET /api/v4/projects?workspaceId=31694 HTTP/1.1" 200 2931
[2018-07-27 09:22:31,090 DEBUG Engine.cloud] Response [200]: {
    "limit": 10,
    "skip": 0,
    "total": 10,
    "hidden": 0,
    "api_version": 4,
    "error": null,
    "result": [
        {
            "id": 61465,
            "name": "AWS 2016",
            "userId": 106819,
            "description": "",
   
[2018-07-27 09:22:31,091 DEBUG Engine.cloud] Request: GET https://a.blazemeter.com/api/v4/multi-tests?projectId=74163&name=CICD+Taurus+SLA None
[2018-07-27 09:22:31,091 DEBUG HTTPClient] Making HTTP request GET https://a.blazemeter.com/api/v4/multi-tests?projectId=74163&name=CICD+Taurus+SLA
[2018-07-27 09:22:31,301 DEBUG urllib3.connectionpool] https://a.blazemeter.com:443 "GET /api/v4/multi-tests?projectId=74163&name=CICD+Taurus+SLA HTTP/1.1" 200 126
[2018-07-27 09:22:31,302 DEBUG Engine.cloud] Response [200]: {
    "limit": 10,
    "skip": 0,
    "total": 0,
    "hidden": 0,
    "api_version": 4,
    "error": null,
    "result": []
}
[2018-07-27 09:22:31,302 DEBUG Engine.cloud] Request: GET https://a.blazemeter.com/api/v4/tests?projectId=74163&name=CICD+Taurus+SLA None
[2018-07-27 09:22:31,303 DEBUG HTTPClient] Making HTTP request GET https://a.blazemeter.com/api/v4/tests?projectId=74163&name=CICD+Taurus+SLA
[2018-07-27 09:22:31,542 DEBUG urllib3.connectionpool] https://a.blazemeter.com:443 "GET /api/v4/tests?projectId=74163&name=CICD+Taurus+SLA HTTP/1.1" 200 1890
[2018-07-27 09:22:31,542 DEBUG Engine.cloud] Response [200]: {
    "limit": 10,
    "skip": 0,
    "total": 2,
    "hidden": 0,
    "api_version": 4,
    "error": null,
    "result": [
        {
            "id": 6226039,
            "name": "CICD Taurus SLA",
            "isNewTest": true,
            "userId": 106
[2018-07-27 09:22:31,543 DEBUG Engine.cloud.ProjectFinder] Detected test type: standard
[2018-07-27 09:22:31,544 DEBUG Engine.cloud] Request: GET https://a.blazemeter.com/api/v4/workspaces/31694 None
[2018-07-27 09:22:31,544 DEBUG HTTPClient] Making HTTP request GET https://a.blazemeter.com/api/v4/workspaces/31694
[2018-07-27 09:22:31,854 DEBUG urllib3.connectionpool] https://a.blazemeter.com:443 "GET /api/v4/workspaces/31694 HTTP/1.1" 200 None
[2018-07-27 09:22:31,951 DEBUG Engine.cloud] Response [200]: {
    "api_version": 4,
    "error": null,
    "result": {
        "id": 31694,
        "name": "Sid Narang's Workspace",
        "userId": 106819,
        "created": 1482649488,
        "updated": 1482649488,
        "enabled": true,
        "dedicatedIps
[2018-07-27 09:22:31,970 DEBUG Engine.cloud.ProjectFinder.CloudTaurusTest] Default location None not found
[2018-07-27 09:22:31,971 DEBUG Engine.cloud] All resource files are: []
[2018-07-27 09:22:31,971 DEBUG Engine.cloud] Replace file names in config: [] with []
[2018-07-27 09:22:31,972 DEBUG Engine] New artifact filename: /Users/narsi01/Desktop/JWC_SN/WKS/WKS/2018-07-27_09-22-26.236558/cloud
[2018-07-27 09:22:31,973 DEBUG root] Dumping YAML config into /Users/narsi01/Desktop/JWC_SN/WKS/WKS/2018-07-27_09-22-26.236558/cloud.yml
[2018-07-27 09:22:31,984 DEBUG root] Dumping JSON config into /Users/narsi01/Desktop/JWC_SN/WKS/WKS/2018-07-27_09-22-26.236558/cloud.json
[2018-07-27 09:22:31,985 DEBUG Engine.cloud] Request: GET https://a.blazemeter.com/api/v4/web/elfinder/6226039?cmd=open&target=s1_Lw None
[2018-07-27 09:22:31,985 DEBUG HTTPClient] Making HTTP request GET https://a.blazemeter.com/api/v4/web/elfinder/6226039?cmd=open&target=s1_Lw
[2018-07-27 09:22:32,376 DEBUG urllib3.connectionpool] https://a.blazemeter.com:443 "GET /api/v4/web/elfinder/6226039?cmd=open&target=s1_Lw HTTP/1.1" 200 1458
[2018-07-27 09:22:32,377 DEBUG Engine.cloud] Response [200]: {"cwd":{"name":"data","size":0,"mime":"directory","read":1,"write":1,"parent_id":"users","hash":"s1_Lw","rootRev":"","options":{"path":"","url":"","tmbUrl":"","disabled":["mkdir","archive","zipdl","extract","chmod"],"separator":"\/","copyOverwrite":1,"uplo
[2018-07-27 09:22:32,377 DEBUG Engine.cloud] Test files: [u'taurus.yml']
[2018-07-27 09:22:32,377 DEBUG Engine.cloud] Request: GET https://a.blazemeter.com/api/v4/web/elfinder/6226039?cmd=rm&targets[]=s1_dGF1cnVzLnltbA None
[2018-07-27 09:22:32,377 DEBUG HTTPClient] Making HTTP request GET https://a.blazemeter.com/api/v4/web/elfinder/6226039?cmd=rm&targets[]=s1_dGF1cnVzLnltbA
[2018-07-27 09:22:32,810 DEBUG urllib3.connectionpool] https://a.blazemeter.com:443 "GET /api/v4/web/elfinder/6226039?cmd=rm&targets[]=s1_dGF1cnVzLnltbA HTTP/1.1" 200 774
[2018-07-27 09:22:32,812 DEBUG Engine.cloud] Response [200]: {"removed":["s1_dGF1cnVzLnltbA"],"changed":[{"name":"data","size":0,"mime":"directory","read":1,"write":1,"parent_id":"users","hash":"s1_Lw","rootRev":"","options":{"path":"","url":"","tmbUrl":"","disabled":["mkdir","archive","zipdl","extract","chmod"],"se
[2018-07-27 09:22:32,812 DEBUG Engine.cloud] Successfully deleted 1 test files
[2018-07-27 09:22:32,826 DEBUG Engine.cloud] Uploading files into the test: []
[2018-07-27 09:22:32,839 DEBUG Engine.cloud] Request: POST https://a.blazemeter.com/api/v4/tests/6226039/files --===============3849775757190344105==
Content-Disposition: file; name="script"; filename="taurus.yml"
Content-Type: application/octet-stream

---
execution:
- concurrency: 100
  hold-for: 300s
  iterations: 1000
  locations:
    harbor-5591335d8588531
[2018-07-27 09:22:32,839 DEBUG HTTPClient] Making HTTP request POST https://a.blazemeter.com/api/v4/tests/6226039/files
[2018-07-27 09:22:33,325 DEBUG urllib3.connectionpool] https://a.blazemeter.com:443 "POST /api/v4/tests/6226039/files HTTP/1.1" 201 1100
[2018-07-27 09:22:33,326 DEBUG Engine.cloud] Response [201]: {
    "api_version": 4,
    "error": null,
    "result": {
        "id": 6226039,
        "isNewTest": true,
        "name": "CICD Taurus SLA",
        "userId": 106819,
        "creatorClientId": "Taurus",
        "overrideExecutions": [],
        "execut
[2018-07-27 09:22:33,326 DEBUG Engine.cloud] Request: PATCH https://a.blazemeter.com/api/v4/tests/6226039 {
 "configuration": {
  "executionType": null
 }
}
[2018-07-27 09:22:33,326 DEBUG HTTPClient] Making HTTP request PATCH https://a.blazemeter.com/api/v4/tests/6226039
[2018-07-27 09:22:33,836 DEBUG urllib3.connectionpool] https://a.blazemeter.com:443 "PATCH /api/v4/tests/6226039 HTTP/1.1" 200 1559
[2018-07-27 09:22:33,837 DEBUG Engine.cloud] Response [200]: {
    "api_version": 4,
    "error": null,
    "result": {
        "id": 6226039,
        "isNewTest": true,
        "name": "CICD Taurus SLA",
        "userId": 106819,
        "creatorClientId": "Taurus",
        "overrideExecutions": [],
        "create
[2018-07-27 09:22:33,837 DEBUG Engine.cloud] Request: PATCH https://a.blazemeter.com/api/v4/tests/6226039 {
 "configuration": {
  "plugins": {
   "reportEmail": {
    "enabled": false
   }
  }
 }
}
[2018-07-27 09:22:33,837 DEBUG HTTPClient] Making HTTP request PATCH https://a.blazemeter.com/api/v4/tests/6226039
[2018-07-27 09:22:34,190 DEBUG urllib3.connectionpool] https://a.blazemeter.com:443 "PATCH /api/v4/tests/6226039 HTTP/1.1" 200 1559
[2018-07-27 09:22:34,191 DEBUG Engine.cloud] Response [200]: {
    "api_version": 4,
    "error": null,
    "result": {
        "id": 6226039,
        "isNewTest": true,
        "name": "CICD Taurus SLA",
        "userId": 106819,
        "creatorClientId": "Taurus",
        "overrideExecutions": [],
        "create
[2018-07-27 09:22:34,192 DEBUG Engine] Module config: final-stats defaultdict(None, {'class': u'bzt.modules.reporting.FinalStatus'})
[2018-07-27 09:22:34,192 DEBUG root] Importing module: bzt.modules.reporting
[2018-07-27 09:22:34,199 DEBUG root] Loading class: 'FinalStatus' from <module 'bzt.modules.reporting' from '/usr/local/Cellar/bzt/1.12.1/libexec/lib/python2.7/site-packages/bzt/modules/reporting.pyc'>
[2018-07-27 09:22:34,200 DEBUG Engine] Module config: console defaultdict(None, {'class': u'bzt.modules.console.ConsoleStatusReporter'})
[2018-07-27 09:22:34,200 DEBUG root] Importing module: bzt.modules.console
[2018-07-27 09:22:34,200 DEBUG root] Loading class: 'ConsoleStatusReporter' from <module 'bzt.modules.console' from '/usr/local/Cellar/bzt/1.12.1/libexec/lib/python2.7/site-packages/bzt/modules/console.pyc'>
[2018-07-27 09:22:34,200 DEBUG Engine] Module config: passfail defaultdict(None, {'class': u'bzt.modules.passfail.PassFailStatus'})
[2018-07-27 09:22:34,200 DEBUG root] Importing module: bzt.modules.passfail
[2018-07-27 09:22:34,200 DEBUG root] Loading class: 'PassFailStatus' from <module 'bzt.modules.passfail' from '/usr/local/Cellar/bzt/1.12.1/libexec/lib/python2.7/site-packages/bzt/modules/passfail.pyc'>
[2018-07-27 09:22:34,201 DEBUG Engine] Module config: final_stats defaultdict(None, {'class': u'bzt.modules.reporting.FinalStatus'})
[2018-07-27 09:22:34,201 DEBUG root] Importing module: bzt.modules.reporting
[2018-07-27 09:22:34,201 DEBUG root] Loading class: 'FinalStatus' from <module 'bzt.modules.reporting' from '/usr/local/Cellar/bzt/1.12.1/libexec/lib/python2.7/site-packages/bzt/modules/reporting.pyc'>
[2018-07-27 09:22:34,201 DEBUG Engine] Module config: junit-xml defaultdict(None, {'class': u'bzt.modules.reporting.JUnitXMLReporter'})
[2018-07-27 09:22:34,201 DEBUG root] Importing module: bzt.modules.reporting
[2018-07-27 09:22:34,201 DEBUG root] Loading class: 'JUnitXMLReporter' from <module 'bzt.modules.reporting' from '/usr/local/Cellar/bzt/1.12.1/libexec/lib/python2.7/site-packages/bzt/modules/reporting.pyc'>
[2018-07-27 09:22:34,208 DEBUG root] Importing module: bzt.modules.passfail
[2018-07-27 09:22:34,208 DEBUG root] Loading class: 'DataCriterion' from <module 'bzt.modules.passfail' from '/usr/local/Cellar/bzt/1.12.1/libexec/lib/python2.7/site-packages/bzt/modules/passfail.pyc'>
[2018-07-27 09:22:34,211 DEBUG Engine.Configuration] Dumping YAML config into /Users/narsi01/Desktop/JWC_SN/WKS/WKS/2018-07-27_09-22-26.236558/effective.yml
[2018-07-27 09:22:34,245 DEBUG Engine.Configuration] Dumping JSON config into /Users/narsi01/Desktop/JWC_SN/WKS/WKS/2018-07-27_09-22-26.236558/effective.json
[2018-07-27 09:22:34,246 INFO Engine] Starting...
[2018-07-27 09:22:34,246 DEBUG Engine] Startup <bzt.modules.aggregator.ConsolidatingAggregator object at 0x10c5e2fd0>
[2018-07-27 09:22:34,246 DEBUG Engine] Startup <bzt.modules.reporting.FinalStatus object at 0x10ded89d0>
[2018-07-27 09:22:34,246 DEBUG Engine] Startup <bzt.modules.console.ConsoleStatusReporter object at 0x10deb5810>
[2018-07-27 09:22:34,246 INFO Engine.console] Waiting for results...
[2018-07-27 09:22:34,246 DEBUG Engine] Startup <bzt.modules.passfail.PassFailStatus object at 0x10deb5a90>
[2018-07-27 09:22:34,247 DEBUG Engine] Startup <bzt.modules.reporting.FinalStatus object at 0x10deb5ad0>
[2018-07-27 09:22:34,247 DEBUG Engine] Startup <bzt.modules.reporting.JUnitXMLReporter object at 0x10deb5b50>
[2018-07-27 09:22:34,247 DEBUG Engine] Startup <bzt.modules.blazemeter.CloudProvisioning object at 0x10dd78410>
[2018-07-27 09:22:34,247 INFO Engine.cloud.ProjectFinder.CloudTaurusTest] Initiating cloud test with https://a.blazemeter.com ...
[2018-07-27 09:22:34,247 DEBUG Engine.cloud] Request: POST https://a.blazemeter.com/api/v4/tests/6226039/start None
[2018-07-27 09:22:34,247 DEBUG HTTPClient] Making HTTP request POST https://a.blazemeter.com/api/v4/tests/6226039/start
[2018-07-27 09:22:38,622 DEBUG urllib3.connectionpool] https://a.blazemeter.com:443 "POST /api/v4/tests/6226039/start HTTP/1.1" 202 1352
[2018-07-27 09:22:38,623 DEBUG Engine.cloud] Response [202]: {
    "api_version": 4,
    "error": null,
    "result": {
        "id": 18000541,
        "name": "CICD Taurus SLA",
        "userId": 106819,
        "runnerUserId": 106819,
        "parallelTestsInWorkspace": 1,
        "parallelTestsInAccount": 1,
    
[2018-07-27 09:22:38,623 INFO Engine.cloud] Started cloud test: https://a.blazemeter.com/app/#/masters/18000541
[2018-07-27 09:22:38,756 DEBUG Engine.Configuration] Dumping YAML config into /Users/narsi01/Desktop/JWC_SN/WKS/WKS/2018-07-27_09-22-26.236558/effective.yml
[2018-07-27 09:22:38,805 DEBUG Engine.Configuration] Dumping JSON config into /Users/narsi01/Desktop/JWC_SN/WKS/WKS/2018-07-27_09-22-26.236558/effective.json
[2018-07-27 09:22:38,807 DEBUG root] Leveling down log file verbosity to INFO, use -v option to have DEBUG messages enabled
[2018-07-27 09:22:39,046 INFO Engine.cloud] Cloud test status: BOOT_STARTING
[2018-07-27 09:22:39,413 INFO Engine.console] Waiting for finish...
[2018-07-27 09:22:54,099 INFO Engine.cloud] Cloud test status: TAURUS_ENGINE_READY
[2018-07-27 09:23:09,253 INFO Engine.cloud] Cloud test status: DATA_RECEIVED
[2018-07-27 09:25:38,076 WARNING root] Alert: avg-rt>350ms for 5 sec
[2018-07-27 09:25:38,105 INFO root] Pass/Fail criterion triggered shutdown: Failed: avg-rt>350ms for 5 sec
[2018-07-27 09:25:38,114 WARNING Engine] Please wait for graceful shutdown...
[2018-07-27 09:25:38,122 DEBUG root] Leveled up log file verbosity
[2018-07-27 09:25:38,122 INFO Engine] Shutting down...
[2018-07-27 09:25:38,129 DEBUG Engine] Current stop reason: Failed: avg-rt>350ms for 5 sec
[2018-07-27 09:25:38,130 DEBUG Engine.console] Restoring logging streams, [<logging.StreamHandler object at 0x10c5b6550>]/{<logging.StreamHandler object at 0x10c5b6550>: <open file '<stdout>', mode 'w' at 0x10ad42150>}
[2018-07-27 09:25:38,132 DEBUG Engine.Configuration] Dumping YAML config into /Users/narsi01/Desktop/JWC_SN/WKS/WKS/2018-07-27_09-22-26.236558/effective.yml
[2018-07-27 09:25:38,170 DEBUG Engine.Configuration] Dumping JSON config into /Users/narsi01/Desktop/JWC_SN/WKS/WKS/2018-07-27_09-22-26.236558/effective.json
[2018-07-27 09:25:38,172 WARNING root] Automated shutdown
[2018-07-27 09:25:38,172 DEBUG root] AutomatedShutdown: Failed: avg-rt>350ms for 5 sec
Traceback (most recent call last):
  File "/usr/local/Cellar/bzt/1.12.1/libexec/lib/python2.7/site-packages/bzt/cli.py", line 254, in perform
    self.engine.run()
  File "/usr/local/Cellar/bzt/1.12.1/libexec/lib/python2.7/site-packages/bzt/engine.py", line 224, in run
    reraise(exc_info)
  File "/usr/local/Cellar/bzt/1.12.1/libexec/lib/python2.7/site-packages/bzt/engine.py", line 206, in run
    self._wait()
  File "/usr/local/Cellar/bzt/1.12.1/libexec/lib/python2.7/site-packages/bzt/engine.py", line 245, in _wait
    while not self._check_modules_list():
  File "/usr/local/Cellar/bzt/1.12.1/libexec/lib/python2.7/site-packages/bzt/engine.py", line 232, in _check_modules_list
    finished = bool(module.check())
  File "/usr/local/Cellar/bzt/1.12.1/libexec/lib/python2.7/site-packages/bzt/modules/passfail.py", line 98, in check
    res = res or crit.check()
  File "/usr/local/Cellar/bzt/1.12.1/libexec/lib/python2.7/site-packages/bzt/modules/passfail.py", line 204, in check
    raise AutomatedShutdown("%s" % self)
AutomatedShutdown: Failed: avg-rt>350ms for 5 sec
[2018-07-27 09:25:38,173 INFO Engine] Post-processing...
[2018-07-27 09:25:38,173 INFO Engine.cloud.ProjectFinder.CloudTaurusTest] Ending cloud test...
[2018-07-27 09:25:38,173 DEBUG Engine.cloud] Request: POST https://a.blazemeter.com/api/v4/masters/18000541/stop None
[2018-07-27 09:25:38,173 DEBUG HTTPClient] Making HTTP request POST https://a.blazemeter.com/api/v4/masters/18000541/stop
[2018-07-27 09:25:38,413 DEBUG urllib3.connectionpool] https://a.blazemeter.com:443 "POST /api/v4/masters/18000541/stop HTTP/1.1" 202 570
[2018-07-27 09:25:38,414 DEBUG Engine.cloud] Response [202]: {
    "api_version": 4,
    "error": null,
    "result": [
        {
            "session_id": "r-v4-5b5b46cdb8b56",
            "result": "Stopped"
        },
        {
            "session_id": "r-v4-5b5b46cdbb610",
            "result": "Stopped"
      
[2018-07-27 09:25:38,414 DEBUG Engine.cloud] Request: GET https://a.blazemeter.com/api/v4/masters/18000541/full None
[2018-07-27 09:25:38,414 DEBUG HTTPClient] Making HTTP request GET https://a.blazemeter.com/api/v4/masters/18000541/full
[2018-07-27 09:25:38,649 DEBUG urllib3.connectionpool] https://a.blazemeter.com:443 "GET /api/v4/masters/18000541/full HTTP/1.1" 200 None
[2018-07-27 09:25:38,676 DEBUG Engine.cloud] Response [200]: {
    "api_version": 4,
    "error": null,
    "result": {
        "id": 18000541,
        "name": "CICD Taurus SLA",
        "userId": 106819,
        "runnerUserId": 106819,
        "created": 1532708557,
        "updated": 1532708557,
        "parallelT
[2018-07-27 09:25:38,677 DEBUG Engine.cloud] Request: GET https://a.blazemeter.com/api/v4/data/labels?master_id=18000541 None
[2018-07-27 09:25:38,677 DEBUG HTTPClient] Making HTTP request GET https://a.blazemeter.com/api/v4/data/labels?master_id=18000541
[2018-07-27 09:25:38,901 DEBUG urllib3.connectionpool] https://a.blazemeter.com:443 "GET /api/v4/data/labels?master_id=18000541 HTTP/1.1" 200 1840
[2018-07-27 09:25:38,902 DEBUG Engine.cloud] Response [200]: {
    "api_version": 4,
    "error": null,
    "result": [
        {
            "id": "ALL",
            "name": "ALL",
            "sessions": [
                "r-v4-5b5b46cdb8b56",
                "r-v4-5b5b46cdbb610",
                "r-v4-5b5b46cdbd1
[2018-07-27 09:25:38,902 DEBUG Engine.cloud] Request: GET https://a.blazemeter.com/api/v4/data/kpis?interval=1&from=1532708732&master_ids%5B%5D=18000541&kpis%5B%5D=t&kpis%5B%5D=lt&kpis%5B%5D=by&kpis%5B%5D=n&kpis%5B%5D=ec&kpis%5B%5D=ts&kpis%5B%5D=na&labels%5B%5D=ALL&labels%5B%5D=c12153d8b98ab22581e171d0a414b685&labels%5B%5D=527285e5e69573ac3e926207e867bc32&labels%5B%5D=8c3cde8057be5d2ee12453ce651e04da&labels%5B%5D=b71318970259e155ebbff992e1d9a9a2 None
[2018-07-27 09:25:38,902 DEBUG HTTPClient] Making HTTP request GET https://a.blazemeter.com/api/v4/data/kpis?interval=1&from=1532708732&master_ids%5B%5D=18000541&kpis%5B%5D=t&kpis%5B%5D=lt&kpis%5B%5D=by&kpis%5B%5D=n&kpis%5B%5D=ec&kpis%5B%5D=ts&kpis%5B%5D=na&labels%5B%5D=ALL&labels%5B%5D=c12153d8b98ab22581e171d0a414b685&labels%5B%5D=527285e5e69573ac3e926207e867bc32&labels%5B%5D=8c3cde8057be5d2ee12453ce651e04da&labels%5B%5D=b71318970259e155ebbff992e1d9a9a2
[2018-07-27 09:25:39,182 DEBUG urllib3.connectionpool] https://a.blazemeter.com:443 "GET /api/v4/data/kpis?interval=1&from=1532708732&master_ids%5B%5D=18000541&kpis%5B%5D=t&kpis%5B%5D=lt&kpis%5B%5D=by&kpis%5B%5D=n&kpis%5B%5D=ec&kpis%5B%5D=ts&kpis%5B%5D=na&labels%5B%5D=ALL&labels%5B%5D=c12153d8b98ab22581e171d0a414b685&labels%5B%5D=527285e5e69573ac3e926207e867bc32&labels%5B%5D=8c3cde8057be5d2ee12453ce651e04da&labels%5B%5D=b71318970259e155ebbff992e1d9a9a2 HTTP/1.1" 200 2964
[2018-07-27 09:25:39,183 DEBUG Engine.cloud] Response [200]: {
    "api_version": 4,
    "error": null,
    "result": [
        {
            "labelId": "527285e5e69573ac3e926207e867bc32",
            "labelName": "http://www.centurylink.com/home/help.html",
            "label": "http://www.centurylink.com/home/help
[2018-07-27 09:25:39,183 DEBUG Engine.cloud] Request: GET https://a.blazemeter.com/api/v4/masters/18000541/reports/aggregatereport/data None
[2018-07-27 09:25:39,184 DEBUG HTTPClient] Making HTTP request GET https://a.blazemeter.com/api/v4/masters/18000541/reports/aggregatereport/data
[2018-07-27 09:25:39,392 DEBUG urllib3.connectionpool] https://a.blazemeter.com:443 "GET /api/v4/masters/18000541/reports/aggregatereport/data HTTP/1.1" 200 3670
[2018-07-27 09:25:39,392 DEBUG Engine.cloud] Response [200]: {
    "api_version": 4,
    "error": null,
    "result": [
        {
            "labelId": "ALL",
            "labelName": "ALL",
            "samples": 33673,
            "avgResponseTime": 261.98,
            "90line": 361.44,
            "95line": 417.
[2018-07-27 09:25:39,393 DEBUG Engine.cloud] Request: GET https://a.blazemeter.com/api/v4/masters/18000541/reports/errorsreport/data?noDataError=false None
[2018-07-27 09:25:39,393 DEBUG HTTPClient] Making HTTP request GET https://a.blazemeter.com/api/v4/masters/18000541/reports/errorsreport/data?noDataError=false
[2018-07-27 09:25:39,621 DEBUG urllib3.connectionpool] https://a.blazemeter.com:443 "GET /api/v4/masters/18000541/reports/errorsreport/data?noDataError=false HTTP/1.1" 200 61
[2018-07-27 09:25:39,622 DEBUG Engine.cloud] Response [200]: {
    "api_version": 4,
    "error": null,
    "result": []
}
[2018-07-27 09:25:39,624 DEBUG Engine.consolidator] Consolidator buffer[3]: [1532708730, 1532708731, 1532708732]
[2018-07-27 09:25:39,624 DEBUG Engine.consolidator] Merging into 1532708730
[2018-07-27 09:25:39,624 DEBUG Engine.consolidator] Merging 1532708730
[2018-07-27 09:25:39,628 DEBUG root] 1532708730 Failed: avg-rt>350ms for -9223372036854775806 sec: False
[2018-07-27 09:25:39,628 DEBUG Engine.consolidator] Processed datapoint: 1532708730/None
[2018-07-27 09:25:39,628 DEBUG Engine.consolidator] Merging into 1532708731
[2018-07-27 09:25:39,628 DEBUG Engine.consolidator] Merging 1532708731
[2018-07-27 09:25:39,632 DEBUG root] 1532708731 Failed: avg-rt>350ms for -9223372036854775806 sec: False
[2018-07-27 09:25:39,632 DEBUG Engine.consolidator] Processed datapoint: 1532708731/None
[2018-07-27 09:25:39,632 DEBUG Engine.consolidator] Merging into 1532708732
[2018-07-27 09:25:39,632 DEBUG Engine.consolidator] Merging 1532708732
[2018-07-27 09:25:39,635 DEBUG root] 1532708732 Failed: avg-rt>350ms for -9223372036854775806 sec: False
[2018-07-27 09:25:39,636 DEBUG Engine.consolidator] Processed datapoint: 1532708732/None
[2018-07-27 09:25:39,636 INFO Engine.final-stats] Test duration: 0:03:04
[2018-07-27 09:25:39,636 INFO Engine.final-stats] Samples count: 11799, 0.00% failures
[2018-07-27 09:25:39,636 INFO Engine.final-stats] Average times: total 0.269, latency 0.097, connect 0.000
[2018-07-27 09:25:39,639 INFO Engine.final-stats] Percentiles:
(0lqqqqqqqqqqqqqqqwqqqqqqqqqqqqqqqk(B
(0x(B Percentile, % (0x(B Resp. Time, s (0x(B
(0tqqqqqqqqqqqqqqqnqqqqqqqqqqqqqqqu(B
(0x(B          90.0 (0x(B        0.3645 (0x(B
(0x(B          95.0 (0x(B        0.4535 (0x(B
(0x(B          99.0 (0x(B       0.64791 (0x(B
(0mqqqqqqqqqqqqqqqvqqqqqqqqqqqqqqqj(B
[2018-07-27 09:25:39,642 INFO Engine.final-stats] Request label stats:
(0lqqqqqqqqqqqqqqqqqqqqqqqqqqqqqqqqqqqqqqqqqqqqqqqqqqqwqqqqqqqqwqqqqqqqqqwqqqqqqqqwqqqqqqqk(B
(0x(B label                                             (0x(B status (0x(B    succ (0x(B avg_rt (0x(B error (0x(B
(0tqqqqqqqqqqqqqqqqqqqqqqqqqqqqqqqqqqqqqqqqqqqqqqqqqqqnqqqqqqqqnqqqqqqqqqnqqqqqqqqnqqqqqqqu(B
(0x(B http://www.centurylink.com/home/                  (0x(B   OK   (0x(B 100.00% (0x(B  0.244 (0x(B       (0x(B
(0x(B http://www.centurylink.com/home/help.html         (0x(B   OK   (0x(B 100.00% (0x(B  0.237 (0x(B       (0x(B
(0x(B http://www.centurylink.com/home/help/contact.html (0x(B   OK   (0x(B 100.00% (0x(B  0.225 (0x(B       (0x(B
(0x(B http://www.centurylink.com/index_a.html           (0x(B   OK   (0x(B 100.00% (0x(B  0.371 (0x(B       (0x(B
(0mqqqqqqqqqqqqqqqqqqqqqqqqqqqqqqqqqqqqqqqqqqqqqqqqqqqvqqqqqqqqvqqqqqqqqqvqqqqqqqqvqqqqqqqj(B
[2018-07-27 09:25:39,642 DEBUG Engine.console] No logger_handler or orig_stream was detected
[2018-07-27 09:25:39,642 INFO Engine.final_stats] Test duration: 0:03:04
[2018-07-27 09:25:39,642 INFO Engine.final_stats] Samples count: 11799, 0.00% failures
[2018-07-27 09:25:39,642 INFO Engine.final_stats] Average times: total 0.269, latency 0.097, connect 0.000
[2018-07-27 09:25:39,643 INFO Engine.final_stats] Percentiles:
(0lqqqqqqqqqqqqqqqwqqqqqqqqqqqqqqqk(B
(0x(B Percentile, % (0x(B Resp. Time, s (0x(B
(0tqqqqqqqqqqqqqqqnqqqqqqqqqqqqqqqu(B
(0x(B          90.0 (0x(B        0.3645 (0x(B
(0x(B          95.0 (0x(B        0.4535 (0x(B
(0x(B          99.0 (0x(B       0.64791 (0x(B
(0mqqqqqqqqqqqqqqqvqqqqqqqqqqqqqqqj(B
[2018-07-27 09:25:39,644 INFO Engine.final_stats] Request label stats:
(0lqqqqqqqqqqqqqqqqqqqqqqqqqqqqqqqqqqqqqqqqqqqqqqqqqqqwqqqqqqqqwqqqqqqqqqwqqqqqqqqwqqqqqqqk(B
(0x(B label                                             (0x(B status (0x(B    succ (0x(B avg_rt (0x(B error (0x(B
(0tqqqqqqqqqqqqqqqqqqqqqqqqqqqqqqqqqqqqqqqqqqqqqqqqqqqnqqqqqqqqnqqqqqqqqqnqqqqqqqqnqqqqqqqu(B
(0x(B http://www.centurylink.com/home/                  (0x(B   OK   (0x(B 100.00% (0x(B  0.244 (0x(B       (0x(B
(0x(B http://www.centurylink.com/home/help.html         (0x(B   OK   (0x(B 100.00% (0x(B  0.237 (0x(B       (0x(B
(0x(B http://www.centurylink.com/home/help/contact.html (0x(B   OK   (0x(B 100.00% (0x(B  0.225 (0x(B       (0x(B
(0x(B http://www.centurylink.com/index_a.html           (0x(B   OK   (0x(B 100.00% (0x(B  0.371 (0x(B       (0x(B
(0mqqqqqqqqqqqqqqqqqqqqqqqqqqqqqqqqqqqqqqqqqqqqqqqqqqqvqqqqqqqqvqqqqqqqqqvqqqqqqqqvqqqqqqqj(B
[2018-07-27 09:25:39,644 INFO Engine.final_stats] Dumping final status as CSV: aggregate.csv
[2018-07-27 09:25:39,648 DEBUG Engine.junit-xml] Processing passfail objects: [<bzt.modules.passfail.PassFailStatus object at 0x10deb5a90>]
[2018-07-27 09:25:39,649 WARNING Engine.XUnitFileWriter] File pass-fail.xml already exists, it will be overwritten
[2018-07-27 09:25:39,649 INFO Engine.XUnitFileWriter] Writing JUnit XML report into: pass-fail.xml
[2018-07-27 09:25:39,653 DEBUG Engine.Configuration] Dumping YAML config into /Users/narsi01/Desktop/JWC_SN/WKS/WKS/2018-07-27_09-22-26.236558/effective.yml
[2018-07-27 09:25:39,689 DEBUG Engine.Configuration] Dumping JSON config into /Users/narsi01/Desktop/JWC_SN/WKS/WKS/2018-07-27_09-22-26.236558/effective.json
[2018-07-27 09:25:39,690 INFO root] Artifacts dir: /Users/narsi01/Desktop/JWC_SN/WKS/WKS/2018-07-27_09-22-26.236558
[2018-07-27 09:25:39,690 WARNING root] Done performing with code: 3
[2018-07-27 09:25:39,690 DEBUG root] Closing log handler: /Users/narsi01/Desktop/JWC_SN/WKS/WKS/2018-07-27_09-22-26.236558/bzt.log
