[2017-10-04 10:30:19,149 INFO root] Taurus CLI Tool v1.8.4.1401
[2017-10-04 10:30:19,149 DEBUG root] Command-line options: {'verbose': None, 'no_system_configs': None, 'quiet': None, 'log': '/var/folders/t5/kg41spf56pz146ff1j739w358p9wh7/T/bzt_dKto0x.log', 'option': None, 'aliases': []}
[2017-10-04 10:30:19,149 DEBUG root] Python: CPython 2.7.13
[2017-10-04 10:30:19,149 DEBUG root] OS: ('Darwin', 'narsi01mac1752', '16.7.0', 'Darwin Kernel Version 16.7.0: Thu Jun 15 17:36:27 PDT 2017; root:xnu-3789.70.16~2/RELEASE_X86_64', 'x86_64', 'i386')
[2017-10-04 10:30:19,149 INFO root] Starting with configs: ['ctl_sla.jmx.yml']
[2017-10-04 10:30:19,149 DEBUG root] Adding personal config: /Users/narsi01/.bzt-rc
[2017-10-04 10:30:19,150 INFO Engine] Configuring...
[2017-10-04 10:30:19,150 DEBUG Engine] Reading extension configs from: /usr/local/etc/bzt.d
[2017-10-04 10:30:19,152 DEBUG Engine.Configuration] Configs: ['/Library/Frameworks/Python.framework/Versions/2.7/lib/python2.7/site-packages/bzt/resources/base-config.yml', '/usr/local/etc/bzt.d/99-installID.yml']
[2017-10-04 10:30:19,152 DEBUG Engine.Configuration] Reading /Library/Frameworks/Python.framework/Versions/2.7/lib/python2.7/site-packages/bzt/resources/base-config.yml
[2017-10-04 10:30:19,233 DEBUG Engine.Configuration] Reading /Library/Frameworks/Python.framework/Versions/2.7/lib/python2.7/site-packages/bzt/resources/base-config.yml as YAML
[2017-10-04 10:30:19,254 DEBUG Engine.Configuration] Reading /usr/local/etc/bzt.d/99-installID.yml
[2017-10-04 10:30:19,336 DEBUG Engine.Configuration] Reading /usr/local/etc/bzt.d/99-installID.yml as YAML
[2017-10-04 10:30:19,337 DEBUG Engine.Configuration] Configs: ['/Users/narsi01/.bzt-rc', 'ctl_sla.jmx.yml']
[2017-10-04 10:30:19,337 DEBUG Engine.Configuration] Reading /Users/narsi01/.bzt-rc
[2017-10-04 10:30:19,339 DEBUG Engine.Configuration] Reading /Users/narsi01/.bzt-rc as YAML
[2017-10-04 10:30:19,340 DEBUG Engine.Configuration] Reading ctl_sla.jmx.yml
[2017-10-04 10:30:19,340 DEBUG Engine.Configuration] Reading ctl_sla.jmx.yml as YAML
[2017-10-04 10:30:19,355 DEBUG root] Configs: ['/Users/narsi01/.bzt-rc', 'ctl_sla.jmx.yml']
[2017-10-04 10:30:19,355 DEBUG root] Reading /Users/narsi01/.bzt-rc
[2017-10-04 10:30:19,355 DEBUG root] Reading /Users/narsi01/.bzt-rc as YAML
[2017-10-04 10:30:19,356 DEBUG root] Reading ctl_sla.jmx.yml
[2017-10-04 10:30:19,356 DEBUG root] Reading ctl_sla.jmx.yml as YAML
[2017-10-04 10:30:19,370 INFO Engine] Artifacts dir: /Users/narsi01/Desktop/CTL_CI/CTL/2017-10-04_10-30-19.370857
[2017-10-04 10:30:19,371 DEBUG Engine] New artifact filename: /Users/narsi01/Desktop/CTL_CI/CTL/2017-10-04_10-30-19.370857/effective
[2017-10-04 10:30:19,373 DEBUG Engine.Configuration] Dumping YAML config into /Users/narsi01/Desktop/CTL_CI/CTL/2017-10-04_10-30-19.370857/effective.yml
[2017-10-04 10:30:19,384 DEBUG Engine] Requesting updates info: http://gettaurus.org/updates/?version=1.8.4.1401&installID=acde48001122
[2017-10-04 10:30:19,489 DEBUG Engine.Configuration] Dumping JSON config into /Users/narsi01/Desktop/CTL_CI/CTL/2017-10-04_10-30-19.370857/effective.json
[2017-10-04 10:30:19,570 DEBUG Engine] New artifact filename: /Users/narsi01/Desktop/CTL_CI/CTL/2017-10-04_10-30-19.370857/merged.yml
[2017-10-04 10:30:19,571 DEBUG root] Dumping YAML config into /Users/narsi01/Desktop/CTL_CI/CTL/2017-10-04_10-30-19.370857/merged.yml
[2017-10-04 10:30:19,661 DEBUG Engine] New artifact filename: /Users/narsi01/Desktop/CTL_CI/CTL/2017-10-04_10-30-19.370857/merged.json
[2017-10-04 10:30:19,661 DEBUG root] Dumping JSON config into /Users/narsi01/Desktop/CTL_CI/CTL/2017-10-04_10-30-19.370857/merged.json
[2017-10-04 10:30:19,740 DEBUG Engine] Add existing artifact (move=False): ctl_sla.jmx.yml
[2017-10-04 10:30:19,741 DEBUG Engine] Copying ctl_sla.jmx.yml to /Users/narsi01/Desktop/CTL_CI/CTL/2017-10-04_10-30-19.370857/ctl_sla.jmx.yml
[2017-10-04 10:30:19,821 DEBUG root] Closing log handler: /var/folders/t5/kg41spf56pz146ff1j739w358p9wh7/T/bzt_dKto0x.log
[2017-10-04 10:30:19,982 DEBUG root] Switched writing logs to /Users/narsi01/Desktop/CTL_CI/CTL/2017-10-04_10-30-19.370857/bzt.log
[2017-10-04 10:30:19,982 INFO Engine] Preparing...
[2017-10-04 10:30:19,982 DEBUG Engine] Module config: consolidator defaultdict(None, {'class': 'bzt.modules.aggregator.ConsolidatingAggregator'})
[2017-10-04 10:30:19,982 DEBUG root] Importing module: bzt.modules.aggregator
[2017-10-04 10:30:20,305 DEBUG Engine] Taurus updates info: {"latest":"1.9.6","needsUpgrade":true}
[2017-10-04 10:30:20,305 WARNING Engine] There is newer version of Taurus 1.9.6 available, consider upgrading. What's new: http://gettaurus.org/docs/Changelog/
[2017-10-04 10:30:20,306 DEBUG root] Loading class: 'ConsolidatingAggregator' from <module 'bzt.modules.aggregator' from '/Library/Frameworks/Python.framework/Versions/2.7/lib/python2.7/site-packages/bzt/modules/aggregator.pyc'>
[2017-10-04 10:30:20,306 DEBUG Engine.consolidator] Exception in dehumanize_time(inf)
[2017-10-04 10:30:20,306 DEBUG Engine.consolidator] Buffer scaling setup: percentile 95.0 from [0.0, 50.0, 90.0, 95.0, 99.0, 99.9, 100.0] selected
[2017-10-04 10:30:20,306 DEBUG Engine] Module config: monitoring defaultdict(None, {'class': 'bzt.modules.monitoring.Monitoring'})
[2017-10-04 10:30:20,306 DEBUG root] Importing module: bzt.modules.monitoring
[2017-10-04 10:30:22,395 DEBUG root] Loading class: 'Monitoring' from <module 'bzt.modules.monitoring' from '/Library/Frameworks/Python.framework/Versions/2.7/lib/python2.7/site-packages/bzt/modules/monitoring.pyc'>
[2017-10-04 10:30:22,395 DEBUG Engine] Module config: local defaultdict(None, {'class': 'bzt.modules.provisioning.Local'})
[2017-10-04 10:30:22,395 DEBUG root] Importing module: bzt.modules.provisioning
[2017-10-04 10:30:22,395 DEBUG root] Loading class: 'Local' from <module 'bzt.modules.provisioning' from '/Library/Frameworks/Python.framework/Versions/2.7/lib/python2.7/site-packages/bzt/modules/provisioning.pyc'>
[2017-10-04 10:30:22,395 DEBUG Engine] Module config: jmeter defaultdict(None, {'properties': defaultdict(None, {'jmeter.save.saveservice.autoflush': 'true', 'summariser.name': '', 'jmeter.save.saveservice.connect_time': 'true', 'mode': 'Stripped', 'jmeterengine.force.system.exit': 'true'}), 'class': 'bzt.modules.jmeter.JMeterExecutor', 'plugins': ['jpgc-casutg', 'jpgc-dummy', 'jpgc-ffw', 'jpgc-fifo', 'jpgc-functions', 'jpgc-json', 'jpgc-perfmon', 'jpgc-prmctl', 'jpgc-tst']})
[2017-10-04 10:30:22,395 DEBUG root] Importing module: bzt.modules.jmeter
[2017-10-04 10:30:23,542 DEBUG root] Loading class: 'JMeterExecutor' from <module 'bzt.modules.jmeter' from '/Library/Frameworks/Python.framework/Versions/2.7/lib/python2.7/site-packages/bzt/modules/jmeter.pyc'>
[2017-10-04 10:30:23,542 DEBUG Engine.local] Preparing executor: jmeter/4440609360
[2017-10-04 10:30:23,542 DEBUG Engine] New artifact filename: /Users/narsi01/Desktop/CTL_CI/CTL/2017-10-04_10-30-19.370857/jmeter.log
[2017-10-04 10:30:23,542 DEBUG Engine.jmeter] Checking if port 4445 is free
[2017-10-04 10:30:23,543 DEBUG Engine.jmeter] Port 4445 is free
[2017-10-04 10:30:23,543 DEBUG Engine.jmeter] Using port 4445 for management
[2017-10-04 10:30:23,543 DEBUG Engine.jmeter.JavaVM] Trying JavaVM: ['java', '-version']
[2017-10-04 10:30:24,797 DEBUG Engine.jmeter.JavaVM] JavaVM output: java version "1.8.0_121"
Java(TM) SE Runtime Environment (build 1.8.0_121-b13)
Java HotSpot(TM) 64-Bit Server VM (build 25.121-b13, mixed mode)

[2017-10-04 10:30:24,798 DEBUG Engine.jmeter.TclLibrary] We don't need to check tcl library on this platform
[2017-10-04 10:30:24,798 DEBUG Engine.jmeter.JMeter] Trying jmeter: /Users/narsi01/.bzt/jmeter-taurus/bin/jmeter.sh
[2017-10-04 10:30:24,799 DEBUG bzt.utils] Executing shell: ['/Users/narsi01/.bzt/jmeter-taurus/bin/jmeter.sh', '-j', '/var/folders/t5/kg41spf56pz146ff1j739w358p9wh7/T/jmeterHoV3y6log', '--version']
[2017-10-04 10:30:27,192 DEBUG Engine.jmeter.JMeter] JMeter check: Writing log file to: /var/folders/t5/kg41spf56pz146ff1j739w358p9wh7/T/jmeterHoV3y6log
    _    ____   _    ____ _   _ _____       _ __  __ _____ _____ _____ ____     
   / \  |  _ \ / \  / ___| | | | ____|     | |  \/  | ____|_   _| ____|  _ \   
  / _ \ | |_) / _ \| |   | |_| |  _|    _  | | |\/| |  _|   | | |  _| | |_) | 
 / ___ \|  __/ ___ \ |___|  _  | |___  | |_| | |  | | |___  | | | |___|  _ <  
/_/   \_\_| /_/   \_\____|_| |_|_____|  \___/|_|  |_|_____| |_| |_____|_| \_\ 3.1 r1770033  

Copyright (c) 1999-2016 The Apache Software Foundation

 / None
[2017-10-04 10:30:27,193 DEBUG Engine] New artifact filename: /Users/narsi01/Desktop/CTL_CI/CTL/2017-10-04_10-30-19.370857/requests.jmx
[2017-10-04 10:30:27,198 DEBUG JMeterScenarioBuilder] Saving JMX to: /Users/narsi01/Desktop/CTL_CI/CTL/2017-10-04_10-30-19.370857/requests.jmx
[2017-10-04 10:30:27,292 DEBUG Engine.jmeter] Load: LoadSpec(concurrency=10, throughput=None, ramp_up=60.0, hold=300.0, iterations=1000, duration=360.0, steps=None)
[2017-10-04 10:30:27,296 DEBUG Engine.jmeter] Original threads: 1.0
[2017-10-04 10:30:27,298 DEBUG Engine] New artifact filename: /Users/narsi01/Desktop/CTL_CI/CTL/2017-10-04_10-30-19.370857/kpi.jtl
[2017-10-04 10:30:27,298 DEBUG Engine] New artifact filename: /Users/narsi01/Desktop/CTL_CI/CTL/2017-10-04_10-30-19.370857/error.jtl
[2017-10-04 10:30:27,299 DEBUG Engine.jmeter] Enforcing parent sample for transaction controller
[2017-10-04 10:30:27,299 DEBUG Engine] New artifact filename: /Users/narsi01/Desktop/CTL_CI/CTL/2017-10-04_10-30-19.370857/modified_requests.jmx
[2017-10-04 10:30:27,299 DEBUG JMX] Saving JMX to: /Users/narsi01/Desktop/CTL_CI/CTL/2017-10-04_10-30-19.370857/modified_requests.jmx
[2017-10-04 10:30:27,389 DEBUG Engine.jmeter] Additional properties: defaultdict(None, {'jmeter.save.saveservice.autoflush': 'true', 'jmeter.save.saveservice.connect_time': 'true', 'user.classpath': '/Users/narsi01/Desktop/CTL_CI/CTL/2017-10-04_10-30-19.370857', 'sampleresult.default.encoding': 'UTF-8', 'summariser.name': '', 'jmeterengine.force.system.exit': 'true', 'jmeter.save.saveservice.timestamp_format': 'ms', 'mode': 'Stripped', 'jmeterengine.nongui.maxport': 4445, 'jmeterengine.nongui.port': 4445})
[2017-10-04 10:30:27,389 DEBUG Engine] New artifact filename: /Users/narsi01/Desktop/CTL_CI/CTL/2017-10-04_10-30-19.370857/jmeter-bzt.properties
[2017-10-04 10:30:27,473 DEBUG Engine] New artifact filename: /Users/narsi01/Desktop/CTL_CI/CTL/2017-10-04_10-30-19.370857/jmeter.out
[2017-10-04 10:30:27,474 DEBUG Engine] New artifact filename: /Users/narsi01/Desktop/CTL_CI/CTL/2017-10-04_10-30-19.370857/jmeter.err
[2017-10-04 10:30:27,476 DEBUG Engine] Module config: final-stats defaultdict(None, {'class': 'bzt.modules.reporting.FinalStatus'})
[2017-10-04 10:30:27,476 DEBUG root] Importing module: bzt.modules.reporting
[2017-10-04 10:30:36,722 DEBUG root] Loading class: 'FinalStatus' from <module 'bzt.modules.reporting' from '/Library/Frameworks/Python.framework/Versions/2.7/lib/python2.7/site-packages/bzt/modules/reporting.pyc'>
[2017-10-04 10:30:36,723 DEBUG Engine] Module config: console defaultdict(None, {'class': 'bzt.modules.console.ConsoleStatusReporter'})
[2017-10-04 10:30:36,723 DEBUG root] Importing module: bzt.modules.console
[2017-10-04 10:30:36,723 DEBUG root] Loading class: 'ConsoleStatusReporter' from <module 'bzt.modules.console' from '/Library/Frameworks/Python.framework/Versions/2.7/lib/python2.7/site-packages/bzt/modules/console.pyc'>
[2017-10-04 10:30:36,723 DEBUG Engine] Module config: final_stats defaultdict(None, {'class': 'bzt.modules.reporting.FinalStatus'})
[2017-10-04 10:30:36,723 DEBUG root] Importing module: bzt.modules.reporting
[2017-10-04 10:30:36,723 DEBUG root] Loading class: 'FinalStatus' from <module 'bzt.modules.reporting' from '/Library/Frameworks/Python.framework/Versions/2.7/lib/python2.7/site-packages/bzt/modules/reporting.pyc'>
[2017-10-04 10:30:36,723 DEBUG Engine] Module config: junit-xml defaultdict(None, {'class': 'bzt.modules.reporting.JUnitXMLReporter'})
[2017-10-04 10:30:36,723 DEBUG root] Importing module: bzt.modules.reporting
[2017-10-04 10:30:36,723 DEBUG root] Loading class: 'JUnitXMLReporter' from <module 'bzt.modules.reporting' from '/Library/Frameworks/Python.framework/Versions/2.7/lib/python2.7/site-packages/bzt/modules/reporting.pyc'>
[2017-10-04 10:30:36,730 DEBUG Engine.Configuration] Dumping YAML config into /Users/narsi01/Desktop/CTL_CI/CTL/2017-10-04_10-30-19.370857/effective.yml
[2017-10-04 10:30:36,845 DEBUG Engine.Configuration] Dumping JSON config into /Users/narsi01/Desktop/CTL_CI/CTL/2017-10-04_10-30-19.370857/effective.json
[2017-10-04 10:30:36,929 INFO Engine] Starting...
[2017-10-04 10:30:36,929 DEBUG Engine] Startup <bzt.modules.monitoring.Monitoring object at 0x105df0390>
[2017-10-04 10:30:36,929 DEBUG Engine] Startup <bzt.modules.aggregator.ConsolidatingAggregator object at 0x105da8fd0>
[2017-10-04 10:30:36,929 DEBUG Engine] Startup <bzt.modules.reporting.FinalStatus object at 0x108b30b10>
[2017-10-04 10:30:36,929 DEBUG Engine] Startup <bzt.modules.console.ConsoleStatusReporter object at 0x108c62e90>
[2017-10-04 10:30:36,929 INFO Engine.console] Waiting for results...
[2017-10-04 10:30:36,929 DEBUG Engine] Startup <bzt.modules.reporting.FinalStatus object at 0x108c6d910>
[2017-10-04 10:30:36,930 DEBUG Engine] Startup <bzt.modules.reporting.JUnitXMLReporter object at 0x108c6d090>
[2017-10-04 10:30:36,930 DEBUG Engine] Startup <bzt.modules.provisioning.Local object at 0x105df0b10>
[2017-10-04 10:30:36,930 DEBUG Engine.local] Delay setup for jmeter/Thread Group: 0(start-at) + 0(delay) = 0
[2017-10-04 10:30:36,932 DEBUG Engine.Configuration] Dumping YAML config into /Users/narsi01/Desktop/CTL_CI/CTL/2017-10-04_10-30-19.370857/effective.yml
[2017-10-04 10:30:37,050 DEBUG Engine.Configuration] Dumping JSON config into /Users/narsi01/Desktop/CTL_CI/CTL/2017-10-04_10-30-19.370857/effective.json
[2017-10-04 10:30:37,132 DEBUG root] Leveling down log file verbosity, use -v option to have DEBUG messages enabled
[2017-10-04 10:30:37,427 INFO Engine.console] Waiting for finish...
[2017-10-04 10:30:42,143 INFO Engine.jmeter.JTLReader] Changed data analysis delay to 3s
[2017-10-04 10:31:05,720 WARNING Engine] Please wait for graceful shutdown...
[2017-10-04 10:31:05,727 DEBUG root] Leveled up log file verbosity
[2017-10-04 10:31:05,727 INFO Engine] Shutting down...
[2017-10-04 10:31:05,735 DEBUG Engine.local] Shutdown jmeter/Thread Group
[2017-10-04 10:31:06,740 INFO Engine.jmeter] Sending Shutdown command to JMeter on port 4445...
[2017-10-04 10:31:08,750 DEBUG Engine.jmeter] JMeter stopped on Shutdown command
[2017-10-04 10:31:08,750 DEBUG Engine.console] Restoring logging streams, [<logging.StreamHandler object at 0x105dbd090>]/{<logging.StreamHandler object at 0x105dbd090>: <open file '<stdout>', mode 'w' at 0x1002ad150>}
[2017-10-04 10:31:08,752 DEBUG Engine.Configuration] Dumping YAML config into /Users/narsi01/Desktop/CTL_CI/CTL/2017-10-04_10-30-19.370857/effective.yml
[2017-10-04 10:31:08,878 DEBUG Engine.Configuration] Dumping JSON config into /Users/narsi01/Desktop/CTL_CI/CTL/2017-10-04_10-30-19.370857/effective.json
[2017-10-04 10:31:08,962 WARNING root] Keyboard interrupt
[2017-10-04 10:31:08,963 DEBUG root] KeyboardInterrupt: 
Traceback (most recent call last):
  File "/Library/Frameworks/Python.framework/Versions/2.7/lib/python2.7/site-packages/bzt/cli.py", line 213, in perform
    self.engine.run()
  File "/Library/Frameworks/Python.framework/Versions/2.7/lib/python2.7/site-packages/bzt/engine.py", line 168, in run
    reraise(exc_info)
  File "/Library/Frameworks/Python.framework/Versions/2.7/lib/python2.7/site-packages/bzt/engine.py", line 150, in run
    self._wait()
  File "/Library/Frameworks/Python.framework/Versions/2.7/lib/python2.7/site-packages/bzt/engine.py", line 193, in _wait
    time.sleep(delay)
KeyboardInterrupt
[2017-10-04 10:31:08,963 INFO Engine] Post-processing...
[2017-10-04 10:31:08,963 DEBUG Engine.local] Post-process jmeter/Thread Group
[2017-10-04 10:31:08,963 DEBUG Engine] Add existing artifact (move=True): /Users/narsi01/Desktop/CTL_CI/CTL/2017-10-04_10-30-19.370857/modified_requests.jmx
[2017-10-04 10:31:08,963 DEBUG Engine] No need to copy /Users/narsi01/Desktop/CTL_CI/CTL/2017-10-04_10-30-19.370857/modified_requests.jmx
[2017-10-04 10:31:08,963 DEBUG Engine.jmeter.JTLErrorsReader] Opening /Users/narsi01/Desktop/CTL_CI/CTL/2017-10-04_10-30-19.370857/error.jtl
[2017-10-04 10:31:08,963 DEBUG Engine.jmeter.JTLReader.IncrementalCSVReader] Reading JTL: /Users/narsi01/Desktop/CTL_CI/CTL/2017-10-04_10-30-19.370857/kpi.jtl
[2017-10-04 10:31:08,963 DEBUG Engine.jmeter.JTLReader.IncrementalCSVReader] Read lines: 11 / 1280 bytes (at speed 1048576)
[2017-10-04 10:31:08,964 DEBUG Engine.jmeter.JTLReader] Buffer len: 5
[2017-10-04 10:31:08,964 DEBUG Engine.jmeter.JTLReader] Aggregating: 1507138262
[2017-10-04 10:31:08,965 DEBUG Engine.jmeter.JTLReader] Aggregating: 1507138263
[2017-10-04 10:31:08,967 DEBUG Engine.jmeter.JTLReader] Aggregating: 1507138264
[2017-10-04 10:31:08,969 DEBUG Engine.jmeter.JTLReader] Aggregating: 1507138265
[2017-10-04 10:31:08,970 DEBUG Engine.jmeter.JTLReader] Aggregating: 1507138266
[2017-10-04 10:31:08,972 DEBUG Engine.consolidator] Consolidator buffer[7]: [1507138260, 1507138261, 1507138262, 1507138263, 1507138264, 1507138265, 1507138266]
[2017-10-04 10:31:08,972 DEBUG Engine.consolidator] Merging into 1507138260
[2017-10-04 10:31:08,972 DEBUG Engine.consolidator] Merging 1507138260
[2017-10-04 10:31:08,976 DEBUG Engine.consolidator] Processed datapoint: 1507138260/None
[2017-10-04 10:31:08,976 DEBUG Engine.consolidator] Merging into 1507138261
[2017-10-04 10:31:08,976 DEBUG Engine.consolidator] Merging 1507138261
[2017-10-04 10:31:08,980 DEBUG Engine.consolidator] Processed datapoint: 1507138261/None
[2017-10-04 10:31:08,980 DEBUG Engine.consolidator] Merging into 1507138262
[2017-10-04 10:31:08,980 DEBUG Engine.consolidator] Merging 1507138262
[2017-10-04 10:31:08,984 DEBUG Engine.consolidator] Processed datapoint: 1507138262/None
[2017-10-04 10:31:08,984 DEBUG Engine.consolidator] Merging into 1507138263
[2017-10-04 10:31:08,984 DEBUG Engine.consolidator] Merging 1507138263
[2017-10-04 10:31:08,988 DEBUG Engine.consolidator] Processed datapoint: 1507138263/None
[2017-10-04 10:31:08,988 DEBUG Engine.consolidator] Merging into 1507138264
[2017-10-04 10:31:08,988 DEBUG Engine.consolidator] Merging 1507138264
[2017-10-04 10:31:08,992 DEBUG Engine.consolidator] Processed datapoint: 1507138264/None
[2017-10-04 10:31:08,992 DEBUG Engine.consolidator] Merging into 1507138265
[2017-10-04 10:31:08,992 DEBUG Engine.consolidator] Merging 1507138265
[2017-10-04 10:31:08,996 DEBUG Engine.consolidator] Processed datapoint: 1507138265/None
[2017-10-04 10:31:08,996 DEBUG Engine.consolidator] Merging into 1507138266
[2017-10-04 10:31:08,996 DEBUG Engine.consolidator] Merging 1507138266
[2017-10-04 10:31:09,001 DEBUG Engine.consolidator] Processed datapoint: 1507138266/None
[2017-10-04 10:31:09,001 INFO Engine.final-stats] Test duration: 0:00:33
[2017-10-04 10:31:09,001 INFO Engine.final-stats] Samples count: 90, 0.00% failures
[2017-10-04 10:31:09,001 INFO Engine.final-stats] Average times: total 0.920, latency 0.226, connect 0.000
[2017-10-04 10:31:09,001 INFO Engine.final-stats] Percentile 0.0%: 0.489
[2017-10-04 10:31:09,001 INFO Engine.final-stats] Percentile 50.0%: 0.840
[2017-10-04 10:31:09,001 INFO Engine.final-stats] Percentile 90.0%: 1.290
[2017-10-04 10:31:09,001 INFO Engine.final-stats] Percentile 95.0%: 1.630
[2017-10-04 10:31:09,001 INFO Engine.final-stats] Percentile 99.0%: 2.223
[2017-10-04 10:31:09,002 INFO Engine.final-stats] Percentile 99.9%: 2.223
[2017-10-04 10:31:09,002 INFO Engine.final-stats] Percentile 100.0%: 2.223
[2017-10-04 10:31:09,002 DEBUG Engine.console] No logger_handler or orig_stream was detected
[2017-10-04 10:31:09,002 INFO Engine.final_stats] Test duration: 0:00:33
[2017-10-04 10:31:09,002 INFO Engine.final_stats] Samples count: 90, 0.00% failures
[2017-10-04 10:31:09,002 INFO Engine.final_stats] Average times: total 0.920, latency 0.226, connect 0.000
[2017-10-04 10:31:09,002 INFO Engine.final_stats] Percentile 0.0%: 0.489
[2017-10-04 10:31:09,002 INFO Engine.final_stats] Percentile 50.0%: 0.840
[2017-10-04 10:31:09,002 INFO Engine.final_stats] Percentile 90.0%: 1.290
[2017-10-04 10:31:09,002 INFO Engine.final_stats] Percentile 95.0%: 1.630
[2017-10-04 10:31:09,002 INFO Engine.final_stats] Percentile 99.0%: 2.223
[2017-10-04 10:31:09,002 INFO Engine.final_stats] Percentile 99.9%: 2.223
[2017-10-04 10:31:09,003 INFO Engine.final_stats] Percentile 100.0%: 2.223
[2017-10-04 10:31:09,003 INFO Engine.final_stats] Dumping final status as CSV: aggregate.csv
[2017-10-04 10:31:09,019 DEBUG Engine.junit-xml] Processing passfail objects: []
[2017-10-04 10:31:09,019 WARNING Engine.XUnitFileWriter] File pass-fail.xml already exists, it will be overwritten
[2017-10-04 10:31:09,019 INFO Engine.XUnitFileWriter] Writing JUnit XML report into: pass-fail.xml
[2017-10-04 10:31:09,053 DEBUG Engine.Configuration] Dumping YAML config into /Users/narsi01/Desktop/CTL_CI/CTL/2017-10-04_10-30-19.370857/effective.yml
[2017-10-04 10:31:09,180 DEBUG Engine.Configuration] Dumping JSON config into /Users/narsi01/Desktop/CTL_CI/CTL/2017-10-04_10-30-19.370857/effective.json
[2017-10-04 10:31:09,261 INFO root] Artifacts dir: /Users/narsi01/Desktop/CTL_CI/CTL/2017-10-04_10-30-19.370857
[2017-10-04 10:31:09,261 WARNING root] Done performing with code: 1
[2017-10-04 10:31:09,261 DEBUG root] Closing log handler: /Users/narsi01/Desktop/CTL_CI/CTL/2017-10-04_10-30-19.370857/bzt.log
