[2018-07-27 09:17:19,674 INFO root] Taurus CLI Tool v1.12.1
[2018-07-27 09:17:19,674 DEBUG root] Command-line options: {'verbose': None, 'no_system_configs': None, 'quiet': None, 'log': '/var/folders/t5/kg41spf56pz146ff1j739w358p9wh7/T/bzt_TfTQvS.log', 'option': None, 'aliases': ['cloud']}
[2018-07-27 09:17:19,674 DEBUG root] Python: CPython 2.7.15
[2018-07-27 09:17:19,675 DEBUG root] OS: ('Darwin', 'narsi01mac1752', '17.6.0', 'Darwin Kernel Version 17.6.0: Tue May  8 15:22:16 PDT 2018; root:xnu-4570.61.1~1/RELEASE_X86_64', 'x86_64', 'i386')
[2018-07-27 09:17:19,675 INFO root] Starting with configs: ['CICD_Taurus_SLA.yml']
[2018-07-27 09:17:19,675 DEBUG root] Using personal config: /Users/narsi01/.bzt-rc
[2018-07-27 09:17:19,675 INFO Engine] Configuring...
[2018-07-27 09:17:19,676 DEBUG Engine] No machine configs dir: /usr/local/Cellar/bzt/1.12.1/libexec/bin/../etc/bzt.d
[2018-07-27 09:17:19,676 DEBUG Engine] Base configs list: ['/usr/local/Cellar/bzt/1.12.1/libexec/lib/python2.7/site-packages/bzt/resources/base-config.yml']
[2018-07-27 09:17:19,676 DEBUG Engine.Configuration] Configs: ['/usr/local/Cellar/bzt/1.12.1/libexec/lib/python2.7/site-packages/bzt/resources/base-config.yml']
[2018-07-27 09:17:19,677 DEBUG Engine.Configuration] Reading /usr/local/Cellar/bzt/1.12.1/libexec/lib/python2.7/site-packages/bzt/resources/base-config.yml as YAML
[2018-07-27 09:17:19,707 DEBUG Engine] User configs list: ['/Users/narsi01/.bzt-rc', 'CICD_Taurus_SLA.yml']
[2018-07-27 09:17:19,707 DEBUG Engine.Configuration] Configs: ['/Users/narsi01/.bzt-rc', 'CICD_Taurus_SLA.yml']
[2018-07-27 09:17:19,708 DEBUG Engine.Configuration] Reading /Users/narsi01/.bzt-rc as YAML
[2018-07-27 09:17:19,711 DEBUG Engine.Configuration] Reading CICD_Taurus_SLA.yml as YAML
[2018-07-27 09:17:19,732 DEBUG Engine.Configuration] Configs: ['/Users/narsi01/.bzt-rc', 'CICD_Taurus_SLA.yml']
[2018-07-27 09:17:19,733 DEBUG Engine.Configuration] Reading /Users/narsi01/.bzt-rc as YAML
[2018-07-27 09:17:19,734 DEBUG Engine.Configuration] Reading CICD_Taurus_SLA.yml as YAML
[2018-07-27 09:17:19,766 DEBUG Engine] Requesting updates info: http://gettaurus.org/updates/?version=1.12.1&installID=macos-784f437f78c0
[2018-07-27 09:17:19,768 DEBUG HTTPClient] Making HTTP request GET http://gettaurus.org/updates/?version=1.12.1&installID=macos-784f437f78c0
[2018-07-27 09:17:19,769 INFO Engine] Artifacts dir: /Users/narsi01/Desktop/JWC_SN/WKS/WKS/2018-07-27_09-17-19.768503
[2018-07-27 09:17:19,776 DEBUG Engine] New artifact filename: /Users/narsi01/Desktop/JWC_SN/WKS/WKS/2018-07-27_09-17-19.768503/effective
[2018-07-27 09:17:19,778 DEBUG urllib3.connectionpool] Starting new HTTP connection (1): gettaurus.org:80
[2018-07-27 09:17:19,783 DEBUG Engine.Configuration] Dumping YAML config into /Users/narsi01/Desktop/JWC_SN/WKS/WKS/2018-07-27_09-17-19.768503/effective.yml
[2018-07-27 09:17:19,833 DEBUG Engine.Configuration] Dumping JSON config into /Users/narsi01/Desktop/JWC_SN/WKS/WKS/2018-07-27_09-17-19.768503/effective.json
[2018-07-27 09:17:19,835 DEBUG Engine] New artifact filename: /Users/narsi01/Desktop/JWC_SN/WKS/WKS/2018-07-27_09-17-19.768503/merged.yml
[2018-07-27 09:17:19,836 DEBUG Engine.Configuration] Dumping YAML config into /Users/narsi01/Desktop/JWC_SN/WKS/WKS/2018-07-27_09-17-19.768503/merged.yml
[2018-07-27 09:17:19,852 DEBUG Engine] New artifact filename: /Users/narsi01/Desktop/JWC_SN/WKS/WKS/2018-07-27_09-17-19.768503/merged.json
[2018-07-27 09:17:19,853 DEBUG Engine.Configuration] Dumping JSON config into /Users/narsi01/Desktop/JWC_SN/WKS/WKS/2018-07-27_09-17-19.768503/merged.json
[2018-07-27 09:17:19,853 DEBUG Engine] Add existing artifact (move=False): CICD_Taurus_SLA.yml
[2018-07-27 09:17:19,854 DEBUG Engine] Copying CICD_Taurus_SLA.yml to /Users/narsi01/Desktop/JWC_SN/WKS/WKS/2018-07-27_09-17-19.768503/CICD_Taurus_SLA.yml
[2018-07-27 09:17:19,855 DEBUG Engine.Environment] Replace 'TAURUS_ARTIFACTS_DIR' in environment
[2018-07-27 09:17:19,858 DEBUG root] Closing log handler: /var/folders/t5/kg41spf56pz146ff1j739w358p9wh7/T/bzt_TfTQvS.log
[2018-07-27 09:17:19,889 DEBUG root] Switched writing logs to /Users/narsi01/Desktop/JWC_SN/WKS/WKS/2018-07-27_09-17-19.768503/bzt.log
[2018-07-27 09:17:19,890 DEBUG root] Linting config
[2018-07-27 09:17:19,899 INFO Engine] Preparing...
[2018-07-27 09:17:19,899 DEBUG Engine] Module config: consolidator defaultdict(None, {'class': u'bzt.modules.aggregator.ConsolidatingAggregator'})
[2018-07-27 09:17:19,900 DEBUG root] Importing module: bzt.modules.aggregator
[2018-07-27 09:17:20,116 DEBUG root] Loading class: 'ConsolidatingAggregator' from <module 'bzt.modules.aggregator' from '/usr/local/Cellar/bzt/1.12.1/libexec/lib/python2.7/site-packages/bzt/modules/aggregator.pyc'>
[2018-07-27 09:17:20,116 DEBUG Engine.consolidator] Buffer scaling setup: percentile 95.0 from [0.0, 50.0, 90.0, 95.0, 99.0, 99.9, 100.0] selected
[2018-07-27 09:17:20,116 DEBUG Engine] Module config: monitoring defaultdict(None, {'class': u'bzt.modules.monitoring.Monitoring'})
[2018-07-27 09:17:20,116 DEBUG root] Importing module: bzt.modules.monitoring
[2018-07-27 09:17:20,119 DEBUG root] Loading class: 'Monitoring' from <module 'bzt.modules.monitoring' from '/usr/local/Cellar/bzt/1.12.1/libexec/lib/python2.7/site-packages/bzt/modules/monitoring.pyc'>
[2018-07-27 09:17:20,119 DEBUG Engine.monitoring] Should not run because of non-matching prov: cloud != local
[2018-07-27 09:17:20,120 DEBUG Engine] Module config: cloud defaultdict(None, {'token': '********', 'class': u'bzt.modules.blazemeter.CloudProvisioning'})
[2018-07-27 09:17:20,120 DEBUG root] Importing module: bzt.modules.blazemeter
[2018-07-27 09:17:20,137 DEBUG easyprocess] version=0.2.3
[2018-07-27 09:17:20,140 DEBUG pyvirtualdisplay] version=0.2.1
[2018-07-27 09:17:20,142 DEBUG root] Loading class: 'CloudProvisioning' from <module 'bzt.modules.blazemeter' from '/usr/local/Cellar/bzt/1.12.1/libexec/lib/python2.7/site-packages/bzt/modules/blazemeter.pyc'>
[2018-07-27 09:17:20,142 DEBUG Engine] Module config: blazemeter defaultdict(None, {'test': u'CICD Taurus SLA', 'token': '********', 'class': u'bzt.modules.blazemeter.BlazeMeterUploader'})
[2018-07-27 09:17:20,142 DEBUG root] Importing module: bzt.modules.blazemeter
[2018-07-27 09:17:20,142 DEBUG root] Loading class: 'BlazeMeterUploader' from <module 'bzt.modules.blazemeter' from '/usr/local/Cellar/bzt/1.12.1/libexec/lib/python2.7/site-packages/bzt/modules/blazemeter.pyc'>
[2018-07-27 09:17:20,143 DEBUG Engine.cloud] Installing http client
[2018-07-27 09:17:20,143 DEBUG Engine.cloud] Request: GET https://a.blazemeter.com/api/v4/accounts None
[2018-07-27 09:17:20,143 DEBUG HTTPClient] Making HTTP request GET https://a.blazemeter.com/api/v4/accounts
[2018-07-27 09:17:20,146 DEBUG urllib3.connectionpool] Starting new HTTPS connection (1): a.blazemeter.com:443
[2018-07-27 09:17:20,426 DEBUG urllib3.connectionpool] http://gettaurus.org:80 "GET /updates/?version=1.12.1&installID=macos-784f437f78c0 HTTP/1.1" 200 60
[2018-07-27 09:17:20,427 DEBUG Engine] Taurus updates info: {u'needsUpgrade': False, u'latest': u'1.12.1'}
[2018-07-27 09:17:20,427 DEBUG Engine] Installation is up-to-date
[2018-07-27 09:17:20,693 DEBUG urllib3.connectionpool] https://a.blazemeter.com:443 "GET /api/v4/accounts HTTP/1.1" 200 3450
[2018-07-27 09:17:20,694 DEBUG Engine.cloud] Response [200]: {
    "limit": 10,
    "skip": 0,
    "total": 4,
    "hidden": 0,
    "api_version": 4,
    "error": null,
    "result": [
        {
            "id": 100305,
            "name": "Account",
            "thumbnailUrl": null,
            "salesforceId": nul
[2018-07-27 09:17:20,697 DEBUG Engine.cloud] Request: GET https://a.blazemeter.com/api/v4/workspaces?accountId=100305&enabled=true&limit=100 None
[2018-07-27 09:17:20,697 DEBUG HTTPClient] Making HTTP request GET https://a.blazemeter.com/api/v4/workspaces?accountId=100305&enabled=true&limit=100
[2018-07-27 09:17:20,904 DEBUG urllib3.connectionpool] https://a.blazemeter.com:443 "GET /api/v4/workspaces?accountId=100305&enabled=true&limit=100 HTTP/1.1" 200 127
[2018-07-27 09:17:20,909 DEBUG Engine.cloud] Response [200]: {
    "limit": 100,
    "skip": 0,
    "total": 0,
    "hidden": 0,
    "api_version": 4,
    "error": null,
    "result": []
}
[2018-07-27 09:17:20,910 DEBUG Engine.cloud] Request: GET https://a.blazemeter.com/api/v4/workspaces?accountId=130965&enabled=true&limit=100 None
[2018-07-27 09:17:20,910 DEBUG HTTPClient] Making HTTP request GET https://a.blazemeter.com/api/v4/workspaces?accountId=130965&enabled=true&limit=100
[2018-07-27 09:17:21,185 DEBUG urllib3.connectionpool] https://a.blazemeter.com:443 "GET /api/v4/workspaces?accountId=130965&enabled=true&limit=100 HTTP/1.1" 200 2866
[2018-07-27 09:17:21,186 DEBUG Engine.cloud] Response [200]: {
    "limit": 100,
    "skip": 0,
    "total": 4,
    "hidden": 0,
    "api_version": 4,
    "error": null,
    "result": [
        {
            "id": 124387,
            "name": "Klaus Workspace",
            "userId": 345248,
            "created": 148
[2018-07-27 09:17:21,187 DEBUG Engine.cloud] Request: GET https://a.blazemeter.com/api/v4/workspaces?accountId=21166&enabled=true&limit=100 None
[2018-07-27 09:17:21,187 DEBUG HTTPClient] Making HTTP request GET https://a.blazemeter.com/api/v4/workspaces?accountId=21166&enabled=true&limit=100
[2018-07-27 09:17:21,400 DEBUG urllib3.connectionpool] https://a.blazemeter.com:443 "GET /api/v4/workspaces?accountId=21166&enabled=true&limit=100 HTTP/1.1" 200 1482
[2018-07-27 09:17:21,400 DEBUG Engine.cloud] Response [200]: {
    "limit": 100,
    "skip": 0,
    "total": 2,
    "hidden": 0,
    "api_version": 4,
    "error": null,
    "result": [
        {
            "id": 7199,
            "name": "CA SE Workspace",
            "userId": 307773,
            "created": 14775
[2018-07-27 09:17:21,401 DEBUG Engine.cloud] Request: GET https://a.blazemeter.com/api/v4/workspaces?accountId=40241&enabled=true&limit=100 None
[2018-07-27 09:17:21,401 DEBUG HTTPClient] Making HTTP request GET https://a.blazemeter.com/api/v4/workspaces?accountId=40241&enabled=true&limit=100
[2018-07-27 09:17:21,615 DEBUG urllib3.connectionpool] https://a.blazemeter.com:443 "GET /api/v4/workspaces?accountId=40241&enabled=true&limit=100 HTTP/1.1" 200 2191
[2018-07-27 09:17:21,616 DEBUG Engine.cloud] Response [200]: {
    "limit": 100,
    "skip": 0,
    "total": 3,
    "hidden": 0,
    "api_version": 4,
    "error": null,
    "result": [
        {
            "id": 509,
            "name": "Customer Demo Org",
            "userId": 86033,
            "created": 14419
[2018-07-27 09:17:21,618 DEBUG Engine] Module config: jmeter defaultdict(None, {'class': u'bzt.modules.jmeter.JMeterExecutor', 'protocol-handlers': defaultdict(None, {'http': u'bzt.jmx.http.HTTPProtocolHandler'}), 'properties': defaultdict(None, {'jmeter.save.saveservice.autoflush': u'true', 'jmeter.save.saveservice.connect_time': u'true', 'summariser.name': u'', 'jmeterengine.force.system.exit': u'true'}), 'plugins': [u'jpgc-casutg', u'jpgc-dummy', u'jpgc-ffw', u'jpgc-fifo', u'jpgc-functions', u'jpgc-json', u'jpgc-perfmon', u'jpgc-prmctl', u'jpgc-tst']})
[2018-07-27 09:17:21,618 DEBUG root] Importing module: bzt.modules.jmeter
[2018-07-27 09:17:21,640 DEBUG root] Loading class: 'JMeterExecutor' from <module 'bzt.modules.jmeter' from '/usr/local/Cellar/bzt/1.12.1/libexec/lib/python2.7/site-packages/bzt/modules/jmeter.pyc'>
[2018-07-27 09:17:21,641 DEBUG Engine.cloud.ProjectFinder] Parsed test link: None
[2018-07-27 09:17:21,642 DEBUG Engine.cloud] Request: GET https://a.blazemeter.com/api/v4/user None
[2018-07-27 09:17:21,642 DEBUG HTTPClient] Making HTTP request GET https://a.blazemeter.com/api/v4/user
[2018-07-27 09:17:21,881 DEBUG urllib3.connectionpool] https://a.blazemeter.com:443 "GET /api/v4/user HTTP/1.1" 200 2632
[2018-07-27 09:17:21,882 DEBUG Engine.cloud] Response [200]: {
    "api_version": 4,
    "error": null,
    "result": {
        "id": 106819,
        "email": "sid@blazemeter.com",
        "access": 1532708227,
        "login": 1532530944,
        "firstName": "Sid",
        "lastName": "Narang",
        "timezone":
[2018-07-27 09:17:21,882 DEBUG Engine.cloud] Request: GET https://a.blazemeter.com/api/v4/accounts None
[2018-07-27 09:17:21,883 DEBUG HTTPClient] Making HTTP request GET https://a.blazemeter.com/api/v4/accounts
[2018-07-27 09:17:22,114 DEBUG urllib3.connectionpool] https://a.blazemeter.com:443 "GET /api/v4/accounts HTTP/1.1" 200 3450
[2018-07-27 09:17:22,115 DEBUG Engine.cloud] Response [200]: {
    "limit": 10,
    "skip": 0,
    "total": 4,
    "hidden": 0,
    "api_version": 4,
    "error": null,
    "result": [
        {
            "id": 100305,
            "name": "Account",
            "thumbnailUrl": null,
            "salesforceId": nul
[2018-07-27 09:17:22,116 DEBUG Engine.cloud.ProjectFinder] Using default account: {u'updated': 1496763432, u'disclaimerMessage': None, u'appUrl': u'https://a.blazemeter.com', u'inviteUrl': u'https://a.blazemeter.com/app/sign-up', u'owner': {u'displayName': u'Michael Redman', u'id': 86033, u'email': u'mike@blazemeter.com'}, u'membersCount': 6, u'thumbnailUrl': u'', u'inviteContactEmail': None, u'apiKeyExpiration': None, u'workspacesCount': 10, u'name': u'My SN', u'created': 1482649492, u'legacyApiKeysDisabled': True, u'totangoId': None, u'id': 40241, u'inviteContactName': None, u'salesforceId': None, u'sessionDelayedStart': 180}
[2018-07-27 09:17:22,116 DEBUG Engine.cloud] Request: GET https://a.blazemeter.com/api/v4/workspaces?accountId=40241&enabled=true&limit=100 None
[2018-07-27 09:17:22,116 DEBUG HTTPClient] Making HTTP request GET https://a.blazemeter.com/api/v4/workspaces?accountId=40241&enabled=true&limit=100
[2018-07-27 09:17:22,331 DEBUG urllib3.connectionpool] https://a.blazemeter.com:443 "GET /api/v4/workspaces?accountId=40241&enabled=true&limit=100 HTTP/1.1" 200 2191
[2018-07-27 09:17:22,332 DEBUG Engine.cloud] Response [200]: {
    "limit": 100,
    "skip": 0,
    "total": 3,
    "hidden": 0,
    "api_version": 4,
    "error": null,
    "result": [
        {
            "id": 509,
            "name": "Customer Demo Org",
            "userId": 86033,
            "created": 14419
[2018-07-27 09:17:22,332 DEBUG Engine.cloud.ProjectFinder] Using first workspace: {u'updated': 1482649488, u'name': u"Sid Narang's Workspace", u'created': 1482649488, u'enabled': True, u'performanceLabsEnabled': False, u'userId': 106819, u'dedicatedIpsEnabled': True, u'privateLocationsEnabled': True, u'owner': {u'displayName': u'Sid Narang', u'id': 106819, u'email': u'sid@blazemeter.com'}, u'membersCount': 1, u'accountId': 40241, u'id': 31694, u'allowance': {u'amount': 1000000, u'type': u'vuh'}}
[2018-07-27 09:17:22,333 DEBUG Engine.cloud] Request: GET https://a.blazemeter.com/api/v4/user None
[2018-07-27 09:17:22,333 DEBUG HTTPClient] Making HTTP request GET https://a.blazemeter.com/api/v4/user
[2018-07-27 09:17:22,595 DEBUG urllib3.connectionpool] https://a.blazemeter.com:443 "GET /api/v4/user HTTP/1.1" 200 2632
[2018-07-27 09:17:22,596 DEBUG Engine.cloud] Response [200]: {
    "api_version": 4,
    "error": null,
    "result": {
        "id": 106819,
        "email": "sid@blazemeter.com",
        "access": 1532708227,
        "login": 1532530944,
        "firstName": "Sid",
        "lastName": "Narang",
        "timezone":
[2018-07-27 09:17:22,597 DEBUG Engine.cloud.ProjectFinder] Looking for default project: 74163
[2018-07-27 09:17:22,597 DEBUG Engine.cloud] Request: GET https://a.blazemeter.com/api/v4/projects?workspaceId=124387 None
[2018-07-27 09:17:22,597 DEBUG HTTPClient] Making HTTP request GET https://a.blazemeter.com/api/v4/projects?workspaceId=124387
[2018-07-27 09:17:22,807 DEBUG urllib3.connectionpool] https://a.blazemeter.com:443 "GET /api/v4/projects?workspaceId=124387 HTTP/1.1" 200 1864
[2018-07-27 09:17:22,808 DEBUG Engine.cloud] Response [200]: {
    "limit": 10,
    "skip": 0,
    "total": 6,
    "hidden": 0,
    "api_version": 4,
    "error": null,
    "result": [
        {
            "id": 168940,
            "name": "Default project",
            "userId": 345248,
            "description": 
[2018-07-27 09:17:22,809 DEBUG Engine.cloud] Request: GET https://a.blazemeter.com/api/v4/projects?workspaceId=137782 None
[2018-07-27 09:17:22,809 DEBUG HTTPClient] Making HTTP request GET https://a.blazemeter.com/api/v4/projects?workspaceId=137782
[2018-07-27 09:17:23,030 DEBUG urllib3.connectionpool] https://a.blazemeter.com:443 "GET /api/v4/projects?workspaceId=137782 HTTP/1.1" 200 2995
[2018-07-27 09:17:23,031 DEBUG Engine.cloud] Response [200]: {
    "limit": 10,
    "skip": 0,
    "total": 24,
    "hidden": 0,
    "api_version": 4,
    "error": null,
    "result": [
        {
            "id": 184355,
            "name": "Default project",
            "userId": null,
            "description": n
[2018-07-27 09:17:23,031 DEBUG Engine.cloud] Request: GET https://a.blazemeter.com/api/v4/projects?workspaceId=161580 None
[2018-07-27 09:17:23,032 DEBUG HTTPClient] Making HTTP request GET https://a.blazemeter.com/api/v4/projects?workspaceId=161580
[2018-07-27 09:17:23,253 DEBUG urllib3.connectionpool] https://a.blazemeter.com:443 "GET /api/v4/projects?workspaceId=161580 HTTP/1.1" 200 410
[2018-07-27 09:17:23,254 DEBUG Engine.cloud] Response [200]: {
    "limit": 10,
    "skip": 0,
    "total": 1,
    "hidden": 0,
    "api_version": 4,
    "error": null,
    "result": [
        {
            "id": 211804,
            "name": "Default project",
            "userId": null,
            "description": nu
[2018-07-27 09:17:23,255 DEBUG Engine.cloud] Request: GET https://a.blazemeter.com/api/v4/projects?workspaceId=165145 None
[2018-07-27 09:17:23,255 DEBUG HTTPClient] Making HTTP request GET https://a.blazemeter.com/api/v4/projects?workspaceId=165145
[2018-07-27 09:17:23,458 DEBUG urllib3.connectionpool] https://a.blazemeter.com:443 "GET /api/v4/projects?workspaceId=165145 HTTP/1.1" 200 411
[2018-07-27 09:17:23,459 DEBUG Engine.cloud] Response [200]: {
    "limit": 10,
    "skip": 0,
    "total": 1,
    "hidden": 0,
    "api_version": 4,
    "error": null,
    "result": [
        {
            "id": 215916,
            "name": "Default project",
            "userId": null,
            "description": nu
[2018-07-27 09:17:23,459 DEBUG Engine.cloud] Request: GET https://a.blazemeter.com/api/v4/projects?workspaceId=7199 None
[2018-07-27 09:17:23,459 DEBUG HTTPClient] Making HTTP request GET https://a.blazemeter.com/api/v4/projects?workspaceId=7199
[2018-07-27 09:17:23,681 DEBUG urllib3.connectionpool] https://a.blazemeter.com:443 "GET /api/v4/projects?workspaceId=7199 HTTP/1.1" 200 2922
[2018-07-27 09:17:23,682 DEBUG Engine.cloud] Response [200]: {
    "limit": 10,
    "skip": 0,
    "total": 16,
    "hidden": 0,
    "api_version": 4,
    "error": null,
    "result": [
        {
            "id": 167099,
            "name": "APM",
            "userId": null,
            "description": "JMeter with 
[2018-07-27 09:17:23,682 DEBUG Engine.cloud] Request: GET https://a.blazemeter.com/api/v4/projects?workspaceId=133217 None
[2018-07-27 09:17:23,682 DEBUG HTTPClient] Making HTTP request GET https://a.blazemeter.com/api/v4/projects?workspaceId=133217
[2018-07-27 09:17:23,886 DEBUG urllib3.connectionpool] https://a.blazemeter.com:443 "GET /api/v4/projects?workspaceId=133217 HTTP/1.1" 200 1614
[2018-07-27 09:17:23,887 DEBUG Engine.cloud] Response [200]: {
    "limit": 10,
    "skip": 0,
    "total": 5,
    "hidden": 0,
    "api_version": 4,
    "error": null,
    "result": [
        {
            "id": 201589,
            "name": "API - Run As Functional",
            "userId": null,
            "descript
[2018-07-27 09:17:23,887 DEBUG Engine.cloud] Request: GET https://a.blazemeter.com/api/v4/projects?workspaceId=509 None
[2018-07-27 09:17:23,887 DEBUG HTTPClient] Making HTTP request GET https://a.blazemeter.com/api/v4/projects?workspaceId=509
[2018-07-27 09:17:24,116 DEBUG urllib3.connectionpool] https://a.blazemeter.com:443 "GET /api/v4/projects?workspaceId=509 HTTP/1.1" 200 672
[2018-07-27 09:17:24,116 DEBUG Engine.cloud] Response [200]: {
    "limit": 10,
    "skip": 0,
    "total": 2,
    "hidden": 0,
    "api_version": 4,
    "error": null,
    "result": [
        {
            "id": 41932,
            "name": "Production Test",
            "userId": 106819,
            "description": "
[2018-07-27 09:17:24,116 DEBUG Engine.cloud] Request: GET https://a.blazemeter.com/api/v4/projects?workspaceId=3130 None
[2018-07-27 09:17:24,116 DEBUG HTTPClient] Making HTTP request GET https://a.blazemeter.com/api/v4/projects?workspaceId=3130
[2018-07-27 09:17:24,324 DEBUG urllib3.connectionpool] https://a.blazemeter.com:443 "GET /api/v4/projects?workspaceId=3130 HTTP/1.1" 200 406
[2018-07-27 09:17:24,325 DEBUG Engine.cloud] Response [200]: {
    "limit": 10,
    "skip": 0,
    "total": 1,
    "hidden": 0,
    "api_version": 4,
    "error": null,
    "result": [
        {
            "id": 43759,
            "name": "Perf Labs Test",
            "userId": 106819,
            "description": ""
[2018-07-27 09:17:24,325 DEBUG Engine.cloud] Request: GET https://a.blazemeter.com/api/v4/projects?workspaceId=31694 None
[2018-07-27 09:17:24,325 DEBUG HTTPClient] Making HTTP request GET https://a.blazemeter.com/api/v4/projects?workspaceId=31694
[2018-07-27 09:17:24,532 DEBUG urllib3.connectionpool] https://a.blazemeter.com:443 "GET /api/v4/projects?workspaceId=31694 HTTP/1.1" 200 2931
[2018-07-27 09:17:24,533 DEBUG Engine.cloud] Response [200]: {
    "limit": 10,
    "skip": 0,
    "total": 10,
    "hidden": 0,
    "api_version": 4,
    "error": null,
    "result": [
        {
            "id": 61465,
            "name": "AWS 2016",
            "userId": 106819,
            "description": "",
   
[2018-07-27 09:17:24,533 DEBUG Engine.cloud] Request: GET https://a.blazemeter.com/api/v4/multi-tests?projectId=74163&name=CICD+Taurus+SLA None
[2018-07-27 09:17:24,533 DEBUG HTTPClient] Making HTTP request GET https://a.blazemeter.com/api/v4/multi-tests?projectId=74163&name=CICD+Taurus+SLA
[2018-07-27 09:17:24,759 DEBUG urllib3.connectionpool] https://a.blazemeter.com:443 "GET /api/v4/multi-tests?projectId=74163&name=CICD+Taurus+SLA HTTP/1.1" 200 126
[2018-07-27 09:17:24,760 DEBUG Engine.cloud] Response [200]: {
    "limit": 10,
    "skip": 0,
    "total": 0,
    "hidden": 0,
    "api_version": 4,
    "error": null,
    "result": []
}
[2018-07-27 09:17:24,760 DEBUG Engine.cloud] Request: GET https://a.blazemeter.com/api/v4/tests?projectId=74163&name=CICD+Taurus+SLA None
[2018-07-27 09:17:24,760 DEBUG HTTPClient] Making HTTP request GET https://a.blazemeter.com/api/v4/tests?projectId=74163&name=CICD+Taurus+SLA
[2018-07-27 09:17:24,973 DEBUG urllib3.connectionpool] https://a.blazemeter.com:443 "GET /api/v4/tests?projectId=74163&name=CICD+Taurus+SLA HTTP/1.1" 200 1890
[2018-07-27 09:17:24,974 DEBUG Engine.cloud] Response [200]: {
    "limit": 10,
    "skip": 0,
    "total": 2,
    "hidden": 0,
    "api_version": 4,
    "error": null,
    "result": [
        {
            "id": 6226039,
            "name": "CICD Taurus SLA",
            "isNewTest": true,
            "userId": 106
[2018-07-27 09:17:24,974 DEBUG Engine.cloud.ProjectFinder] Detected test type: standard
[2018-07-27 09:17:24,975 DEBUG Engine.cloud] Request: GET https://a.blazemeter.com/api/v4/workspaces/31694 None
[2018-07-27 09:17:24,975 DEBUG HTTPClient] Making HTTP request GET https://a.blazemeter.com/api/v4/workspaces/31694
[2018-07-27 09:17:25,317 DEBUG urllib3.connectionpool] https://a.blazemeter.com:443 "GET /api/v4/workspaces/31694 HTTP/1.1" 200 None
[2018-07-27 09:17:25,405 DEBUG Engine.cloud] Response [200]: {
    "api_version": 4,
    "error": null,
    "result": {
        "id": 31694,
        "name": "Sid Narang's Workspace",
        "userId": 106819,
        "created": 1482649488,
        "updated": 1482649488,
        "enabled": true,
        "dedicatedIps
[2018-07-27 09:17:25,426 DEBUG Engine.cloud.ProjectFinder.CloudTaurusTest] Default location None not found
[2018-07-27 09:17:25,427 DEBUG Engine.cloud] All resource files are: []
[2018-07-27 09:17:25,427 DEBUG Engine.cloud] Replace file names in config: [] with []
[2018-07-27 09:17:25,429 DEBUG Engine] New artifact filename: /Users/narsi01/Desktop/JWC_SN/WKS/WKS/2018-07-27_09-17-19.768503/cloud
[2018-07-27 09:17:25,431 DEBUG root] Dumping YAML config into /Users/narsi01/Desktop/JWC_SN/WKS/WKS/2018-07-27_09-17-19.768503/cloud.yml
[2018-07-27 09:17:25,447 DEBUG root] Dumping JSON config into /Users/narsi01/Desktop/JWC_SN/WKS/WKS/2018-07-27_09-17-19.768503/cloud.json
[2018-07-27 09:17:25,448 DEBUG Engine.cloud] Request: GET https://a.blazemeter.com/api/v4/web/elfinder/6226039?cmd=open&target=s1_Lw None
[2018-07-27 09:17:25,448 DEBUG HTTPClient] Making HTTP request GET https://a.blazemeter.com/api/v4/web/elfinder/6226039?cmd=open&target=s1_Lw
[2018-07-27 09:17:25,788 DEBUG urllib3.connectionpool] https://a.blazemeter.com:443 "GET /api/v4/web/elfinder/6226039?cmd=open&target=s1_Lw HTTP/1.1" 200 1458
[2018-07-27 09:17:25,789 DEBUG Engine.cloud] Response [200]: {"cwd":{"name":"data","size":0,"mime":"directory","read":1,"write":1,"parent_id":"users","hash":"s1_Lw","rootRev":"","options":{"path":"","url":"","tmbUrl":"","disabled":["mkdir","archive","zipdl","extract","chmod"],"separator":"\/","copyOverwrite":1,"uplo
[2018-07-27 09:17:25,789 DEBUG Engine.cloud] Test files: [u'taurus.yml']
[2018-07-27 09:17:25,790 DEBUG Engine.cloud] Request: GET https://a.blazemeter.com/api/v4/web/elfinder/6226039?cmd=rm&targets[]=s1_dGF1cnVzLnltbA None
[2018-07-27 09:17:25,790 DEBUG HTTPClient] Making HTTP request GET https://a.blazemeter.com/api/v4/web/elfinder/6226039?cmd=rm&targets[]=s1_dGF1cnVzLnltbA
[2018-07-27 09:17:26,226 DEBUG urllib3.connectionpool] https://a.blazemeter.com:443 "GET /api/v4/web/elfinder/6226039?cmd=rm&targets[]=s1_dGF1cnVzLnltbA HTTP/1.1" 200 774
[2018-07-27 09:17:26,227 DEBUG Engine.cloud] Response [200]: {"removed":["s1_dGF1cnVzLnltbA"],"changed":[{"name":"data","size":0,"mime":"directory","read":1,"write":1,"parent_id":"users","hash":"s1_Lw","rootRev":"","options":{"path":"","url":"","tmbUrl":"","disabled":["mkdir","archive","zipdl","extract","chmod"],"se
[2018-07-27 09:17:26,228 DEBUG Engine.cloud] Successfully deleted 1 test files
[2018-07-27 09:17:26,241 DEBUG Engine.cloud] Uploading files into the test: []
[2018-07-27 09:17:26,253 DEBUG Engine.cloud] Request: POST https://a.blazemeter.com/api/v4/tests/6226039/files --===============3047358005493888598==
Content-Disposition: file; name="script"; filename="taurus.yml"
Content-Type: application/octet-stream

---
execution:
- concurrency: 100
  hold-for: 300s
  iterations: 1000
  locations:
    harbor-5591335d8588531
[2018-07-27 09:17:26,253 DEBUG HTTPClient] Making HTTP request POST https://a.blazemeter.com/api/v4/tests/6226039/files
[2018-07-27 09:17:26,737 DEBUG urllib3.connectionpool] https://a.blazemeter.com:443 "POST /api/v4/tests/6226039/files HTTP/1.1" 201 1100
[2018-07-27 09:17:26,738 DEBUG Engine.cloud] Response [201]: {
    "api_version": 4,
    "error": null,
    "result": {
        "id": 6226039,
        "isNewTest": true,
        "name": "CICD Taurus SLA",
        "userId": 106819,
        "creatorClientId": "Taurus",
        "overrideExecutions": [],
        "execut
[2018-07-27 09:17:26,738 DEBUG Engine.cloud] Request: PATCH https://a.blazemeter.com/api/v4/tests/6226039 {
 "configuration": {
  "executionType": null
 }
}
[2018-07-27 09:17:26,738 DEBUG HTTPClient] Making HTTP request PATCH https://a.blazemeter.com/api/v4/tests/6226039
[2018-07-27 09:17:27,094 DEBUG urllib3.connectionpool] https://a.blazemeter.com:443 "PATCH /api/v4/tests/6226039 HTTP/1.1" 200 1559
[2018-07-27 09:17:27,095 DEBUG Engine.cloud] Response [200]: {
    "api_version": 4,
    "error": null,
    "result": {
        "id": 6226039,
        "isNewTest": true,
        "name": "CICD Taurus SLA",
        "userId": 106819,
        "creatorClientId": "Taurus",
        "overrideExecutions": [],
        "create
[2018-07-27 09:17:27,095 DEBUG Engine.cloud] Request: PATCH https://a.blazemeter.com/api/v4/tests/6226039 {
 "configuration": {
  "plugins": {
   "reportEmail": {
    "enabled": false
   }
  }
 }
}
[2018-07-27 09:17:27,095 DEBUG HTTPClient] Making HTTP request PATCH https://a.blazemeter.com/api/v4/tests/6226039
[2018-07-27 09:17:27,411 DEBUG urllib3.connectionpool] https://a.blazemeter.com:443 "PATCH /api/v4/tests/6226039 HTTP/1.1" 200 1559
[2018-07-27 09:17:27,412 DEBUG Engine.cloud] Response [200]: {
    "api_version": 4,
    "error": null,
    "result": {
        "id": 6226039,
        "isNewTest": true,
        "name": "CICD Taurus SLA",
        "userId": 106819,
        "creatorClientId": "Taurus",
        "overrideExecutions": [],
        "create
[2018-07-27 09:17:27,413 DEBUG Engine] Module config: final-stats defaultdict(None, {'class': u'bzt.modules.reporting.FinalStatus'})
[2018-07-27 09:17:27,413 DEBUG root] Importing module: bzt.modules.reporting
[2018-07-27 09:17:27,414 DEBUG root] Loading class: 'FinalStatus' from <module 'bzt.modules.reporting' from '/usr/local/Cellar/bzt/1.12.1/libexec/lib/python2.7/site-packages/bzt/modules/reporting.pyc'>
[2018-07-27 09:17:27,415 DEBUG Engine] Module config: console defaultdict(None, {'class': u'bzt.modules.console.ConsoleStatusReporter'})
[2018-07-27 09:17:27,415 DEBUG root] Importing module: bzt.modules.console
[2018-07-27 09:17:27,415 DEBUG root] Loading class: 'ConsoleStatusReporter' from <module 'bzt.modules.console' from '/usr/local/Cellar/bzt/1.12.1/libexec/lib/python2.7/site-packages/bzt/modules/console.pyc'>
[2018-07-27 09:17:27,415 DEBUG Engine] Module config: passfail defaultdict(None, {'class': u'bzt.modules.passfail.PassFailStatus'})
[2018-07-27 09:17:27,416 DEBUG root] Importing module: bzt.modules.passfail
[2018-07-27 09:17:27,416 DEBUG root] Loading class: 'PassFailStatus' from <module 'bzt.modules.passfail' from '/usr/local/Cellar/bzt/1.12.1/libexec/lib/python2.7/site-packages/bzt/modules/passfail.pyc'>
[2018-07-27 09:17:27,416 DEBUG Engine] Module config: final_stats defaultdict(None, {'class': u'bzt.modules.reporting.FinalStatus'})
[2018-07-27 09:17:27,416 DEBUG root] Importing module: bzt.modules.reporting
[2018-07-27 09:17:27,416 DEBUG root] Loading class: 'FinalStatus' from <module 'bzt.modules.reporting' from '/usr/local/Cellar/bzt/1.12.1/libexec/lib/python2.7/site-packages/bzt/modules/reporting.pyc'>
[2018-07-27 09:17:27,416 DEBUG Engine] Module config: junit-xml defaultdict(None, {'class': u'bzt.modules.reporting.JUnitXMLReporter'})
[2018-07-27 09:17:27,416 DEBUG root] Importing module: bzt.modules.reporting
[2018-07-27 09:17:27,417 DEBUG root] Loading class: 'JUnitXMLReporter' from <module 'bzt.modules.reporting' from '/usr/local/Cellar/bzt/1.12.1/libexec/lib/python2.7/site-packages/bzt/modules/reporting.pyc'>
[2018-07-27 09:17:27,424 DEBUG root] Importing module: bzt.modules.passfail
[2018-07-27 09:17:27,425 DEBUG root] Loading class: 'DataCriterion' from <module 'bzt.modules.passfail' from '/usr/local/Cellar/bzt/1.12.1/libexec/lib/python2.7/site-packages/bzt/modules/passfail.pyc'>
[2018-07-27 09:17:27,429 DEBUG Engine.Configuration] Dumping YAML config into /Users/narsi01/Desktop/JWC_SN/WKS/WKS/2018-07-27_09-17-19.768503/effective.yml
[2018-07-27 09:17:27,473 DEBUG Engine.Configuration] Dumping JSON config into /Users/narsi01/Desktop/JWC_SN/WKS/WKS/2018-07-27_09-17-19.768503/effective.json
[2018-07-27 09:17:27,475 INFO Engine] Starting...
[2018-07-27 09:17:27,475 DEBUG Engine] Startup <bzt.modules.aggregator.ConsolidatingAggregator object at 0x1107af610>
[2018-07-27 09:17:27,476 DEBUG Engine] Startup <bzt.modules.reporting.FinalStatus object at 0x1123949d0>
[2018-07-27 09:17:27,476 DEBUG Engine] Startup <bzt.modules.console.ConsoleStatusReporter object at 0x112374810>
[2018-07-27 09:17:27,476 INFO Engine.console] Waiting for results...
[2018-07-27 09:17:27,476 DEBUG Engine] Startup <bzt.modules.passfail.PassFailStatus object at 0x112374a90>
[2018-07-27 09:17:27,477 DEBUG Engine] Startup <bzt.modules.reporting.FinalStatus object at 0x112374ad0>
[2018-07-27 09:17:27,477 DEBUG Engine] Startup <bzt.modules.reporting.JUnitXMLReporter object at 0x112374b50>
[2018-07-27 09:17:27,477 DEBUG Engine] Startup <bzt.modules.blazemeter.CloudProvisioning object at 0x112237410>
[2018-07-27 09:17:27,477 INFO Engine.cloud.ProjectFinder.CloudTaurusTest] Initiating cloud test with https://a.blazemeter.com ...
[2018-07-27 09:17:27,477 DEBUG Engine.cloud] Request: POST https://a.blazemeter.com/api/v4/tests/6226039/start None
[2018-07-27 09:17:27,478 DEBUG HTTPClient] Making HTTP request POST https://a.blazemeter.com/api/v4/tests/6226039/start
[2018-07-27 09:17:32,479 DEBUG urllib3.connectionpool] https://a.blazemeter.com:443 "POST /api/v4/tests/6226039/start HTTP/1.1" 202 1352
[2018-07-27 09:17:32,479 DEBUG Engine.cloud] Response [202]: {
    "api_version": 4,
    "error": null,
    "result": {
        "id": 18000507,
        "name": "CICD Taurus SLA",
        "userId": 106819,
        "runnerUserId": 106819,
        "parallelTestsInWorkspace": 1,
        "parallelTestsInAccount": 1,
    
[2018-07-27 09:17:32,480 INFO Engine.cloud] Started cloud test: https://a.blazemeter.com/app/#/masters/18000507
[2018-07-27 09:17:32,634 DEBUG Engine.Configuration] Dumping YAML config into /Users/narsi01/Desktop/JWC_SN/WKS/WKS/2018-07-27_09-17-19.768503/effective.yml
[2018-07-27 09:17:32,712 DEBUG Engine.Configuration] Dumping JSON config into /Users/narsi01/Desktop/JWC_SN/WKS/WKS/2018-07-27_09-17-19.768503/effective.json
[2018-07-27 09:17:32,714 DEBUG root] Leveling down log file verbosity to INFO, use -v option to have DEBUG messages enabled
[2018-07-27 09:17:32,985 INFO Engine.cloud] Cloud test status: BOOT_STARTING
[2018-07-27 09:17:33,517 INFO Engine.console] Waiting for finish...
[2018-07-27 09:17:48,007 INFO Engine.cloud] Cloud test status: TAURUS_ENGINE_READY
[2018-07-27 09:18:03,037 INFO Engine.cloud] Cloud test status: DATA_RECEIVED
[2018-07-27 09:19:15,117 WARNING Engine] Please wait for graceful shutdown...
[2018-07-27 09:19:15,126 DEBUG root] Leveled up log file verbosity
[2018-07-27 09:19:15,126 INFO Engine] Shutting down...
[2018-07-27 09:19:15,132 DEBUG Engine] Current stop reason: 
[2018-07-27 09:19:15,132 DEBUG Engine.console] Restoring logging streams, [<logging.StreamHandler object at 0x110783550>]/{<logging.StreamHandler object at 0x110783550>: <open file '<stdout>', mode 'w' at 0x10f14d150>}
[2018-07-27 09:19:15,134 DEBUG Engine.Configuration] Dumping YAML config into /Users/narsi01/Desktop/JWC_SN/WKS/WKS/2018-07-27_09-17-19.768503/effective.yml
[2018-07-27 09:19:15,165 DEBUG Engine.Configuration] Dumping JSON config into /Users/narsi01/Desktop/JWC_SN/WKS/WKS/2018-07-27_09-17-19.768503/effective.json
[2018-07-27 09:19:15,166 WARNING root] Keyboard interrupt
[2018-07-27 09:19:15,167 DEBUG root] KeyboardInterrupt: 
Traceback (most recent call last):
  File "/usr/local/Cellar/bzt/1.12.1/libexec/lib/python2.7/site-packages/bzt/cli.py", line 254, in perform
    self.engine.run()
  File "/usr/local/Cellar/bzt/1.12.1/libexec/lib/python2.7/site-packages/bzt/engine.py", line 224, in run
    reraise(exc_info)
  File "/usr/local/Cellar/bzt/1.12.1/libexec/lib/python2.7/site-packages/bzt/engine.py", line 206, in run
    self._wait()
  File "/usr/local/Cellar/bzt/1.12.1/libexec/lib/python2.7/site-packages/bzt/engine.py", line 245, in _wait
    while not self._check_modules_list():
  File "/usr/local/Cellar/bzt/1.12.1/libexec/lib/python2.7/site-packages/bzt/engine.py", line 232, in _check_modules_list
    finished = bool(module.check())
  File "/usr/local/Cellar/bzt/1.12.1/libexec/lib/python2.7/site-packages/bzt/modules/aggregator.py", line 660, in check
    for point in self.datapoints():
  File "/usr/local/Cellar/bzt/1.12.1/libexec/lib/python2.7/site-packages/bzt/modules/aggregator.py", line 416, in datapoints
    for datapoint in self._calculate_datapoints(final_pass):
  File "/usr/local/Cellar/bzt/1.12.1/libexec/lib/python2.7/site-packages/bzt/modules/aggregator.py", line 689, in _calculate_datapoints
    self._process_underlings(final_pass)
  File "/usr/local/Cellar/bzt/1.12.1/libexec/lib/python2.7/site-packages/bzt/modules/aggregator.py", line 674, in _process_underlings
    for data in underling.datapoints(final_pass):
  File "/usr/local/Cellar/bzt/1.12.1/libexec/lib/python2.7/site-packages/bzt/modules/aggregator.py", line 416, in datapoints
    for datapoint in self._calculate_datapoints(final_pass):
  File "/usr/local/Cellar/bzt/1.12.1/libexec/lib/python2.7/site-packages/bzt/modules/blazemeter.py", line 1795, in _calculate_datapoints
    data, aggr_raw = self.query_data()
  File "/usr/local/Cellar/bzt/1.12.1/libexec/lib/python2.7/site-packages/bzt/modules/blazemeter.py", line 1904, in query_data
    data = self.master.get_kpis(self.min_ts)
  File "/usr/local/Cellar/bzt/1.12.1/libexec/lib/python2.7/site-packages/bzt/bza.py", line 579, in get_kpis
    res = self._request(url)
  File "/usr/local/Cellar/bzt/1.12.1/libexec/lib/python2.7/site-packages/bzt/bza.py", line 91, in _request
    response = self.http_request(method=log_method, url=url, data=data, headers=headers, timeout=self.timeout)
  File "/usr/local/Cellar/bzt/1.12.1/libexec/lib/python2.7/site-packages/bzt/utils.py", line 989, in request
    return self.session.request(method, url, *args, **kwargs)
  File "/usr/local/Cellar/bzt/1.12.1/libexec/lib/python2.7/site-packages/requests/sessions.py", line 512, in request
    resp = self.send(prep, **send_kwargs)
  File "/usr/local/Cellar/bzt/1.12.1/libexec/lib/python2.7/site-packages/requests/sessions.py", line 622, in send
    r = adapter.send(request, **kwargs)
  File "/usr/local/Cellar/bzt/1.12.1/libexec/lib/python2.7/site-packages/requests/adapters.py", line 445, in send
    timeout=timeout
  File "/usr/local/Cellar/bzt/1.12.1/libexec/lib/python2.7/site-packages/urllib3/connectionpool.py", line 600, in urlopen
    chunked=chunked)
  File "/usr/local/Cellar/bzt/1.12.1/libexec/lib/python2.7/site-packages/urllib3/connectionpool.py", line 377, in _make_request
    httplib_response = conn.getresponse(buffering=True)
  File "/usr/local/opt/python@2/Frameworks/Python.framework/Versions/2.7/lib/python2.7/httplib.py", line 1121, in getresponse
    response.begin()
  File "/usr/local/opt/python@2/Frameworks/Python.framework/Versions/2.7/lib/python2.7/httplib.py", line 438, in begin
    version, status, reason = self._read_status()
  File "/usr/local/opt/python@2/Frameworks/Python.framework/Versions/2.7/lib/python2.7/httplib.py", line 394, in _read_status
    line = self.fp.readline(_MAXLINE + 1)
  File "/usr/local/opt/python@2/Frameworks/Python.framework/Versions/2.7/lib/python2.7/socket.py", line 480, in readline
    data = self._sock.recv(self._rbufsize)
  File "/usr/local/opt/python@2/Frameworks/Python.framework/Versions/2.7/lib/python2.7/ssl.py", line 772, in recv
    return self.read(buflen)
  File "/usr/local/opt/python@2/Frameworks/Python.framework/Versions/2.7/lib/python2.7/ssl.py", line 659, in read
    v = self._sslobj.read(len)
KeyboardInterrupt
[2018-07-27 09:19:15,167 INFO Engine] Post-processing...
[2018-07-27 09:19:15,167 INFO Engine.cloud.ProjectFinder.CloudTaurusTest] Ending cloud test...
[2018-07-27 09:19:15,167 DEBUG Engine.cloud] Request: POST https://a.blazemeter.com/api/v4/masters/18000507/stop None
[2018-07-27 09:19:15,168 DEBUG HTTPClient] Making HTTP request POST https://a.blazemeter.com/api/v4/masters/18000507/stop
[2018-07-27 09:19:15,170 DEBUG urllib3.connectionpool] Starting new HTTPS connection (2): a.blazemeter.com:443
[2018-07-27 09:19:15,695 DEBUG urllib3.connectionpool] https://a.blazemeter.com:443 "POST /api/v4/masters/18000507/stop HTTP/1.1" 202 570
[2018-07-27 09:19:15,696 DEBUG Engine.cloud] Response [202]: {
    "api_version": 4,
    "error": null,
    "result": [
        {
            "session_id": "r-v4-5b5b459b1d169",
            "result": "Stopped"
        },
        {
            "session_id": "r-v4-5b5b459b2303c",
            "result": "Stopped"
      
[2018-07-27 09:19:15,696 DEBUG Engine.cloud] Request: GET https://a.blazemeter.com/api/v4/masters/18000507/full None
[2018-07-27 09:19:15,696 DEBUG HTTPClient] Making HTTP request GET https://a.blazemeter.com/api/v4/masters/18000507/full
[2018-07-27 09:19:16,016 DEBUG urllib3.connectionpool] https://a.blazemeter.com:443 "GET /api/v4/masters/18000507/full HTTP/1.1" 200 None
[2018-07-27 09:19:16,018 DEBUG Engine.cloud] Response [200]: {
    "api_version": 4,
    "error": null,
    "result": {
        "id": 18000507,
        "name": "CICD Taurus SLA",
        "userId": 106819,
        "runnerUserId": 106819,
        "created": 1532708250,
        "updated": 1532708251,
        "parallelT
[2018-07-27 09:19:16,020 DEBUG Engine.cloud] Request: GET https://a.blazemeter.com/api/v4/data/labels?master_id=18000507 None
[2018-07-27 09:19:16,020 DEBUG HTTPClient] Making HTTP request GET https://a.blazemeter.com/api/v4/data/labels?master_id=18000507
[2018-07-27 09:19:16,225 DEBUG urllib3.connectionpool] https://a.blazemeter.com:443 "GET /api/v4/data/labels?master_id=18000507 HTTP/1.1" 200 1840
[2018-07-27 09:19:16,226 DEBUG Engine.cloud] Response [200]: {
    "api_version": 4,
    "error": null,
    "result": [
        {
            "id": "ALL",
            "name": "ALL",
            "sessions": [
                "r-v4-5b5b459b1d169",
                "r-v4-5b5b459b2303c",
                "r-v4-5b5b459b26c
[2018-07-27 09:19:16,227 DEBUG Engine.cloud] Request: GET https://a.blazemeter.com/api/v4/data/kpis?interval=1&from=1532708343&master_ids%5B%5D=18000507&kpis%5B%5D=t&kpis%5B%5D=lt&kpis%5B%5D=by&kpis%5B%5D=n&kpis%5B%5D=ec&kpis%5B%5D=ts&kpis%5B%5D=na&labels%5B%5D=ALL&labels%5B%5D=c12153d8b98ab22581e171d0a414b685&labels%5B%5D=527285e5e69573ac3e926207e867bc32&labels%5B%5D=8c3cde8057be5d2ee12453ce651e04da&labels%5B%5D=b71318970259e155ebbff992e1d9a9a2 None
[2018-07-27 09:19:16,227 DEBUG HTTPClient] Making HTTP request GET https://a.blazemeter.com/api/v4/data/kpis?interval=1&from=1532708343&master_ids%5B%5D=18000507&kpis%5B%5D=t&kpis%5B%5D=lt&kpis%5B%5D=by&kpis%5B%5D=n&kpis%5B%5D=ec&kpis%5B%5D=ts&kpis%5B%5D=na&labels%5B%5D=ALL&labels%5B%5D=c12153d8b98ab22581e171d0a414b685&labels%5B%5D=527285e5e69573ac3e926207e867bc32&labels%5B%5D=8c3cde8057be5d2ee12453ce651e04da&labels%5B%5D=b71318970259e155ebbff992e1d9a9a2
[2018-07-27 09:19:16,462 DEBUG urllib3.connectionpool] https://a.blazemeter.com:443 "GET /api/v4/data/kpis?interval=1&from=1532708343&master_ids%5B%5D=18000507&kpis%5B%5D=t&kpis%5B%5D=lt&kpis%5B%5D=by&kpis%5B%5D=n&kpis%5B%5D=ec&kpis%5B%5D=ts&kpis%5B%5D=na&labels%5B%5D=ALL&labels%5B%5D=c12153d8b98ab22581e171d0a414b685&labels%5B%5D=527285e5e69573ac3e926207e867bc32&labels%5B%5D=8c3cde8057be5d2ee12453ce651e04da&labels%5B%5D=b71318970259e155ebbff992e1d9a9a2 HTTP/1.1" 200 2967
[2018-07-27 09:19:16,462 DEBUG Engine.cloud] Response [200]: {
    "api_version": 4,
    "error": null,
    "result": [
        {
            "labelId": "527285e5e69573ac3e926207e867bc32",
            "labelName": "http://www.centurylink.com/home/help.html",
            "label": "http://www.centurylink.com/home/help
[2018-07-27 09:19:16,463 DEBUG Engine.cloud] Request: GET https://a.blazemeter.com/api/v4/masters/18000507/reports/aggregatereport/data None
[2018-07-27 09:19:16,463 DEBUG HTTPClient] Making HTTP request GET https://a.blazemeter.com/api/v4/masters/18000507/reports/aggregatereport/data
[2018-07-27 09:19:16,706 DEBUG urllib3.connectionpool] https://a.blazemeter.com:443 "GET /api/v4/masters/18000507/reports/aggregatereport/data HTTP/1.1" 200 3669
[2018-07-27 09:19:16,707 DEBUG Engine.cloud] Response [200]: {
    "api_version": 4,
    "error": null,
    "result": [
        {
            "labelId": "ALL",
            "labelName": "ALL",
            "samples": 11586,
            "avgResponseTime": 266.51,
            "90line": 361.97,
            "95line": 447.
[2018-07-27 09:19:16,708 DEBUG Engine.cloud] Request: GET https://a.blazemeter.com/api/v4/masters/18000507/reports/errorsreport/data?noDataError=false None
[2018-07-27 09:19:16,708 DEBUG HTTPClient] Making HTTP request GET https://a.blazemeter.com/api/v4/masters/18000507/reports/errorsreport/data?noDataError=false
[2018-07-27 09:19:16,920 DEBUG urllib3.connectionpool] https://a.blazemeter.com:443 "GET /api/v4/masters/18000507/reports/errorsreport/data?noDataError=false HTTP/1.1" 200 61
[2018-07-27 09:19:16,921 DEBUG Engine.cloud] Response [200]: {
    "api_version": 4,
    "error": null,
    "result": []
}
[2018-07-27 09:19:16,923 DEBUG Engine.consolidator] Consolidator buffer[3]: [1532708341, 1532708342, 1532708343]
[2018-07-27 09:19:16,923 DEBUG Engine.consolidator] Merging into 1532708341
[2018-07-27 09:19:16,923 DEBUG Engine.consolidator] Merging 1532708341
[2018-07-27 09:19:16,928 DEBUG root] 1532708341 Alert: avg-rt>350ms for -9223372036854775806 sec: False
[2018-07-27 09:19:16,928 DEBUG Engine.consolidator] Processed datapoint: 1532708341/None
[2018-07-27 09:19:16,928 DEBUG Engine.consolidator] Merging into 1532708342
[2018-07-27 09:19:16,928 DEBUG Engine.consolidator] Merging 1532708342
[2018-07-27 09:19:16,931 DEBUG root] 1532708342 Alert: avg-rt>350ms for -9223372036854775806 sec: False
[2018-07-27 09:19:16,931 DEBUG Engine.consolidator] Processed datapoint: 1532708342/None
[2018-07-27 09:19:16,932 DEBUG Engine.consolidator] Merging into 1532708343
[2018-07-27 09:19:16,932 DEBUG Engine.consolidator] Merging 1532708343
[2018-07-27 09:19:16,935 DEBUG root] 1532708343 Alert: avg-rt>350ms for -9223372036854775806 sec: False
[2018-07-27 09:19:16,935 DEBUG Engine.consolidator] Processed datapoint: 1532708343/None
[2018-07-27 09:19:16,935 INFO Engine.final-stats] Test duration: 0:01:48
[2018-07-27 09:19:16,935 INFO Engine.final-stats] Samples count: 4509, 0.00% failures
[2018-07-27 09:19:16,935 INFO Engine.final-stats] Average times: total 0.265, latency 0.096, connect 0.000
[2018-07-27 09:19:16,938 INFO Engine.final-stats] Percentiles:
(0lqqqqqqqqqqqqqqqwqqqqqqqqqqqqqqqk(B
(0x(B Percentile, % (0x(B Resp. Time, s (0x(B
(0tqqqqqqqqqqqqqqqnqqqqqqqqqqqqqqqu(B
(0x(B          90.0 (0x(B       0.38984 (0x(B
(0x(B          95.0 (0x(B       0.44935 (0x(B
(0x(B          99.0 (0x(B       0.62465 (0x(B
(0mqqqqqqqqqqqqqqqvqqqqqqqqqqqqqqqj(B
[2018-07-27 09:19:16,940 INFO Engine.final-stats] Request label stats:
(0lqqqqqqqqqqqqqqqqqqqqqqqqqqqqqqqqqqqqqqqqqqqqqqqqqqqwqqqqqqqqwqqqqqqqqqwqqqqqqqqwqqqqqqqk(B
(0x(B label                                             (0x(B status (0x(B    succ (0x(B avg_rt (0x(B error (0x(B
(0tqqqqqqqqqqqqqqqqqqqqqqqqqqqqqqqqqqqqqqqqqqqqqqqqqqqnqqqqqqqqnqqqqqqqqqnqqqqqqqqnqqqqqqqu(B
(0x(B http://www.centurylink.com/home/                  (0x(B   OK   (0x(B 100.00% (0x(B  0.227 (0x(B       (0x(B
(0x(B http://www.centurylink.com/home/help.html         (0x(B   OK   (0x(B 100.00% (0x(B  0.229 (0x(B       (0x(B
(0x(B http://www.centurylink.com/home/help/contact.html (0x(B   OK   (0x(B 100.00% (0x(B  0.231 (0x(B       (0x(B
(0x(B http://www.centurylink.com/index_a.html           (0x(B   OK   (0x(B 100.00% (0x(B  0.374 (0x(B       (0x(B
(0mqqqqqqqqqqqqqqqqqqqqqqqqqqqqqqqqqqqqqqqqqqqqqqqqqqqvqqqqqqqqvqqqqqqqqqvqqqqqqqqvqqqqqqqj(B
[2018-07-27 09:19:16,941 DEBUG Engine.console] No logger_handler or orig_stream was detected
[2018-07-27 09:19:16,941 INFO Engine.final_stats] Test duration: 0:01:48
[2018-07-27 09:19:16,941 INFO Engine.final_stats] Samples count: 4509, 0.00% failures
[2018-07-27 09:19:16,941 INFO Engine.final_stats] Average times: total 0.265, latency 0.096, connect 0.000
[2018-07-27 09:19:16,941 INFO Engine.final_stats] Percentiles:
(0lqqqqqqqqqqqqqqqwqqqqqqqqqqqqqqqk(B
(0x(B Percentile, % (0x(B Resp. Time, s (0x(B
(0tqqqqqqqqqqqqqqqnqqqqqqqqqqqqqqqu(B
(0x(B          90.0 (0x(B       0.38984 (0x(B
(0x(B          95.0 (0x(B       0.44935 (0x(B
(0x(B          99.0 (0x(B       0.62465 (0x(B
(0mqqqqqqqqqqqqqqqvqqqqqqqqqqqqqqqj(B
[2018-07-27 09:19:16,943 INFO Engine.final_stats] Request label stats:
(0lqqqqqqqqqqqqqqqqqqqqqqqqqqqqqqqqqqqqqqqqqqqqqqqqqqqwqqqqqqqqwqqqqqqqqqwqqqqqqqqwqqqqqqqk(B
(0x(B label                                             (0x(B status (0x(B    succ (0x(B avg_rt (0x(B error (0x(B
(0tqqqqqqqqqqqqqqqqqqqqqqqqqqqqqqqqqqqqqqqqqqqqqqqqqqqnqqqqqqqqnqqqqqqqqqnqqqqqqqqnqqqqqqqu(B
(0x(B http://www.centurylink.com/home/                  (0x(B   OK   (0x(B 100.00% (0x(B  0.227 (0x(B       (0x(B
(0x(B http://www.centurylink.com/home/help.html         (0x(B   OK   (0x(B 100.00% (0x(B  0.229 (0x(B       (0x(B
(0x(B http://www.centurylink.com/home/help/contact.html (0x(B   OK   (0x(B 100.00% (0x(B  0.231 (0x(B       (0x(B
(0x(B http://www.centurylink.com/index_a.html           (0x(B   OK   (0x(B 100.00% (0x(B  0.374 (0x(B       (0x(B
(0mqqqqqqqqqqqqqqqqqqqqqqqqqqqqqqqqqqqqqqqqqqqqqqqqqqqvqqqqqqqqvqqqqqqqqqvqqqqqqqqvqqqqqqqj(B
[2018-07-27 09:19:16,943 INFO Engine.final_stats] Dumping final status as CSV: aggregate.csv
[2018-07-27 09:19:16,947 DEBUG Engine.junit-xml] Processing passfail objects: [<bzt.modules.passfail.PassFailStatus object at 0x112374a90>]
[2018-07-27 09:19:16,948 WARNING Engine.XUnitFileWriter] File pass-fail.xml already exists, it will be overwritten
[2018-07-27 09:19:16,948 INFO Engine.XUnitFileWriter] Writing JUnit XML report into: pass-fail.xml
[2018-07-27 09:19:16,952 DEBUG Engine.Configuration] Dumping YAML config into /Users/narsi01/Desktop/JWC_SN/WKS/WKS/2018-07-27_09-17-19.768503/effective.yml
[2018-07-27 09:19:16,988 DEBUG Engine.Configuration] Dumping JSON config into /Users/narsi01/Desktop/JWC_SN/WKS/WKS/2018-07-27_09-17-19.768503/effective.json
[2018-07-27 09:19:16,990 INFO root] Artifacts dir: /Users/narsi01/Desktop/JWC_SN/WKS/WKS/2018-07-27_09-17-19.768503
[2018-07-27 09:19:16,991 WARNING root] Done performing with code: 1
[2018-07-27 09:19:16,991 DEBUG root] Closing log handler: /Users/narsi01/Desktop/JWC_SN/WKS/WKS/2018-07-27_09-17-19.768503/bzt.log
