[2017-10-03 10:57:47,783 INFO root] Taurus CLI Tool v1.8.4.1401
[2017-10-03 10:57:47,783 DEBUG root] Command-line options: {'verbose': None, 'no_system_configs': None, 'quiet': None, 'log': '/var/folders/t5/kg41spf56pz146ff1j739w358p9wh7/T/bzt_c8MpMn.log', 'option': None, 'aliases': []}
[2017-10-03 10:57:47,783 DEBUG root] Python: CPython 2.7.13
[2017-10-03 10:57:47,783 DEBUG root] OS: ('Darwin', 'narsi01mac1752', '16.7.0', 'Darwin Kernel Version 16.7.0: Thu Jun 15 17:36:27 PDT 2017; root:xnu-3789.70.16~2/RELEASE_X86_64', 'x86_64', 'i386')
[2017-10-03 10:57:47,783 INFO root] Starting with configs: ['ctl_sla.jmx.yml']
[2017-10-03 10:57:47,783 DEBUG root] Adding personal config: /Users/narsi01/.bzt-rc
[2017-10-03 10:57:47,783 INFO Engine] Configuring...
[2017-10-03 10:57:47,786 DEBUG Engine] Reading extension configs from: /usr/local/etc/bzt.d
[2017-10-03 10:57:47,786 DEBUG Engine.Configuration] Configs: ['/Library/Frameworks/Python.framework/Versions/2.7/lib/python2.7/site-packages/bzt/resources/base-config.yml', '/usr/local/etc/bzt.d/99-installID.yml']
[2017-10-03 10:57:47,786 DEBUG Engine.Configuration] Reading /Library/Frameworks/Python.framework/Versions/2.7/lib/python2.7/site-packages/bzt/resources/base-config.yml
[2017-10-03 10:57:47,786 DEBUG Engine.Configuration] Reading /Library/Frameworks/Python.framework/Versions/2.7/lib/python2.7/site-packages/bzt/resources/base-config.yml as YAML
[2017-10-03 10:57:47,807 DEBUG Engine.Configuration] Reading /usr/local/etc/bzt.d/99-installID.yml
[2017-10-03 10:57:47,808 DEBUG Engine.Configuration] Reading /usr/local/etc/bzt.d/99-installID.yml as YAML
[2017-10-03 10:57:47,809 DEBUG Engine.Configuration] Configs: ['/Users/narsi01/.bzt-rc', 'ctl_sla.jmx.yml']
[2017-10-03 10:57:47,809 DEBUG Engine.Configuration] Reading /Users/narsi01/.bzt-rc
[2017-10-03 10:57:47,809 DEBUG Engine.Configuration] Reading /Users/narsi01/.bzt-rc as YAML
[2017-10-03 10:57:47,810 DEBUG Engine.Configuration] Reading ctl_sla.jmx.yml
[2017-10-03 10:57:47,811 DEBUG Engine.Configuration] Reading ctl_sla.jmx.yml as YAML
[2017-10-03 10:57:47,826 DEBUG root] Configs: ['/Users/narsi01/.bzt-rc', 'ctl_sla.jmx.yml']
[2017-10-03 10:57:47,826 DEBUG root] Reading /Users/narsi01/.bzt-rc
[2017-10-03 10:57:47,826 DEBUG root] Reading /Users/narsi01/.bzt-rc as YAML
[2017-10-03 10:57:47,827 DEBUG root] Reading ctl_sla.jmx.yml
[2017-10-03 10:57:47,827 DEBUG root] Reading ctl_sla.jmx.yml as YAML
[2017-10-03 10:57:47,842 INFO Engine] Artifacts dir: /Users/narsi01/Desktop/CTL_CI/CTL/2017-10-03_10-57-47.842348
[2017-10-03 10:57:47,843 DEBUG Engine] New artifact filename: /Users/narsi01/Desktop/CTL_CI/CTL/2017-10-03_10-57-47.842348/effective
[2017-10-03 10:57:47,845 DEBUG Engine.Configuration] Dumping YAML config into /Users/narsi01/Desktop/CTL_CI/CTL/2017-10-03_10-57-47.842348/effective.yml
[2017-10-03 10:57:47,874 DEBUG Engine] Requesting updates info: http://gettaurus.org/updates/?version=1.8.4.1401&installID=acde48001122
[2017-10-03 10:57:47,970 DEBUG Engine.Configuration] Dumping JSON config into /Users/narsi01/Desktop/CTL_CI/CTL/2017-10-03_10-57-47.842348/effective.json
[2017-10-03 10:57:48,043 DEBUG Engine] New artifact filename: /Users/narsi01/Desktop/CTL_CI/CTL/2017-10-03_10-57-47.842348/merged.yml
[2017-10-03 10:57:48,044 DEBUG root] Dumping YAML config into /Users/narsi01/Desktop/CTL_CI/CTL/2017-10-03_10-57-47.842348/merged.yml
[2017-10-03 10:57:48,123 DEBUG Engine] New artifact filename: /Users/narsi01/Desktop/CTL_CI/CTL/2017-10-03_10-57-47.842348/merged.json
[2017-10-03 10:57:48,123 DEBUG root] Dumping JSON config into /Users/narsi01/Desktop/CTL_CI/CTL/2017-10-03_10-57-47.842348/merged.json
[2017-10-03 10:57:48,194 DEBUG Engine] Add existing artifact (move=False): ctl_sla.jmx.yml
[2017-10-03 10:57:48,194 DEBUG Engine] Copying ctl_sla.jmx.yml to /Users/narsi01/Desktop/CTL_CI/CTL/2017-10-03_10-57-47.842348/ctl_sla.jmx.yml
[2017-10-03 10:57:48,258 DEBUG root] Closing log handler: /var/folders/t5/kg41spf56pz146ff1j739w358p9wh7/T/bzt_c8MpMn.log
[2017-10-03 10:57:48,392 DEBUG root] Switched writing logs to /Users/narsi01/Desktop/CTL_CI/CTL/2017-10-03_10-57-47.842348/bzt.log
[2017-10-03 10:57:48,392 INFO Engine] Preparing...
[2017-10-03 10:57:48,393 DEBUG Engine] Module config: consolidator defaultdict(None, {'class': 'bzt.modules.aggregator.ConsolidatingAggregator'})
[2017-10-03 10:57:48,393 DEBUG root] Importing module: bzt.modules.aggregator
[2017-10-03 10:57:48,397 DEBUG root] Loading class: 'ConsolidatingAggregator' from <module 'bzt.modules.aggregator' from '/Library/Frameworks/Python.framework/Versions/2.7/lib/python2.7/site-packages/bzt/modules/aggregator.pyc'>
[2017-10-03 10:57:48,397 DEBUG Engine.consolidator] Exception in dehumanize_time(inf)
[2017-10-03 10:57:48,397 DEBUG Engine.consolidator] Buffer scaling setup: percentile 95.0 from [0.0, 50.0, 90.0, 95.0, 99.0, 99.9, 100.0] selected
[2017-10-03 10:57:48,397 DEBUG Engine] Module config: monitoring defaultdict(None, {'class': 'bzt.modules.monitoring.Monitoring'})
[2017-10-03 10:57:48,397 DEBUG root] Importing module: bzt.modules.monitoring
[2017-10-03 10:57:48,438 DEBUG root] Loading class: 'Monitoring' from <module 'bzt.modules.monitoring' from '/Library/Frameworks/Python.framework/Versions/2.7/lib/python2.7/site-packages/bzt/modules/monitoring.pyc'>
[2017-10-03 10:57:48,438 DEBUG Engine] Module config: local defaultdict(None, {'class': 'bzt.modules.provisioning.Local'})
[2017-10-03 10:57:48,438 DEBUG root] Importing module: bzt.modules.provisioning
[2017-10-03 10:57:48,438 DEBUG root] Loading class: 'Local' from <module 'bzt.modules.provisioning' from '/Library/Frameworks/Python.framework/Versions/2.7/lib/python2.7/site-packages/bzt/modules/provisioning.pyc'>
[2017-10-03 10:57:48,438 DEBUG Engine] Module config: jmeter defaultdict(None, {'properties': defaultdict(None, {'jmeter.save.saveservice.autoflush': 'true', 'summariser.name': '', 'jmeter.save.saveservice.connect_time': 'true', 'mode': 'Stripped', 'jmeterengine.force.system.exit': 'true'}), 'class': 'bzt.modules.jmeter.JMeterExecutor', 'plugins': ['jpgc-casutg', 'jpgc-dummy', 'jpgc-ffw', 'jpgc-fifo', 'jpgc-functions', 'jpgc-json', 'jpgc-perfmon', 'jpgc-prmctl', 'jpgc-tst']})
[2017-10-03 10:57:48,438 DEBUG root] Importing module: bzt.modules.jmeter
[2017-10-03 10:57:48,451 DEBUG root] Loading class: 'JMeterExecutor' from <module 'bzt.modules.jmeter' from '/Library/Frameworks/Python.framework/Versions/2.7/lib/python2.7/site-packages/bzt/modules/jmeter.pyc'>
[2017-10-03 10:57:48,451 DEBUG Engine.local] Preparing executor: jmeter/4441371856
[2017-10-03 10:57:48,452 DEBUG Engine] New artifact filename: /Users/narsi01/Desktop/CTL_CI/CTL/2017-10-03_10-57-47.842348/jmeter.log
[2017-10-03 10:57:48,452 DEBUG Engine.jmeter] Checking if port 4445 is free
[2017-10-03 10:57:48,452 DEBUG Engine.jmeter] Port 4445 is free
[2017-10-03 10:57:48,452 DEBUG Engine.jmeter] Using port 4445 for management
[2017-10-03 10:57:48,453 DEBUG Engine.jmeter.JavaVM] Trying JavaVM: ['java', '-version']
[2017-10-03 10:57:48,536 DEBUG Engine] Taurus updates info: {"latest":"1.9.6","needsUpgrade":true}
[2017-10-03 10:57:48,537 WARNING Engine] There is newer version of Taurus 1.9.6 available, consider upgrading. What's new: http://gettaurus.org/docs/Changelog/
[2017-10-03 10:57:48,760 DEBUG Engine.jmeter.JavaVM] JavaVM output: java version "1.8.0_121"
Java(TM) SE Runtime Environment (build 1.8.0_121-b13)
Java HotSpot(TM) 64-Bit Server VM (build 25.121-b13, mixed mode)

[2017-10-03 10:57:48,760 DEBUG Engine.jmeter.TclLibrary] We don't need to check tcl library on this platform
[2017-10-03 10:57:48,760 DEBUG Engine.jmeter.JMeter] Trying jmeter: /Users/narsi01/.bzt/jmeter-taurus/bin/jmeter.sh
[2017-10-03 10:57:48,761 DEBUG bzt.utils] Executing shell: ['/Users/narsi01/.bzt/jmeter-taurus/bin/jmeter.sh', '-j', '/var/folders/t5/kg41spf56pz146ff1j739w358p9wh7/T/jmeterJh_ZLrlog', '--version']
[2017-10-03 10:57:49,709 DEBUG Engine.jmeter.JMeter] JMeter check: Writing log file to: /var/folders/t5/kg41spf56pz146ff1j739w358p9wh7/T/jmeterJh_ZLrlog
    _    ____   _    ____ _   _ _____       _ __  __ _____ _____ _____ ____     
   / \  |  _ \ / \  / ___| | | | ____|     | |  \/  | ____|_   _| ____|  _ \   
  / _ \ | |_) / _ \| |   | |_| |  _|    _  | | |\/| |  _|   | | |  _| | |_) | 
 / ___ \|  __/ ___ \ |___|  _  | |___  | |_| | |  | | |___  | | | |___|  _ <  
/_/   \_\_| /_/   \_\____|_| |_|_____|  \___/|_|  |_|_____| |_| |_____|_| \_\ 3.1 r1770033  

Copyright (c) 1999-2016 The Apache Software Foundation

 / None
[2017-10-03 10:57:49,710 DEBUG Engine] New artifact filename: /Users/narsi01/Desktop/CTL_CI/CTL/2017-10-03_10-57-47.842348/requests.jmx
[2017-10-03 10:57:49,715 DEBUG JMeterScenarioBuilder] Saving JMX to: /Users/narsi01/Desktop/CTL_CI/CTL/2017-10-03_10-57-47.842348/requests.jmx
[2017-10-03 10:57:49,796 DEBUG Engine.jmeter] Load: LoadSpec(concurrency=10, throughput=None, ramp_up=60.0, hold=300.0, iterations=1000, duration=360.0, steps=None)
[2017-10-03 10:57:49,799 DEBUG Engine.jmeter] Original threads: 1.0
[2017-10-03 10:57:49,801 DEBUG Engine] New artifact filename: /Users/narsi01/Desktop/CTL_CI/CTL/2017-10-03_10-57-47.842348/kpi.jtl
[2017-10-03 10:57:49,802 DEBUG Engine] New artifact filename: /Users/narsi01/Desktop/CTL_CI/CTL/2017-10-03_10-57-47.842348/error.jtl
[2017-10-03 10:57:49,802 DEBUG Engine.jmeter] Enforcing parent sample for transaction controller
[2017-10-03 10:57:49,803 DEBUG Engine] New artifact filename: /Users/narsi01/Desktop/CTL_CI/CTL/2017-10-03_10-57-47.842348/modified_requests.jmx
[2017-10-03 10:57:49,803 DEBUG JMX] Saving JMX to: /Users/narsi01/Desktop/CTL_CI/CTL/2017-10-03_10-57-47.842348/modified_requests.jmx
[2017-10-03 10:57:49,878 DEBUG Engine.jmeter] Additional properties: defaultdict(None, {'jmeter.save.saveservice.autoflush': 'true', 'jmeter.save.saveservice.connect_time': 'true', 'user.classpath': '/Users/narsi01/Desktop/CTL_CI/CTL/2017-10-03_10-57-47.842348', 'sampleresult.default.encoding': 'UTF-8', 'summariser.name': '', 'jmeterengine.force.system.exit': 'true', 'jmeter.save.saveservice.timestamp_format': 'ms', 'mode': 'Stripped', 'jmeterengine.nongui.maxport': 4445, 'jmeterengine.nongui.port': 4445})
[2017-10-03 10:57:49,879 DEBUG Engine] New artifact filename: /Users/narsi01/Desktop/CTL_CI/CTL/2017-10-03_10-57-47.842348/jmeter-bzt.properties
[2017-10-03 10:57:49,954 DEBUG Engine] New artifact filename: /Users/narsi01/Desktop/CTL_CI/CTL/2017-10-03_10-57-47.842348/jmeter.out
[2017-10-03 10:57:49,954 DEBUG Engine] New artifact filename: /Users/narsi01/Desktop/CTL_CI/CTL/2017-10-03_10-57-47.842348/jmeter.err
[2017-10-03 10:57:49,956 DEBUG Engine] Module config: final-stats defaultdict(None, {'class': 'bzt.modules.reporting.FinalStatus'})
[2017-10-03 10:57:49,956 DEBUG root] Importing module: bzt.modules.reporting
[2017-10-03 10:57:50,021 DEBUG root] Loading class: 'FinalStatus' from <module 'bzt.modules.reporting' from '/Library/Frameworks/Python.framework/Versions/2.7/lib/python2.7/site-packages/bzt/modules/reporting.pyc'>
[2017-10-03 10:57:50,022 DEBUG Engine] Module config: console defaultdict(None, {'class': 'bzt.modules.console.ConsoleStatusReporter'})
[2017-10-03 10:57:50,022 DEBUG root] Importing module: bzt.modules.console
[2017-10-03 10:57:50,022 DEBUG root] Loading class: 'ConsoleStatusReporter' from <module 'bzt.modules.console' from '/Library/Frameworks/Python.framework/Versions/2.7/lib/python2.7/site-packages/bzt/modules/console.pyc'>
[2017-10-03 10:57:50,022 DEBUG Engine] Module config: final_stats defaultdict(None, {'class': 'bzt.modules.reporting.FinalStatus'})
[2017-10-03 10:57:50,022 DEBUG root] Importing module: bzt.modules.reporting
[2017-10-03 10:57:50,022 DEBUG root] Loading class: 'FinalStatus' from <module 'bzt.modules.reporting' from '/Library/Frameworks/Python.framework/Versions/2.7/lib/python2.7/site-packages/bzt/modules/reporting.pyc'>
[2017-10-03 10:57:50,022 DEBUG Engine] Module config: junit-xml defaultdict(None, {'class': 'bzt.modules.reporting.JUnitXMLReporter'})
[2017-10-03 10:57:50,022 DEBUG root] Importing module: bzt.modules.reporting
[2017-10-03 10:57:50,022 DEBUG root] Loading class: 'JUnitXMLReporter' from <module 'bzt.modules.reporting' from '/Library/Frameworks/Python.framework/Versions/2.7/lib/python2.7/site-packages/bzt/modules/reporting.pyc'>
[2017-10-03 10:57:50,029 DEBUG Engine.Configuration] Dumping YAML config into /Users/narsi01/Desktop/CTL_CI/CTL/2017-10-03_10-57-47.842348/effective.yml
[2017-10-03 10:57:50,131 DEBUG Engine.Configuration] Dumping JSON config into /Users/narsi01/Desktop/CTL_CI/CTL/2017-10-03_10-57-47.842348/effective.json
[2017-10-03 10:57:50,192 INFO Engine] Starting...
[2017-10-03 10:57:50,193 DEBUG Engine] Startup <bzt.modules.monitoring.Monitoring object at 0x105bbe390>
[2017-10-03 10:57:50,193 DEBUG Engine] Startup <bzt.modules.aggregator.ConsolidatingAggregator object at 0x105b76fd0>
[2017-10-03 10:57:50,193 DEBUG Engine] Startup <bzt.modules.reporting.FinalStatus object at 0x108becad0>
[2017-10-03 10:57:50,193 DEBUG Engine] Startup <bzt.modules.console.ConsoleStatusReporter object at 0x108d20f90>
[2017-10-03 10:57:50,193 INFO Engine.console] Waiting for results...
[2017-10-03 10:57:50,193 DEBUG Engine] Startup <bzt.modules.reporting.FinalStatus object at 0x108d2ca10>
[2017-10-03 10:57:50,193 DEBUG Engine] Startup <bzt.modules.reporting.JUnitXMLReporter object at 0x108d2c190>
[2017-10-03 10:57:50,193 DEBUG Engine] Startup <bzt.modules.provisioning.Local object at 0x105bbe0d0>
[2017-10-03 10:57:50,193 DEBUG Engine.local] Delay setup for jmeter/Thread Group: 0(start-at) + 0(delay) = 0
[2017-10-03 10:57:50,195 DEBUG Engine.Configuration] Dumping YAML config into /Users/narsi01/Desktop/CTL_CI/CTL/2017-10-03_10-57-47.842348/effective.yml
[2017-10-03 10:57:50,292 DEBUG Engine.Configuration] Dumping JSON config into /Users/narsi01/Desktop/CTL_CI/CTL/2017-10-03_10-57-47.842348/effective.json
[2017-10-03 10:57:50,357 DEBUG root] Leveling down log file verbosity, use -v option to have DEBUG messages enabled
[2017-10-03 10:57:50,636 INFO Engine.console] Waiting for finish...
[2017-10-03 10:57:54,587 INFO Engine.jmeter.JTLReader] Changed data analysis delay to 3s
[2017-10-03 10:58:02,616 INFO Engine.jmeter.JTLReader] Changed data analysis delay to 4s
[2017-10-03 10:58:11,652 INFO Engine.jmeter.JTLReader] Changed data analysis delay to 5s
[2017-10-03 10:58:21,848 WARNING Engine] Please wait for graceful shutdown...
[2017-10-03 10:58:21,857 DEBUG root] Leveled up log file verbosity
[2017-10-03 10:58:21,857 INFO Engine] Shutting down...
[2017-10-03 10:58:21,865 DEBUG Engine.local] Shutdown jmeter/Thread Group
[2017-10-03 10:58:22,871 INFO Engine.jmeter] Sending Shutdown command to JMeter on port 4445...
[2017-10-03 10:58:24,889 DEBUG Engine.jmeter] JMeter stopped on Shutdown command
[2017-10-03 10:58:24,890 DEBUG Engine.console] Restoring logging streams, [<logging.StreamHandler object at 0x105b8b090>]/{<logging.StreamHandler object at 0x105b8b090>: <open file '<stdout>', mode 'w' at 0x1002ad150>}
[2017-10-03 10:58:24,892 DEBUG Engine.Configuration] Dumping YAML config into /Users/narsi01/Desktop/CTL_CI/CTL/2017-10-03_10-57-47.842348/effective.yml
[2017-10-03 10:58:25,000 DEBUG Engine.Configuration] Dumping JSON config into /Users/narsi01/Desktop/CTL_CI/CTL/2017-10-03_10-57-47.842348/effective.json
[2017-10-03 10:58:25,062 WARNING root] Keyboard interrupt
[2017-10-03 10:58:25,064 DEBUG root] KeyboardInterrupt: 
Traceback (most recent call last):
  File "/Library/Frameworks/Python.framework/Versions/2.7/lib/python2.7/site-packages/bzt/cli.py", line 213, in perform
    self.engine.run()
  File "/Library/Frameworks/Python.framework/Versions/2.7/lib/python2.7/site-packages/bzt/engine.py", line 168, in run
    reraise(exc_info)
  File "/Library/Frameworks/Python.framework/Versions/2.7/lib/python2.7/site-packages/bzt/engine.py", line 150, in run
    self._wait()
  File "/Library/Frameworks/Python.framework/Versions/2.7/lib/python2.7/site-packages/bzt/engine.py", line 193, in _wait
    time.sleep(delay)
KeyboardInterrupt
[2017-10-03 10:58:25,064 INFO Engine] Post-processing...
[2017-10-03 10:58:25,065 DEBUG Engine.local] Post-process jmeter/Thread Group
[2017-10-03 10:58:25,065 DEBUG Engine] Add existing artifact (move=True): /Users/narsi01/Desktop/CTL_CI/CTL/2017-10-03_10-57-47.842348/modified_requests.jmx
[2017-10-03 10:58:25,065 DEBUG Engine] No need to copy /Users/narsi01/Desktop/CTL_CI/CTL/2017-10-03_10-57-47.842348/modified_requests.jmx
[2017-10-03 10:58:25,065 DEBUG Engine.jmeter.JTLErrorsReader] Opening /Users/narsi01/Desktop/CTL_CI/CTL/2017-10-03_10-57-47.842348/error.jtl
[2017-10-03 10:58:25,065 DEBUG Engine.jmeter.JTLReader.IncrementalCSVReader] Reading JTL: /Users/narsi01/Desktop/CTL_CI/CTL/2017-10-03_10-57-47.842348/kpi.jtl
[2017-10-03 10:58:25,065 DEBUG Engine.jmeter.JTLReader.IncrementalCSVReader] Read lines: 9 / 1032 bytes (at speed 1048576)
[2017-10-03 10:58:25,066 DEBUG Engine.jmeter.JTLReader] Buffer len: 7
[2017-10-03 10:58:25,066 DEBUG Engine.jmeter.JTLReader] Aggregating: 1507053496
[2017-10-03 10:58:25,067 DEBUG Engine.jmeter.JTLReader] Aggregating: 1507053497
[2017-10-03 10:58:25,068 DEBUG Engine.jmeter.JTLReader] Aggregating: 1507053498
[2017-10-03 10:58:25,070 DEBUG Engine.jmeter.JTLReader] Aggregating: 1507053499
[2017-10-03 10:58:25,071 DEBUG Engine.jmeter.JTLReader] Aggregating: 1507053500
[2017-10-03 10:58:25,073 DEBUG Engine.jmeter.JTLReader] Aggregating: 1507053501
[2017-10-03 10:58:25,074 DEBUG Engine.jmeter.JTLReader] Aggregating: 1507053502
[2017-10-03 10:58:25,076 DEBUG Engine.consolidator] Consolidator buffer[9]: [1507053494, 1507053495, 1507053496, 1507053497, 1507053498, 1507053499, 1507053500, 1507053501, 1507053502]
[2017-10-03 10:58:25,076 DEBUG Engine.consolidator] Merging into 1507053494
[2017-10-03 10:58:25,076 DEBUG Engine.consolidator] Merging 1507053494
[2017-10-03 10:58:25,080 DEBUG Engine.consolidator] Processed datapoint: 1507053494/None
[2017-10-03 10:58:25,080 DEBUG Engine.consolidator] Merging into 1507053495
[2017-10-03 10:58:25,081 DEBUG Engine.consolidator] Merging 1507053495
[2017-10-03 10:58:25,085 DEBUG Engine.consolidator] Processed datapoint: 1507053495/None
[2017-10-03 10:58:25,085 DEBUG Engine.consolidator] Merging into 1507053496
[2017-10-03 10:58:25,085 DEBUG Engine.consolidator] Merging 1507053496
[2017-10-03 10:58:25,089 DEBUG Engine.consolidator] Processed datapoint: 1507053496/None
[2017-10-03 10:58:25,089 DEBUG Engine.consolidator] Merging into 1507053497
[2017-10-03 10:58:25,089 DEBUG Engine.consolidator] Merging 1507053497
[2017-10-03 10:58:25,092 DEBUG Engine.consolidator] Processed datapoint: 1507053497/None
[2017-10-03 10:58:25,092 DEBUG Engine.consolidator] Merging into 1507053498
[2017-10-03 10:58:25,092 DEBUG Engine.consolidator] Merging 1507053498
[2017-10-03 10:58:25,096 DEBUG Engine.consolidator] Processed datapoint: 1507053498/None
[2017-10-03 10:58:25,096 DEBUG Engine.consolidator] Merging into 1507053499
[2017-10-03 10:58:25,096 DEBUG Engine.consolidator] Merging 1507053499
[2017-10-03 10:58:25,100 DEBUG Engine.consolidator] Processed datapoint: 1507053499/None
[2017-10-03 10:58:25,100 DEBUG Engine.consolidator] Merging into 1507053500
[2017-10-03 10:58:25,100 DEBUG Engine.consolidator] Merging 1507053500
[2017-10-03 10:58:25,104 DEBUG Engine.consolidator] Processed datapoint: 1507053500/None
[2017-10-03 10:58:25,104 DEBUG Engine.consolidator] Merging into 1507053501
[2017-10-03 10:58:25,104 DEBUG Engine.consolidator] Merging 1507053501
[2017-10-03 10:58:25,108 DEBUG Engine.consolidator] Processed datapoint: 1507053501/None
[2017-10-03 10:58:25,108 DEBUG Engine.consolidator] Merging into 1507053502
[2017-10-03 10:58:25,108 DEBUG Engine.consolidator] Merging 1507053502
[2017-10-03 10:58:25,113 DEBUG Engine.consolidator] Processed datapoint: 1507053502/None
[2017-10-03 10:58:25,113 INFO Engine.final-stats] Test duration: 0:00:35
[2017-10-03 10:58:25,113 INFO Engine.final-stats] Samples count: 77, 0.00% failures
[2017-10-03 10:58:25,113 INFO Engine.final-stats] Average times: total 1.339, latency 0.256, connect 0.000
[2017-10-03 10:58:25,113 INFO Engine.final-stats] Percentile 0.0%: 0.561
[2017-10-03 10:58:25,113 INFO Engine.final-stats] Percentile 50.0%: 1.264
[2017-10-03 10:58:25,113 INFO Engine.final-stats] Percentile 90.0%: 2.069
[2017-10-03 10:58:25,114 INFO Engine.final-stats] Percentile 95.0%: 2.336
[2017-10-03 10:58:25,114 INFO Engine.final-stats] Percentile 99.0%: 2.594
[2017-10-03 10:58:25,114 INFO Engine.final-stats] Percentile 99.9%: 2.594
[2017-10-03 10:58:25,114 INFO Engine.final-stats] Percentile 100.0%: 2.594
[2017-10-03 10:58:25,114 DEBUG Engine.console] No logger_handler or orig_stream was detected
[2017-10-03 10:58:25,114 INFO Engine.final_stats] Test duration: 0:00:35
[2017-10-03 10:58:25,114 INFO Engine.final_stats] Samples count: 77, 0.00% failures
[2017-10-03 10:58:25,114 INFO Engine.final_stats] Average times: total 1.339, latency 0.256, connect 0.000
[2017-10-03 10:58:25,114 INFO Engine.final_stats] Percentile 0.0%: 0.561
[2017-10-03 10:58:25,114 INFO Engine.final_stats] Percentile 50.0%: 1.264
[2017-10-03 10:58:25,114 INFO Engine.final_stats] Percentile 90.0%: 2.069
[2017-10-03 10:58:25,114 INFO Engine.final_stats] Percentile 95.0%: 2.336
[2017-10-03 10:58:25,114 INFO Engine.final_stats] Percentile 99.0%: 2.594
[2017-10-03 10:58:25,115 INFO Engine.final_stats] Percentile 99.9%: 2.594
[2017-10-03 10:58:25,115 INFO Engine.final_stats] Percentile 100.0%: 2.594
[2017-10-03 10:58:25,115 INFO Engine.final_stats] Dumping final status as CSV: aggregate.csv
[2017-10-03 10:58:25,131 DEBUG Engine.junit-xml] Processing passfail objects: []
[2017-10-03 10:58:25,131 WARNING Engine.XUnitFileWriter] File pass-fail.xml already exists, it will be overwritten
[2017-10-03 10:58:25,132 INFO Engine.XUnitFileWriter] Writing JUnit XML report into: pass-fail.xml
[2017-10-03 10:58:25,164 DEBUG Engine.Configuration] Dumping YAML config into /Users/narsi01/Desktop/CTL_CI/CTL/2017-10-03_10-57-47.842348/effective.yml
[2017-10-03 10:58:25,267 DEBUG Engine.Configuration] Dumping JSON config into /Users/narsi01/Desktop/CTL_CI/CTL/2017-10-03_10-57-47.842348/effective.json
[2017-10-03 10:58:25,332 INFO root] Artifacts dir: /Users/narsi01/Desktop/CTL_CI/CTL/2017-10-03_10-57-47.842348
[2017-10-03 10:58:25,332 WARNING root] Done performing with code: 1
[2017-10-03 10:58:25,332 DEBUG root] Closing log handler: /Users/narsi01/Desktop/CTL_CI/CTL/2017-10-03_10-57-47.842348/bzt.log
