[2017-08-02 14:24:19,205 INFO root] Taurus CLI Tool v1.8.4.1401
[2017-08-02 14:24:19,205 DEBUG root] Command-line options: {'verbose': None, 'no_system_configs': None, 'quiet': None, 'log': '/var/folders/t5/kg41spf56pz146ff1j739w358p9wh7/T/bzt_igc7CL.log', 'option': None, 'aliases': []}
[2017-08-02 14:24:19,205 DEBUG root] Python: CPython 2.7.13
[2017-08-02 14:24:19,205 DEBUG root] OS: ('Darwin', 'narsi01mac1752', '16.7.0', 'Darwin Kernel Version 16.7.0: Thu Jun 15 17:36:27 PDT 2017; root:xnu-3789.70.16~2/RELEASE_X86_64', 'x86_64', 'i386')
[2017-08-02 14:24:19,206 INFO root] Starting with configs: ['sel_har.yml']
[2017-08-02 14:24:19,206 DEBUG root] Adding personal config: /Users/narsi01/.bzt-rc
[2017-08-02 14:24:19,206 INFO Engine] Configuring...
[2017-08-02 14:24:19,206 DEBUG Engine] Reading extension configs from: /usr/local/etc/bzt.d
[2017-08-02 14:24:19,206 DEBUG Engine.Configuration] Configs: ['/Library/Frameworks/Python.framework/Versions/2.7/lib/python2.7/site-packages/bzt/resources/base-config.yml', '/usr/local/etc/bzt.d/99-installID.yml']
[2017-08-02 14:24:19,207 DEBUG Engine.Configuration] Reading /Library/Frameworks/Python.framework/Versions/2.7/lib/python2.7/site-packages/bzt/resources/base-config.yml
[2017-08-02 14:24:19,207 DEBUG Engine.Configuration] Reading /Library/Frameworks/Python.framework/Versions/2.7/lib/python2.7/site-packages/bzt/resources/base-config.yml as YAML
[2017-08-02 14:24:19,233 DEBUG Engine.Configuration] Reading /usr/local/etc/bzt.d/99-installID.yml
[2017-08-02 14:24:19,233 DEBUG Engine.Configuration] Reading /usr/local/etc/bzt.d/99-installID.yml as YAML
[2017-08-02 14:24:19,234 DEBUG Engine.Configuration] Configs: ['/Users/narsi01/.bzt-rc', 'sel_har.yml']
[2017-08-02 14:24:19,234 DEBUG Engine.Configuration] Reading /Users/narsi01/.bzt-rc
[2017-08-02 14:24:19,234 DEBUG Engine.Configuration] Reading /Users/narsi01/.bzt-rc as YAML
[2017-08-02 14:24:19,235 DEBUG Engine.Configuration] Reading sel_har.yml
[2017-08-02 14:24:19,236 DEBUG Engine.Configuration] Reading sel_har.yml as YAML
[2017-08-02 14:24:19,239 DEBUG root] Configs: ['/Users/narsi01/.bzt-rc', 'sel_har.yml']
[2017-08-02 14:24:19,239 DEBUG root] Reading /Users/narsi01/.bzt-rc
[2017-08-02 14:24:19,239 DEBUG root] Reading /Users/narsi01/.bzt-rc as YAML
[2017-08-02 14:24:19,240 DEBUG root] Reading sel_har.yml
[2017-08-02 14:24:19,240 DEBUG root] Reading sel_har.yml as YAML
[2017-08-02 14:24:19,244 INFO Engine] Artifacts dir: /Users/narsi01/Desktop/JWC_SN/jenkins/2017-08-02_14-24-19.244395
[2017-08-02 14:24:19,245 DEBUG Engine] New artifact filename: /Users/narsi01/Desktop/JWC_SN/jenkins/2017-08-02_14-24-19.244395/effective
[2017-08-02 14:24:19,246 DEBUG Engine.Configuration] Dumping YAML config into /Users/narsi01/Desktop/JWC_SN/jenkins/2017-08-02_14-24-19.244395/effective.yml
[2017-08-02 14:24:19,256 DEBUG Engine] Requesting updates info: http://gettaurus.org/updates/?version=1.8.4.1401&installID=acde48001122
[2017-08-02 14:24:19,325 DEBUG Engine.Configuration] Dumping JSON config into /Users/narsi01/Desktop/JWC_SN/jenkins/2017-08-02_14-24-19.244395/effective.json
[2017-08-02 14:24:19,365 DEBUG Engine] New artifact filename: /Users/narsi01/Desktop/JWC_SN/jenkins/2017-08-02_14-24-19.244395/merged.yml
[2017-08-02 14:24:19,366 DEBUG root] Dumping YAML config into /Users/narsi01/Desktop/JWC_SN/jenkins/2017-08-02_14-24-19.244395/merged.yml
[2017-08-02 14:24:19,406 DEBUG Engine] New artifact filename: /Users/narsi01/Desktop/JWC_SN/jenkins/2017-08-02_14-24-19.244395/merged.json
[2017-08-02 14:24:19,406 DEBUG root] Dumping JSON config into /Users/narsi01/Desktop/JWC_SN/jenkins/2017-08-02_14-24-19.244395/merged.json
[2017-08-02 14:24:19,445 DEBUG Engine] Add existing artifact (move=False): sel_har.yml
[2017-08-02 14:24:19,446 DEBUG Engine] Copying sel_har.yml to /Users/narsi01/Desktop/JWC_SN/jenkins/2017-08-02_14-24-19.244395/sel_har.yml
[2017-08-02 14:24:19,486 DEBUG root] Closing log handler: /var/folders/t5/kg41spf56pz146ff1j739w358p9wh7/T/bzt_igc7CL.log
[2017-08-02 14:24:19,563 DEBUG root] Switched writing logs to /Users/narsi01/Desktop/JWC_SN/jenkins/2017-08-02_14-24-19.244395/bzt.log
[2017-08-02 14:24:19,563 INFO Engine] Preparing...
[2017-08-02 14:24:19,563 DEBUG Engine] Module config: consolidator defaultdict(None, {'class': 'bzt.modules.aggregator.ConsolidatingAggregator'})
[2017-08-02 14:24:19,563 DEBUG root] Importing module: bzt.modules.aggregator
[2017-08-02 14:24:19,567 DEBUG root] Loading class: 'ConsolidatingAggregator' from <module 'bzt.modules.aggregator' from '/Library/Frameworks/Python.framework/Versions/2.7/lib/python2.7/site-packages/bzt/modules/aggregator.pyc'>
[2017-08-02 14:24:19,567 DEBUG Engine.consolidator] Exception in dehumanize_time(inf)
[2017-08-02 14:24:19,567 DEBUG Engine.consolidator] Buffer scaling setup: percentile 95.0 from [0.0, 50.0, 90.0, 95.0, 99.0, 99.9, 100.0] selected
[2017-08-02 14:24:19,567 DEBUG Engine] Module config: monitoring defaultdict(None, {'class': 'bzt.modules.monitoring.Monitoring'})
[2017-08-02 14:24:19,567 DEBUG root] Importing module: bzt.modules.monitoring
[2017-08-02 14:24:19,591 DEBUG root] Loading class: 'Monitoring' from <module 'bzt.modules.monitoring' from '/Library/Frameworks/Python.framework/Versions/2.7/lib/python2.7/site-packages/bzt/modules/monitoring.pyc'>
[2017-08-02 14:24:19,591 DEBUG Engine] Module config: capturehar defaultdict(None, {'class': 'bzt.modules.blazemeter.ServiceStubCaptureHAR'})
[2017-08-02 14:24:19,591 DEBUG root] Importing module: bzt.modules.blazemeter
[2017-08-02 14:24:19,645 DEBUG root] Loading class: 'ServiceStubCaptureHAR' from <module 'bzt.modules.blazemeter' from '/Library/Frameworks/Python.framework/Versions/2.7/lib/python2.7/site-packages/bzt/modules/blazemeter.pyc'>
[2017-08-02 14:24:19,645 DEBUG Engine] Module config: screenshoter defaultdict(None, {'class': 'bzt.modules.blazemeter.ServiceStubScreenshoter'})
[2017-08-02 14:24:19,645 DEBUG root] Importing module: bzt.modules.blazemeter
[2017-08-02 14:24:19,645 DEBUG root] Loading class: 'ServiceStubScreenshoter' from <module 'bzt.modules.blazemeter' from '/Library/Frameworks/Python.framework/Versions/2.7/lib/python2.7/site-packages/bzt/modules/blazemeter.pyc'>
[2017-08-02 14:24:19,645 DEBUG Engine] Module config: local defaultdict(None, {'class': 'bzt.modules.provisioning.Local'})
[2017-08-02 14:24:19,646 DEBUG root] Importing module: bzt.modules.provisioning
[2017-08-02 14:24:19,646 DEBUG root] Loading class: 'Local' from <module 'bzt.modules.provisioning' from '/Library/Frameworks/Python.framework/Versions/2.7/lib/python2.7/site-packages/bzt/modules/provisioning.pyc'>
[2017-08-02 14:24:19,646 DEBUG Engine] Module config: selenium defaultdict(None, {'class': 'bzt.modules.selenium.SeleniumExecutor', 'virtual-display': defaultdict(None, {'width': 1280, 'height': 800})})
[2017-08-02 14:24:19,646 DEBUG root] Importing module: bzt.modules.selenium
[2017-08-02 14:24:19,653 DEBUG easyprocess] version=0.2.3
[2017-08-02 14:24:19,656 DEBUG pyvirtualdisplay] version=0.2.1
[2017-08-02 14:24:19,657 DEBUG root] Loading class: 'SeleniumExecutor' from <module 'bzt.modules.selenium' from '/Library/Frameworks/Python.framework/Versions/2.7/lib/python2.7/site-packages/bzt/modules/selenium.pyc'>
[2017-08-02 14:24:19,657 DEBUG Engine.local] Preparing executor: selenium/4441722960
[2017-08-02 14:24:19,657 DEBUG easyprocess] param: "['Xvfb', '-help']" 
[2017-08-02 14:24:19,658 DEBUG easyprocess] command: ['Xvfb', '-help']
[2017-08-02 14:24:19,658 DEBUG easyprocess] joined command: Xvfb -help
[2017-08-02 14:24:19,670 DEBUG easyprocess] OSError exception: [Errno 2] No such file or directory
[2017-08-02 14:24:19,675 ERROR root] EasyProcessCheckInstalledError: cmd=['Xvfb', '-help']
OSError=[Errno 2] No such file or directory
Program install error! 
Traceback (most recent call last):
  File "/Library/Frameworks/Python.framework/Versions/2.7/lib/python2.7/site-packages/bzt/cli.py", line 212, in perform
    self.engine.prepare()
  File "/Library/Frameworks/Python.framework/Versions/2.7/lib/python2.7/site-packages/bzt/engine.py", line 124, in prepare
    self.__prepare_provisioning()
  File "/Library/Frameworks/Python.framework/Versions/2.7/lib/python2.7/site-packages/bzt/engine.py", line 451, in __prepare_provisioning
    self.provisioning.prepare()
  File "/Library/Frameworks/Python.framework/Versions/2.7/lib/python2.7/site-packages/bzt/modules/provisioning.py", line 70, in prepare
    executor.prepare()
  File "/Library/Frameworks/Python.framework/Versions/2.7/lib/python2.7/site-packages/bzt/modules/selenium.py", line 174, in prepare
    self.set_virtual_display()
  File "/Library/Frameworks/Python.framework/Versions/2.7/lib/python2.7/site-packages/bzt/modules/selenium.py", line 95, in set_virtual_display
    self.virtual_display = Display(size=(width, height))
  File "/Library/Frameworks/Python.framework/Versions/2.7/lib/python2.7/site-packages/pyvirtualdisplay/display.py", line 34, in __init__
    self._obj = self.display_class(
  File "/Library/Frameworks/Python.framework/Versions/2.7/lib/python2.7/site-packages/pyvirtualdisplay/display.py", line 52, in display_class
    cls.check_installed()
  File "/Library/Frameworks/Python.framework/Versions/2.7/lib/python2.7/site-packages/pyvirtualdisplay/xvfb.py", line 38, in check_installed
    ubuntu_package=PACKAGE).check_installed()
  File "/Library/Frameworks/Python.framework/Versions/2.7/lib/python2.7/site-packages/easyprocess/__init__.py", line 180, in check_installed
    raise EasyProcessCheckInstalledError(self)
EasyProcessCheckInstalledError: cmd=['Xvfb', '-help']
OSError=[Errno 2] No such file or directory
Program install error!
[2017-08-02 14:24:19,676 INFO Engine] Post-processing...
[2017-08-02 14:24:19,676 DEBUG Engine.consolidator] Consolidator buffer[0]: []
[2017-08-02 14:24:19,678 DEBUG Engine.Configuration] Dumping YAML config into /Users/narsi01/Desktop/JWC_SN/jenkins/2017-08-02_14-24-19.244395/effective.yml
[2017-08-02 14:24:19,737 DEBUG Engine.Configuration] Dumping JSON config into /Users/narsi01/Desktop/JWC_SN/jenkins/2017-08-02_14-24-19.244395/effective.json
[2017-08-02 14:24:19,772 INFO root] Artifacts dir: /Users/narsi01/Desktop/JWC_SN/jenkins/2017-08-02_14-24-19.244395
[2017-08-02 14:24:19,773 WARNING root] Done performing with code: 1
[2017-08-02 14:24:19,773 DEBUG root] Closing log handler: /Users/narsi01/Desktop/JWC_SN/jenkins/2017-08-02_14-24-19.244395/bzt.log
