[2017-10-04 10:31:23,172 INFO root] Taurus CLI Tool v1.8.4.1401
[2017-10-04 10:31:23,172 DEBUG root] Command-line options: {'verbose': None, 'no_system_configs': None, 'quiet': None, 'log': '/var/folders/t5/kg41spf56pz146ff1j739w358p9wh7/T/bzt_m6VIhk.log', 'option': None, 'aliases': ['report']}
[2017-10-04 10:31:23,172 DEBUG root] Python: CPython 2.7.13
[2017-10-04 10:31:23,172 DEBUG root] OS: ('Darwin', 'narsi01mac1752', '16.7.0', 'Darwin Kernel Version 16.7.0: Thu Jun 15 17:36:27 PDT 2017; root:xnu-3789.70.16~2/RELEASE_X86_64', 'x86_64', 'i386')
[2017-10-04 10:31:23,172 INFO root] Starting with configs: ['ctl_sla.jmx.yml']
[2017-10-04 10:31:23,172 DEBUG root] Adding personal config: /Users/narsi01/.bzt-rc
[2017-10-04 10:31:23,173 INFO Engine] Configuring...
[2017-10-04 10:31:23,173 DEBUG Engine] Reading extension configs from: /usr/local/etc/bzt.d
[2017-10-04 10:31:23,173 DEBUG Engine.Configuration] Configs: ['/Library/Frameworks/Python.framework/Versions/2.7/lib/python2.7/site-packages/bzt/resources/base-config.yml', '/usr/local/etc/bzt.d/99-installID.yml']
[2017-10-04 10:31:23,173 DEBUG Engine.Configuration] Reading /Library/Frameworks/Python.framework/Versions/2.7/lib/python2.7/site-packages/bzt/resources/base-config.yml
[2017-10-04 10:31:23,173 DEBUG Engine.Configuration] Reading /Library/Frameworks/Python.framework/Versions/2.7/lib/python2.7/site-packages/bzt/resources/base-config.yml as YAML
[2017-10-04 10:31:23,194 DEBUG Engine.Configuration] Reading /usr/local/etc/bzt.d/99-installID.yml
[2017-10-04 10:31:23,194 DEBUG Engine.Configuration] Reading /usr/local/etc/bzt.d/99-installID.yml as YAML
[2017-10-04 10:31:23,195 DEBUG Engine.Configuration] Configs: ['/Users/narsi01/.bzt-rc', 'ctl_sla.jmx.yml']
[2017-10-04 10:31:23,195 DEBUG Engine.Configuration] Reading /Users/narsi01/.bzt-rc
[2017-10-04 10:31:23,195 DEBUG Engine.Configuration] Reading /Users/narsi01/.bzt-rc as YAML
[2017-10-04 10:31:23,195 DEBUG Engine.Configuration] Reading ctl_sla.jmx.yml
[2017-10-04 10:31:23,195 DEBUG Engine.Configuration] Reading ctl_sla.jmx.yml as YAML
[2017-10-04 10:31:23,210 DEBUG root] Configs: ['/Users/narsi01/.bzt-rc', 'ctl_sla.jmx.yml']
[2017-10-04 10:31:23,210 DEBUG root] Reading /Users/narsi01/.bzt-rc
[2017-10-04 10:31:23,210 DEBUG root] Reading /Users/narsi01/.bzt-rc as YAML
[2017-10-04 10:31:23,211 DEBUG root] Reading ctl_sla.jmx.yml
[2017-10-04 10:31:23,211 DEBUG root] Reading ctl_sla.jmx.yml as YAML
[2017-10-04 10:31:23,227 INFO Engine] Artifacts dir: /Users/narsi01/Desktop/CTL_CI/CTL/2017-10-04_10-31-23.227123
[2017-10-04 10:31:23,227 DEBUG Engine] New artifact filename: /Users/narsi01/Desktop/CTL_CI/CTL/2017-10-04_10-31-23.227123/effective
[2017-10-04 10:31:23,229 DEBUG Engine.Configuration] Dumping YAML config into /Users/narsi01/Desktop/CTL_CI/CTL/2017-10-04_10-31-23.227123/effective.yml
[2017-10-04 10:31:23,239 DEBUG Engine] Requesting updates info: http://gettaurus.org/updates/?version=1.8.4.1401&installID=acde48001122
[2017-10-04 10:31:23,352 DEBUG Engine.Configuration] Dumping JSON config into /Users/narsi01/Desktop/CTL_CI/CTL/2017-10-04_10-31-23.227123/effective.json
[2017-10-04 10:31:23,432 DEBUG Engine] New artifact filename: /Users/narsi01/Desktop/CTL_CI/CTL/2017-10-04_10-31-23.227123/merged.yml
[2017-10-04 10:31:23,433 DEBUG root] Dumping YAML config into /Users/narsi01/Desktop/CTL_CI/CTL/2017-10-04_10-31-23.227123/merged.yml
[2017-10-04 10:31:23,526 DEBUG Engine] New artifact filename: /Users/narsi01/Desktop/CTL_CI/CTL/2017-10-04_10-31-23.227123/merged.json
[2017-10-04 10:31:23,527 DEBUG root] Dumping JSON config into /Users/narsi01/Desktop/CTL_CI/CTL/2017-10-04_10-31-23.227123/merged.json
[2017-10-04 10:31:23,609 DEBUG Engine] Add existing artifact (move=False): ctl_sla.jmx.yml
[2017-10-04 10:31:23,609 DEBUG Engine] Copying ctl_sla.jmx.yml to /Users/narsi01/Desktop/CTL_CI/CTL/2017-10-04_10-31-23.227123/ctl_sla.jmx.yml
[2017-10-04 10:31:23,689 DEBUG root] Closing log handler: /var/folders/t5/kg41spf56pz146ff1j739w358p9wh7/T/bzt_m6VIhk.log
[2017-10-04 10:31:23,850 DEBUG root] Switched writing logs to /Users/narsi01/Desktop/CTL_CI/CTL/2017-10-04_10-31-23.227123/bzt.log
[2017-10-04 10:31:23,850 INFO Engine] Preparing...
[2017-10-04 10:31:23,851 DEBUG Engine] Module config: consolidator defaultdict(None, {'class': 'bzt.modules.aggregator.ConsolidatingAggregator'})
[2017-10-04 10:31:23,851 DEBUG root] Importing module: bzt.modules.aggregator
[2017-10-04 10:31:23,852 DEBUG root] Loading class: 'ConsolidatingAggregator' from <module 'bzt.modules.aggregator' from '/Library/Frameworks/Python.framework/Versions/2.7/lib/python2.7/site-packages/bzt/modules/aggregator.pyc'>
[2017-10-04 10:31:23,852 DEBUG Engine.consolidator] Exception in dehumanize_time(inf)
[2017-10-04 10:31:23,852 DEBUG Engine.consolidator] Buffer scaling setup: percentile 95.0 from [0.0, 50.0, 90.0, 95.0, 99.0, 99.9, 100.0] selected
[2017-10-04 10:31:23,852 DEBUG Engine] Module config: monitoring defaultdict(None, {'class': 'bzt.modules.monitoring.Monitoring'})
[2017-10-04 10:31:23,852 DEBUG root] Importing module: bzt.modules.monitoring
[2017-10-04 10:31:23,866 DEBUG root] Loading class: 'Monitoring' from <module 'bzt.modules.monitoring' from '/Library/Frameworks/Python.framework/Versions/2.7/lib/python2.7/site-packages/bzt/modules/monitoring.pyc'>
[2017-10-04 10:31:23,867 DEBUG Engine] Module config: local defaultdict(None, {'class': 'bzt.modules.provisioning.Local'})
[2017-10-04 10:31:23,867 DEBUG root] Importing module: bzt.modules.provisioning
[2017-10-04 10:31:23,867 DEBUG root] Loading class: 'Local' from <module 'bzt.modules.provisioning' from '/Library/Frameworks/Python.framework/Versions/2.7/lib/python2.7/site-packages/bzt/modules/provisioning.pyc'>
[2017-10-04 10:31:23,867 DEBUG Engine] Module config: jmeter defaultdict(None, {'properties': defaultdict(None, {'jmeter.save.saveservice.autoflush': 'true', 'summariser.name': '', 'jmeter.save.saveservice.connect_time': 'true', 'mode': 'Stripped', 'jmeterengine.force.system.exit': 'true'}), 'class': 'bzt.modules.jmeter.JMeterExecutor', 'plugins': ['jpgc-casutg', 'jpgc-dummy', 'jpgc-ffw', 'jpgc-fifo', 'jpgc-functions', 'jpgc-json', 'jpgc-perfmon', 'jpgc-prmctl', 'jpgc-tst']})
[2017-10-04 10:31:23,867 DEBUG root] Importing module: bzt.modules.jmeter
[2017-10-04 10:31:23,874 DEBUG root] Loading class: 'JMeterExecutor' from <module 'bzt.modules.jmeter' from '/Library/Frameworks/Python.framework/Versions/2.7/lib/python2.7/site-packages/bzt/modules/jmeter.pyc'>
[2017-10-04 10:31:23,875 DEBUG Engine.local] Preparing executor: jmeter/4440323280
[2017-10-04 10:31:23,875 DEBUG Engine] New artifact filename: /Users/narsi01/Desktop/CTL_CI/CTL/2017-10-04_10-31-23.227123/jmeter.log
[2017-10-04 10:31:23,875 DEBUG Engine.jmeter] Checking if port 4445 is free
[2017-10-04 10:31:23,875 DEBUG Engine.jmeter] Port 4445 is free
[2017-10-04 10:31:23,875 DEBUG Engine.jmeter] Using port 4445 for management
[2017-10-04 10:31:23,875 DEBUG Engine.jmeter.JavaVM] Trying JavaVM: ['java', '-version']
[2017-10-04 10:31:23,895 DEBUG Engine] Taurus updates info: {"latest":"1.9.6","needsUpgrade":true}
[2017-10-04 10:31:23,895 WARNING Engine] There is newer version of Taurus 1.9.6 available, consider upgrading. What's new: http://gettaurus.org/docs/Changelog/
[2017-10-04 10:31:24,070 DEBUG Engine.jmeter.JavaVM] JavaVM output: java version "1.8.0_121"
Java(TM) SE Runtime Environment (build 1.8.0_121-b13)
Java HotSpot(TM) 64-Bit Server VM (build 25.121-b13, mixed mode)

[2017-10-04 10:31:24,070 DEBUG Engine.jmeter.TclLibrary] We don't need to check tcl library on this platform
[2017-10-04 10:31:24,070 DEBUG Engine.jmeter.JMeter] Trying jmeter: /Users/narsi01/.bzt/jmeter-taurus/bin/jmeter.sh
[2017-10-04 10:31:24,071 DEBUG bzt.utils] Executing shell: ['/Users/narsi01/.bzt/jmeter-taurus/bin/jmeter.sh', '-j', '/var/folders/t5/kg41spf56pz146ff1j739w358p9wh7/T/jmeterXa_9_Plog', '--version']
[2017-10-04 10:31:24,684 DEBUG Engine.jmeter.JMeter] JMeter check: Writing log file to: /var/folders/t5/kg41spf56pz146ff1j739w358p9wh7/T/jmeterXa_9_Plog
    _    ____   _    ____ _   _ _____       _ __  __ _____ _____ _____ ____     
   / \  |  _ \ / \  / ___| | | | ____|     | |  \/  | ____|_   _| ____|  _ \   
  / _ \ | |_) / _ \| |   | |_| |  _|    _  | | |\/| |  _|   | | |  _| | |_) | 
 / ___ \|  __/ ___ \ |___|  _  | |___  | |_| | |  | | |___  | | | |___|  _ <  
/_/   \_\_| /_/   \_\____|_| |_|_____|  \___/|_|  |_|_____| |_| |_____|_| \_\ 3.1 r1770033  

Copyright (c) 1999-2016 The Apache Software Foundation

 / None
[2017-10-04 10:31:24,690 DEBUG Engine] New artifact filename: /Users/narsi01/Desktop/CTL_CI/CTL/2017-10-04_10-31-23.227123/requests.jmx
[2017-10-04 10:31:24,694 DEBUG JMeterScenarioBuilder] Saving JMX to: /Users/narsi01/Desktop/CTL_CI/CTL/2017-10-04_10-31-23.227123/requests.jmx
[2017-10-04 10:31:24,778 DEBUG Engine.jmeter] Load: LoadSpec(concurrency=10, throughput=None, ramp_up=60.0, hold=300.0, iterations=1000, duration=360.0, steps=None)
[2017-10-04 10:31:24,781 DEBUG Engine.jmeter] Original threads: 1.0
[2017-10-04 10:31:24,782 DEBUG Engine] New artifact filename: /Users/narsi01/Desktop/CTL_CI/CTL/2017-10-04_10-31-23.227123/kpi.jtl
[2017-10-04 10:31:24,783 DEBUG Engine] New artifact filename: /Users/narsi01/Desktop/CTL_CI/CTL/2017-10-04_10-31-23.227123/error.jtl
[2017-10-04 10:31:24,783 DEBUG Engine.jmeter] Enforcing parent sample for transaction controller
[2017-10-04 10:31:24,784 DEBUG Engine] New artifact filename: /Users/narsi01/Desktop/CTL_CI/CTL/2017-10-04_10-31-23.227123/modified_requests.jmx
[2017-10-04 10:31:24,784 DEBUG JMX] Saving JMX to: /Users/narsi01/Desktop/CTL_CI/CTL/2017-10-04_10-31-23.227123/modified_requests.jmx
[2017-10-04 10:31:24,875 DEBUG Engine.jmeter] Additional properties: defaultdict(None, {'jmeter.save.saveservice.autoflush': 'true', 'jmeter.save.saveservice.connect_time': 'true', 'user.classpath': '/Users/narsi01/Desktop/CTL_CI/CTL/2017-10-04_10-31-23.227123', 'sampleresult.default.encoding': 'UTF-8', 'summariser.name': '', 'jmeterengine.force.system.exit': 'true', 'jmeter.save.saveservice.timestamp_format': 'ms', 'mode': 'Stripped', 'jmeterengine.nongui.maxport': 4445, 'jmeterengine.nongui.port': 4445})
[2017-10-04 10:31:24,875 DEBUG Engine] New artifact filename: /Users/narsi01/Desktop/CTL_CI/CTL/2017-10-04_10-31-23.227123/jmeter-bzt.properties
[2017-10-04 10:31:24,954 DEBUG Engine] New artifact filename: /Users/narsi01/Desktop/CTL_CI/CTL/2017-10-04_10-31-23.227123/jmeter.out
[2017-10-04 10:31:24,955 DEBUG Engine] New artifact filename: /Users/narsi01/Desktop/CTL_CI/CTL/2017-10-04_10-31-23.227123/jmeter.err
[2017-10-04 10:31:24,955 DEBUG Engine] Module config: final-stats defaultdict(None, {'class': 'bzt.modules.reporting.FinalStatus'})
[2017-10-04 10:31:24,955 DEBUG root] Importing module: bzt.modules.reporting
[2017-10-04 10:31:24,981 DEBUG root] Loading class: 'FinalStatus' from <module 'bzt.modules.reporting' from '/Library/Frameworks/Python.framework/Versions/2.7/lib/python2.7/site-packages/bzt/modules/reporting.pyc'>
[2017-10-04 10:31:24,981 DEBUG Engine] Module config: console defaultdict(None, {'class': 'bzt.modules.console.ConsoleStatusReporter'})
[2017-10-04 10:31:24,981 DEBUG root] Importing module: bzt.modules.console
[2017-10-04 10:31:24,981 DEBUG root] Loading class: 'ConsoleStatusReporter' from <module 'bzt.modules.console' from '/Library/Frameworks/Python.framework/Versions/2.7/lib/python2.7/site-packages/bzt/modules/console.pyc'>
[2017-10-04 10:31:24,981 DEBUG Engine] Module config: final_stats defaultdict(None, {'class': 'bzt.modules.reporting.FinalStatus'})
[2017-10-04 10:31:24,981 DEBUG root] Importing module: bzt.modules.reporting
[2017-10-04 10:31:24,981 DEBUG root] Loading class: 'FinalStatus' from <module 'bzt.modules.reporting' from '/Library/Frameworks/Python.framework/Versions/2.7/lib/python2.7/site-packages/bzt/modules/reporting.pyc'>
[2017-10-04 10:31:24,981 DEBUG Engine] Module config: junit-xml defaultdict(None, {'class': 'bzt.modules.reporting.JUnitXMLReporter'})
[2017-10-04 10:31:24,981 DEBUG root] Importing module: bzt.modules.reporting
[2017-10-04 10:31:24,982 DEBUG root] Loading class: 'JUnitXMLReporter' from <module 'bzt.modules.reporting' from '/Library/Frameworks/Python.framework/Versions/2.7/lib/python2.7/site-packages/bzt/modules/reporting.pyc'>
[2017-10-04 10:31:24,982 DEBUG Engine] Module config: blazemeter defaultdict(None, {'test': 'CTL Taurus SLA', 'token': '********', 'class': 'bzt.modules.blazemeter.BlazeMeterUploader'})
[2017-10-04 10:31:24,982 DEBUG root] Importing module: bzt.modules.blazemeter
[2017-10-04 10:31:24,982 DEBUG root] Loading class: 'BlazeMeterUploader' from <module 'bzt.modules.blazemeter' from '/Library/Frameworks/Python.framework/Versions/2.7/lib/python2.7/site-packages/bzt/modules/blazemeter.pyc'>
[2017-10-04 10:31:24,987 DEBUG User] Request: GET https://a.blazemeter.com/api/v4/web/version None
[2017-10-04 10:31:25,726 DEBUG User] Response: {
    "api_version": 4,
    "error": null,
    "result": "blazemeter-backend-package 5910 release/2017-09-18_79 B5910  Wed Sep 27 15:47:40 2017 +0300 7c75a02878266cf4ee3aca23556f97a46e403bad\n"
}
[2017-10-04 10:31:25,726 DEBUG User] Request: GET https://a.blazemeter.com/api/v4/accounts None
[2017-10-04 10:31:26,228 DEBUG User] Response: {
    "limit": 10,
    "skip": 0,
    "total": 2,
    "hidden": 0,
    "api_version": 4,
    "error": null,
    "result": [
        {
            "id": 21166,
            "name": "Martin Kowalewski",
            "thumbnailUrl": "",
            "salesforceI
[2017-10-04 10:31:26,229 DEBUG User] Request: GET https://a.blazemeter.com/api/v4/workspaces?accountId=21166&enabled=true&limit=100 None
[2017-10-04 10:31:26,681 DEBUG User] Response: {
    "limit": 100,
    "skip": 0,
    "total": 1,
    "hidden": 0,
    "api_version": 4,
    "error": null,
    "result": [
        {
            "id": 133217,
            "name": "SE DEMOs",
            "userId": 307773,
            "created": 1493664013
[2017-10-04 10:31:26,681 DEBUG User] Request: GET https://a.blazemeter.com/api/v4/workspaces?accountId=40241&enabled=true&limit=100 None
[2017-10-04 10:31:27,155 DEBUG User] Response: {
    "limit": 100,
    "skip": 0,
    "total": 3,
    "hidden": 0,
    "api_version": 4,
    "error": null,
    "result": [
        {
            "id": 509,
            "name": "Customer Demo Org",
            "userId": 86033,
            "created": 14419
[2017-10-04 10:31:27,155 DEBUG User] Request: GET https://a.blazemeter.com/api/v4/tests?workspaceId=133217&name=CTL+Taurus+SLA None
[2017-10-04 10:31:27,694 DEBUG User] Response: {
    "limit": 10,
    "skip": 0,
    "total": 0,
    "hidden": 0,
    "api_version": 4,
    "error": null,
    "result": []
}
[2017-10-04 10:31:27,694 DEBUG User] Request: GET https://a.blazemeter.com/api/v4/tests?workspaceId=509&name=CTL+Taurus+SLA None
[2017-10-04 10:31:28,220 DEBUG User] Response: {
    "limit": 10,
    "skip": 0,
    "total": 0,
    "hidden": 0,
    "api_version": 4,
    "error": null,
    "result": []
}
[2017-10-04 10:31:28,220 DEBUG User] Request: GET https://a.blazemeter.com/api/v4/tests?workspaceId=3130&name=CTL+Taurus+SLA None
[2017-10-04 10:31:28,670 DEBUG User] Response: {
    "limit": 10,
    "skip": 0,
    "total": 0,
    "hidden": 0,
    "api_version": 4,
    "error": null,
    "result": []
}
[2017-10-04 10:31:28,670 DEBUG User] Request: GET https://a.blazemeter.com/api/v4/tests?workspaceId=31694&name=CTL+Taurus+SLA None
[2017-10-04 10:31:29,260 DEBUG User] Response: {
    "limit": 10,
    "skip": 0,
    "total": 2,
    "hidden": 0,
    "api_version": 4,
    "error": null,
    "result": [
        {
            "id": 5757300,
            "name": "CTL Taurus SLA",
            "userId": 106819,
            "created": 1506
[2017-10-04 10:31:29,262 DEBUG Engine.Configuration] Dumping YAML config into /Users/narsi01/Desktop/CTL_CI/CTL/2017-10-04_10-31-23.227123/effective.yml
[2017-10-04 10:31:29,382 DEBUG Engine.Configuration] Dumping JSON config into /Users/narsi01/Desktop/CTL_CI/CTL/2017-10-04_10-31-23.227123/effective.json
[2017-10-04 10:31:29,464 INFO Engine] Starting...
[2017-10-04 10:31:29,464 DEBUG Engine] Startup <bzt.modules.monitoring.Monitoring object at 0x105db9cd0>
[2017-10-04 10:31:29,464 DEBUG Engine] Startup <bzt.modules.aggregator.ConsolidatingAggregator object at 0x105d71fd0>
[2017-10-04 10:31:29,464 DEBUG Engine] Startup <bzt.modules.reporting.FinalStatus object at 0x108aecad0>
[2017-10-04 10:31:29,464 DEBUG Engine] Startup <bzt.modules.console.ConsoleStatusReporter object at 0x108c21f90>
[2017-10-04 10:31:29,464 INFO Engine.console] Waiting for results...
[2017-10-04 10:31:29,465 DEBUG Engine] Startup <bzt.modules.reporting.FinalStatus object at 0x108c2da10>
[2017-10-04 10:31:29,465 DEBUG Engine] Startup <bzt.modules.reporting.JUnitXMLReporter object at 0x108c2d190>
[2017-10-04 10:31:29,465 DEBUG Engine] Startup <bzt.modules.blazemeter.BlazeMeterUploader object at 0x108f3e290>
[2017-10-04 10:31:29,465 INFO Engine.blazemeter] Initiating data feeding...
[2017-10-04 10:31:29,465 DEBUG User] Request: POST https://a.blazemeter.com/api/v4/tests/5757300/start-external None
[2017-10-04 10:31:30,365 DEBUG User] Response: {
    "api_version": 4,
    "error": null,
    "result": {
        "session": {
            "id": "r-ext-59d51af37f933",
            "name": "CTL Taurus SLA",
            "userId": 106819,
            "offset": 0,
            "statusCode": 15,
            
[2017-10-04 10:31:30,366 INFO Engine.blazemeter] Started data feeding: https://a.blazemeter.com/app/#/masters/16712896
[2017-10-04 10:31:30,632 DEBUG Engine] Startup <bzt.modules.provisioning.Local object at 0x105db90d0>
[2017-10-04 10:31:30,632 DEBUG Engine.local] Delay setup for jmeter/Thread Group: 0(start-at) + 0(delay) = 0
[2017-10-04 10:31:30,635 DEBUG Engine.Configuration] Dumping YAML config into /Users/narsi01/Desktop/CTL_CI/CTL/2017-10-04_10-31-23.227123/effective.yml
[2017-10-04 10:31:30,847 DEBUG Engine.Configuration] Dumping JSON config into /Users/narsi01/Desktop/CTL_CI/CTL/2017-10-04_10-31-23.227123/effective.json
[2017-10-04 10:31:30,957 DEBUG root] Leveling down log file verbosity, use -v option to have DEBUG messages enabled
[2017-10-04 10:31:31,259 INFO Engine.console] Waiting for finish...
[2017-10-04 10:31:36,979 INFO Engine.jmeter.JTLReader] Changed data analysis delay to 4s
[2017-10-04 10:31:45,001 INFO Engine.jmeter.JTLReader] Changed data analysis delay to 5s
[2017-10-04 10:31:54,037 INFO Engine.jmeter.JTLReader] Changed data analysis delay to 4s
[2017-10-04 10:32:20,122 INFO Engine.jmeter.JTLReader] Changed data analysis delay to 5s
[2017-10-04 10:32:23,135 INFO Engine.jmeter.JTLReader] Changed data analysis delay to 4s
[2017-10-04 10:32:24,139 INFO Engine.jmeter.JTLReader] Changed data analysis delay to 5s
[2017-10-04 10:32:26,148 INFO Engine.jmeter.JTLReader] Changed data analysis delay to 4s
[2017-10-04 10:32:27,152 INFO Engine.jmeter.JTLReader] Changed data analysis delay to 5s
[2017-10-04 10:32:30,162 INFO Engine.jmeter.JTLReader] Changed data analysis delay to 4s
