[2018-07-30 20:26:33,603 INFO root] Taurus CLI Tool v1.12.1
[2018-07-30 20:26:33,603 DEBUG root] Command-line options: {'verbose': None, 'no_system_configs': None, 'quiet': None, 'log': '/var/folders/t5/kg41spf56pz146ff1j739w358p9wh7/T/bzt_oGEx9o.log', 'option': None, 'aliases': []}
[2018-07-30 20:26:33,603 DEBUG root] Python: CPython 2.7.15
[2018-07-30 20:26:33,603 DEBUG root] OS: ('Darwin', 'narsi01mac1752', '17.6.0', 'Darwin Kernel Version 17.6.0: Tue May  8 15:22:16 PDT 2018; root:xnu-4570.61.1~1/RELEASE_X86_64', 'x86_64', 'i386')
[2018-07-30 20:26:33,604 INFO root] Starting with configs: ['CICD_Taurus_SLA.yml']
[2018-07-30 20:26:33,604 DEBUG root] Using personal config: /Users/narsi01/.bzt-rc
[2018-07-30 20:26:33,604 INFO Engine] Configuring...
[2018-07-30 20:26:33,604 DEBUG Engine] No machine configs dir: /usr/local/Cellar/bzt/1.12.1/libexec/bin/../etc/bzt.d
[2018-07-30 20:26:33,604 DEBUG Engine] Base configs list: ['/usr/local/Cellar/bzt/1.12.1/libexec/lib/python2.7/site-packages/bzt/resources/base-config.yml']
[2018-07-30 20:26:33,605 DEBUG Engine.Configuration] Configs: ['/usr/local/Cellar/bzt/1.12.1/libexec/lib/python2.7/site-packages/bzt/resources/base-config.yml']
[2018-07-30 20:26:33,605 DEBUG Engine.Configuration] Reading /usr/local/Cellar/bzt/1.12.1/libexec/lib/python2.7/site-packages/bzt/resources/base-config.yml as YAML
[2018-07-30 20:26:33,638 DEBUG Engine] User configs list: ['/Users/narsi01/.bzt-rc', 'CICD_Taurus_SLA.yml']
[2018-07-30 20:26:33,638 DEBUG Engine.Configuration] Configs: ['/Users/narsi01/.bzt-rc', 'CICD_Taurus_SLA.yml']
[2018-07-30 20:26:33,639 DEBUG Engine.Configuration] Reading /Users/narsi01/.bzt-rc as YAML
[2018-07-30 20:26:33,642 DEBUG Engine.Configuration] Reading CICD_Taurus_SLA.yml as YAML
[2018-07-30 20:26:33,666 DEBUG Engine.Configuration] Configs: ['/Users/narsi01/.bzt-rc', 'CICD_Taurus_SLA.yml']
[2018-07-30 20:26:33,666 DEBUG Engine.Configuration] Reading /Users/narsi01/.bzt-rc as YAML
[2018-07-30 20:26:33,668 DEBUG Engine.Configuration] Reading CICD_Taurus_SLA.yml as YAML
[2018-07-30 20:26:33,701 DEBUG Engine] Requesting updates info: http://gettaurus.org/updates/?version=1.12.1&installID=macos-784f437f78c0
[2018-07-30 20:26:33,701 DEBUG HTTPClient] Making HTTP request GET http://gettaurus.org/updates/?version=1.12.1&installID=macos-784f437f78c0
[2018-07-30 20:26:33,702 INFO Engine] Artifacts dir: /Users/narsi01/Desktop/JWC_SN/WKS/WKS/2018-07-30_20-26-33.701848
[2018-07-30 20:26:33,708 DEBUG Engine] New artifact filename: /Users/narsi01/Desktop/JWC_SN/WKS/WKS/2018-07-30_20-26-33.701848/effective
[2018-07-30 20:26:33,711 DEBUG Engine.Configuration] Dumping YAML config into /Users/narsi01/Desktop/JWC_SN/WKS/WKS/2018-07-30_20-26-33.701848/effective.yml
[2018-07-30 20:26:33,747 DEBUG urllib3.connectionpool] Starting new HTTP connection (1): gettaurus.org:80
[2018-07-30 20:26:33,752 DEBUG Engine.Configuration] Dumping JSON config into /Users/narsi01/Desktop/JWC_SN/WKS/WKS/2018-07-30_20-26-33.701848/effective.json
[2018-07-30 20:26:33,754 DEBUG Engine] New artifact filename: /Users/narsi01/Desktop/JWC_SN/WKS/WKS/2018-07-30_20-26-33.701848/merged.yml
[2018-07-30 20:26:33,755 DEBUG Engine.Configuration] Dumping YAML config into /Users/narsi01/Desktop/JWC_SN/WKS/WKS/2018-07-30_20-26-33.701848/merged.yml
[2018-07-30 20:26:33,770 DEBUG Engine] New artifact filename: /Users/narsi01/Desktop/JWC_SN/WKS/WKS/2018-07-30_20-26-33.701848/merged.json
[2018-07-30 20:26:33,771 DEBUG Engine.Configuration] Dumping JSON config into /Users/narsi01/Desktop/JWC_SN/WKS/WKS/2018-07-30_20-26-33.701848/merged.json
[2018-07-30 20:26:33,772 DEBUG Engine] Add existing artifact (move=False): CICD_Taurus_SLA.yml
[2018-07-30 20:26:33,772 DEBUG Engine] Copying CICD_Taurus_SLA.yml to /Users/narsi01/Desktop/JWC_SN/WKS/WKS/2018-07-30_20-26-33.701848/CICD_Taurus_SLA.yml
[2018-07-30 20:26:33,773 DEBUG Engine.Environment] Replace 'TAURUS_ARTIFACTS_DIR' in environment
[2018-07-30 20:26:33,775 DEBUG root] Closing log handler: /var/folders/t5/kg41spf56pz146ff1j739w358p9wh7/T/bzt_oGEx9o.log
[2018-07-30 20:26:33,789 DEBUG root] Switched writing logs to /Users/narsi01/Desktop/JWC_SN/WKS/WKS/2018-07-30_20-26-33.701848/bzt.log
[2018-07-30 20:26:33,789 DEBUG root] Linting config
[2018-07-30 20:26:33,798 INFO Engine] Preparing...
[2018-07-30 20:26:33,798 DEBUG Engine] Module config: consolidator defaultdict(None, {'class': u'bzt.modules.aggregator.ConsolidatingAggregator'})
[2018-07-30 20:26:33,799 DEBUG root] Importing module: bzt.modules.aggregator
[2018-07-30 20:26:33,970 DEBUG root] Loading class: 'ConsolidatingAggregator' from <module 'bzt.modules.aggregator' from '/usr/local/Cellar/bzt/1.12.1/libexec/lib/python2.7/site-packages/bzt/modules/aggregator.pyc'>
[2018-07-30 20:26:33,970 DEBUG Engine.consolidator] Buffer scaling setup: percentile 95.0 from [0.0, 50.0, 90.0, 95.0, 99.0, 99.9, 100.0] selected
[2018-07-30 20:26:33,970 DEBUG Engine] Module config: monitoring defaultdict(None, {'class': u'bzt.modules.monitoring.Monitoring'})
[2018-07-30 20:26:33,970 DEBUG root] Importing module: bzt.modules.monitoring
[2018-07-30 20:26:33,972 DEBUG root] Loading class: 'Monitoring' from <module 'bzt.modules.monitoring' from '/usr/local/Cellar/bzt/1.12.1/libexec/lib/python2.7/site-packages/bzt/modules/monitoring.pyc'>
[2018-07-30 20:26:33,972 DEBUG Engine] Module config: local defaultdict(None, {'class': u'bzt.modules.provisioning.Local'})
[2018-07-30 20:26:33,972 DEBUG root] Importing module: bzt.modules.provisioning
[2018-07-30 20:26:33,972 DEBUG root] Loading class: 'Local' from <module 'bzt.modules.provisioning' from '/usr/local/Cellar/bzt/1.12.1/libexec/lib/python2.7/site-packages/bzt/modules/provisioning.pyc'>
[2018-07-30 20:26:33,973 DEBUG Engine] Module config: jmeter defaultdict(None, {'class': u'bzt.modules.jmeter.JMeterExecutor', 'protocol-handlers': defaultdict(None, {'http': u'bzt.jmx.http.HTTPProtocolHandler'}), 'properties': defaultdict(None, {'jmeter.save.saveservice.autoflush': u'true', 'jmeter.save.saveservice.connect_time': u'true', 'summariser.name': u'', 'jmeterengine.force.system.exit': u'true'}), 'plugins': [u'jpgc-casutg', u'jpgc-dummy', u'jpgc-ffw', u'jpgc-fifo', u'jpgc-functions', u'jpgc-json', u'jpgc-perfmon', u'jpgc-prmctl', u'jpgc-tst']})
[2018-07-30 20:26:33,973 DEBUG root] Importing module: bzt.modules.jmeter
[2018-07-30 20:26:34,117 DEBUG root] Loading class: 'JMeterExecutor' from <module 'bzt.modules.jmeter' from '/usr/local/Cellar/bzt/1.12.1/libexec/lib/python2.7/site-packages/bzt/modules/jmeter.pyc'>
[2018-07-30 20:26:34,118 DEBUG Engine.local] Preparing executor: None/4353746192
[2018-07-30 20:26:34,118 DEBUG Engine] New artifact filename: /Users/narsi01/Desktop/JWC_SN/WKS/WKS/2018-07-30_20-26-33.701848/jmeter.log
[2018-07-30 20:26:34,118 DEBUG Engine.jmeter] Checking if port 4445 is free
[2018-07-30 20:26:34,119 DEBUG Engine.jmeter] Port 4445 is free
[2018-07-30 20:26:34,119 DEBUG Engine.jmeter] Using port 4445 for management
[2018-07-30 20:26:34,119 DEBUG Engine.jmeter.JavaVM] Trying JavaVM: ['java', '-version']
[2018-07-30 20:26:34,248 DEBUG Engine.jmeter.JavaVM] JavaVM output: java version "1.8.0_121"
Java(TM) SE Runtime Environment (build 1.8.0_121-b13)
Java HotSpot(TM) 64-Bit Server VM (build 25.121-b13, mixed mode)
[2018-07-30 20:26:34,248 DEBUG Engine.jmeter.TclLibrary] We don't need to check tcl library on this platform
[2018-07-30 20:26:34,250 DEBUG Engine.jmeter.JMeter] Trying jmeter: /Users/narsi01/.bzt/jmeter-taurus/4.0/bin/jmeter.sh
[2018-07-30 20:26:34,251 DEBUG bzt.utils] Executing shell: ['/Users/narsi01/.bzt/jmeter-taurus/4.0/bin/jmeter.sh', '-j', '/var/folders/t5/kg41spf56pz146ff1j739w358p9wh7/T/jmeterHwi8u4log', '--version'] at .
[2018-07-30 20:26:34,354 DEBUG urllib3.connectionpool] http://gettaurus.org:80 "GET /updates/?version=1.12.1&installID=macos-784f437f78c0 HTTP/1.1" 200 60
[2018-07-30 20:26:34,355 DEBUG Engine] Taurus updates info: {u'needsUpgrade': False, u'latest': u'1.12.1'}
[2018-07-30 20:26:34,355 DEBUG Engine] Installation is up-to-date
[2018-07-30 20:26:36,490 DEBUG Engine.jmeter.JMeter] JMeter check:     _    ____   _    ____ _   _ _____       _ __  __ _____ _____ _____ ____     
   / \  |  _ \ / \  / ___| | | | ____|     | |  \/  | ____|_   _| ____|  _ \   
  / _ \ | |_) / _ \| |   | |_| |  _|    _  | | |\/| |  _|   | | |  _| | |_) | 
 / ___ \|  __/ ___ \ |___|  _  | |___  | |_| | |  | | |___  | | | |___|  _ <  
/_/   \_\_| /_/   \_\____|_| |_|_____|  \___/|_|  |_|_____| |_| |_____|_| \_\ 4.0 r1823414  

Copyright (c) 1999-2018 The Apache Software Foundation

 / None
[2018-07-30 20:26:36,491 DEBUG Engine] New artifact filename: /Users/narsi01/Desktop/JWC_SN/WKS/WKS/2018-07-30_20-26-33.701848/requests.jmx
[2018-07-30 20:26:36,493 DEBUG root] Importing module: bzt.jmx.http
[2018-07-30 20:26:36,512 DEBUG root] Loading class: 'HTTPProtocolHandler' from <module 'bzt.jmx.http' from '/usr/local/Cellar/bzt/1.12.1/libexec/lib/python2.7/site-packages/bzt/jmx/http.pyc'>
[2018-07-30 20:26:36,515 DEBUG JMeterScenarioBuilder] Saving JMX to: /Users/narsi01/Desktop/JWC_SN/WKS/WKS/2018-07-30_20-26-33.701848/requests.jmx
[2018-07-30 20:26:36,516 DEBUG Engine.jmeter] Load: LoadSpec(concurrency=75, throughput=None, ramp_up=60.0, hold=300.0, iterations=1000, duration=360.0, steps=None)
[2018-07-30 20:26:36,524 DEBUG Engine] New artifact filename: /Users/narsi01/Desktop/JWC_SN/WKS/WKS/2018-07-30_20-26-33.701848/kpi.jtl
[2018-07-30 20:26:36,525 DEBUG Engine] New artifact filename: /Users/narsi01/Desktop/JWC_SN/WKS/WKS/2018-07-30_20-26-33.701848/error.jtl
[2018-07-30 20:26:36,526 DEBUG Engine.jmeter.LoadSettingsProcessor] Thread group detection: iterations are found, regular ThreadGroup will be used
[2018-07-30 20:26:36,531 DEBUG Engine.jmeter.LoadSettingsProcessor.ThreadGroupHandler] Converting ThreadGroup (blazedemo) to ThreadGroup and apply load parameters
[2018-07-30 20:26:36,532 DEBUG Engine] New artifact filename: /Users/narsi01/Desktop/JWC_SN/WKS/WKS/2018-07-30_20-26-33.701848/modified_requests.jmx
[2018-07-30 20:26:36,532 DEBUG JMX] Saving JMX to: /Users/narsi01/Desktop/JWC_SN/WKS/WKS/2018-07-30_20-26-33.701848/modified_requests.jmx
[2018-07-30 20:26:36,533 DEBUG Engine.jmeter] Additional properties: defaultdict(None, {'jmeter.save.saveservice.autoflush': u'true', 'jmeter.save.saveservice.connect_time': u'true', 'user.classpath': '/Users/narsi01/Desktop/JWC_SN/WKS/WKS/2018-07-30_20-26-33.701848:/Users/narsi01/Desktop/JWC_SN/WKS/WKS/2018-07-30_20-26-33.701848', 'sampleresult.default.encoding': 'UTF-8', 'summariser.name': u'', 'jmeterengine.force.system.exit': u'true', 'jmeter.save.saveservice.timestamp_format': 'ms', 'jmeterengine.nongui.maxport': 4445, 'jmeterengine.nongui.port': 4445})
[2018-07-30 20:26:36,533 DEBUG Engine] New artifact filename: /Users/narsi01/Desktop/JWC_SN/WKS/WKS/2018-07-30_20-26-33.701848/jmeter-bzt.properties
[2018-07-30 20:26:36,533 DEBUG Engine.jmeter.JMeter] Passing JVM_ARGS: ''
[2018-07-30 20:26:36,533 DEBUG bzt.utils] Executing shell: ['/Users/narsi01/.bzt/jmeter-taurus/4.0/bin/PluginsManagerCMD.sh', 'install-for-jmx', '/Users/narsi01/Desktop/JWC_SN/WKS/WKS/2018-07-30_20-26-33.701848/modified_requests.jmx'] at .
[2018-07-30 20:26:39,059 DEBUG Engine.jmeter.JMeter] Try to detect plugins for /Users/narsi01/Desktop/JWC_SN/WKS/WKS/2018-07-30_20-26-33.701848/modified_requests.jmx
2018-07-30 20:26:37,308 INFO o.j.r.PluginManagerCMD: Command is: install-for-jmx
2018-07-30 20:26:37,368 INFO o.j.r.JARSourceHTTP: Requesting https://jmeter-plugins.org/repo/?installID=mac_os_x-13e29a1448a1dda9c8dd381134f5477e-nongui
2018-07-30 20:26:38,204 INFO o.j.r.PluginManager: Plugins Status: [jpgc-functions=2.1, jpgc-casutg=2.5, jpgc-dummy=0.2, jpgc-ffw=2.0, jpgc-fifo=0.2, jpgc-json=2.6, jpgc-prmctl=0.4, jpgc-perfmon=2.1, jpgc-plugins-manager=1.1, jpgc-tst=2.5, jmeter-core=4.0, jmeter-ftp=4.0, jmeter-http=4.0, jmeter-jdbc=4.0, jmeter-jms=4.0, jmeter-junit=4.0, jmeter-java=4.0, jmeter-ldap=4.0, jmeter-mail=4.0, jmeter-mongodb=4.0, jmeter-native=4.0, jmeter-tcp=4.0, jmeter-components=4.0]
2018-07-30 20:26:38,206 INFO o.j.r.PluginManagerCMD: Params line is: /Users/narsi01/Desktop/JWC_SN/WKS/WKS/2018-07-30_20-26-33.701848/modified_requests.jmx
2018-07-30 20:26:38,509 INFO o.a.j.s.SaveService: Testplan (JMX) version: 2.2. Testlog (JTL) version: 2.2
2018-07-30 20:26:38,535 INFO o.a.j.s.SaveService: Using SaveService properties file encoding UTF-8
2018-07-30 20:26:38,540 INFO o.a.j.s.SaveService: Using SaveService properties version 4.0
2018-07-30 20:26:38,578 INFO o.a.j.p.h.c.CacheManager: Will only cache the following methods: [GET]
2018-07-30 20:26:38,581 INFO o.a.j.p.h.c.CookieManager: Settings: Delete null: true Check: true Allow variable: true Save: false Prefix: COOKIE_
2018-07-30 20:26:38,625 INFO o.a.j.p.h.s.HTTPSamplerBase: Parser for text/html is org.apache.jmeter.protocol.http.parser.LagartoBasedHtmlParser
2018-07-30 20:26:38,625 INFO o.a.j.p.h.s.HTTPSamplerBase: Parser for application/xhtml+xml is org.apache.jmeter.protocol.http.parser.LagartoBasedHtmlParser
2018-07-30 20:26:38,626 INFO o.a.j.p.h.s.HTTPSamplerBase: Parser for application/xml is org.apache.jmeter.protocol.http.parser.LagartoBasedHtmlParser
2018-07-30 20:26:38,626 INFO o.a.j.p.h.s.HTTPSamplerBase: Parser for text/xml is org.apache.jmeter.protocol.http.parser.LagartoBasedHtmlParser
2018-07-30 20:26:38,626 INFO o.a.j.p.h.s.HTTPSamplerBase: Parser for text/vnd.wap.wml is org.apache.jmeter.protocol.http.parser.RegexpHTMLParser
2018-07-30 20:26:38,626 INFO o.a.j.p.h.s.HTTPSamplerBase: Parser for text/css is org.apache.jmeter.protocol.http.parser.CssParser
2018-07-30 20:26:38,676 INFO o.j.r.PluginManager: Finishing without changes


[2018-07-30 20:26:39,060 DEBUG Engine] New artifact filename: /Users/narsi01/Desktop/JWC_SN/WKS/WKS/2018-07-30_20-26-33.701848/jmeter.out
[2018-07-30 20:26:39,060 DEBUG Engine] New artifact filename: /Users/narsi01/Desktop/JWC_SN/WKS/WKS/2018-07-30_20-26-33.701848/jmeter.err
[2018-07-30 20:26:39,061 DEBUG Engine] Module config: final-stats defaultdict(None, {'class': u'bzt.modules.reporting.FinalStatus'})
[2018-07-30 20:26:39,061 DEBUG root] Importing module: bzt.modules.reporting
[2018-07-30 20:26:39,368 DEBUG easyprocess] version=0.2.3
[2018-07-30 20:26:39,444 DEBUG pyvirtualdisplay] version=0.2.1
[2018-07-30 20:26:39,465 DEBUG root] Loading class: 'FinalStatus' from <module 'bzt.modules.reporting' from '/usr/local/Cellar/bzt/1.12.1/libexec/lib/python2.7/site-packages/bzt/modules/reporting.pyc'>
[2018-07-30 20:26:39,465 DEBUG Engine] Module config: console defaultdict(None, {'class': u'bzt.modules.console.ConsoleStatusReporter'})
[2018-07-30 20:26:39,465 DEBUG root] Importing module: bzt.modules.console
[2018-07-30 20:26:39,466 DEBUG root] Loading class: 'ConsoleStatusReporter' from <module 'bzt.modules.console' from '/usr/local/Cellar/bzt/1.12.1/libexec/lib/python2.7/site-packages/bzt/modules/console.pyc'>
[2018-07-30 20:26:39,466 DEBUG Engine] Module config: passfail defaultdict(None, {'class': u'bzt.modules.passfail.PassFailStatus'})
[2018-07-30 20:26:39,466 DEBUG root] Importing module: bzt.modules.passfail
[2018-07-30 20:26:39,466 DEBUG root] Loading class: 'PassFailStatus' from <module 'bzt.modules.passfail' from '/usr/local/Cellar/bzt/1.12.1/libexec/lib/python2.7/site-packages/bzt/modules/passfail.pyc'>
[2018-07-30 20:26:39,466 DEBUG Engine] Module config: final_stats defaultdict(None, {'class': u'bzt.modules.reporting.FinalStatus'})
[2018-07-30 20:26:39,466 DEBUG root] Importing module: bzt.modules.reporting
[2018-07-30 20:26:39,466 DEBUG root] Loading class: 'FinalStatus' from <module 'bzt.modules.reporting' from '/usr/local/Cellar/bzt/1.12.1/libexec/lib/python2.7/site-packages/bzt/modules/reporting.pyc'>
[2018-07-30 20:26:39,467 DEBUG Engine] Module config: junit-xml defaultdict(None, {'class': u'bzt.modules.reporting.JUnitXMLReporter'})
[2018-07-30 20:26:39,467 DEBUG root] Importing module: bzt.modules.reporting
[2018-07-30 20:26:39,467 DEBUG root] Loading class: 'JUnitXMLReporter' from <module 'bzt.modules.reporting' from '/usr/local/Cellar/bzt/1.12.1/libexec/lib/python2.7/site-packages/bzt/modules/reporting.pyc'>
[2018-07-30 20:26:39,473 DEBUG root] Importing module: bzt.modules.passfail
[2018-07-30 20:26:39,473 DEBUG root] Loading class: 'DataCriterion' from <module 'bzt.modules.passfail' from '/usr/local/Cellar/bzt/1.12.1/libexec/lib/python2.7/site-packages/bzt/modules/passfail.pyc'>
[2018-07-30 20:26:39,475 DEBUG Engine.Configuration] Dumping YAML config into /Users/narsi01/Desktop/JWC_SN/WKS/WKS/2018-07-30_20-26-33.701848/effective.yml
[2018-07-30 20:26:39,505 DEBUG Engine.Configuration] Dumping JSON config into /Users/narsi01/Desktop/JWC_SN/WKS/WKS/2018-07-30_20-26-33.701848/effective.json
[2018-07-30 20:26:39,506 INFO Engine] Starting...
[2018-07-30 20:26:39,506 DEBUG Engine] Startup <bzt.modules.monitoring.Monitoring object at 0x1037d9490>
[2018-07-30 20:26:39,506 DEBUG Engine] Startup <bzt.modules.aggregator.ConsolidatingAggregator object at 0x1020449d0>
[2018-07-30 20:26:39,506 DEBUG Engine] Startup <bzt.modules.reporting.FinalStatus object at 0x102074690>
[2018-07-30 20:26:39,506 DEBUG Engine] Startup <bzt.modules.console.ConsoleStatusReporter object at 0x103995b10>
[2018-07-30 20:26:39,506 INFO Engine.console] Waiting for results...
[2018-07-30 20:26:39,507 DEBUG Engine] Startup <bzt.modules.passfail.PassFailStatus object at 0x1039c6a10>
[2018-07-30 20:26:39,507 DEBUG Engine] Startup <bzt.modules.reporting.FinalStatus object at 0x1039c6810>
[2018-07-30 20:26:39,507 DEBUG Engine] Startup <bzt.modules.reporting.JUnitXMLReporter object at 0x1039fda90>
[2018-07-30 20:26:39,507 DEBUG Engine] Startup <bzt.modules.provisioning.Local object at 0x102018e90>
[2018-07-30 20:26:39,507 DEBUG Engine.local] Delay setup for None/blazedemo: 0(start-at) + 0(delay) = 0
[2018-07-30 20:26:39,509 DEBUG Engine.Configuration] Dumping YAML config into /Users/narsi01/Desktop/JWC_SN/WKS/WKS/2018-07-30_20-26-33.701848/effective.yml
[2018-07-30 20:26:39,539 DEBUG Engine.Configuration] Dumping JSON config into /Users/narsi01/Desktop/JWC_SN/WKS/WKS/2018-07-30_20-26-33.701848/effective.json
[2018-07-30 20:26:39,540 DEBUG root] Leveling down log file verbosity to INFO, use -v option to have DEBUG messages enabled
[2018-07-30 20:26:39,540 DEBUG root] Leveled up log file verbosity
[2018-07-30 20:26:39,541 DEBUG bzt.utils] Executing shell: ['/Users/narsi01/.bzt/jmeter-taurus/4.0/bin/jmeter.sh', '-n', '-t', '/Users/narsi01/Desktop/JWC_SN/WKS/WKS/2018-07-30_20-26-33.701848/modified_requests.jmx', '-j', '/Users/narsi01/Desktop/JWC_SN/WKS/WKS/2018-07-30_20-26-33.701848/jmeter.log', '-q', '/Users/narsi01/Desktop/JWC_SN/WKS/WKS/2018-07-30_20-26-33.701848/jmeter-bzt.properties'] at /Users/narsi01/Desktop/JWC_SN/WKS/WKS
[2018-07-30 20:26:39,549 DEBUG root] Leveling down log file verbosity to INFO, use -v option to have DEBUG messages enabled
[2018-07-30 20:26:39,777 INFO Engine.console] Waiting for finish...
[2018-07-30 20:26:45,564 INFO Engine.jmeter.JTLReader] Changed data analysis delay to 3s
[2018-07-30 20:26:46,564 INFO Engine.jmeter.JTLReader] Changed data analysis delay to 4s
[2018-07-30 20:26:49,239 WARNING Engine] Please wait for graceful shutdown...
[2018-07-30 20:26:49,248 DEBUG root] Leveled up log file verbosity
[2018-07-30 20:26:49,248 INFO Engine] Shutting down...
[2018-07-30 20:26:49,254 DEBUG Engine] Current stop reason: 
[2018-07-30 20:26:49,254 DEBUG Engine.local] Shutdown None/blazedemo
[2018-07-30 20:26:50,255 INFO Engine.jmeter] Sending Shutdown command to JMeter on port 4445...
[2018-07-30 20:26:53,266 DEBUG Engine.jmeter] JMeter stopped on Shutdown command
[2018-07-30 20:26:53,267 DEBUG Engine.console] Restoring logging streams, [<logging.StreamHandler object at 0x102018550>]/{<logging.StreamHandler object at 0x102018550>: <open file '<stdout>', mode 'w' at 0x1007a4150>}
[2018-07-30 20:26:53,271 DEBUG Engine.Configuration] Dumping YAML config into /Users/narsi01/Desktop/JWC_SN/WKS/WKS/2018-07-30_20-26-33.701848/effective.yml
[2018-07-30 20:26:53,304 DEBUG Engine.Configuration] Dumping JSON config into /Users/narsi01/Desktop/JWC_SN/WKS/WKS/2018-07-30_20-26-33.701848/effective.json
[2018-07-30 20:26:53,306 WARNING root] Keyboard interrupt
[2018-07-30 20:26:53,308 DEBUG root] KeyboardInterrupt: 
Traceback (most recent call last):
  File "/usr/local/Cellar/bzt/1.12.1/libexec/lib/python2.7/site-packages/bzt/cli.py", line 254, in perform
    self.engine.run()
  File "/usr/local/Cellar/bzt/1.12.1/libexec/lib/python2.7/site-packages/bzt/engine.py", line 224, in run
    reraise(exc_info)
  File "/usr/local/Cellar/bzt/1.12.1/libexec/lib/python2.7/site-packages/bzt/engine.py", line 206, in run
    self._wait()
  File "/usr/local/Cellar/bzt/1.12.1/libexec/lib/python2.7/site-packages/bzt/engine.py", line 252, in _wait
    time.sleep(delay)
KeyboardInterrupt
[2018-07-30 20:26:53,308 INFO Engine] Post-processing...
[2018-07-30 20:26:53,308 DEBUG Engine.local] Post-process None/blazedemo
[2018-07-30 20:26:53,308 DEBUG Engine] Add existing artifact (move=True): /Users/narsi01/Desktop/JWC_SN/WKS/WKS/2018-07-30_20-26-33.701848/modified_requests.jmx
[2018-07-30 20:26:53,308 DEBUG Engine] No need to copy /Users/narsi01/Desktop/JWC_SN/WKS/WKS/2018-07-30_20-26-33.701848/modified_requests.jmx
[2018-07-30 20:26:53,308 DEBUG Engine.jmeter.JTLErrorsReader.FileReader] Opening file: /Users/narsi01/Desktop/JWC_SN/WKS/WKS/2018-07-30_20-26-33.701848/error.jtl
[2018-07-30 20:26:53,309 DEBUG Engine.jmeter.JTLErrorsReader.FileReader] Reading: /Users/narsi01/Desktop/JWC_SN/WKS/WKS/2018-07-30_20-26-33.701848/error.jtl
[2018-07-30 20:26:53,309 DEBUG Engine.jmeter.JTLErrorsReader.FileReader] Reading: /Users/narsi01/Desktop/JWC_SN/WKS/WKS/2018-07-30_20-26-33.701848/error.jtl
[2018-07-30 20:26:53,309 DEBUG Engine.jmeter.JTLReader.IncrementalCSVReader.FileReader] Reading: /Users/narsi01/Desktop/JWC_SN/WKS/WKS/2018-07-30_20-26-33.701848/kpi.jtl
[2018-07-30 20:26:53,309 DEBUG Engine.jmeter.JTLReader.IncrementalCSVReader] Read: 41 lines / 4740 bytes (at speed 1048576)
[2018-07-30 20:26:53,310 DEBUG Engine.jmeter.JTLReader] Buffer len: 7; Known errors count: 0
[2018-07-30 20:26:53,310 DEBUG Engine.jmeter.JTLReader] Aggregating: 1533000404
[2018-07-30 20:26:53,335 DEBUG Engine.jmeter.JTLReader] Aggregating: 1533000405
[2018-07-30 20:26:53,354 DEBUG Engine.jmeter.JTLReader] Aggregating: 1533000406
[2018-07-30 20:26:53,377 DEBUG Engine.jmeter.JTLReader] Aggregating: 1533000407
[2018-07-30 20:26:53,402 DEBUG Engine.jmeter.JTLReader] Aggregating: 1533000408
[2018-07-30 20:26:53,422 DEBUG Engine.jmeter.JTLReader] Aggregating: 1533000409
[2018-07-30 20:26:53,439 DEBUG Engine.jmeter.JTLReader] Aggregating: 1533000410
[2018-07-30 20:26:53,461 DEBUG Engine.consolidator] Consolidator buffer[9]: [1533000402, 1533000403, 1533000404, 1533000405, 1533000406, 1533000407, 1533000408, 1533000409, 1533000410]
[2018-07-30 20:26:53,461 DEBUG Engine.consolidator] Merging into 1533000402
[2018-07-30 20:26:53,461 DEBUG Engine.consolidator] Merging 1533000402
[2018-07-30 20:26:53,493 DEBUG root] 1533000402 Alert: avg-rt>350ms for 2 sec: True
[2018-07-30 20:26:53,493 DEBUG Engine.consolidator] Processed datapoint: 1533000402/None
[2018-07-30 20:26:53,493 DEBUG Engine.consolidator] Merging into 1533000403
[2018-07-30 20:26:53,493 DEBUG Engine.consolidator] Merging 1533000403
[2018-07-30 20:26:53,531 DEBUG root] 1533000403 Alert: avg-rt>350ms for 3 sec: True
[2018-07-30 20:26:53,531 DEBUG Engine.consolidator] Processed datapoint: 1533000403/None
[2018-07-30 20:26:53,531 DEBUG Engine.consolidator] Merging into 1533000404
[2018-07-30 20:26:53,531 DEBUG Engine.consolidator] Merging 1533000404
[2018-07-30 20:26:53,568 DEBUG root] 1533000404 Alert: avg-rt>350ms for 4 sec: True
[2018-07-30 20:26:53,568 DEBUG Engine.consolidator] Processed datapoint: 1533000404/None
[2018-07-30 20:26:53,568 DEBUG Engine.consolidator] Merging into 1533000405
[2018-07-30 20:26:53,568 DEBUG Engine.consolidator] Merging 1533000405
[2018-07-30 20:26:53,604 WARNING root] Alert: avg-rt>350ms for 5 sec
[2018-07-30 20:26:53,604 DEBUG root] 1533000405 Failed: avg-rt>350ms for 5 sec: True
[2018-07-30 20:26:53,604 DEBUG Engine.consolidator] Processed datapoint: 1533000405/None
[2018-07-30 20:26:53,605 DEBUG Engine.consolidator] Merging into 1533000406
[2018-07-30 20:26:53,605 DEBUG Engine.consolidator] Merging 1533000406
[2018-07-30 20:26:53,650 DEBUG root] 1533000406 Failed: avg-rt>350ms for 6 sec: True
[2018-07-30 20:26:53,650 DEBUG Engine.consolidator] Processed datapoint: 1533000406/None
[2018-07-30 20:26:53,650 DEBUG Engine.consolidator] Merging into 1533000407
[2018-07-30 20:26:53,650 DEBUG Engine.consolidator] Merging 1533000407
[2018-07-30 20:26:53,698 DEBUG root] 1533000407 Failed: avg-rt>350ms for 7 sec: True
[2018-07-30 20:26:53,698 DEBUG Engine.consolidator] Processed datapoint: 1533000407/None
[2018-07-30 20:26:53,698 DEBUG Engine.consolidator] Merging into 1533000408
[2018-07-30 20:26:53,698 DEBUG Engine.consolidator] Merging 1533000408
[2018-07-30 20:26:53,737 DEBUG root] 1533000408 Failed: avg-rt>350ms for 8 sec: True
[2018-07-30 20:26:53,737 DEBUG Engine.consolidator] Processed datapoint: 1533000408/None
[2018-07-30 20:26:53,737 DEBUG Engine.consolidator] Merging into 1533000409
[2018-07-30 20:26:53,737 DEBUG Engine.consolidator] Merging 1533000409
[2018-07-30 20:26:53,773 DEBUG root] 1533000409 Failed: avg-rt>350ms for 9 sec: True
[2018-07-30 20:26:53,773 DEBUG Engine.consolidator] Processed datapoint: 1533000409/None
[2018-07-30 20:26:53,773 DEBUG Engine.consolidator] Merging into 1533000410
[2018-07-30 20:26:53,773 DEBUG Engine.consolidator] Merging 1533000410
[2018-07-30 20:26:53,818 DEBUG root] 1533000410 Failed: avg-rt>350ms for 10 sec: True
[2018-07-30 20:26:53,818 DEBUG Engine.consolidator] Processed datapoint: 1533000410/None
[2018-07-30 20:26:53,818 INFO Engine.final-stats] Test duration: 0:00:14
[2018-07-30 20:26:53,819 INFO Engine.final-stats] Samples count: 86, 0.00% failures
[2018-07-30 20:26:53,819 INFO Engine.final-stats] Average times: total 0.736, latency 0.172, connect 0.041
[2018-07-30 20:26:53,825 INFO Engine.final-stats] Percentiles:
(0lqqqqqqqqqqqqqqqwqqqqqqqqqqqqqqqk(B
(0x(B Percentile, % (0x(B Resp. Time, s (0x(B
(0tqqqqqqqqqqqqqqqnqqqqqqqqqqqqqqqu(B
(0x(B           0.0 (0x(B         0.276 (0x(B
(0x(B          50.0 (0x(B         0.517 (0x(B
(0x(B          90.0 (0x(B         1.244 (0x(B
(0x(B          95.0 (0x(B         2.061 (0x(B
(0x(B          99.0 (0x(B         2.223 (0x(B
(0x(B          99.9 (0x(B         2.227 (0x(B
(0x(B         100.0 (0x(B         2.227 (0x(B
(0mqqqqqqqqqqqqqqqvqqqqqqqqqqqqqqqj(B
[2018-07-30 20:26:53,854 INFO Engine.final-stats] Request label stats:
(0lqqqqqqqqqqqqqqqqqqqqqqqqqqqqqqqqqqqqqqqqqqqqqqqqqwqqqqqqqqwqqqqqqqqqwqqqqqqqqwqqqqqqqk(B
(0x(B label                                           (0x(B status (0x(B    succ (0x(B avg_rt (0x(B error (0x(B
(0tqqqqqqqqqqqqqqqqqqqqqqqqqqqqqqqqqqqqqqqqqqqqqqqqqnqqqqqqqqnqqqqqqqqqnqqqqqqqqnqqqqqqqu(B
(0x(B http://www.blazedemo.com/home/                  (0x(B   OK   (0x(B 100.00% (0x(B  0.569 (0x(B       (0x(B
(0x(B http://www.blazedemo.com/home/help.html         (0x(B   OK   (0x(B 100.00% (0x(B  0.382 (0x(B       (0x(B
(0x(B http://www.blazedemo.com/home/help/contact.html (0x(B   OK   (0x(B 100.00% (0x(B  0.441 (0x(B       (0x(B
(0x(B http://www.blazedemo.com/index_a.html           (0x(B   OK   (0x(B 100.00% (0x(B  1.322 (0x(B       (0x(B
(0mqqqqqqqqqqqqqqqqqqqqqqqqqqqqqqqqqqqqqqqqqqqqqqqqqvqqqqqqqqvqqqqqqqqqvqqqqqqqqvqqqqqqqj(B
[2018-07-30 20:26:53,855 DEBUG Engine.console] No logger_handler or orig_stream was detected
[2018-07-30 20:26:53,855 INFO Engine.final_stats] Test duration: 0:00:14
[2018-07-30 20:26:53,855 INFO Engine.final_stats] Samples count: 86, 0.00% failures
[2018-07-30 20:26:53,855 INFO Engine.final_stats] Average times: total 0.736, latency 0.172, connect 0.041
[2018-07-30 20:26:53,856 INFO Engine.final_stats] Percentiles:
(0lqqqqqqqqqqqqqqqwqqqqqqqqqqqqqqqk(B
(0x(B Percentile, % (0x(B Resp. Time, s (0x(B
(0tqqqqqqqqqqqqqqqnqqqqqqqqqqqqqqqu(B
(0x(B           0.0 (0x(B         0.276 (0x(B
(0x(B          50.0 (0x(B         0.517 (0x(B
(0x(B          90.0 (0x(B         1.244 (0x(B
(0x(B          95.0 (0x(B         2.061 (0x(B
(0x(B          99.0 (0x(B         2.223 (0x(B
(0x(B          99.9 (0x(B         2.227 (0x(B
(0x(B         100.0 (0x(B         2.227 (0x(B
(0mqqqqqqqqqqqqqqqvqqqqqqqqqqqqqqqj(B
[2018-07-30 20:26:53,857 INFO Engine.final_stats] Request label stats:
(0lqqqqqqqqqqqqqqqqqqqqqqqqqqqqqqqqqqqqqqqqqqqqqqqqqwqqqqqqqqwqqqqqqqqqwqqqqqqqqwqqqqqqqk(B
(0x(B label                                           (0x(B status (0x(B    succ (0x(B avg_rt (0x(B error (0x(B
(0tqqqqqqqqqqqqqqqqqqqqqqqqqqqqqqqqqqqqqqqqqqqqqqqqqnqqqqqqqqnqqqqqqqqqnqqqqqqqqnqqqqqqqu(B
(0x(B http://www.blazedemo.com/home/                  (0x(B   OK   (0x(B 100.00% (0x(B  0.569 (0x(B       (0x(B
(0x(B http://www.blazedemo.com/home/help.html         (0x(B   OK   (0x(B 100.00% (0x(B  0.382 (0x(B       (0x(B
(0x(B http://www.blazedemo.com/home/help/contact.html (0x(B   OK   (0x(B 100.00% (0x(B  0.441 (0x(B       (0x(B
(0x(B http://www.blazedemo.com/index_a.html           (0x(B   OK   (0x(B 100.00% (0x(B  1.322 (0x(B       (0x(B
(0mqqqqqqqqqqqqqqqqqqqqqqqqqqqqqqqqqqqqqqqqqqqqqqqqqvqqqqqqqqvqqqqqqqqqvqqqqqqqqvqqqqqqqj(B
[2018-07-30 20:26:53,857 INFO Engine.final_stats] Dumping final status as CSV: aggregate.csv
[2018-07-30 20:26:53,871 DEBUG Engine.junit-xml] Processing passfail objects: [<bzt.modules.passfail.PassFailStatus object at 0x1039c6a10>]
[2018-07-30 20:26:53,871 WARNING Engine.XUnitFileWriter] File pass-fail.xml already exists, it will be overwritten
[2018-07-30 20:26:53,871 INFO Engine.XUnitFileWriter] Writing JUnit XML report into: pass-fail.xml
[2018-07-30 20:26:53,899 DEBUG Engine.Configuration] Dumping YAML config into /Users/narsi01/Desktop/JWC_SN/WKS/WKS/2018-07-30_20-26-33.701848/effective.yml
[2018-07-30 20:26:53,928 DEBUG Engine.Configuration] Dumping JSON config into /Users/narsi01/Desktop/JWC_SN/WKS/WKS/2018-07-30_20-26-33.701848/effective.json
[2018-07-30 20:26:53,929 INFO root] Artifacts dir: /Users/narsi01/Desktop/JWC_SN/WKS/WKS/2018-07-30_20-26-33.701848
[2018-07-30 20:26:53,929 WARNING root] Done performing with code: 1
[2018-07-30 20:26:53,929 DEBUG root] Closing log handler: /Users/narsi01/Desktop/JWC_SN/WKS/WKS/2018-07-30_20-26-33.701848/bzt.log
