2018-07-30 20:26:40,551 INFO o.a.j.u.JMeterUtils: Setting Locale to en_US
2018-07-30 20:26:40,569 INFO o.a.j.JMeter: Loading user properties from: /Users/narsi01/.bzt/jmeter-taurus/4.0/bin/user.properties
2018-07-30 20:26:40,569 INFO o.a.j.JMeter: Loading system properties from: /Users/narsi01/.bzt/jmeter-taurus/4.0/bin/system.properties
2018-07-30 20:26:40,575 INFO o.a.j.JMeter: Copyright (c) 1998-2018 The Apache Software Foundation
2018-07-30 20:26:40,575 INFO o.a.j.JMeter: Version 4.0 r1823414
2018-07-30 20:26:40,575 INFO o.a.j.JMeter: java.version=1.8.0_121
2018-07-30 20:26:40,575 INFO o.a.j.JMeter: java.vm.name=Java HotSpot(TM) 64-Bit Server VM
2018-07-30 20:26:40,575 INFO o.a.j.JMeter: os.name=Mac OS X
2018-07-30 20:26:40,575 INFO o.a.j.JMeter: os.arch=x86_64
2018-07-30 20:26:40,575 INFO o.a.j.JMeter: os.version=10.13.5
2018-07-30 20:26:40,575 INFO o.a.j.JMeter: file.encoding=UTF-8
2018-07-30 20:26:40,575 INFO o.a.j.JMeter: Max memory     =3817865216
2018-07-30 20:26:40,575 INFO o.a.j.JMeter: Available Processors =8
2018-07-30 20:26:40,578 INFO o.a.j.JMeter: Default Locale=English (United States)
2018-07-30 20:26:40,579 INFO o.a.j.JMeter: JMeter  Locale=English (United States)
2018-07-30 20:26:40,579 INFO o.a.j.JMeter: JMeterHome=/Users/narsi01/.bzt/jmeter-taurus/4.0
2018-07-30 20:26:40,579 INFO o.a.j.JMeter: user.dir  =/Users/narsi01/Desktop/JWC_SN/WKS/WKS
2018-07-30 20:26:40,579 INFO o.a.j.JMeter: PWD       =/Users/narsi01/Desktop/JWC_SN/WKS/WKS
2018-07-30 20:26:40,580 INFO o.a.j.JMeter: IP: 172.20.2.128 Name: narsi01mac1752 FullName: 172.20.2.128
2018-07-30 20:26:40,580 INFO o.a.j.JMeter: user.classpath=/Users/narsi01/Desktop/JWC_SN/WKS/WKS/2018-07-30_20-26-33.701848:/Users/narsi01/Desktop/JWC_SN/WKS/WKS/2018-07-30_20-26-33.701848
2018-07-30 20:26:40,581 INFO o.a.j.JMeter: Adding to classpath and loader: /Users/narsi01/Desktop/JWC_SN/WKS/WKS/2018-07-30_20-26-33.701848
2018-07-30 20:26:40,581 INFO o.a.j.JMeter: Adding to classpath and loader: /Users/narsi01/Desktop/JWC_SN/WKS/WKS/2018-07-30_20-26-33.701848
2018-07-30 20:26:40,585 INFO o.a.j.s.FileServer: Default base='/Users/narsi01/Desktop/JWC_SN/WKS/WKS'
2018-07-30 20:26:40,590 INFO o.a.j.s.FileServer: Set new base='/Users/narsi01/Desktop/JWC_SN/WKS/WKS/2018-07-30_20-26-33.701848'
2018-07-30 20:26:40,710 INFO o.a.j.s.SaveService: Testplan (JMX) version: 2.2. Testlog (JTL) version: 2.2
2018-07-30 20:26:40,726 INFO o.a.j.s.SaveService: Using SaveService properties file encoding UTF-8
2018-07-30 20:26:40,730 INFO o.a.j.s.SaveService: Using SaveService properties version 4.0
2018-07-30 20:26:40,735 INFO o.a.j.s.SaveService: Loading file: /Users/narsi01/Desktop/JWC_SN/WKS/WKS/2018-07-30_20-26-33.701848/modified_requests.jmx
2018-07-30 20:26:40,799 INFO o.a.j.p.h.c.CacheManager: Will only cache the following methods: [GET]
2018-07-30 20:26:40,801 INFO o.a.j.p.h.c.CookieManager: Settings: Delete null: true Check: true Allow variable: true Save: false Prefix: COOKIE_
2018-07-30 20:26:40,810 INFO o.a.j.p.h.s.HTTPSamplerBase: Parser for text/html is org.apache.jmeter.protocol.http.parser.LagartoBasedHtmlParser
2018-07-30 20:26:40,810 INFO o.a.j.p.h.s.HTTPSamplerBase: Parser for application/xhtml+xml is org.apache.jmeter.protocol.http.parser.LagartoBasedHtmlParser
2018-07-30 20:26:40,810 INFO o.a.j.p.h.s.HTTPSamplerBase: Parser for application/xml is org.apache.jmeter.protocol.http.parser.LagartoBasedHtmlParser
2018-07-30 20:26:40,810 INFO o.a.j.p.h.s.HTTPSamplerBase: Parser for text/xml is org.apache.jmeter.protocol.http.parser.LagartoBasedHtmlParser
2018-07-30 20:26:40,810 INFO o.a.j.p.h.s.HTTPSamplerBase: Parser for text/vnd.wap.wml is org.apache.jmeter.protocol.http.parser.RegexpHTMLParser
2018-07-30 20:26:40,810 INFO o.a.j.p.h.s.HTTPSamplerBase: Parser for text/css is org.apache.jmeter.protocol.http.parser.CssParser
2018-07-30 20:26:40,846 INFO o.a.j.e.StandardJMeterEngine: Running the test!
2018-07-30 20:26:40,847 INFO o.a.j.s.SampleEvent: List of sample_variables: []
2018-07-30 20:26:40,847 INFO o.a.j.s.SampleEvent: List of sample_variables: []
2018-07-30 20:26:40,850 INFO o.a.j.e.u.CompoundVariable: Note: Function class names must contain the string: '.functions.'
2018-07-30 20:26:40,850 INFO o.a.j.e.u.CompoundVariable: Note: Function class names must not contain the string: '.gui.'
2018-07-30 20:26:41,212 INFO o.a.j.JMeter: Running test (1533000401211)
2018-07-30 20:26:41,269 INFO o.a.j.e.StandardJMeterEngine: Starting ThreadGroup: 1 : blazedemo
2018-07-30 20:26:41,269 INFO o.a.j.e.StandardJMeterEngine: Starting 75 threads for group blazedemo.
2018-07-30 20:26:41,269 INFO o.a.j.e.StandardJMeterEngine: Thread will continue on error
2018-07-30 20:26:41,270 INFO o.a.j.t.ThreadGroup: Starting thread group... number=1 threads=75 ramp-up=60 perThread=800.0 delayedStart=false
2018-07-30 20:26:41,276 INFO o.a.j.t.JMeterThread: Thread started: blazedemo 1-1
2018-07-30 20:26:41,298 INFO o.a.j.p.h.s.HTTPHCAbstractImpl: Local host = narsi01mac1752
2018-07-30 20:26:41,303 INFO o.a.j.p.h.s.HTTPHC4Impl: HTTP request retry count = 0
2018-07-30 20:26:41,311 INFO o.a.j.t.ThreadGroup: Started thread group number 1
2018-07-30 20:26:41,311 INFO o.a.j.e.StandardJMeterEngine: All thread groups have been started
2018-07-30 20:26:41,312 INFO o.a.j.s.SampleResult: Note: Sample TimeStamps are START times
2018-07-30 20:26:41,312 INFO o.a.j.s.SampleResult: sampleresult.default.encoding is set to UTF-8
2018-07-30 20:26:41,312 INFO o.a.j.s.SampleResult: sampleresult.useNanoTime=true
2018-07-30 20:26:41,312 INFO o.a.j.s.SampleResult: sampleresult.nanoThreadSleep=5000
2018-07-30 20:26:41,723 INFO o.a.j.p.h.p.BaseParser: Created org.apache.jmeter.protocol.http.parser.LagartoBasedHtmlParser
2018-07-30 20:26:41,759 INFO o.a.j.p.h.s.ResourcesDownloader: Creating ResourcesDownloader with keepalive_inseconds : 60
2018-07-30 20:26:42,078 INFO o.a.j.t.JMeterThread: Thread started: blazedemo 1-2
2018-07-30 20:26:42,124 INFO o.a.j.p.h.p.BaseParser: Created org.apache.jmeter.protocol.http.parser.CssParser
2018-07-30 20:26:42,878 INFO o.a.j.t.JMeterThread: Thread started: blazedemo 1-3
2018-07-30 20:26:43,682 INFO o.a.j.t.JMeterThread: Thread started: blazedemo 1-4
2018-07-30 20:26:44,479 INFO o.a.j.t.JMeterThread: Thread started: blazedemo 1-5
2018-07-30 20:26:45,281 INFO o.a.j.t.JMeterThread: Thread started: blazedemo 1-6
2018-07-30 20:26:46,084 INFO o.a.j.t.JMeterThread: Thread started: blazedemo 1-7
2018-07-30 20:26:46,886 INFO o.a.j.t.JMeterThread: Thread started: blazedemo 1-8
2018-07-30 20:26:47,682 INFO o.a.j.t.JMeterThread: Thread started: blazedemo 1-9
2018-07-30 20:26:48,483 INFO o.a.j.t.JMeterThread: Thread started: blazedemo 1-10
2018-07-30 20:26:49,286 INFO o.a.j.t.JMeterThread: Thread started: blazedemo 1-11
2018-07-30 20:26:50,084 INFO o.a.j.t.JMeterThread: Thread started: blazedemo 1-12
2018-07-30 20:26:50,263 INFO o.a.j.JMeter: Command: Shutdown received from /127.0.0.1
2018-07-30 20:26:50,264 INFO o.a.j.t.JMeterThread: Stopping: blazedemo 1-26
2018-07-30 20:26:50,265 INFO o.a.j.t.JMeterThread: Stopping: blazedemo 1-34
2018-07-30 20:26:50,265 INFO o.a.j.t.JMeterThread: Stopping: blazedemo 1-45
2018-07-30 20:26:50,265 INFO o.a.j.t.JMeterThread: Stopping: blazedemo 1-73
2018-07-30 20:26:50,265 INFO o.a.j.t.JMeterThread: Stopping: blazedemo 1-15
2018-07-30 20:26:50,265 INFO o.a.j.t.JMeterThread: Stopping: blazedemo 1-68
2018-07-30 20:26:50,265 INFO o.a.j.t.JMeterThread: Stopping: blazedemo 1-36
2018-07-30 20:26:50,265 INFO o.a.j.t.JMeterThread: Stopping: blazedemo 1-6
2018-07-30 20:26:50,265 INFO o.a.j.t.JMeterThread: Stopping: blazedemo 1-27
2018-07-30 20:26:50,265 INFO o.a.j.t.JMeterThread: Stopping: blazedemo 1-20
2018-07-30 20:26:50,265 INFO o.a.j.t.JMeterThread: Stopping: blazedemo 1-70
2018-07-30 20:26:50,265 INFO o.a.j.t.JMeterThread: Stopping: blazedemo 1-58
2018-07-30 20:26:50,265 INFO o.a.j.t.JMeterThread: Stopping: blazedemo 1-23
2018-07-30 20:26:50,265 INFO o.a.j.t.JMeterThread: Stopping: blazedemo 1-11
2018-07-30 20:26:50,265 INFO o.a.j.t.JMeterThread: Stopping: blazedemo 1-7
2018-07-30 20:26:50,265 INFO o.a.j.t.JMeterThread: Stopping: blazedemo 1-59
2018-07-30 20:26:50,265 INFO o.a.j.t.JMeterThread: Stopping: blazedemo 1-28
2018-07-30 20:26:50,266 INFO o.a.j.t.JMeterThread: Stopping: blazedemo 1-44
2018-07-30 20:26:50,266 INFO o.a.j.t.JMeterThread: Stopping: blazedemo 1-12
2018-07-30 20:26:50,266 INFO o.a.j.t.JMeterThread: Stopping: blazedemo 1-53
2018-07-30 20:26:50,266 INFO o.a.j.t.JMeterThread: Stopping: blazedemo 1-61
2018-07-30 20:26:50,266 INFO o.a.j.t.JMeterThread: Stopping: blazedemo 1-21
2018-07-30 20:26:50,266 INFO o.a.j.t.JMeterThread: Stopping: blazedemo 1-56
2018-07-30 20:26:50,266 INFO o.a.j.t.JMeterThread: Stopping: blazedemo 1-42
2018-07-30 20:26:50,266 INFO o.a.j.t.JMeterThread: Stopping: blazedemo 1-48
2018-07-30 20:26:50,266 INFO o.a.j.t.JMeterThread: Stopping: blazedemo 1-4
2018-07-30 20:26:50,266 INFO o.a.j.t.JMeterThread: Stopping: blazedemo 1-16
2018-07-30 20:26:50,266 INFO o.a.j.t.JMeterThread: Stopping: blazedemo 1-13
2018-07-30 20:26:50,266 INFO o.a.j.t.JMeterThread: Stopping: blazedemo 1-35
2018-07-30 20:26:50,266 INFO o.a.j.t.JMeterThread: Stopping: blazedemo 1-43
2018-07-30 20:26:50,266 INFO o.a.j.t.JMeterThread: Stopping: blazedemo 1-19
2018-07-30 20:26:50,266 INFO o.a.j.t.JMeterThread: Stopping: blazedemo 1-3
2018-07-30 20:26:50,266 INFO o.a.j.t.JMeterThread: Stopping: blazedemo 1-17
2018-07-30 20:26:50,266 INFO o.a.j.t.JMeterThread: Stopping: blazedemo 1-66
2018-07-30 20:26:50,267 INFO o.a.j.t.JMeterThread: Stopping: blazedemo 1-37
2018-07-30 20:26:50,267 INFO o.a.j.t.JMeterThread: Stopping: blazedemo 1-60
2018-07-30 20:26:50,267 INFO o.a.j.t.JMeterThread: Stopping: blazedemo 1-2
2018-07-30 20:26:50,267 INFO o.a.j.t.JMeterThread: Stopping: blazedemo 1-55
2018-07-30 20:26:50,267 INFO o.a.j.t.JMeterThread: Stopping: blazedemo 1-49
2018-07-30 20:26:50,267 INFO o.a.j.t.JMeterThread: Stopping: blazedemo 1-25
2018-07-30 20:26:50,267 INFO o.a.j.t.JMeterThread: Stopping: blazedemo 1-62
2018-07-30 20:26:50,267 INFO o.a.j.t.JMeterThread: Stopping: blazedemo 1-31
2018-07-30 20:26:50,267 INFO o.a.j.t.JMeterThread: Stopping: blazedemo 1-54
2018-07-30 20:26:50,267 INFO o.a.j.t.JMeterThread: Stopping: blazedemo 1-64
2018-07-30 20:26:50,267 INFO o.a.j.t.JMeterThread: Stopping: blazedemo 1-65
2018-07-30 20:26:50,267 INFO o.a.j.t.JMeterThread: Stopping: blazedemo 1-75
2018-07-30 20:26:50,267 INFO o.a.j.t.JMeterThread: Stopping: blazedemo 1-51
2018-07-30 20:26:50,267 INFO o.a.j.t.JMeterThread: Stopping: blazedemo 1-39
2018-07-30 20:26:50,267 INFO o.a.j.t.JMeterThread: Stopping: blazedemo 1-1
2018-07-30 20:26:50,267 INFO o.a.j.t.JMeterThread: Stopping: blazedemo 1-67
2018-07-30 20:26:50,267 INFO o.a.j.t.JMeterThread: Stopping: blazedemo 1-5
2018-07-30 20:26:50,267 INFO o.a.j.t.JMeterThread: Stopping: blazedemo 1-32
2018-07-30 20:26:50,267 INFO o.a.j.t.JMeterThread: Stopping: blazedemo 1-71
2018-07-30 20:26:50,268 INFO o.a.j.t.JMeterThread: Stopping: blazedemo 1-38
2018-07-30 20:26:50,268 INFO o.a.j.t.JMeterThread: Stopping: blazedemo 1-41
2018-07-30 20:26:50,268 INFO o.a.j.t.JMeterThread: Stopping: blazedemo 1-33
2018-07-30 20:26:50,268 INFO o.a.j.t.JMeterThread: Stopping: blazedemo 1-46
2018-07-30 20:26:50,268 INFO o.a.j.t.JMeterThread: Stopping: blazedemo 1-14
2018-07-30 20:26:50,268 INFO o.a.j.t.JMeterThread: Stopping: blazedemo 1-57
2018-07-30 20:26:50,268 INFO o.a.j.t.JMeterThread: Stopping: blazedemo 1-29
2018-07-30 20:26:50,268 INFO o.a.j.t.JMeterThread: Stopping: blazedemo 1-52
2018-07-30 20:26:50,268 INFO o.a.j.t.JMeterThread: Stopping: blazedemo 1-72
2018-07-30 20:26:50,268 INFO o.a.j.t.JMeterThread: Stopping: blazedemo 1-18
2018-07-30 20:26:50,268 INFO o.a.j.t.JMeterThread: Stopping: blazedemo 1-74
2018-07-30 20:26:50,268 INFO o.a.j.t.JMeterThread: Stopping: blazedemo 1-47
2018-07-30 20:26:50,268 INFO o.a.j.t.JMeterThread: Stopping: blazedemo 1-50
2018-07-30 20:26:50,268 INFO o.a.j.t.JMeterThread: Stopping: blazedemo 1-30
2018-07-30 20:26:50,268 INFO o.a.j.t.JMeterThread: Stopping: blazedemo 1-69
2018-07-30 20:26:50,268 INFO o.a.j.t.JMeterThread: Stopping: blazedemo 1-8
2018-07-30 20:26:50,269 INFO o.a.j.t.JMeterThread: Stopping: blazedemo 1-9
2018-07-30 20:26:50,269 INFO o.a.j.t.JMeterThread: Stopping: blazedemo 1-63
2018-07-30 20:26:50,269 INFO o.a.j.t.JMeterThread: Stopping: blazedemo 1-10
2018-07-30 20:26:50,269 INFO o.a.j.t.JMeterThread: Stopping: blazedemo 1-24
2018-07-30 20:26:50,269 INFO o.a.j.t.JMeterThread: Stopping: blazedemo 1-40
2018-07-30 20:26:50,269 INFO o.a.j.t.JMeterThread: Stopping: blazedemo 1-22
2018-07-30 20:26:50,310 INFO o.a.j.t.JMeterThread: Thread started: blazedemo 1-19
2018-07-30 20:26:50,310 INFO o.a.j.t.JMeterThread: Thread started: blazedemo 1-27
2018-07-30 20:26:50,310 INFO o.a.j.t.JMeterThread: Thread started: blazedemo 1-16
2018-07-30 20:26:50,310 INFO o.a.j.t.JMeterThread: Thread started: blazedemo 1-17
2018-07-30 20:26:50,310 INFO o.a.j.t.JMeterThread: Thread finished: blazedemo 1-16
2018-07-30 20:26:50,310 INFO o.a.j.t.JMeterThread: Thread started: blazedemo 1-18
2018-07-30 20:26:50,311 INFO o.a.j.t.JMeterThread: Thread finished: blazedemo 1-17
2018-07-30 20:26:50,310 INFO o.a.j.t.JMeterThread: Thread started: blazedemo 1-23
2018-07-30 20:26:50,311 INFO o.a.j.t.JMeterThread: Thread finished: blazedemo 1-18
2018-07-30 20:26:50,311 INFO o.a.j.t.JMeterThread: Thread finished: blazedemo 1-23
2018-07-30 20:26:50,310 INFO o.a.j.t.JMeterThread: Thread started: blazedemo 1-15
2018-07-30 20:26:50,311 INFO o.a.j.t.JMeterThread: Thread started: blazedemo 1-30
2018-07-30 20:26:50,311 INFO o.a.j.t.JMeterThread: Thread started: blazedemo 1-13
2018-07-30 20:26:50,310 INFO o.a.j.t.JMeterThread: Thread started: blazedemo 1-25
2018-07-30 20:26:50,311 INFO o.a.j.t.JMeterThread: Thread started: blazedemo 1-14
2018-07-30 20:26:50,311 INFO o.a.j.t.JMeterThread: Thread started: blazedemo 1-26
2018-07-30 20:26:50,311 INFO o.a.j.t.JMeterThread: Thread finished: blazedemo 1-13
2018-07-30 20:26:50,310 INFO o.a.j.t.JMeterThread: Thread started: blazedemo 1-29
2018-07-30 20:26:50,310 INFO o.a.j.t.JMeterThread: Thread started: blazedemo 1-24
2018-07-30 20:26:50,311 INFO o.a.j.t.JMeterThread: Thread finished: blazedemo 1-14
2018-07-30 20:26:50,311 INFO o.a.j.t.JMeterThread: Thread finished: blazedemo 1-26
2018-07-30 20:26:50,311 INFO o.a.j.t.JMeterThread: Thread finished: blazedemo 1-15
2018-07-30 20:26:50,311 INFO o.a.j.t.JMeterThread: Thread finished: blazedemo 1-27
2018-07-30 20:26:50,311 INFO o.a.j.t.JMeterThread: Thread finished: blazedemo 1-24
2018-07-30 20:26:50,312 INFO o.a.j.t.JMeterThread: Thread finished: blazedemo 1-29
2018-07-30 20:26:50,310 INFO o.a.j.t.JMeterThread: Thread started: blazedemo 1-20
2018-07-30 20:26:50,312 INFO o.a.j.t.JMeterThread: Thread finished: blazedemo 1-30
2018-07-30 20:26:50,310 INFO o.a.j.t.JMeterThread: Thread started: blazedemo 1-22
2018-07-30 20:26:50,312 INFO o.a.j.t.JMeterThread: Thread finished: blazedemo 1-20
2018-07-30 20:26:50,310 INFO o.a.j.t.JMeterThread: Thread started: blazedemo 1-28
2018-07-30 20:26:50,312 INFO o.a.j.t.JMeterThread: Thread finished: blazedemo 1-22
2018-07-30 20:26:50,310 INFO o.a.j.t.JMeterThread: Thread finished: blazedemo 1-19
2018-07-30 20:26:50,312 INFO o.a.j.t.JMeterThread: Thread finished: blazedemo 1-28
2018-07-30 20:26:50,310 INFO o.a.j.t.JMeterThread: Thread started: blazedemo 1-21
2018-07-30 20:26:50,312 INFO o.a.j.t.JMeterThread: Thread finished: blazedemo 1-25
2018-07-30 20:26:50,312 INFO o.a.j.t.JMeterThread: Thread finished: blazedemo 1-21
2018-07-30 20:26:50,318 INFO o.a.j.t.JMeterThread: Thread started: blazedemo 1-37
2018-07-30 20:26:50,318 INFO o.a.j.t.JMeterThread: Thread started: blazedemo 1-48
2018-07-30 20:26:50,318 INFO o.a.j.t.JMeterThread: Thread started: blazedemo 1-36
2018-07-30 20:26:50,319 INFO o.a.j.t.JMeterThread: Thread finished: blazedemo 1-37
2018-07-30 20:26:50,319 INFO o.a.j.t.JMeterThread: Thread started: blazedemo 1-57
2018-07-30 20:26:50,319 INFO o.a.j.t.JMeterThread: Thread started: blazedemo 1-64
2018-07-30 20:26:50,319 INFO o.a.j.t.JMeterThread: Thread started: blazedemo 1-59
2018-07-30 20:26:50,319 INFO o.a.j.t.JMeterThread: Thread started: blazedemo 1-38
2018-07-30 20:26:50,319 INFO o.a.j.t.JMeterThread: Thread finished: blazedemo 1-59
2018-07-30 20:26:50,319 INFO o.a.j.t.JMeterThread: Thread finished: blazedemo 1-38
2018-07-30 20:26:50,319 INFO o.a.j.t.JMeterThread: Thread started: blazedemo 1-67
2018-07-30 20:26:50,319 INFO o.a.j.t.JMeterThread: Thread started: blazedemo 1-46
2018-07-30 20:26:50,319 INFO o.a.j.t.JMeterThread: Thread finished: blazedemo 1-67
2018-07-30 20:26:50,319 INFO o.a.j.t.JMeterThread: Thread started: blazedemo 1-52
2018-07-30 20:26:50,318 INFO o.a.j.t.JMeterThread: Thread started: blazedemo 1-44
2018-07-30 20:26:50,318 INFO o.a.j.t.JMeterThread: Thread started: blazedemo 1-62
2018-07-30 20:26:50,319 INFO o.a.j.t.JMeterThread: Thread finished: blazedemo 1-46
2018-07-30 20:26:50,328 INFO o.a.j.t.JMeterThread: Thread started: blazedemo 1-34
2018-07-30 20:26:50,318 INFO o.a.j.t.JMeterThread: Thread started: blazedemo 1-60
2018-07-30 20:26:50,318 INFO o.a.j.t.JMeterThread: Thread started: blazedemo 1-49
2018-07-30 20:26:50,335 INFO o.a.j.t.JMeterThread: Thread finished: blazedemo 1-48
2018-07-30 20:26:50,335 INFO o.a.j.t.JMeterThread: Thread started: blazedemo 1-40
2018-07-30 20:26:50,335 INFO o.a.j.t.JMeterThread: Thread finished: blazedemo 1-60
2018-07-30 20:26:50,335 INFO o.a.j.t.JMeterThread: Thread finished: blazedemo 1-36
2018-07-30 20:26:50,335 INFO o.a.j.t.JMeterThread: Thread started: blazedemo 1-56
2018-07-30 20:26:50,335 INFO o.a.j.t.JMeterThread: Thread started: blazedemo 1-66
2018-07-30 20:26:50,328 INFO o.a.j.t.JMeterThread: Thread started: blazedemo 1-69
2018-07-30 20:26:50,331 INFO o.a.j.t.JMeterThread: Thread started: blazedemo 1-61
2018-07-30 20:26:50,336 INFO o.a.j.t.JMeterThread: Thread finished: blazedemo 1-66
2018-07-30 20:26:50,319 INFO o.a.j.t.JMeterThread: Thread started: blazedemo 1-47
2018-07-30 20:26:50,336 INFO o.a.j.t.JMeterThread: Thread finished: blazedemo 1-69
2018-07-30 20:26:50,336 INFO o.a.j.t.JMeterThread: Thread finished: blazedemo 1-61
2018-07-30 20:26:50,328 INFO o.a.j.t.JMeterThread: Thread started: blazedemo 1-73
2018-07-30 20:26:50,333 INFO o.a.j.t.JMeterThread: Thread started: blazedemo 1-65
2018-07-30 20:26:50,328 INFO o.a.j.t.JMeterThread: Thread started: blazedemo 1-74
2018-07-30 20:26:50,333 INFO o.a.j.t.JMeterThread: Thread started: blazedemo 1-51
2018-07-30 20:26:50,336 INFO o.a.j.t.JMeterThread: Thread finished: blazedemo 1-65
2018-07-30 20:26:50,336 INFO o.a.j.t.JMeterThread: Thread finished: blazedemo 1-73
2018-07-30 20:26:50,328 INFO o.a.j.t.JMeterThread: Thread started: blazedemo 1-31
2018-07-30 20:26:50,335 INFO o.a.j.t.JMeterThread: Thread started: blazedemo 1-71
2018-07-30 20:26:50,336 INFO o.a.j.t.JMeterThread: Thread finished: blazedemo 1-51
2018-07-30 20:26:50,331 INFO o.a.j.t.JMeterThread: Thread started: blazedemo 1-32
2018-07-30 20:26:50,336 INFO o.a.j.t.JMeterThread: Thread finished: blazedemo 1-31
2018-07-30 20:26:50,335 INFO o.a.j.t.JMeterThread: Thread finished: blazedemo 1-34
2018-07-30 20:26:50,336 INFO o.a.j.t.JMeterThread: Thread finished: blazedemo 1-71
2018-07-30 20:26:50,336 INFO o.a.j.t.JMeterThread: Thread finished: blazedemo 1-32
2018-07-30 20:26:50,328 INFO o.a.j.t.JMeterThread: Thread started: blazedemo 1-45
2018-07-30 20:26:50,319 INFO o.a.j.t.JMeterThread: Thread started: blazedemo 1-53
2018-07-30 20:26:50,328 INFO o.a.j.t.JMeterThread: Thread started: blazedemo 1-35
2018-07-30 20:26:50,328 INFO o.a.j.t.JMeterThread: Thread started: blazedemo 1-42
2018-07-30 20:26:50,328 INFO o.a.j.t.JMeterThread: Thread started: blazedemo 1-55
2018-07-30 20:26:50,336 INFO o.a.j.t.JMeterThread: Thread finished: blazedemo 1-42
2018-07-30 20:26:50,319 INFO o.a.j.t.JMeterThread: Thread started: blazedemo 1-70
2018-07-30 20:26:50,328 INFO o.a.j.t.JMeterThread: Thread finished: blazedemo 1-52
2018-07-30 20:26:50,337 INFO o.a.j.t.JMeterThread: Thread finished: blazedemo 1-70
2018-07-30 20:26:50,337 INFO o.a.j.t.JMeterThread: Thread finished: blazedemo 1-62
2018-07-30 20:26:50,337 INFO o.a.j.t.JMeterThread: Thread finished: blazedemo 1-44
2018-07-30 20:26:50,319 INFO o.a.j.t.JMeterThread: Thread started: blazedemo 1-68
2018-07-30 20:26:50,319 INFO o.a.j.t.JMeterThread: Thread started: blazedemo 1-58
2018-07-30 20:26:50,319 INFO o.a.j.t.JMeterThread: Thread finished: blazedemo 1-57
2018-07-30 20:26:50,337 INFO o.a.j.t.JMeterThread: Thread finished: blazedemo 1-58
2018-07-30 20:26:50,319 INFO o.a.j.t.JMeterThread: Thread started: blazedemo 1-54
2018-07-30 20:26:50,319 INFO o.a.j.t.JMeterThread: Thread started: blazedemo 1-63
2018-07-30 20:26:50,318 INFO o.a.j.t.JMeterThread: Thread started: blazedemo 1-41
2018-07-30 20:26:50,337 INFO o.a.j.t.JMeterThread: Thread finished: blazedemo 1-54
2018-07-30 20:26:50,337 INFO o.a.j.t.JMeterThread: Thread finished: blazedemo 1-68
2018-07-30 20:26:50,337 INFO o.a.j.t.JMeterThread: Thread finished: blazedemo 1-64
2018-07-30 20:26:50,337 INFO o.a.j.t.JMeterThread: Thread finished: blazedemo 1-55
2018-07-30 20:26:50,336 INFO o.a.j.t.JMeterThread: Thread finished: blazedemo 1-35
2018-07-30 20:26:50,336 INFO o.a.j.t.JMeterThread: Thread finished: blazedemo 1-53
2018-07-30 20:26:50,336 INFO o.a.j.t.JMeterThread: Thread finished: blazedemo 1-74
2018-07-30 20:26:50,337 INFO o.a.j.t.JMeterThread: Thread finished: blazedemo 1-45
2018-07-30 20:26:50,335 INFO o.a.j.t.JMeterThread: Thread started: blazedemo 1-72
2018-07-30 20:26:50,335 INFO o.a.j.t.JMeterThread: Thread started: blazedemo 1-43
2018-07-30 20:26:50,335 INFO o.a.j.t.JMeterThread: Thread finished: blazedemo 1-40
2018-07-30 20:26:50,338 INFO o.a.j.t.JMeterThread: Thread finished: blazedemo 1-47
2018-07-30 20:26:50,335 INFO o.a.j.t.JMeterThread: Thread started: blazedemo 1-39
2018-07-30 20:26:50,328 INFO o.a.j.t.JMeterThread: Thread started: blazedemo 1-75
2018-07-30 20:26:50,335 INFO o.a.j.t.JMeterThread: Thread started: blazedemo 1-33
2018-07-30 20:26:50,338 INFO o.a.j.t.JMeterThread: Thread finished: blazedemo 1-56
2018-07-30 20:26:50,338 INFO o.a.j.t.JMeterThread: Thread finished: blazedemo 1-75
2018-07-30 20:26:50,335 INFO o.a.j.t.JMeterThread: Thread started: blazedemo 1-50
2018-07-30 20:26:50,338 INFO o.a.j.t.JMeterThread: Thread finished: blazedemo 1-49
2018-07-30 20:26:50,338 INFO o.a.j.t.JMeterThread: Thread finished: blazedemo 1-72
2018-07-30 20:26:50,338 INFO o.a.j.t.JMeterThread: Thread finished: blazedemo 1-43
2018-07-30 20:26:50,338 INFO o.a.j.t.JMeterThread: Thread finished: blazedemo 1-50
2018-07-30 20:26:50,337 INFO o.a.j.t.JMeterThread: Thread finished: blazedemo 1-63
2018-07-30 20:26:50,338 INFO o.a.j.t.JMeterThread: Thread finished: blazedemo 1-41
2018-07-30 20:26:50,338 INFO o.a.j.t.JMeterThread: Thread finished: blazedemo 1-33
2018-07-30 20:26:50,338 INFO o.a.j.t.JMeterThread: Thread finished: blazedemo 1-39
2018-07-30 20:26:50,386 INFO o.a.j.t.JMeterThread: Thread finished: blazedemo 1-8
2018-07-30 20:26:50,397 INFO o.a.j.t.JMeterThread: Thread finished: blazedemo 1-3
2018-07-30 20:26:50,397 INFO o.a.j.t.JMeterThread: Thread finished: blazedemo 1-6
2018-07-30 20:26:50,398 INFO o.a.j.t.JMeterThread: Thread finished: blazedemo 1-7
2018-07-30 20:26:50,558 INFO o.a.j.t.JMeterThread: Thread finished: blazedemo 1-2
2018-07-30 20:26:50,564 INFO o.a.j.t.JMeterThread: Thread finished: blazedemo 1-10
2018-07-30 20:26:50,564 INFO o.a.j.t.JMeterThread: Thread finished: blazedemo 1-5
2018-07-30 20:26:50,759 INFO o.a.j.t.JMeterThread: Thread finished: blazedemo 1-4
2018-07-30 20:26:51,353 INFO o.a.j.t.JMeterThread: Thread finished: blazedemo 1-11
2018-07-30 20:26:52,048 INFO o.a.j.t.JMeterThread: Thread finished: blazedemo 1-9
2018-07-30 20:26:52,048 INFO o.a.j.t.JMeterThread: Thread finished: blazedemo 1-1
2018-07-30 20:26:52,307 INFO o.a.j.t.JMeterThread: Thread finished: blazedemo 1-12
2018-07-30 20:26:52,308 INFO o.a.j.e.StandardJMeterEngine: Notifying test listeners of end of test
2018-07-30 20:26:52,309 INFO o.a.j.e.StandardJMeterEngine: Forced JVM shutdown requested at end of test
