[2017-10-10 09:36:28,472 INFO root] Taurus CLI Tool v1.8.4.1401
[2017-10-10 09:36:28,473 DEBUG root] Command-line options: {'verbose': None, 'no_system_configs': None, 'quiet': None, 'log': '/var/folders/t5/kg41spf56pz146ff1j739w358p9wh7/T/bzt_8Sh3Tf.log', 'option': None, 'aliases': ['report']}
[2017-10-10 09:36:28,473 DEBUG root] Python: CPython 2.7.13
[2017-10-10 09:36:28,473 DEBUG root] OS: ('Darwin', 'narsi01mac1752', '16.7.0', 'Darwin Kernel Version 16.7.0: Thu Jun 15 17:36:27 PDT 2017; root:xnu-3789.70.16~2/RELEASE_X86_64', 'x86_64', 'i386')
[2017-10-10 09:36:28,473 INFO root] Starting with configs: ['test.yml']
[2017-10-10 09:36:28,473 DEBUG root] Adding personal config: /Users/narsi01/.bzt-rc
[2017-10-10 09:36:28,473 INFO Engine] Configuring...
[2017-10-10 09:36:28,473 DEBUG Engine] Reading extension configs from: /usr/local/etc/bzt.d
[2017-10-10 09:36:28,474 DEBUG Engine.Configuration] Configs: ['/Library/Frameworks/Python.framework/Versions/2.7/lib/python2.7/site-packages/bzt/resources/base-config.yml', '/usr/local/etc/bzt.d/99-installID.yml']
[2017-10-10 09:36:28,474 DEBUG Engine.Configuration] Reading /Library/Frameworks/Python.framework/Versions/2.7/lib/python2.7/site-packages/bzt/resources/base-config.yml
[2017-10-10 09:36:28,474 DEBUG Engine.Configuration] Reading /Library/Frameworks/Python.framework/Versions/2.7/lib/python2.7/site-packages/bzt/resources/base-config.yml as YAML
[2017-10-10 09:36:28,499 DEBUG Engine.Configuration] Reading /usr/local/etc/bzt.d/99-installID.yml
[2017-10-10 09:36:28,499 DEBUG Engine.Configuration] Reading /usr/local/etc/bzt.d/99-installID.yml as YAML
[2017-10-10 09:36:28,499 DEBUG Engine.Configuration] Configs: ['/Users/narsi01/.bzt-rc', 'test.yml']
[2017-10-10 09:36:28,499 DEBUG Engine.Configuration] Reading /Users/narsi01/.bzt-rc
[2017-10-10 09:36:28,499 DEBUG Engine.Configuration] Reading /Users/narsi01/.bzt-rc as YAML
[2017-10-10 09:36:28,500 DEBUG Engine.Configuration] Reading test.yml
[2017-10-10 09:36:28,500 DEBUG Engine.Configuration] Reading test.yml as YAML
[2017-10-10 09:36:28,504 DEBUG root] Configs: ['/Users/narsi01/.bzt-rc', 'test.yml']
[2017-10-10 09:36:28,504 DEBUG root] Reading /Users/narsi01/.bzt-rc
[2017-10-10 09:36:28,504 DEBUG root] Reading /Users/narsi01/.bzt-rc as YAML
[2017-10-10 09:36:28,505 DEBUG root] Reading test.yml
[2017-10-10 09:36:28,505 DEBUG root] Reading test.yml as YAML
[2017-10-10 09:36:28,509 INFO Engine] Artifacts dir: /Users/narsi01/Desktop/CTL_CI/CTL/2017-10-10_09-36-28.509141
[2017-10-10 09:36:28,509 DEBUG Engine] New artifact filename: /Users/narsi01/Desktop/CTL_CI/CTL/2017-10-10_09-36-28.509141/effective
[2017-10-10 09:36:28,511 DEBUG Engine.Configuration] Dumping YAML config into /Users/narsi01/Desktop/CTL_CI/CTL/2017-10-10_09-36-28.509141/effective.yml
[2017-10-10 09:36:28,529 DEBUG Engine] Requesting updates info: http://gettaurus.org/updates/?version=1.8.4.1401&installID=acde48001122
[2017-10-10 09:36:28,547 DEBUG Engine.Configuration] Dumping JSON config into /Users/narsi01/Desktop/CTL_CI/CTL/2017-10-10_09-36-28.509141/effective.json
[2017-10-10 09:36:28,551 DEBUG Engine] New artifact filename: /Users/narsi01/Desktop/CTL_CI/CTL/2017-10-10_09-36-28.509141/merged.yml
[2017-10-10 09:36:28,551 DEBUG root] Dumping YAML config into /Users/narsi01/Desktop/CTL_CI/CTL/2017-10-10_09-36-28.509141/merged.yml
[2017-10-10 09:36:28,556 DEBUG Engine] New artifact filename: /Users/narsi01/Desktop/CTL_CI/CTL/2017-10-10_09-36-28.509141/merged.json
[2017-10-10 09:36:28,556 DEBUG root] Dumping JSON config into /Users/narsi01/Desktop/CTL_CI/CTL/2017-10-10_09-36-28.509141/merged.json
[2017-10-10 09:36:28,558 DEBUG Engine] Add existing artifact (move=False): test.yml
[2017-10-10 09:36:28,559 DEBUG Engine] Copying test.yml to /Users/narsi01/Desktop/CTL_CI/CTL/2017-10-10_09-36-28.509141/test.yml
[2017-10-10 09:36:28,561 DEBUG root] Closing log handler: /var/folders/t5/kg41spf56pz146ff1j739w358p9wh7/T/bzt_8Sh3Tf.log
[2017-10-10 09:36:28,567 DEBUG root] Switched writing logs to /Users/narsi01/Desktop/CTL_CI/CTL/2017-10-10_09-36-28.509141/bzt.log
[2017-10-10 09:36:28,567 INFO Engine] Preparing...
[2017-10-10 09:36:28,568 DEBUG Engine] Module config: consolidator defaultdict(None, {'class': 'bzt.modules.aggregator.ConsolidatingAggregator'})
[2017-10-10 09:36:28,568 DEBUG root] Importing module: bzt.modules.aggregator
[2017-10-10 09:36:28,600 DEBUG root] Loading class: 'ConsolidatingAggregator' from <module 'bzt.modules.aggregator' from '/Library/Frameworks/Python.framework/Versions/2.7/lib/python2.7/site-packages/bzt/modules/aggregator.pyc'>
[2017-10-10 09:36:28,600 DEBUG Engine.consolidator] Exception in dehumanize_time(inf)
[2017-10-10 09:36:28,600 DEBUG Engine.consolidator] Buffer scaling setup: percentile 95.0 from [0.0, 50.0, 90.0, 95.0, 99.0, 99.9, 100.0] selected
[2017-10-10 09:36:28,600 DEBUG Engine] Module config: monitoring defaultdict(None, {'class': 'bzt.modules.monitoring.Monitoring'})
[2017-10-10 09:36:28,600 DEBUG root] Importing module: bzt.modules.monitoring
[2017-10-10 09:36:28,769 DEBUG root] Loading class: 'Monitoring' from <module 'bzt.modules.monitoring' from '/Library/Frameworks/Python.framework/Versions/2.7/lib/python2.7/site-packages/bzt/modules/monitoring.pyc'>
[2017-10-10 09:36:28,769 DEBUG Engine] Module config: passfail defaultdict(None, {'class': 'bzt.modules.passfail.PassFailStatus'})
[2017-10-10 09:36:28,769 DEBUG root] Importing module: bzt.modules.passfail
[2017-10-10 09:36:28,769 DEBUG root] Loading class: 'PassFailStatus' from <module 'bzt.modules.passfail' from '/Library/Frameworks/Python.framework/Versions/2.7/lib/python2.7/site-packages/bzt/modules/passfail.pyc'>
[2017-10-10 09:36:28,770 DEBUG root] Importing module: bzt.modules.passfail
[2017-10-10 09:36:28,770 DEBUG root] Loading class: 'DataCriterion' from <module 'bzt.modules.passfail' from '/Library/Frameworks/Python.framework/Versions/2.7/lib/python2.7/site-packages/bzt/modules/passfail.pyc'>
[2017-10-10 09:36:28,771 DEBUG Engine] Module config: local defaultdict(None, {'class': 'bzt.modules.provisioning.Local'})
[2017-10-10 09:36:28,771 DEBUG root] Importing module: bzt.modules.provisioning
[2017-10-10 09:36:28,771 DEBUG root] Loading class: 'Local' from <module 'bzt.modules.provisioning' from '/Library/Frameworks/Python.framework/Versions/2.7/lib/python2.7/site-packages/bzt/modules/provisioning.pyc'>
[2017-10-10 09:36:28,771 DEBUG Engine] Module config: jmeter defaultdict(None, {'properties': defaultdict(None, {'jmeter.save.saveservice.autoflush': 'true', 'summariser.name': '', 'jmeter.save.saveservice.connect_time': 'true', 'mode': 'Stripped', 'jmeterengine.force.system.exit': 'true'}), 'class': 'bzt.modules.jmeter.JMeterExecutor', 'plugins': ['jpgc-casutg', 'jpgc-dummy', 'jpgc-ffw', 'jpgc-fifo', 'jpgc-functions', 'jpgc-json', 'jpgc-perfmon', 'jpgc-prmctl', 'jpgc-tst']})
[2017-10-10 09:36:28,771 DEBUG root] Importing module: bzt.modules.jmeter
[2017-10-10 09:36:28,811 DEBUG root] Loading class: 'JMeterExecutor' from <module 'bzt.modules.jmeter' from '/Library/Frameworks/Python.framework/Versions/2.7/lib/python2.7/site-packages/bzt/modules/jmeter.pyc'>
[2017-10-10 09:36:28,811 DEBUG Engine.local] Preparing executor: jmeter/4438926096
[2017-10-10 09:36:28,811 DEBUG Engine] New artifact filename: /Users/narsi01/Desktop/CTL_CI/CTL/2017-10-10_09-36-28.509141/jmeter.log
[2017-10-10 09:36:28,812 DEBUG Engine.jmeter] Checking if port 4445 is free
[2017-10-10 09:36:28,812 DEBUG Engine.jmeter] Port 4445 is free
[2017-10-10 09:36:28,812 DEBUG Engine.jmeter] Using port 4445 for management
[2017-10-10 09:36:28,812 DEBUG Engine.jmeter.JavaVM] Trying JavaVM: ['java', '-version']
[2017-10-10 09:36:28,898 DEBUG Engine.jmeter.JavaVM] JavaVM output: java version "1.8.0_121"
Java(TM) SE Runtime Environment (build 1.8.0_121-b13)
Java HotSpot(TM) 64-Bit Server VM (build 25.121-b13, mixed mode)

[2017-10-10 09:36:28,898 DEBUG Engine.jmeter.TclLibrary] We don't need to check tcl library on this platform
[2017-10-10 09:36:28,899 DEBUG Engine.jmeter.JMeter] Trying jmeter: /Users/narsi01/.bzt/jmeter-taurus/bin/jmeter.sh
[2017-10-10 09:36:28,899 DEBUG bzt.utils] Executing shell: ['/Users/narsi01/.bzt/jmeter-taurus/bin/jmeter.sh', '-j', '/var/folders/t5/kg41spf56pz146ff1j739w358p9wh7/T/jmeterV7cCZelog', '--version']
[2017-10-10 09:36:29,415 DEBUG Engine] Taurus updates info: {"latest":"1.9.6","needsUpgrade":true}
[2017-10-10 09:36:29,415 WARNING Engine] There is newer version of Taurus 1.9.6 available, consider upgrading. What's new: http://gettaurus.org/docs/Changelog/
[2017-10-10 09:36:30,046 DEBUG Engine.jmeter.JMeter] JMeter check: Writing log file to: /var/folders/t5/kg41spf56pz146ff1j739w358p9wh7/T/jmeterV7cCZelog
    _    ____   _    ____ _   _ _____       _ __  __ _____ _____ _____ ____     
   / \  |  _ \ / \  / ___| | | | ____|     | |  \/  | ____|_   _| ____|  _ \   
  / _ \ | |_) / _ \| |   | |_| |  _|    _  | | |\/| |  _|   | | |  _| | |_) | 
 / ___ \|  __/ ___ \ |___|  _  | |___  | |_| | |  | | |___  | | | |___|  _ <  
/_/   \_\_| /_/   \_\____|_| |_|_____|  \___/|_|  |_|_____| |_| |_____|_| \_\ 3.1 r1770033  

Copyright (c) 1999-2016 The Apache Software Foundation

 / None
[2017-10-10 09:36:30,048 DEBUG Engine] New artifact filename: /Users/narsi01/Desktop/CTL_CI/CTL/2017-10-10_09-36-28.509141/requests.jmx
[2017-10-10 09:36:30,050 DEBUG JMeterScenarioBuilder] Saving JMX to: /Users/narsi01/Desktop/CTL_CI/CTL/2017-10-10_09-36-28.509141/requests.jmx
[2017-10-10 09:36:30,054 DEBUG Engine.jmeter] Load: LoadSpec(concurrency=125, throughput=None, ramp_up=80.0, hold=780.0, iterations=0, duration=860.0, steps=None)
[2017-10-10 09:36:30,056 DEBUG Engine.jmeter] Original threads: 1.0
[2017-10-10 09:36:30,057 DEBUG Engine] New artifact filename: /Users/narsi01/Desktop/CTL_CI/CTL/2017-10-10_09-36-28.509141/kpi.jtl
[2017-10-10 09:36:30,058 DEBUG Engine] New artifact filename: /Users/narsi01/Desktop/CTL_CI/CTL/2017-10-10_09-36-28.509141/error.jtl
[2017-10-10 09:36:30,058 DEBUG Engine.jmeter] Enforcing parent sample for transaction controller
[2017-10-10 09:36:30,059 DEBUG Engine] New artifact filename: /Users/narsi01/Desktop/CTL_CI/CTL/2017-10-10_09-36-28.509141/modified_requests.jmx
[2017-10-10 09:36:30,059 DEBUG JMX] Saving JMX to: /Users/narsi01/Desktop/CTL_CI/CTL/2017-10-10_09-36-28.509141/modified_requests.jmx
[2017-10-10 09:36:30,061 DEBUG Engine.jmeter] Additional properties: defaultdict(None, {'jmeter.save.saveservice.autoflush': 'true', 'jmeter.save.saveservice.connect_time': 'true', 'user.classpath': '/Users/narsi01/Desktop/CTL_CI/CTL/2017-10-10_09-36-28.509141', 'sampleresult.default.encoding': 'UTF-8', 'summariser.name': '', 'jmeterengine.force.system.exit': 'true', 'jmeter.save.saveservice.timestamp_format': 'ms', 'mode': 'Stripped', 'jmeterengine.nongui.maxport': 4445, 'jmeterengine.nongui.port': 4445})
[2017-10-10 09:36:30,061 DEBUG Engine] New artifact filename: /Users/narsi01/Desktop/CTL_CI/CTL/2017-10-10_09-36-28.509141/jmeter-bzt.properties
[2017-10-10 09:36:30,063 DEBUG Engine.jmeter] Additional system properties defaultdict(None, {'sun.net.inetaddr.ttl': 0})
[2017-10-10 09:36:30,064 DEBUG Engine] New artifact filename: /Users/narsi01/Desktop/CTL_CI/CTL/2017-10-10_09-36-28.509141/system.properties
[2017-10-10 09:36:30,066 DEBUG Engine] New artifact filename: /Users/narsi01/Desktop/CTL_CI/CTL/2017-10-10_09-36-28.509141/jmeter.out
[2017-10-10 09:36:30,066 DEBUG Engine] New artifact filename: /Users/narsi01/Desktop/CTL_CI/CTL/2017-10-10_09-36-28.509141/jmeter.err
[2017-10-10 09:36:30,066 DEBUG Engine] Module config: final-stats defaultdict(None, {'class': 'bzt.modules.reporting.FinalStatus'})
[2017-10-10 09:36:30,067 DEBUG root] Importing module: bzt.modules.reporting
[2017-10-10 09:36:30,448 DEBUG root] Loading class: 'FinalStatus' from <module 'bzt.modules.reporting' from '/Library/Frameworks/Python.framework/Versions/2.7/lib/python2.7/site-packages/bzt/modules/reporting.pyc'>
[2017-10-10 09:36:30,448 DEBUG Engine] Module config: console defaultdict(None, {'class': 'bzt.modules.console.ConsoleStatusReporter'})
[2017-10-10 09:36:30,449 DEBUG root] Importing module: bzt.modules.console
[2017-10-10 09:36:30,449 DEBUG root] Loading class: 'ConsoleStatusReporter' from <module 'bzt.modules.console' from '/Library/Frameworks/Python.framework/Versions/2.7/lib/python2.7/site-packages/bzt/modules/console.pyc'>
[2017-10-10 09:36:30,449 DEBUG Engine] Module config: blazemeter defaultdict(None, {'test': 'Taurus1 Demo', 'token': '********', 'class': 'bzt.modules.blazemeter.BlazeMeterUploader'})
[2017-10-10 09:36:30,449 DEBUG root] Importing module: bzt.modules.blazemeter
[2017-10-10 09:36:30,449 DEBUG root] Loading class: 'BlazeMeterUploader' from <module 'bzt.modules.blazemeter' from '/Library/Frameworks/Python.framework/Versions/2.7/lib/python2.7/site-packages/bzt/modules/blazemeter.pyc'>
[2017-10-10 09:36:30,455 DEBUG User] Request: GET https://a.blazemeter.com/api/v4/web/version None
[2017-10-10 09:36:31,038 DEBUG User] Response: {
    "api_version": 4,
    "error": null,
    "result": "blazemeter-backend-package 5910 release/2017-09-18_79 B5910  Wed Sep 27 15:47:40 2017 +0300 7c75a02878266cf4ee3aca23556f97a46e403bad\n"
}
[2017-10-10 09:36:31,038 DEBUG User] Request: GET https://a.blazemeter.com/api/v4/accounts None
[2017-10-10 09:36:31,481 DEBUG User] Response: {
    "limit": 10,
    "skip": 0,
    "total": 2,
    "hidden": 0,
    "api_version": 4,
    "error": null,
    "result": [
        {
            "id": 21166,
            "name": "Martin Kowalewski",
            "thumbnailUrl": "",
            "salesforceI
[2017-10-10 09:36:31,482 DEBUG User] Request: GET https://a.blazemeter.com/api/v4/workspaces?accountId=21166&enabled=true&limit=100 None
[2017-10-10 09:36:31,949 DEBUG User] Response: {
    "limit": 100,
    "skip": 0,
    "total": 2,
    "hidden": 0,
    "api_version": 4,
    "error": null,
    "result": [
        {
            "id": 7199,
            "name": "CA SE Workspace",
            "userId": 307773,
            "created": 14775
[2017-10-10 09:36:31,949 DEBUG User] Request: GET https://a.blazemeter.com/api/v4/workspaces?accountId=40241&enabled=true&limit=100 None
[2017-10-10 09:36:32,505 DEBUG User] Response: {
    "limit": 100,
    "skip": 0,
    "total": 3,
    "hidden": 0,
    "api_version": 4,
    "error": null,
    "result": [
        {
            "id": 509,
            "name": "Customer Demo Org",
            "userId": 86033,
            "created": 14419
[2017-10-10 09:36:32,505 DEBUG User] Request: GET https://a.blazemeter.com/api/v4/tests?workspaceId=7199&name=Taurus1+Demo None
[2017-10-10 09:36:32,991 DEBUG User] Response: {
    "limit": 10,
    "skip": 0,
    "total": 0,
    "hidden": 0,
    "api_version": 4,
    "error": null,
    "result": []
}
[2017-10-10 09:36:32,991 DEBUG User] Request: GET https://a.blazemeter.com/api/v4/tests?workspaceId=133217&name=Taurus1+Demo None
[2017-10-10 09:36:33,441 DEBUG User] Response: {
    "limit": 10,
    "skip": 0,
    "total": 0,
    "hidden": 0,
    "api_version": 4,
    "error": null,
    "result": []
}
[2017-10-10 09:36:33,441 DEBUG User] Request: GET https://a.blazemeter.com/api/v4/tests?workspaceId=509&name=Taurus1+Demo None
[2017-10-10 09:36:33,880 DEBUG User] Response: {
    "limit": 10,
    "skip": 0,
    "total": 0,
    "hidden": 0,
    "api_version": 4,
    "error": null,
    "result": []
}
[2017-10-10 09:36:33,880 DEBUG User] Request: GET https://a.blazemeter.com/api/v4/tests?workspaceId=3130&name=Taurus1+Demo None
[2017-10-10 09:36:34,344 DEBUG User] Response: {
    "limit": 10,
    "skip": 0,
    "total": 0,
    "hidden": 0,
    "api_version": 4,
    "error": null,
    "result": []
}
[2017-10-10 09:36:34,344 DEBUG User] Request: GET https://a.blazemeter.com/api/v4/tests?workspaceId=31694&name=Taurus1+Demo None
[2017-10-10 09:36:34,839 DEBUG User] Response: {
    "limit": 10,
    "skip": 0,
    "total": 2,
    "hidden": 0,
    "api_version": 4,
    "error": null,
    "result": [
        {
            "id": 5382528,
            "name": "Taurus1 Demo",
            "userId": 106819,
            "created": 148529
[2017-10-10 09:36:34,841 DEBUG Engine.Configuration] Dumping YAML config into /Users/narsi01/Desktop/CTL_CI/CTL/2017-10-10_09-36-28.509141/effective.yml
[2017-10-10 09:36:34,880 DEBUG Engine.Configuration] Dumping JSON config into /Users/narsi01/Desktop/CTL_CI/CTL/2017-10-10_09-36-28.509141/effective.json
[2017-10-10 09:36:34,884 INFO Engine] Starting...
[2017-10-10 09:36:34,884 DEBUG Engine] Startup <bzt.modules.monitoring.Monitoring object at 0x105c18250>
[2017-10-10 09:36:34,884 DEBUG Engine] Startup <bzt.modules.passfail.PassFailStatus object at 0x105c30910>
[2017-10-10 09:36:34,884 DEBUG Engine] Startup <bzt.modules.aggregator.ConsolidatingAggregator object at 0x105be8fd0>
[2017-10-10 09:36:34,884 DEBUG Engine] Startup <bzt.modules.reporting.FinalStatus object at 0x10894a350>
[2017-10-10 09:36:34,885 DEBUG Engine] Startup <bzt.modules.console.ConsoleStatusReporter object at 0x108aba910>
[2017-10-10 09:36:34,885 INFO Engine.console] Waiting for results...
[2017-10-10 09:36:34,885 DEBUG Engine] Startup <bzt.modules.blazemeter.BlazeMeterUploader object at 0x108acf3d0>
[2017-10-10 09:36:34,885 INFO Engine.blazemeter] Initiating data feeding...
[2017-10-10 09:36:34,885 DEBUG User] Request: POST https://a.blazemeter.com/api/v4/tests/5382528/start-external None
[2017-10-10 09:36:35,448 DEBUG User] Response: {
    "api_version": 4,
    "error": null,
    "result": {
        "session": {
            "id": "r-ext-59dcf7133f53b",
            "name": "Taurus1 Demo",
            "userId": 106819,
            "offset": 0,
            "statusCode": 15,
            "s
[2017-10-10 09:36:35,448 INFO Engine.blazemeter] Started data feeding: https://a.blazemeter.com/app/#/masters/16733201
[2017-10-10 09:36:35,536 DEBUG Engine] Startup <bzt.modules.provisioning.Local object at 0x105c18fd0>
[2017-10-10 09:36:35,536 DEBUG Engine.local] Delay setup for jmeter/simple: 0(start-at) + 0(delay) = 0
[2017-10-10 09:36:35,539 DEBUG Engine.Configuration] Dumping YAML config into /Users/narsi01/Desktop/CTL_CI/CTL/2017-10-10_09-36-28.509141/effective.yml
[2017-10-10 09:36:35,590 DEBUG Engine.Configuration] Dumping JSON config into /Users/narsi01/Desktop/CTL_CI/CTL/2017-10-10_09-36-28.509141/effective.json
[2017-10-10 09:36:35,594 DEBUG root] Leveling down log file verbosity, use -v option to have DEBUG messages enabled
[2017-10-10 09:36:35,818 INFO Engine.console] Waiting for finish...
[2017-10-10 09:36:41,602 INFO Engine.jmeter.JTLReader] Changed data analysis delay to 3s
[2017-10-10 09:36:43,605 INFO Engine.jmeter.JTLReader] Changed data analysis delay to 4s
[2017-10-10 09:36:51,628 INFO Engine.jmeter.JTLReader] Changed data analysis delay to 5s
[2017-10-10 09:36:57,635 INFO Engine.jmeter.JTLReader] Changed data analysis delay to 6s
[2017-10-10 09:37:00,638 INFO Engine.jmeter.JTLReader] Changed data analysis delay to 7s
[2017-10-10 09:37:05,652 INFO Engine.jmeter.JTLReader] Changed data analysis delay to 9s
[2017-10-10 09:37:12,570 INFO Engine.jmeter.JTLReader] Changed data analysis delay to 13s
[2017-10-10 09:37:17,581 INFO Engine.jmeter.JTLReader] Changed data analysis delay to 14s
[2017-10-10 09:37:20,591 INFO Engine.jmeter.JTLReader] Changed data analysis delay to 15s
[2017-10-10 09:37:28,604 INFO Engine.jmeter.JTLReader] Changed data analysis delay to 17s
[2017-10-10 09:37:49,102 INFO Engine.jmeter.JTLReader] Changed data analysis delay to 18s
[2017-10-10 09:37:55,120 INFO Engine.jmeter.JTLReader] Changed data analysis delay to 19s
[2017-10-10 09:37:58,127 INFO Engine.jmeter.JTLReader] Changed data analysis delay to 18s
[2017-10-10 09:37:59,132 INFO Engine.jmeter.JTLReader] Changed data analysis delay to 19s
[2017-10-10 09:38:17,615 INFO Engine.jmeter.JTLReader] Changed data analysis delay to 18s
[2017-10-10 09:38:33,660 INFO Engine.jmeter.JTLReader] Changed data analysis delay to 19s
[2017-10-10 09:38:49,581 INFO Engine.jmeter.JTLReader] Changed data analysis delay to 18s
[2017-10-10 09:39:28,160 INFO Engine.jmeter.JTLReader] Changed data analysis delay to 17s
[2017-10-10 09:40:23,648 INFO Engine.jmeter.JTLReader] Changed data analysis delay to 16s
[2017-10-10 09:41:45,736 INFO Engine.jmeter.JTLReader] Changed data analysis delay to 15s
[2017-10-10 09:43:54,002 INFO Engine.jmeter.JTLReader] Changed data analysis delay to 14s
[2017-10-10 09:45:37,445 INFO Engine.jmeter.JTLReader] Changed data analysis delay to 13s
[2017-10-10 09:47:45,535 INFO Engine.jmeter.JTLReader] Changed data analysis delay to 12s
[2017-10-10 09:50:02,463 INFO Engine.jmeter.JTLReader] Changed data analysis delay to 11s
