2017/10/10 09:36:36 INFO  - jmeter.util.JMeterUtils: Setting Locale to en_US 
2017/10/10 09:36:36 INFO  - jmeter.JMeter: Loading user properties from: /Users/narsi01/.bzt/jmeter-taurus/bin/user.properties 
2017/10/10 09:36:36 INFO  - jmeter.JMeter: Loading system properties from: /Users/narsi01/.bzt/jmeter-taurus/bin/system.properties 
2017/10/10 09:36:36 INFO  - jmeter.JMeter: Setting System properties from file: /Users/narsi01/Desktop/CTL_CI/CTL/2017-10-10_09-36-28.509141/system.properties 
2017/10/10 09:36:36 INFO  - jmeter.JMeter: Copyright (c) 1998-2016 The Apache Software Foundation 
2017/10/10 09:36:36 INFO  - jmeter.JMeter: Version 3.1 r1770033 
2017/10/10 09:36:36 INFO  - jmeter.JMeter: java.version=1.8.0_121 
2017/10/10 09:36:36 INFO  - jmeter.JMeter: java.vm.name=Java HotSpot(TM) 64-Bit Server VM 
2017/10/10 09:36:36 INFO  - jmeter.JMeter: os.name=Mac OS X 
2017/10/10 09:36:36 INFO  - jmeter.JMeter: os.arch=x86_64 
2017/10/10 09:36:36 INFO  - jmeter.JMeter: os.version=10.12.6 
2017/10/10 09:36:36 INFO  - jmeter.JMeter: file.encoding=UTF-8 
2017/10/10 09:36:36 INFO  - jmeter.JMeter: Max memory     =3817865216 
2017/10/10 09:36:36 INFO  - jmeter.JMeter: Available Processors =8 
2017/10/10 09:36:36 INFO  - jmeter.JMeter: Default Locale=English (United States) 
2017/10/10 09:36:36 INFO  - jmeter.JMeter: JMeter  Locale=English (United States) 
2017/10/10 09:36:36 INFO  - jmeter.JMeter: JMeterHome=/Users/narsi01/.bzt/jmeter-taurus 
2017/10/10 09:36:36 INFO  - jmeter.JMeter: user.dir  =/Users/narsi01/Desktop/CTL_CI/CTL 
2017/10/10 09:36:36 INFO  - jmeter.JMeter: PWD       =/Users/narsi01/Desktop/CTL_CI/CTL 
2017/10/10 09:36:36 INFO  - jmeter.JMeter: IP: 10.0.0.197 Name: narsi01mac1752 FullName: 10.0.0.197 
2017/10/10 09:36:36 INFO  - jmeter.JMeter: user.classpath=/Users/narsi01/Desktop/CTL_CI/CTL/2017-10-10_09-36-28.509141 
2017/10/10 09:36:36 INFO  - jmeter.JMeter: Adding to classpath and loader: /Users/narsi01/Desktop/CTL_CI/CTL/2017-10-10_09-36-28.509141 
2017/10/10 09:36:36 INFO  - jmeter.services.FileServer: Default base='/Users/narsi01/Desktop/CTL_CI/CTL' 
2017/10/10 09:36:36 INFO  - jmeter.services.FileServer: Set new base='/Users/narsi01/Desktop/CTL_CI/CTL/2017-10-10_09-36-28.509141' 
2017/10/10 09:36:36 INFO  - jmeter.save.SaveService: Testplan (JMX) version: 2.2. Testlog (JTL) version: 2.2 
2017/10/10 09:36:36 INFO  - jmeter.save.SaveService: Using SaveService properties file encoding UTF-8 
2017/10/10 09:36:36 INFO  - jmeter.save.SaveService: Using SaveService properties version 3.1 
2017/10/10 09:36:36 INFO  - jmeter.save.SaveService: All converter versions present and correct 
2017/10/10 09:36:36 INFO  - jmeter.save.SaveService: Loading file: /Users/narsi01/Desktop/CTL_CI/CTL/2017-10-10_09-36-28.509141/modified_requests.jmx 
2017/10/10 09:36:36 INFO  - jmeter.protocol.http.control.CacheManager: Will only cache the following methods: [GET] 
2017/10/10 09:36:36 INFO  - jmeter.protocol.http.control.CookieManager: Settings: Delete null: true Check: true Allow variable: true Save: false Prefix: COOKIE_ 
2017/10/10 09:36:36 INFO  - jmeter.protocol.http.sampler.HTTPSamplerBase: Parser for text/html is org.apache.jmeter.protocol.http.parser.LagartoBasedHtmlParser 
2017/10/10 09:36:36 INFO  - jmeter.protocol.http.sampler.HTTPSamplerBase: Parser for application/xhtml+xml is org.apache.jmeter.protocol.http.parser.LagartoBasedHtmlParser 
2017/10/10 09:36:36 INFO  - jmeter.protocol.http.sampler.HTTPSamplerBase: Parser for application/xml is org.apache.jmeter.protocol.http.parser.LagartoBasedHtmlParser 
2017/10/10 09:36:36 INFO  - jmeter.protocol.http.sampler.HTTPSamplerBase: Parser for text/xml is org.apache.jmeter.protocol.http.parser.LagartoBasedHtmlParser 
2017/10/10 09:36:36 INFO  - jmeter.protocol.http.sampler.HTTPSamplerBase: Parser for text/vnd.wap.wml is org.apache.jmeter.protocol.http.parser.RegexpHTMLParser 
2017/10/10 09:36:36 INFO  - jmeter.protocol.http.sampler.HTTPSamplerBase: Parser for text/css is org.apache.jmeter.protocol.http.parser.CssParser 
2017/10/10 09:36:36 INFO  - jmeter.engine.StandardJMeterEngine: Running the test! 
2017/10/10 09:36:36 INFO  - jmeter.samplers.SampleEvent: List of sample_variables: [] 
2017/10/10 09:36:36 INFO  - jmeter.samplers.SampleEvent: List of sample_variables: [] 
2017/10/10 09:36:36 INFO  - jmeter.engine.util.CompoundVariable: Note: Function class names must contain the string: '.functions.' 
2017/10/10 09:36:36 INFO  - jmeter.engine.util.CompoundVariable: Note: Function class names must not contain the string: '.gui.' 
2017/10/10 09:36:36 INFO  - jmeter.JMeter: Running test (1507653396485) 
2017/10/10 09:36:36 INFO  - jmeter.engine.StandardJMeterEngine: Starting ThreadGroup: 1 : ThreadGroup 
2017/10/10 09:36:36 INFO  - jmeter.engine.StandardJMeterEngine: Starting 125 threads for group ThreadGroup. 
2017/10/10 09:36:36 INFO  - jmeter.engine.StandardJMeterEngine: Thread will continue on error 
2017/10/10 09:36:36 INFO  - jmeter.threads.ThreadGroup: Starting thread group number 1 threads 125 ramp-up 80 perThread 640.0 delayedStart=false 
2017/10/10 09:36:36 INFO  - jmeter.threads.JMeterThread: Thread started: ThreadGroup 1-1 
2017/10/10 09:36:36 INFO  - jmeter.protocol.http.sampler.HTTPHCAbstractImpl: Local host = narsi01mac1752 
2017/10/10 09:36:36 INFO  - jmeter.protocol.http.sampler.HTTPHC4Impl: HTTP request retry count = 0 
2017/10/10 09:36:36 INFO  - jmeter.samplers.SampleResult: Note: Sample TimeStamps are START times 
2017/10/10 09:36:36 INFO  - jmeter.samplers.SampleResult: sampleresult.default.encoding is set to UTF-8 
2017/10/10 09:36:36 INFO  - jmeter.samplers.SampleResult: sampleresult.useNanoTime=true 
2017/10/10 09:36:36 INFO  - jmeter.samplers.SampleResult: sampleresult.nanoThreadSleep=5000 
2017/10/10 09:36:36 INFO  - jmeter.threads.ThreadGroup: Started thread group number 1 
2017/10/10 09:36:36 INFO  - jmeter.engine.StandardJMeterEngine: All thread groups have been started 
2017/10/10 09:36:37 INFO  - jmeter.threads.JMeterThread: Thread started: ThreadGroup 1-2 
2017/10/10 09:36:37 INFO  - jmeter.protocol.http.parser.BaseParser: Created org.apache.jmeter.protocol.http.parser.LagartoBasedHtmlParser 
2017/10/10 09:36:37 INFO  - jmeter.protocol.http.sampler.ResourcesDownloader: Creating ResourcesDownloader with keepalive_inseconds:60 
2017/10/10 09:36:37 INFO  - jmeter.protocol.http.parser.BaseParser: Created org.apache.jmeter.protocol.http.parser.CssParser 
2017/10/10 09:36:37 INFO  - jmeter.threads.JMeterThread: Thread started: ThreadGroup 1-3 
2017/10/10 09:36:38 INFO  - jmeter.threads.JMeterThread: Thread started: ThreadGroup 1-4 
2017/10/10 09:36:39 INFO  - jmeter.threads.JMeterThread: Thread started: ThreadGroup 1-5 
2017/10/10 09:36:39 INFO  - jmeter.threads.JMeterThread: Thread started: ThreadGroup 1-6 
2017/10/10 09:36:40 INFO  - jmeter.threads.JMeterThread: Thread started: ThreadGroup 1-7 
2017/10/10 09:36:41 INFO  - jmeter.threads.JMeterThread: Thread started: ThreadGroup 1-8 
2017/10/10 09:36:41 INFO  - jmeter.threads.JMeterThread: Thread started: ThreadGroup 1-9 
2017/10/10 09:36:42 INFO  - jmeter.threads.JMeterThread: Thread started: ThreadGroup 1-10 
2017/10/10 09:36:42 INFO  - jmeter.threads.JMeterThread: Thread started: ThreadGroup 1-11 
2017/10/10 09:36:43 INFO  - jmeter.threads.JMeterThread: Thread started: ThreadGroup 1-12 
2017/10/10 09:36:44 INFO  - jmeter.threads.JMeterThread: Thread started: ThreadGroup 1-13 
2017/10/10 09:36:44 INFO  - jmeter.threads.JMeterThread: Thread started: ThreadGroup 1-14 
2017/10/10 09:36:45 INFO  - jmeter.threads.JMeterThread: Thread started: ThreadGroup 1-15 
2017/10/10 09:36:46 INFO  - jmeter.threads.JMeterThread: Thread started: ThreadGroup 1-16 
2017/10/10 09:36:46 INFO  - jmeter.threads.JMeterThread: Thread started: ThreadGroup 1-17 
2017/10/10 09:36:47 INFO  - jmeter.threads.JMeterThread: Thread started: ThreadGroup 1-18 
2017/10/10 09:36:48 INFO  - jmeter.threads.JMeterThread: Thread started: ThreadGroup 1-19 
2017/10/10 09:36:48 INFO  - jmeter.threads.JMeterThread: Thread started: ThreadGroup 1-20 
2017/10/10 09:36:49 INFO  - jmeter.threads.JMeterThread: Thread started: ThreadGroup 1-21 
2017/10/10 09:36:49 INFO  - jmeter.threads.JMeterThread: Thread started: ThreadGroup 1-22 
2017/10/10 09:36:50 INFO  - jmeter.threads.JMeterThread: Thread started: ThreadGroup 1-23 
2017/10/10 09:36:51 INFO  - jmeter.threads.JMeterThread: Thread started: ThreadGroup 1-24 
2017/10/10 09:36:51 INFO  - jmeter.threads.JMeterThread: Thread started: ThreadGroup 1-25 
2017/10/10 09:36:52 INFO  - jmeter.threads.JMeterThread: Thread started: ThreadGroup 1-26 
2017/10/10 09:36:53 INFO  - jmeter.threads.JMeterThread: Thread started: ThreadGroup 1-27 
2017/10/10 09:36:53 INFO  - jmeter.threads.JMeterThread: Thread started: ThreadGroup 1-28 
2017/10/10 09:36:54 INFO  - jmeter.threads.JMeterThread: Thread started: ThreadGroup 1-29 
2017/10/10 09:36:55 INFO  - jmeter.threads.JMeterThread: Thread started: ThreadGroup 1-30 
2017/10/10 09:36:55 INFO  - jmeter.threads.JMeterThread: Thread started: ThreadGroup 1-31 
2017/10/10 09:36:56 INFO  - jmeter.threads.JMeterThread: Thread started: ThreadGroup 1-32 
2017/10/10 09:36:57 INFO  - jmeter.threads.JMeterThread: Thread started: ThreadGroup 1-33 
2017/10/10 09:36:57 INFO  - jmeter.threads.JMeterThread: Thread started: ThreadGroup 1-34 
2017/10/10 09:36:58 INFO  - jmeter.threads.JMeterThread: Thread started: ThreadGroup 1-35 
2017/10/10 09:36:58 INFO  - jmeter.threads.JMeterThread: Thread started: ThreadGroup 1-36 
2017/10/10 09:36:59 INFO  - jmeter.threads.JMeterThread: Thread started: ThreadGroup 1-37 
2017/10/10 09:37:00 INFO  - jmeter.threads.JMeterThread: Thread started: ThreadGroup 1-38 
2017/10/10 09:37:00 INFO  - jmeter.threads.JMeterThread: Thread started: ThreadGroup 1-39 
2017/10/10 09:37:01 INFO  - jmeter.threads.JMeterThread: Thread started: ThreadGroup 1-40 
2017/10/10 09:37:02 INFO  - jmeter.threads.JMeterThread: Thread started: ThreadGroup 1-41 
2017/10/10 09:37:02 INFO  - jmeter.threads.JMeterThread: Thread started: ThreadGroup 1-42 
2017/10/10 09:37:03 INFO  - jmeter.threads.JMeterThread: Thread started: ThreadGroup 1-43 
2017/10/10 09:37:04 INFO  - jmeter.threads.JMeterThread: Thread started: ThreadGroup 1-44 
2017/10/10 09:37:04 INFO  - jmeter.threads.JMeterThread: Thread started: ThreadGroup 1-45 
2017/10/10 09:37:05 INFO  - jmeter.threads.JMeterThread: Thread started: ThreadGroup 1-46 
2017/10/10 09:37:06 INFO  - jmeter.threads.JMeterThread: Thread started: ThreadGroup 1-47 
2017/10/10 09:37:06 INFO  - jmeter.threads.JMeterThread: Thread started: ThreadGroup 1-48 
2017/10/10 09:37:07 INFO  - jmeter.threads.JMeterThread: Thread started: ThreadGroup 1-49 
2017/10/10 09:37:07 INFO  - jmeter.threads.JMeterThread: Thread started: ThreadGroup 1-50 
2017/10/10 09:37:08 INFO  - jmeter.threads.JMeterThread: Thread started: ThreadGroup 1-51 
2017/10/10 09:37:09 INFO  - jmeter.threads.JMeterThread: Thread started: ThreadGroup 1-52 
2017/10/10 09:37:09 INFO  - jmeter.threads.JMeterThread: Thread started: ThreadGroup 1-53 
2017/10/10 09:37:10 INFO  - jmeter.threads.JMeterThread: Thread started: ThreadGroup 1-54 
2017/10/10 09:37:11 INFO  - jmeter.threads.JMeterThread: Thread started: ThreadGroup 1-55 
2017/10/10 09:37:11 INFO  - jmeter.threads.JMeterThread: Thread started: ThreadGroup 1-56 
2017/10/10 09:37:12 INFO  - jmeter.threads.JMeterThread: Thread started: ThreadGroup 1-57 
2017/10/10 09:37:13 INFO  - jmeter.threads.JMeterThread: Thread started: ThreadGroup 1-58 
2017/10/10 09:37:13 INFO  - jmeter.threads.JMeterThread: Thread started: ThreadGroup 1-59 
2017/10/10 09:37:14 INFO  - jmeter.threads.JMeterThread: Thread started: ThreadGroup 1-60 
2017/10/10 09:37:14 INFO  - jmeter.threads.JMeterThread: Thread started: ThreadGroup 1-61 
2017/10/10 09:37:15 INFO  - jmeter.threads.JMeterThread: Thread started: ThreadGroup 1-62 
2017/10/10 09:37:16 INFO  - jmeter.threads.JMeterThread: Thread started: ThreadGroup 1-63 
2017/10/10 09:37:16 INFO  - jmeter.threads.JMeterThread: Thread started: ThreadGroup 1-64 
2017/10/10 09:37:17 INFO  - jmeter.threads.JMeterThread: Thread started: ThreadGroup 1-65 
2017/10/10 09:37:18 INFO  - jmeter.threads.JMeterThread: Thread started: ThreadGroup 1-66 
2017/10/10 09:37:18 INFO  - jmeter.threads.JMeterThread: Thread started: ThreadGroup 1-67 
2017/10/10 09:37:19 INFO  - jmeter.threads.JMeterThread: Thread started: ThreadGroup 1-68 
2017/10/10 09:37:20 INFO  - jmeter.threads.JMeterThread: Thread started: ThreadGroup 1-69 
2017/10/10 09:37:20 INFO  - jmeter.threads.JMeterThread: Thread started: ThreadGroup 1-70 
2017/10/10 09:37:21 INFO  - jmeter.threads.JMeterThread: Thread started: ThreadGroup 1-71 
2017/10/10 09:37:22 INFO  - jmeter.threads.JMeterThread: Thread started: ThreadGroup 1-72 
2017/10/10 09:37:22 INFO  - jmeter.threads.JMeterThread: Thread started: ThreadGroup 1-73 
2017/10/10 09:37:23 INFO  - jmeter.threads.JMeterThread: Thread started: ThreadGroup 1-74 
2017/10/10 09:37:23 INFO  - jmeter.threads.JMeterThread: Thread started: ThreadGroup 1-75 
2017/10/10 09:37:24 INFO  - jmeter.threads.JMeterThread: Thread started: ThreadGroup 1-76 
2017/10/10 09:37:25 INFO  - jmeter.threads.JMeterThread: Thread started: ThreadGroup 1-77 
2017/10/10 09:37:25 INFO  - jmeter.threads.JMeterThread: Thread started: ThreadGroup 1-78 
2017/10/10 09:37:26 INFO  - jmeter.threads.JMeterThread: Thread started: ThreadGroup 1-79 
2017/10/10 09:37:27 INFO  - jmeter.threads.JMeterThread: Thread started: ThreadGroup 1-80 
2017/10/10 09:37:27 INFO  - jmeter.threads.JMeterThread: Thread started: ThreadGroup 1-81 
2017/10/10 09:37:28 INFO  - jmeter.threads.JMeterThread: Thread started: ThreadGroup 1-82 
2017/10/10 09:37:29 INFO  - jmeter.threads.JMeterThread: Thread started: ThreadGroup 1-83 
2017/10/10 09:37:29 INFO  - jmeter.threads.JMeterThread: Thread started: ThreadGroup 1-84 
2017/10/10 09:37:30 INFO  - jmeter.threads.JMeterThread: Thread started: ThreadGroup 1-85 
2017/10/10 09:37:30 INFO  - jmeter.threads.JMeterThread: Thread started: ThreadGroup 1-86 
2017/10/10 09:37:31 INFO  - jmeter.threads.JMeterThread: Thread started: ThreadGroup 1-87 
2017/10/10 09:37:32 INFO  - jmeter.threads.JMeterThread: Thread started: ThreadGroup 1-88 
2017/10/10 09:37:32 INFO  - jmeter.threads.JMeterThread: Thread started: ThreadGroup 1-89 
2017/10/10 09:37:33 INFO  - jmeter.threads.JMeterThread: Thread started: ThreadGroup 1-90 
2017/10/10 09:37:34 INFO  - jmeter.threads.JMeterThread: Thread started: ThreadGroup 1-91 
2017/10/10 09:37:34 INFO  - jmeter.threads.JMeterThread: Thread started: ThreadGroup 1-92 
2017/10/10 09:37:35 INFO  - jmeter.threads.JMeterThread: Thread started: ThreadGroup 1-93 
2017/10/10 09:37:36 INFO  - jmeter.threads.JMeterThread: Thread started: ThreadGroup 1-94 
2017/10/10 09:37:36 INFO  - jmeter.threads.JMeterThread: Thread started: ThreadGroup 1-95 
2017/10/10 09:37:37 INFO  - jmeter.threads.JMeterThread: Thread started: ThreadGroup 1-96 
2017/10/10 09:37:38 INFO  - jmeter.threads.JMeterThread: Thread started: ThreadGroup 1-97 
2017/10/10 09:37:38 INFO  - jmeter.threads.JMeterThread: Thread started: ThreadGroup 1-98 
2017/10/10 09:37:39 INFO  - jmeter.threads.JMeterThread: Thread started: ThreadGroup 1-99 
2017/10/10 09:37:39 INFO  - jmeter.threads.JMeterThread: Thread started: ThreadGroup 1-100 
2017/10/10 09:37:40 INFO  - jmeter.threads.JMeterThread: Thread started: ThreadGroup 1-101 
2017/10/10 09:37:41 INFO  - jmeter.threads.JMeterThread: Thread started: ThreadGroup 1-102 
2017/10/10 09:37:41 INFO  - jmeter.threads.JMeterThread: Thread started: ThreadGroup 1-103 
2017/10/10 09:37:42 INFO  - jmeter.threads.JMeterThread: Thread started: ThreadGroup 1-104 
2017/10/10 09:37:43 INFO  - jmeter.threads.JMeterThread: Thread started: ThreadGroup 1-105 
2017/10/10 09:37:43 INFO  - jmeter.threads.JMeterThread: Thread started: ThreadGroup 1-106 
2017/10/10 09:37:44 INFO  - jmeter.threads.JMeterThread: Thread started: ThreadGroup 1-107 
2017/10/10 09:37:45 INFO  - jmeter.threads.JMeterThread: Thread started: ThreadGroup 1-108 
2017/10/10 09:37:45 INFO  - jmeter.threads.JMeterThread: Thread started: ThreadGroup 1-109 
2017/10/10 09:37:46 INFO  - jmeter.threads.JMeterThread: Thread started: ThreadGroup 1-110 
2017/10/10 09:37:46 INFO  - jmeter.threads.JMeterThread: Thread started: ThreadGroup 1-111 
2017/10/10 09:37:47 INFO  - jmeter.threads.JMeterThread: Thread started: ThreadGroup 1-112 
2017/10/10 09:37:48 INFO  - jmeter.threads.JMeterThread: Thread started: ThreadGroup 1-113 
2017/10/10 09:37:48 INFO  - jmeter.threads.JMeterThread: Thread started: ThreadGroup 1-114 
2017/10/10 09:37:49 INFO  - jmeter.threads.JMeterThread: Thread started: ThreadGroup 1-115 
2017/10/10 09:37:50 INFO  - jmeter.threads.JMeterThread: Thread started: ThreadGroup 1-116 
2017/10/10 09:37:50 INFO  - jmeter.threads.JMeterThread: Thread started: ThreadGroup 1-117 
2017/10/10 09:37:51 INFO  - jmeter.threads.JMeterThread: Thread started: ThreadGroup 1-118 
2017/10/10 09:37:52 INFO  - jmeter.threads.JMeterThread: Thread started: ThreadGroup 1-119 
2017/10/10 09:37:52 INFO  - jmeter.threads.JMeterThread: Thread started: ThreadGroup 1-120 
2017/10/10 09:37:53 INFO  - jmeter.threads.JMeterThread: Thread started: ThreadGroup 1-121 
2017/10/10 09:37:54 INFO  - jmeter.threads.JMeterThread: Thread started: ThreadGroup 1-122 
2017/10/10 09:37:54 INFO  - jmeter.threads.JMeterThread: Thread started: ThreadGroup 1-123 
2017/10/10 09:37:55 INFO  - jmeter.threads.JMeterThread: Thread started: ThreadGroup 1-124 
2017/10/10 09:37:55 INFO  - jmeter.threads.JMeterThread: Thread started: ThreadGroup 1-125 
2017/10/10 09:50:56 INFO  - jmeter.threads.JMeterThread: Stopping because end time detected by thread: ThreadGroup 1-120 
2017/10/10 09:50:56 INFO  - jmeter.threads.JMeterThread: Thread finished: ThreadGroup 1-120 
2017/10/10 09:50:56 INFO  - jmeter.threads.JMeterThread: Stopping because end time detected by thread: ThreadGroup 1-102 
2017/10/10 09:50:56 INFO  - jmeter.threads.JMeterThread: Thread finished: ThreadGroup 1-102 
2017/10/10 09:50:56 INFO  - jmeter.threads.JMeterThread: Stopping because end time detected by thread: ThreadGroup 1-119 
2017/10/10 09:50:56 INFO  - jmeter.threads.JMeterThread: Thread finished: ThreadGroup 1-119 
2017/10/10 09:50:56 INFO  - jmeter.threads.JMeterThread: Stopping because end time detected by thread: ThreadGroup 1-69 
2017/10/10 09:50:56 INFO  - jmeter.threads.JMeterThread: Thread finished: ThreadGroup 1-69 
2017/10/10 09:50:56 INFO  - jmeter.threads.JMeterThread: Stopping because end time detected by thread: ThreadGroup 1-93 
2017/10/10 09:50:56 INFO  - jmeter.threads.JMeterThread: Thread finished: ThreadGroup 1-93 
2017/10/10 09:50:56 INFO  - jmeter.threads.JMeterThread: Stopping because end time detected by thread: ThreadGroup 1-75 
2017/10/10 09:50:56 INFO  - jmeter.threads.JMeterThread: Thread finished: ThreadGroup 1-75 
2017/10/10 09:50:56 INFO  - jmeter.threads.JMeterThread: Stopping because end time detected by thread: ThreadGroup 1-84 
2017/10/10 09:50:56 INFO  - jmeter.threads.JMeterThread: Thread finished: ThreadGroup 1-84 
2017/10/10 09:50:57 INFO  - jmeter.threads.JMeterThread: Stopping because end time detected by thread: ThreadGroup 1-4 
2017/10/10 09:50:57 INFO  - jmeter.threads.JMeterThread: Thread finished: ThreadGroup 1-4 
2017/10/10 09:50:57 INFO  - jmeter.threads.JMeterThread: Stopping because end time detected by thread: ThreadGroup 1-12 
2017/10/10 09:50:57 INFO  - jmeter.threads.JMeterThread: Thread finished: ThreadGroup 1-12 
2017/10/10 09:50:57 INFO  - jmeter.threads.JMeterThread: Stopping because end time detected by thread: ThreadGroup 1-115 
2017/10/10 09:50:57 INFO  - jmeter.threads.JMeterThread: Thread finished: ThreadGroup 1-115 
2017/10/10 09:50:57 INFO  - jmeter.threads.JMeterThread: Stopping because end time detected by thread: ThreadGroup 1-78 
2017/10/10 09:50:57 INFO  - jmeter.threads.JMeterThread: Thread finished: ThreadGroup 1-78 
2017/10/10 09:50:57 INFO  - jmeter.threads.JMeterThread: Stopping because end time detected by thread: ThreadGroup 1-125 
2017/10/10 09:50:57 INFO  - jmeter.threads.JMeterThread: Thread finished: ThreadGroup 1-125 
2017/10/13 19:20:50 INFO  - jmeter.reporters.ResultCollector: Shutdown hook started 
2017/10/13 19:20:50 INFO  - jmeter.reporters.ResultCollector: Shutdown hook ended 
