[2018-07-27 09:13:30,366 INFO root] Taurus CLI Tool v1.12.1
[2018-07-27 09:13:30,366 DEBUG root] Command-line options: {'verbose': None, 'no_system_configs': None, 'quiet': None, 'log': '/var/folders/t5/kg41spf56pz146ff1j739w358p9wh7/T/bzt_mZZEkp.log', 'option': None, 'aliases': ['cloud']}
[2018-07-27 09:13:30,367 DEBUG root] Python: CPython 2.7.15
[2018-07-27 09:13:30,367 DEBUG root] OS: ('Darwin', 'narsi01mac1752', '17.6.0', 'Darwin Kernel Version 17.6.0: Tue May  8 15:22:16 PDT 2018; root:xnu-4570.61.1~1/RELEASE_X86_64', 'x86_64', 'i386')
[2018-07-27 09:13:30,367 INFO root] Starting with configs: ['sla_jmx.yml']
[2018-07-27 09:13:30,367 DEBUG root] Using personal config: /Users/narsi01/.bzt-rc
[2018-07-27 09:13:30,367 INFO Engine] Configuring...
[2018-07-27 09:13:30,367 DEBUG Engine] No machine configs dir: /usr/local/Cellar/bzt/1.12.1/libexec/bin/../etc/bzt.d
[2018-07-27 09:13:30,367 DEBUG Engine] Base configs list: ['/usr/local/Cellar/bzt/1.12.1/libexec/lib/python2.7/site-packages/bzt/resources/base-config.yml']
[2018-07-27 09:13:30,368 DEBUG Engine.Configuration] Configs: ['/usr/local/Cellar/bzt/1.12.1/libexec/lib/python2.7/site-packages/bzt/resources/base-config.yml']
[2018-07-27 09:13:30,368 DEBUG Engine.Configuration] Reading /usr/local/Cellar/bzt/1.12.1/libexec/lib/python2.7/site-packages/bzt/resources/base-config.yml as YAML
[2018-07-27 09:13:30,393 DEBUG Engine] User configs list: ['/Users/narsi01/.bzt-rc', 'sla_jmx.yml']
[2018-07-27 09:13:30,393 DEBUG Engine.Configuration] Configs: ['/Users/narsi01/.bzt-rc', 'sla_jmx.yml']
[2018-07-27 09:13:30,394 DEBUG Engine.Configuration] Reading /Users/narsi01/.bzt-rc as YAML
[2018-07-27 09:13:30,395 DEBUG Engine.Configuration] Reading sla_jmx.yml as YAML
[2018-07-27 09:13:30,410 DEBUG Engine.Configuration] Configs: ['/Users/narsi01/.bzt-rc', 'sla_jmx.yml']
[2018-07-27 09:13:30,411 DEBUG Engine.Configuration] Reading /Users/narsi01/.bzt-rc as YAML
[2018-07-27 09:13:30,412 DEBUG Engine.Configuration] Reading sla_jmx.yml as YAML
[2018-07-27 09:13:30,439 DEBUG Engine] Requesting updates info: http://gettaurus.org/updates/?version=1.12.1&installID=macos-784f437f78c0
[2018-07-27 09:13:30,439 DEBUG HTTPClient] Making HTTP request GET http://gettaurus.org/updates/?version=1.12.1&installID=macos-784f437f78c0
[2018-07-27 09:13:30,439 INFO Engine] Artifacts dir: /Users/narsi01/Desktop/JWC_SN/WKS/WKS/2018-07-27_09-13-30.439695
[2018-07-27 09:13:30,445 DEBUG Engine] New artifact filename: /Users/narsi01/Desktop/JWC_SN/WKS/WKS/2018-07-27_09-13-30.439695/effective
[2018-07-27 09:13:30,449 DEBUG urllib3.connectionpool] Starting new HTTP connection (1): gettaurus.org:80
[2018-07-27 09:13:30,449 DEBUG Engine.Configuration] Dumping YAML config into /Users/narsi01/Desktop/JWC_SN/WKS/WKS/2018-07-27_09-13-30.439695/effective.yml
[2018-07-27 09:13:30,496 DEBUG Engine.Configuration] Dumping JSON config into /Users/narsi01/Desktop/JWC_SN/WKS/WKS/2018-07-27_09-13-30.439695/effective.json
[2018-07-27 09:13:30,497 DEBUG Engine] New artifact filename: /Users/narsi01/Desktop/JWC_SN/WKS/WKS/2018-07-27_09-13-30.439695/merged.yml
[2018-07-27 09:13:30,498 DEBUG Engine.Configuration] Dumping YAML config into /Users/narsi01/Desktop/JWC_SN/WKS/WKS/2018-07-27_09-13-30.439695/merged.yml
[2018-07-27 09:13:30,511 DEBUG Engine] New artifact filename: /Users/narsi01/Desktop/JWC_SN/WKS/WKS/2018-07-27_09-13-30.439695/merged.json
[2018-07-27 09:13:30,512 DEBUG Engine.Configuration] Dumping JSON config into /Users/narsi01/Desktop/JWC_SN/WKS/WKS/2018-07-27_09-13-30.439695/merged.json
[2018-07-27 09:13:30,513 DEBUG Engine] Add existing artifact (move=False): sla_jmx.yml
[2018-07-27 09:13:30,513 DEBUG Engine] Copying sla_jmx.yml to /Users/narsi01/Desktop/JWC_SN/WKS/WKS/2018-07-27_09-13-30.439695/sla_jmx.yml
[2018-07-27 09:13:30,514 DEBUG Engine.Environment] Replace 'TAURUS_ARTIFACTS_DIR' in environment
[2018-07-27 09:13:30,515 DEBUG root] Closing log handler: /var/folders/t5/kg41spf56pz146ff1j739w358p9wh7/T/bzt_mZZEkp.log
[2018-07-27 09:13:30,543 DEBUG root] Switched writing logs to /Users/narsi01/Desktop/JWC_SN/WKS/WKS/2018-07-27_09-13-30.439695/bzt.log
[2018-07-27 09:13:30,543 DEBUG root] Linting config
[2018-07-27 09:13:30,550 INFO Engine] Preparing...
[2018-07-27 09:13:30,551 DEBUG Engine] Module config: consolidator defaultdict(None, {'class': u'bzt.modules.aggregator.ConsolidatingAggregator'})
[2018-07-27 09:13:30,551 DEBUG root] Importing module: bzt.modules.aggregator
[2018-07-27 09:13:30,674 DEBUG root] Loading class: 'ConsolidatingAggregator' from <module 'bzt.modules.aggregator' from '/usr/local/Cellar/bzt/1.12.1/libexec/lib/python2.7/site-packages/bzt/modules/aggregator.pyc'>
[2018-07-27 09:13:30,675 DEBUG Engine.consolidator] Buffer scaling setup: percentile 95.0 from [0.0, 50.0, 90.0, 95.0, 99.0, 99.9, 100.0] selected
[2018-07-27 09:13:30,675 DEBUG Engine] Module config: monitoring defaultdict(None, {'class': u'bzt.modules.monitoring.Monitoring'})
[2018-07-27 09:13:30,675 DEBUG root] Importing module: bzt.modules.monitoring
[2018-07-27 09:13:30,677 DEBUG root] Loading class: 'Monitoring' from <module 'bzt.modules.monitoring' from '/usr/local/Cellar/bzt/1.12.1/libexec/lib/python2.7/site-packages/bzt/modules/monitoring.pyc'>
[2018-07-27 09:13:30,677 DEBUG Engine.monitoring] Should not run because of non-matching prov: cloud != local
[2018-07-27 09:13:30,677 DEBUG Engine] Module config: cloud defaultdict(None, {'token': '********', 'class': u'bzt.modules.blazemeter.CloudProvisioning'})
[2018-07-27 09:13:30,677 DEBUG root] Importing module: bzt.modules.blazemeter
[2018-07-27 09:13:30,686 DEBUG easyprocess] version=0.2.3
[2018-07-27 09:13:30,687 DEBUG pyvirtualdisplay] version=0.2.1
[2018-07-27 09:13:30,689 DEBUG root] Loading class: 'CloudProvisioning' from <module 'bzt.modules.blazemeter' from '/usr/local/Cellar/bzt/1.12.1/libexec/lib/python2.7/site-packages/bzt/modules/blazemeter.pyc'>
[2018-07-27 09:13:30,689 DEBUG Engine] Module config: blazemeter defaultdict(None, {'test': u'CICD Taurus SLA', 'token': '********', 'class': u'bzt.modules.blazemeter.BlazeMeterUploader'})
[2018-07-27 09:13:30,689 DEBUG root] Importing module: bzt.modules.blazemeter
[2018-07-27 09:13:30,689 DEBUG root] Loading class: 'BlazeMeterUploader' from <module 'bzt.modules.blazemeter' from '/usr/local/Cellar/bzt/1.12.1/libexec/lib/python2.7/site-packages/bzt/modules/blazemeter.pyc'>
[2018-07-27 09:13:30,690 DEBUG Engine.cloud] Installing http client
[2018-07-27 09:13:30,690 DEBUG Engine.cloud] Request: GET https://a.blazemeter.com/api/v4/accounts None
[2018-07-27 09:13:30,690 DEBUG HTTPClient] Making HTTP request GET https://a.blazemeter.com/api/v4/accounts
[2018-07-27 09:13:30,759 DEBUG urllib3.connectionpool] Starting new HTTPS connection (1): a.blazemeter.com:443
[2018-07-27 09:13:31,211 DEBUG urllib3.connectionpool] http://gettaurus.org:80 "GET /updates/?version=1.12.1&installID=macos-784f437f78c0 HTTP/1.1" 200 60
[2018-07-27 09:13:31,213 DEBUG Engine] Taurus updates info: {u'needsUpgrade': False, u'latest': u'1.12.1'}
[2018-07-27 09:13:31,213 DEBUG Engine] Installation is up-to-date
[2018-07-27 09:13:31,429 DEBUG urllib3.connectionpool] https://a.blazemeter.com:443 "GET /api/v4/accounts HTTP/1.1" 200 3450
[2018-07-27 09:13:31,430 DEBUG Engine.cloud] Response [200]: {
    "limit": 10,
    "skip": 0,
    "total": 4,
    "hidden": 0,
    "api_version": 4,
    "error": null,
    "result": [
        {
            "id": 100305,
            "name": "Account",
            "thumbnailUrl": null,
            "salesforceId": nul
[2018-07-27 09:13:31,432 DEBUG Engine.cloud] Request: GET https://a.blazemeter.com/api/v4/workspaces?accountId=100305&enabled=true&limit=100 None
[2018-07-27 09:13:31,432 DEBUG HTTPClient] Making HTTP request GET https://a.blazemeter.com/api/v4/workspaces?accountId=100305&enabled=true&limit=100
[2018-07-27 09:13:31,658 DEBUG urllib3.connectionpool] https://a.blazemeter.com:443 "GET /api/v4/workspaces?accountId=100305&enabled=true&limit=100 HTTP/1.1" 200 127
[2018-07-27 09:13:31,659 DEBUG Engine.cloud] Response [200]: {
    "limit": 100,
    "skip": 0,
    "total": 0,
    "hidden": 0,
    "api_version": 4,
    "error": null,
    "result": []
}
[2018-07-27 09:13:31,659 DEBUG Engine.cloud] Request: GET https://a.blazemeter.com/api/v4/workspaces?accountId=130965&enabled=true&limit=100 None
[2018-07-27 09:13:31,659 DEBUG HTTPClient] Making HTTP request GET https://a.blazemeter.com/api/v4/workspaces?accountId=130965&enabled=true&limit=100
[2018-07-27 09:13:31,960 DEBUG urllib3.connectionpool] https://a.blazemeter.com:443 "GET /api/v4/workspaces?accountId=130965&enabled=true&limit=100 HTTP/1.1" 200 2866
[2018-07-27 09:13:31,961 DEBUG Engine.cloud] Response [200]: {
    "limit": 100,
    "skip": 0,
    "total": 4,
    "hidden": 0,
    "api_version": 4,
    "error": null,
    "result": [
        {
            "id": 124387,
            "name": "Klaus Workspace",
            "userId": 345248,
            "created": 148
[2018-07-27 09:13:31,963 DEBUG Engine.cloud] Request: GET https://a.blazemeter.com/api/v4/workspaces?accountId=21166&enabled=true&limit=100 None
[2018-07-27 09:13:31,964 DEBUG HTTPClient] Making HTTP request GET https://a.blazemeter.com/api/v4/workspaces?accountId=21166&enabled=true&limit=100
[2018-07-27 09:13:32,209 DEBUG urllib3.connectionpool] https://a.blazemeter.com:443 "GET /api/v4/workspaces?accountId=21166&enabled=true&limit=100 HTTP/1.1" 200 1482
[2018-07-27 09:13:32,210 DEBUG Engine.cloud] Response [200]: {
    "limit": 100,
    "skip": 0,
    "total": 2,
    "hidden": 0,
    "api_version": 4,
    "error": null,
    "result": [
        {
            "id": 7199,
            "name": "CA SE Workspace",
            "userId": 307773,
            "created": 14775
[2018-07-27 09:13:32,211 DEBUG Engine.cloud] Request: GET https://a.blazemeter.com/api/v4/workspaces?accountId=40241&enabled=true&limit=100 None
[2018-07-27 09:13:32,211 DEBUG HTTPClient] Making HTTP request GET https://a.blazemeter.com/api/v4/workspaces?accountId=40241&enabled=true&limit=100
[2018-07-27 09:13:32,565 DEBUG urllib3.connectionpool] https://a.blazemeter.com:443 "GET /api/v4/workspaces?accountId=40241&enabled=true&limit=100 HTTP/1.1" 200 2191
[2018-07-27 09:13:32,566 DEBUG Engine.cloud] Response [200]: {
    "limit": 100,
    "skip": 0,
    "total": 3,
    "hidden": 0,
    "api_version": 4,
    "error": null,
    "result": [
        {
            "id": 509,
            "name": "Customer Demo Org",
            "userId": 86033,
            "created": 14419
[2018-07-27 09:13:32,567 DEBUG Engine] Module config: jmeter defaultdict(None, {'class': u'bzt.modules.jmeter.JMeterExecutor', 'protocol-handlers': defaultdict(None, {'http': u'bzt.jmx.http.HTTPProtocolHandler'}), 'properties': defaultdict(None, {'jmeter.save.saveservice.autoflush': u'true', 'jmeter.save.saveservice.connect_time': u'true', 'summariser.name': u'', 'jmeterengine.force.system.exit': u'true'}), 'plugins': [u'jpgc-casutg', u'jpgc-dummy', u'jpgc-ffw', u'jpgc-fifo', u'jpgc-functions', u'jpgc-json', u'jpgc-perfmon', u'jpgc-prmctl', u'jpgc-tst']})
[2018-07-27 09:13:32,567 DEBUG root] Importing module: bzt.modules.jmeter
[2018-07-27 09:13:32,578 DEBUG root] Loading class: 'JMeterExecutor' from <module 'bzt.modules.jmeter' from '/usr/local/Cellar/bzt/1.12.1/libexec/lib/python2.7/site-packages/bzt/modules/jmeter.pyc'>
[2018-07-27 09:13:32,579 DEBUG Engine.cloud.ProjectFinder] Parsed test link: None
[2018-07-27 09:13:32,579 DEBUG Engine.cloud] Request: GET https://a.blazemeter.com/api/v4/user None
[2018-07-27 09:13:32,580 DEBUG HTTPClient] Making HTTP request GET https://a.blazemeter.com/api/v4/user
[2018-07-27 09:13:32,793 DEBUG urllib3.connectionpool] https://a.blazemeter.com:443 "GET /api/v4/user HTTP/1.1" 200 2632
[2018-07-27 09:13:32,794 DEBUG Engine.cloud] Response [200]: {
    "api_version": 4,
    "error": null,
    "result": {
        "id": 106819,
        "email": "sid@blazemeter.com",
        "access": 1532647587,
        "login": 1532530944,
        "firstName": "Sid",
        "lastName": "Narang",
        "timezone":
[2018-07-27 09:13:32,795 DEBUG Engine.cloud] Request: GET https://a.blazemeter.com/api/v4/accounts None
[2018-07-27 09:13:32,795 DEBUG HTTPClient] Making HTTP request GET https://a.blazemeter.com/api/v4/accounts
[2018-07-27 09:13:33,057 DEBUG urllib3.connectionpool] https://a.blazemeter.com:443 "GET /api/v4/accounts HTTP/1.1" 200 3450
[2018-07-27 09:13:33,058 DEBUG Engine.cloud] Response [200]: {
    "limit": 10,
    "skip": 0,
    "total": 4,
    "hidden": 0,
    "api_version": 4,
    "error": null,
    "result": [
        {
            "id": 100305,
            "name": "Account",
            "thumbnailUrl": null,
            "salesforceId": nul
[2018-07-27 09:13:33,058 DEBUG Engine.cloud.ProjectFinder] Using default account: {u'updated': 1496763432, u'disclaimerMessage': None, u'appUrl': u'https://a.blazemeter.com', u'inviteUrl': u'https://a.blazemeter.com/app/sign-up', u'owner': {u'displayName': u'Michael Redman', u'id': 86033, u'email': u'mike@blazemeter.com'}, u'membersCount': 6, u'thumbnailUrl': u'', u'inviteContactEmail': None, u'apiKeyExpiration': None, u'workspacesCount': 10, u'name': u'My SN', u'created': 1482649492, u'legacyApiKeysDisabled': True, u'totangoId': None, u'id': 40241, u'inviteContactName': None, u'salesforceId': None, u'sessionDelayedStart': 180}
[2018-07-27 09:13:33,059 DEBUG Engine.cloud] Request: GET https://a.blazemeter.com/api/v4/workspaces?accountId=40241&enabled=true&limit=100 None
[2018-07-27 09:13:33,059 DEBUG HTTPClient] Making HTTP request GET https://a.blazemeter.com/api/v4/workspaces?accountId=40241&enabled=true&limit=100
[2018-07-27 09:13:33,280 DEBUG urllib3.connectionpool] https://a.blazemeter.com:443 "GET /api/v4/workspaces?accountId=40241&enabled=true&limit=100 HTTP/1.1" 200 2191
[2018-07-27 09:13:33,281 DEBUG Engine.cloud] Response [200]: {
    "limit": 100,
    "skip": 0,
    "total": 3,
    "hidden": 0,
    "api_version": 4,
    "error": null,
    "result": [
        {
            "id": 509,
            "name": "Customer Demo Org",
            "userId": 86033,
            "created": 14419
[2018-07-27 09:13:33,282 DEBUG Engine.cloud.ProjectFinder] Using first workspace: {u'updated': 1482649488, u'name': u"Sid Narang's Workspace", u'created': 1482649488, u'enabled': True, u'performanceLabsEnabled': False, u'userId': 106819, u'dedicatedIpsEnabled': True, u'privateLocationsEnabled': True, u'owner': {u'displayName': u'Sid Narang', u'id': 106819, u'email': u'sid@blazemeter.com'}, u'membersCount': 1, u'accountId': 40241, u'id': 31694, u'allowance': {u'amount': 1000000, u'type': u'vuh'}}
[2018-07-27 09:13:33,282 DEBUG Engine.cloud] Request: GET https://a.blazemeter.com/api/v4/user None
[2018-07-27 09:13:33,282 DEBUG HTTPClient] Making HTTP request GET https://a.blazemeter.com/api/v4/user
[2018-07-27 09:13:33,489 DEBUG urllib3.connectionpool] https://a.blazemeter.com:443 "GET /api/v4/user HTTP/1.1" 200 2632
[2018-07-27 09:13:33,490 DEBUG Engine.cloud] Response [200]: {
    "api_version": 4,
    "error": null,
    "result": {
        "id": 106819,
        "email": "sid@blazemeter.com",
        "access": 1532647587,
        "login": 1532530944,
        "firstName": "Sid",
        "lastName": "Narang",
        "timezone":
[2018-07-27 09:13:33,490 DEBUG Engine.cloud.ProjectFinder] Looking for default project: 74163
[2018-07-27 09:13:33,490 DEBUG Engine.cloud] Request: GET https://a.blazemeter.com/api/v4/projects?workspaceId=124387 None
[2018-07-27 09:13:33,490 DEBUG HTTPClient] Making HTTP request GET https://a.blazemeter.com/api/v4/projects?workspaceId=124387
[2018-07-27 09:13:33,713 DEBUG urllib3.connectionpool] https://a.blazemeter.com:443 "GET /api/v4/projects?workspaceId=124387 HTTP/1.1" 200 1864
[2018-07-27 09:13:33,714 DEBUG Engine.cloud] Response [200]: {
    "limit": 10,
    "skip": 0,
    "total": 6,
    "hidden": 0,
    "api_version": 4,
    "error": null,
    "result": [
        {
            "id": 168940,
            "name": "Default project",
            "userId": 345248,
            "description": 
[2018-07-27 09:13:33,714 DEBUG Engine.cloud] Request: GET https://a.blazemeter.com/api/v4/projects?workspaceId=137782 None
[2018-07-27 09:13:33,714 DEBUG HTTPClient] Making HTTP request GET https://a.blazemeter.com/api/v4/projects?workspaceId=137782
[2018-07-27 09:13:33,928 DEBUG urllib3.connectionpool] https://a.blazemeter.com:443 "GET /api/v4/projects?workspaceId=137782 HTTP/1.1" 200 2995
[2018-07-27 09:13:33,930 DEBUG Engine.cloud] Response [200]: {
    "limit": 10,
    "skip": 0,
    "total": 24,
    "hidden": 0,
    "api_version": 4,
    "error": null,
    "result": [
        {
            "id": 184355,
            "name": "Default project",
            "userId": null,
            "description": n
[2018-07-27 09:13:33,930 DEBUG Engine.cloud] Request: GET https://a.blazemeter.com/api/v4/projects?workspaceId=161580 None
[2018-07-27 09:13:33,930 DEBUG HTTPClient] Making HTTP request GET https://a.blazemeter.com/api/v4/projects?workspaceId=161580
[2018-07-27 09:13:34,150 DEBUG urllib3.connectionpool] https://a.blazemeter.com:443 "GET /api/v4/projects?workspaceId=161580 HTTP/1.1" 200 410
[2018-07-27 09:13:34,151 DEBUG Engine.cloud] Response [200]: {
    "limit": 10,
    "skip": 0,
    "total": 1,
    "hidden": 0,
    "api_version": 4,
    "error": null,
    "result": [
        {
            "id": 211804,
            "name": "Default project",
            "userId": null,
            "description": nu
[2018-07-27 09:13:34,152 DEBUG Engine.cloud] Request: GET https://a.blazemeter.com/api/v4/projects?workspaceId=165145 None
[2018-07-27 09:13:34,152 DEBUG HTTPClient] Making HTTP request GET https://a.blazemeter.com/api/v4/projects?workspaceId=165145
[2018-07-27 09:13:34,354 DEBUG urllib3.connectionpool] https://a.blazemeter.com:443 "GET /api/v4/projects?workspaceId=165145 HTTP/1.1" 200 411
[2018-07-27 09:13:34,355 DEBUG Engine.cloud] Response [200]: {
    "limit": 10,
    "skip": 0,
    "total": 1,
    "hidden": 0,
    "api_version": 4,
    "error": null,
    "result": [
        {
            "id": 215916,
            "name": "Default project",
            "userId": null,
            "description": nu
[2018-07-27 09:13:34,355 DEBUG Engine.cloud] Request: GET https://a.blazemeter.com/api/v4/projects?workspaceId=7199 None
[2018-07-27 09:13:34,355 DEBUG HTTPClient] Making HTTP request GET https://a.blazemeter.com/api/v4/projects?workspaceId=7199
[2018-07-27 09:13:34,572 DEBUG urllib3.connectionpool] https://a.blazemeter.com:443 "GET /api/v4/projects?workspaceId=7199 HTTP/1.1" 200 2922
[2018-07-27 09:13:34,572 DEBUG Engine.cloud] Response [200]: {
    "limit": 10,
    "skip": 0,
    "total": 16,
    "hidden": 0,
    "api_version": 4,
    "error": null,
    "result": [
        {
            "id": 167099,
            "name": "APM",
            "userId": null,
            "description": "JMeter with 
[2018-07-27 09:13:34,573 DEBUG Engine.cloud] Request: GET https://a.blazemeter.com/api/v4/projects?workspaceId=133217 None
[2018-07-27 09:13:34,573 DEBUG HTTPClient] Making HTTP request GET https://a.blazemeter.com/api/v4/projects?workspaceId=133217
[2018-07-27 09:13:34,781 DEBUG urllib3.connectionpool] https://a.blazemeter.com:443 "GET /api/v4/projects?workspaceId=133217 HTTP/1.1" 200 1614
[2018-07-27 09:13:34,782 DEBUG Engine.cloud] Response [200]: {
    "limit": 10,
    "skip": 0,
    "total": 5,
    "hidden": 0,
    "api_version": 4,
    "error": null,
    "result": [
        {
            "id": 201589,
            "name": "API - Run As Functional",
            "userId": null,
            "descript
[2018-07-27 09:13:34,783 DEBUG Engine.cloud] Request: GET https://a.blazemeter.com/api/v4/projects?workspaceId=509 None
[2018-07-27 09:13:34,783 DEBUG HTTPClient] Making HTTP request GET https://a.blazemeter.com/api/v4/projects?workspaceId=509
[2018-07-27 09:13:35,115 DEBUG urllib3.connectionpool] https://a.blazemeter.com:443 "GET /api/v4/projects?workspaceId=509 HTTP/1.1" 200 672
[2018-07-27 09:13:35,116 DEBUG Engine.cloud] Response [200]: {
    "limit": 10,
    "skip": 0,
    "total": 2,
    "hidden": 0,
    "api_version": 4,
    "error": null,
    "result": [
        {
            "id": 41932,
            "name": "Production Test",
            "userId": 106819,
            "description": "
[2018-07-27 09:13:35,116 DEBUG Engine.cloud] Request: GET https://a.blazemeter.com/api/v4/projects?workspaceId=3130 None
[2018-07-27 09:13:35,116 DEBUG HTTPClient] Making HTTP request GET https://a.blazemeter.com/api/v4/projects?workspaceId=3130
[2018-07-27 09:13:35,328 DEBUG urllib3.connectionpool] https://a.blazemeter.com:443 "GET /api/v4/projects?workspaceId=3130 HTTP/1.1" 200 406
[2018-07-27 09:13:35,329 DEBUG Engine.cloud] Response [200]: {
    "limit": 10,
    "skip": 0,
    "total": 1,
    "hidden": 0,
    "api_version": 4,
    "error": null,
    "result": [
        {
            "id": 43759,
            "name": "Perf Labs Test",
            "userId": 106819,
            "description": ""
[2018-07-27 09:13:35,329 DEBUG Engine.cloud] Request: GET https://a.blazemeter.com/api/v4/projects?workspaceId=31694 None
[2018-07-27 09:13:35,329 DEBUG HTTPClient] Making HTTP request GET https://a.blazemeter.com/api/v4/projects?workspaceId=31694
[2018-07-27 09:13:35,532 DEBUG urllib3.connectionpool] https://a.blazemeter.com:443 "GET /api/v4/projects?workspaceId=31694 HTTP/1.1" 200 2931
[2018-07-27 09:13:35,533 DEBUG Engine.cloud] Response [200]: {
    "limit": 10,
    "skip": 0,
    "total": 10,
    "hidden": 0,
    "api_version": 4,
    "error": null,
    "result": [
        {
            "id": 61465,
            "name": "AWS 2016",
            "userId": 106819,
            "description": "",
   
[2018-07-27 09:13:35,534 DEBUG Engine.cloud] Request: GET https://a.blazemeter.com/api/v4/multi-tests?projectId=74163&name=CICD+Taurus+SLA None
[2018-07-27 09:13:35,534 DEBUG HTTPClient] Making HTTP request GET https://a.blazemeter.com/api/v4/multi-tests?projectId=74163&name=CICD+Taurus+SLA
[2018-07-27 09:13:35,735 DEBUG urllib3.connectionpool] https://a.blazemeter.com:443 "GET /api/v4/multi-tests?projectId=74163&name=CICD+Taurus+SLA HTTP/1.1" 200 126
[2018-07-27 09:13:35,736 DEBUG Engine.cloud] Response [200]: {
    "limit": 10,
    "skip": 0,
    "total": 0,
    "hidden": 0,
    "api_version": 4,
    "error": null,
    "result": []
}
[2018-07-27 09:13:35,736 DEBUG Engine.cloud] Request: GET https://a.blazemeter.com/api/v4/tests?projectId=74163&name=CICD+Taurus+SLA None
[2018-07-27 09:13:35,736 DEBUG HTTPClient] Making HTTP request GET https://a.blazemeter.com/api/v4/tests?projectId=74163&name=CICD+Taurus+SLA
[2018-07-27 09:13:35,952 DEBUG urllib3.connectionpool] https://a.blazemeter.com:443 "GET /api/v4/tests?projectId=74163&name=CICD+Taurus+SLA HTTP/1.1" 200 588
[2018-07-27 09:13:35,953 DEBUG Engine.cloud] Response [200]: {
    "limit": 10,
    "skip": 0,
    "total": 1,
    "hidden": 0,
    "api_version": 4,
    "error": null,
    "result": [
        {
            "id": 6205788,
            "name": "CICD Taurus SLA",
            "userId": 106819,
            "created": 153
[2018-07-27 09:13:35,953 DEBUG Engine.cloud.ProjectFinder] Will create standard test
[2018-07-27 09:13:35,953 DEBUG Engine.cloud] Request: GET https://a.blazemeter.com/api/v4/workspaces/31694 None
[2018-07-27 09:13:35,954 DEBUG HTTPClient] Making HTTP request GET https://a.blazemeter.com/api/v4/workspaces/31694
[2018-07-27 09:13:36,319 DEBUG urllib3.connectionpool] https://a.blazemeter.com:443 "GET /api/v4/workspaces/31694 HTTP/1.1" 200 None
[2018-07-27 09:13:36,418 DEBUG Engine.cloud] Response [200]: {
    "api_version": 4,
    "error": null,
    "result": {
        "id": 31694,
        "name": "Sid Narang's Workspace",
        "userId": 106819,
        "created": 1482649488,
        "updated": 1482649488,
        "enabled": true,
        "dedicatedIps
[2018-07-27 09:13:36,439 DEBUG Engine.cloud.ProjectFinder.CloudTaurusTest] Default location None not found
[2018-07-27 09:13:36,441 DEBUG Engine.cloud] All resource files are: []
[2018-07-27 09:13:36,441 DEBUG Engine.cloud] Replace file names in config: [] with []
[2018-07-27 09:13:36,442 DEBUG Engine] New artifact filename: /Users/narsi01/Desktop/JWC_SN/WKS/WKS/2018-07-27_09-13-30.439695/cloud
[2018-07-27 09:13:36,444 DEBUG root] Dumping YAML config into /Users/narsi01/Desktop/JWC_SN/WKS/WKS/2018-07-27_09-13-30.439695/cloud.yml
[2018-07-27 09:13:36,458 DEBUG root] Dumping JSON config into /Users/narsi01/Desktop/JWC_SN/WKS/WKS/2018-07-27_09-13-30.439695/cloud.json
[2018-07-27 09:13:36,459 DEBUG Engine.cloud] Creating new test
[2018-07-27 09:13:36,459 DEBUG Engine.cloud] Request: POST https://a.blazemeter.com/api/v4/tests {
 "projectId": 74163, 
 "configuration": {
  "type": "taurus", 
  "plugins": {
   "taurus": {
    "filename": ""
   }
  }
 }, 
 "name": "CICD Taurus SLA"
}
[2018-07-27 09:13:36,459 DEBUG HTTPClient] Making HTTP request POST https://a.blazemeter.com/api/v4/tests
[2018-07-27 09:13:36,700 DEBUG urllib3.connectionpool] https://a.blazemeter.com:443 "POST /api/v4/tests HTTP/1.1" 201 675
[2018-07-27 09:13:36,701 DEBUG Engine.cloud] Response [201]: {
    "api_version": 4,
    "error": null,
    "result": {
        "id": 6226039,
        "name": "CICD Taurus SLA",
        "isNewTest": true,
        "userId": 106819,
        "created": 1532708016,
        "updated": 1532708016,
        "creatorClientId
[2018-07-27 09:13:36,701 DEBUG Engine.cloud] Request: GET https://a.blazemeter.com/api/v4/web/elfinder/6226039?cmd=open&target=s1_Lw None
[2018-07-27 09:13:36,702 DEBUG HTTPClient] Making HTTP request GET https://a.blazemeter.com/api/v4/web/elfinder/6226039?cmd=open&target=s1_Lw
[2018-07-27 09:13:37,259 DEBUG urllib3.connectionpool] https://a.blazemeter.com:443 "GET /api/v4/web/elfinder/6226039?cmd=open&target=s1_Lw HTTP/1.1" 200 1300
[2018-07-27 09:13:37,261 DEBUG Engine.cloud] Response [200]: {"cwd":{"name":"data","size":0,"mime":"directory","read":1,"write":1,"parent_id":"users","hash":"s1_Lw","rootRev":"","options":{"path":"","url":"","tmbUrl":"","disabled":["mkdir","archive","zipdl","extract","chmod"],"separator":"\/","copyOverwrite":1,"uplo
[2018-07-27 09:13:37,261 DEBUG Engine.cloud] Test files: []
[2018-07-27 09:13:37,275 DEBUG Engine.cloud] Uploading files into the test: []
[2018-07-27 09:13:37,289 DEBUG Engine.cloud] Request: POST https://a.blazemeter.com/api/v4/tests/6226039/files --===============5897410696472987369==
Content-Disposition: file; name="script"; filename="taurus.yml"
Content-Type: application/octet-stream

---
execution:
- concurrency: 100
  hold-for: 300s
  iterations: 1000
  locations:
    harbor-5591335d8588531
[2018-07-27 09:13:37,289 DEBUG HTTPClient] Making HTTP request POST https://a.blazemeter.com/api/v4/tests/6226039/files
[2018-07-27 09:13:38,600 DEBUG urllib3.connectionpool] https://a.blazemeter.com:443 "POST /api/v4/tests/6226039/files HTTP/1.1" 201 618
[2018-07-27 09:13:38,601 DEBUG Engine.cloud] Response [201]: {
    "api_version": 4,
    "error": null,
    "result": {
        "id": 6226039,
        "isNewTest": true,
        "name": "CICD Taurus SLA",
        "userId": 106819,
        "creatorClientId": "Taurus",
        "overrideExecutions": [],
        "create
[2018-07-27 09:13:38,601 DEBUG Engine.cloud] Request: PATCH https://a.blazemeter.com/api/v4/tests/6226039 {
 "configuration": {
  "executionType": null
 }
}
[2018-07-27 09:13:38,601 DEBUG HTTPClient] Making HTTP request PATCH https://a.blazemeter.com/api/v4/tests/6226039
[2018-07-27 09:13:38,913 DEBUG urllib3.connectionpool] https://a.blazemeter.com:443 "PATCH /api/v4/tests/6226039 HTTP/1.1" 200 1381
[2018-07-27 09:13:38,914 DEBUG Engine.cloud] Response [200]: {
    "api_version": 4,
    "error": null,
    "result": {
        "id": 6226039,
        "isNewTest": true,
        "name": "CICD Taurus SLA",
        "userId": 106819,
        "creatorClientId": "Taurus",
        "overrideExecutions": [],
        "create
[2018-07-27 09:13:38,915 DEBUG Engine.cloud] Request: PATCH https://a.blazemeter.com/api/v4/tests/6226039 {
 "configuration": {
  "plugins": {
   "reportEmail": {
    "enabled": false
   }
  }
 }
}
[2018-07-27 09:13:38,915 DEBUG HTTPClient] Making HTTP request PATCH https://a.blazemeter.com/api/v4/tests/6226039
[2018-07-27 09:13:39,302 DEBUG urllib3.connectionpool] https://a.blazemeter.com:443 "PATCH /api/v4/tests/6226039 HTTP/1.1" 200 1559
[2018-07-27 09:13:39,303 DEBUG Engine.cloud] Response [200]: {
    "api_version": 4,
    "error": null,
    "result": {
        "id": 6226039,
        "isNewTest": true,
        "name": "CICD Taurus SLA",
        "userId": 106819,
        "creatorClientId": "Taurus",
        "overrideExecutions": [],
        "create
[2018-07-27 09:13:39,303 DEBUG Engine] Module config: final-stats defaultdict(None, {'class': u'bzt.modules.reporting.FinalStatus'})
[2018-07-27 09:13:39,303 DEBUG root] Importing module: bzt.modules.reporting
[2018-07-27 09:13:39,304 DEBUG root] Loading class: 'FinalStatus' from <module 'bzt.modules.reporting' from '/usr/local/Cellar/bzt/1.12.1/libexec/lib/python2.7/site-packages/bzt/modules/reporting.pyc'>
[2018-07-27 09:13:39,304 DEBUG Engine] Module config: console defaultdict(None, {'class': u'bzt.modules.console.ConsoleStatusReporter'})
[2018-07-27 09:13:39,305 DEBUG root] Importing module: bzt.modules.console
[2018-07-27 09:13:39,305 DEBUG root] Loading class: 'ConsoleStatusReporter' from <module 'bzt.modules.console' from '/usr/local/Cellar/bzt/1.12.1/libexec/lib/python2.7/site-packages/bzt/modules/console.pyc'>
[2018-07-27 09:13:39,305 DEBUG Engine] Module config: passfail defaultdict(None, {'class': u'bzt.modules.passfail.PassFailStatus'})
[2018-07-27 09:13:39,305 DEBUG root] Importing module: bzt.modules.passfail
[2018-07-27 09:13:39,306 DEBUG root] Loading class: 'PassFailStatus' from <module 'bzt.modules.passfail' from '/usr/local/Cellar/bzt/1.12.1/libexec/lib/python2.7/site-packages/bzt/modules/passfail.pyc'>
[2018-07-27 09:13:39,306 DEBUG Engine] Module config: final_stats defaultdict(None, {'class': u'bzt.modules.reporting.FinalStatus'})
[2018-07-27 09:13:39,306 DEBUG root] Importing module: bzt.modules.reporting
[2018-07-27 09:13:39,306 DEBUG root] Loading class: 'FinalStatus' from <module 'bzt.modules.reporting' from '/usr/local/Cellar/bzt/1.12.1/libexec/lib/python2.7/site-packages/bzt/modules/reporting.pyc'>
[2018-07-27 09:13:39,306 DEBUG Engine] Module config: junit-xml defaultdict(None, {'class': u'bzt.modules.reporting.JUnitXMLReporter'})
[2018-07-27 09:13:39,306 DEBUG root] Importing module: bzt.modules.reporting
[2018-07-27 09:13:39,306 DEBUG root] Loading class: 'JUnitXMLReporter' from <module 'bzt.modules.reporting' from '/usr/local/Cellar/bzt/1.12.1/libexec/lib/python2.7/site-packages/bzt/modules/reporting.pyc'>
[2018-07-27 09:13:39,315 DEBUG root] Importing module: bzt.modules.passfail
[2018-07-27 09:13:39,315 DEBUG root] Loading class: 'DataCriterion' from <module 'bzt.modules.passfail' from '/usr/local/Cellar/bzt/1.12.1/libexec/lib/python2.7/site-packages/bzt/modules/passfail.pyc'>
[2018-07-27 09:13:39,318 DEBUG Engine.Configuration] Dumping YAML config into /Users/narsi01/Desktop/JWC_SN/WKS/WKS/2018-07-27_09-13-30.439695/effective.yml
[2018-07-27 09:13:39,359 DEBUG Engine.Configuration] Dumping JSON config into /Users/narsi01/Desktop/JWC_SN/WKS/WKS/2018-07-27_09-13-30.439695/effective.json
[2018-07-27 09:13:39,360 INFO Engine] Starting...
[2018-07-27 09:13:39,361 DEBUG Engine] Startup <bzt.modules.aggregator.ConsolidatingAggregator object at 0x1032fa610>
[2018-07-27 09:13:39,361 DEBUG Engine] Startup <bzt.modules.reporting.FinalStatus object at 0x104bf2990>
[2018-07-27 09:13:39,361 DEBUG Engine] Startup <bzt.modules.console.ConsoleStatusReporter object at 0x104bd07d0>
[2018-07-27 09:13:39,361 INFO Engine.console] Waiting for results...
[2018-07-27 09:13:39,361 DEBUG Engine] Startup <bzt.modules.passfail.PassFailStatus object at 0x104bd0a50>
[2018-07-27 09:13:39,361 DEBUG Engine] Startup <bzt.modules.reporting.FinalStatus object at 0x104bd0a90>
[2018-07-27 09:13:39,361 DEBUG Engine] Startup <bzt.modules.reporting.JUnitXMLReporter object at 0x104bd0b10>
[2018-07-27 09:13:39,361 DEBUG Engine] Startup <bzt.modules.blazemeter.CloudProvisioning object at 0x104a91450>
[2018-07-27 09:13:39,362 INFO Engine.cloud.ProjectFinder.CloudTaurusTest] Initiating cloud test with https://a.blazemeter.com ...
[2018-07-27 09:13:39,362 DEBUG Engine.cloud] Request: POST https://a.blazemeter.com/api/v4/tests/6226039/start None
[2018-07-27 09:13:39,362 DEBUG HTTPClient] Making HTTP request POST https://a.blazemeter.com/api/v4/tests/6226039/start
[2018-07-27 09:13:44,819 DEBUG urllib3.connectionpool] https://a.blazemeter.com:443 "POST /api/v4/tests/6226039/start HTTP/1.1" 202 1352
[2018-07-27 09:13:44,820 DEBUG Engine.cloud] Response [202]: {
    "api_version": 4,
    "error": null,
    "result": {
        "id": 18000489,
        "name": "CICD Taurus SLA",
        "userId": 106819,
        "runnerUserId": 106819,
        "parallelTestsInWorkspace": 1,
        "parallelTestsInAccount": 1,
    
[2018-07-27 09:13:44,821 INFO Engine.cloud] Started cloud test: https://a.blazemeter.com/app/#/masters/18000489
[2018-07-27 09:13:44,975 DEBUG Engine.Configuration] Dumping YAML config into /Users/narsi01/Desktop/JWC_SN/WKS/WKS/2018-07-27_09-13-30.439695/effective.yml
[2018-07-27 09:13:45,028 DEBUG Engine.Configuration] Dumping JSON config into /Users/narsi01/Desktop/JWC_SN/WKS/WKS/2018-07-27_09-13-30.439695/effective.json
[2018-07-27 09:13:45,031 DEBUG root] Leveling down log file verbosity to INFO, use -v option to have DEBUG messages enabled
[2018-07-27 09:13:45,261 INFO Engine.cloud] Cloud test status: BOOT_STARTING
[2018-07-27 09:13:45,616 INFO Engine.console] Waiting for finish...
[2018-07-27 09:14:00,329 INFO Engine.cloud] Cloud test status: TAURUS_ENGINE_READY
[2018-07-27 09:14:15,331 INFO Engine.cloud] Cloud test status: DATA_RECEIVED
[2018-07-27 09:16:25,138 WARNING Engine] Please wait for graceful shutdown...
[2018-07-27 09:16:25,147 DEBUG root] Leveled up log file verbosity
[2018-07-27 09:16:25,147 INFO Engine] Shutting down...
[2018-07-27 09:16:25,163 DEBUG Engine] Current stop reason: 
[2018-07-27 09:16:25,163 DEBUG Engine.console] Restoring logging streams, [<logging.StreamHandler object at 0x1032ce550>]/{<logging.StreamHandler object at 0x1032ce550>: <open file '<stdout>', mode 'w' at 0x101a5a150>}
[2018-07-27 09:16:25,167 DEBUG Engine.Configuration] Dumping YAML config into /Users/narsi01/Desktop/JWC_SN/WKS/WKS/2018-07-27_09-13-30.439695/effective.yml
[2018-07-27 09:16:25,204 DEBUG Engine.Configuration] Dumping JSON config into /Users/narsi01/Desktop/JWC_SN/WKS/WKS/2018-07-27_09-13-30.439695/effective.json
[2018-07-27 09:16:25,205 WARNING root] Keyboard interrupt
[2018-07-27 09:16:25,206 DEBUG root] KeyboardInterrupt: 
Traceback (most recent call last):
  File "/usr/local/Cellar/bzt/1.12.1/libexec/lib/python2.7/site-packages/bzt/cli.py", line 254, in perform
    self.engine.run()
  File "/usr/local/Cellar/bzt/1.12.1/libexec/lib/python2.7/site-packages/bzt/engine.py", line 224, in run
    reraise(exc_info)
  File "/usr/local/Cellar/bzt/1.12.1/libexec/lib/python2.7/site-packages/bzt/engine.py", line 206, in run
    self._wait()
  File "/usr/local/Cellar/bzt/1.12.1/libexec/lib/python2.7/site-packages/bzt/engine.py", line 252, in _wait
    time.sleep(delay)
KeyboardInterrupt
[2018-07-27 09:16:25,206 INFO Engine] Post-processing...
[2018-07-27 09:16:25,206 INFO Engine.cloud.ProjectFinder.CloudTaurusTest] Ending cloud test...
[2018-07-27 09:16:25,206 DEBUG Engine.cloud] Request: POST https://a.blazemeter.com/api/v4/masters/18000489/stop None
[2018-07-27 09:16:25,206 DEBUG HTTPClient] Making HTTP request POST https://a.blazemeter.com/api/v4/masters/18000489/stop
[2018-07-27 09:16:25,457 DEBUG urllib3.connectionpool] https://a.blazemeter.com:443 "POST /api/v4/masters/18000489/stop HTTP/1.1" 202 570
[2018-07-27 09:16:25,458 DEBUG Engine.cloud] Response [202]: {
    "api_version": 4,
    "error": null,
    "result": [
        {
            "session_id": "r-v4-5b5b44b7ca8e0",
            "result": "Stopped"
        },
        {
            "session_id": "r-v4-5b5b44b7cd6d7",
            "result": "Stopped"
      
[2018-07-27 09:16:25,458 DEBUG Engine.cloud] Request: GET https://a.blazemeter.com/api/v4/masters/18000489/full None
[2018-07-27 09:16:25,458 DEBUG HTTPClient] Making HTTP request GET https://a.blazemeter.com/api/v4/masters/18000489/full
[2018-07-27 09:16:25,794 DEBUG urllib3.connectionpool] https://a.blazemeter.com:443 "GET /api/v4/masters/18000489/full HTTP/1.1" 200 None
[2018-07-27 09:16:25,796 DEBUG Engine.cloud] Response [200]: {
    "api_version": 4,
    "error": null,
    "result": {
        "id": 18000489,
        "name": "CICD Taurus SLA",
        "userId": 106819,
        "runnerUserId": 106819,
        "created": 1532708023,
        "updated": 1532708023,
        "parallelT
[2018-07-27 09:16:25,797 DEBUG Engine.cloud] Request: GET https://a.blazemeter.com/api/v4/data/labels?master_id=18000489 None
[2018-07-27 09:16:25,797 DEBUG HTTPClient] Making HTTP request GET https://a.blazemeter.com/api/v4/data/labels?master_id=18000489
[2018-07-27 09:16:26,007 DEBUG urllib3.connectionpool] https://a.blazemeter.com:443 "GET /api/v4/data/labels?master_id=18000489 HTTP/1.1" 200 1840
[2018-07-27 09:16:26,008 DEBUG Engine.cloud] Response [200]: {
    "api_version": 4,
    "error": null,
    "result": [
        {
            "id": "ALL",
            "name": "ALL",
            "sessions": [
                "r-v4-5b5b44b7ca8e0",
                "r-v4-5b5b44b7cd6d7",
                "r-v4-5b5b44b7cee
[2018-07-27 09:16:26,008 DEBUG Engine.cloud] Request: GET https://a.blazemeter.com/api/v4/data/kpis?interval=1&from=1532708176&master_ids%5B%5D=18000489&kpis%5B%5D=t&kpis%5B%5D=lt&kpis%5B%5D=by&kpis%5B%5D=n&kpis%5B%5D=ec&kpis%5B%5D=ts&kpis%5B%5D=na&labels%5B%5D=ALL&labels%5B%5D=c12153d8b98ab22581e171d0a414b685&labels%5B%5D=527285e5e69573ac3e926207e867bc32&labels%5B%5D=8c3cde8057be5d2ee12453ce651e04da&labels%5B%5D=b71318970259e155ebbff992e1d9a9a2 None
[2018-07-27 09:16:26,008 DEBUG HTTPClient] Making HTTP request GET https://a.blazemeter.com/api/v4/data/kpis?interval=1&from=1532708176&master_ids%5B%5D=18000489&kpis%5B%5D=t&kpis%5B%5D=lt&kpis%5B%5D=by&kpis%5B%5D=n&kpis%5B%5D=ec&kpis%5B%5D=ts&kpis%5B%5D=na&labels%5B%5D=ALL&labels%5B%5D=c12153d8b98ab22581e171d0a414b685&labels%5B%5D=527285e5e69573ac3e926207e867bc32&labels%5B%5D=8c3cde8057be5d2ee12453ce651e04da&labels%5B%5D=b71318970259e155ebbff992e1d9a9a2
[2018-07-27 09:16:26,235 DEBUG urllib3.connectionpool] https://a.blazemeter.com:443 "GET /api/v4/data/kpis?interval=1&from=1532708176&master_ids%5B%5D=18000489&kpis%5B%5D=t&kpis%5B%5D=lt&kpis%5B%5D=by&kpis%5B%5D=n&kpis%5B%5D=ec&kpis%5B%5D=ts&kpis%5B%5D=na&labels%5B%5D=ALL&labels%5B%5D=c12153d8b98ab22581e171d0a414b685&labels%5B%5D=527285e5e69573ac3e926207e867bc32&labels%5B%5D=8c3cde8057be5d2ee12453ce651e04da&labels%5B%5D=b71318970259e155ebbff992e1d9a9a2 HTTP/1.1" 200 None
[2018-07-27 09:16:26,268 DEBUG Engine.cloud] Response [200]: {
    "api_version": 4,
    "error": null,
    "result": [
        {
            "labelId": "527285e5e69573ac3e926207e867bc32",
            "labelName": "http://www.centurylink.com/home/help.html",
            "label": "http://www.centurylink.com/home/help
[2018-07-27 09:16:26,268 DEBUG Engine.cloud] Request: GET https://a.blazemeter.com/api/v4/masters/18000489/reports/aggregatereport/data None
[2018-07-27 09:16:26,268 DEBUG HTTPClient] Making HTTP request GET https://a.blazemeter.com/api/v4/masters/18000489/reports/aggregatereport/data
[2018-07-27 09:16:26,482 DEBUG urllib3.connectionpool] https://a.blazemeter.com:443 "GET /api/v4/masters/18000489/reports/aggregatereport/data HTTP/1.1" 200 3680
[2018-07-27 09:16:26,482 DEBUG Engine.cloud] Response [200]: {
    "api_version": 4,
    "error": null,
    "result": [
        {
            "labelId": "ALL",
            "labelName": "ALL",
            "samples": 33820,
            "avgResponseTime": 270.24,
            "90line": 361.62,
            "95line": 445.
[2018-07-27 09:16:26,483 DEBUG Engine.cloud] Request: GET https://a.blazemeter.com/api/v4/masters/18000489/reports/errorsreport/data?noDataError=false None
[2018-07-27 09:16:26,483 DEBUG HTTPClient] Making HTTP request GET https://a.blazemeter.com/api/v4/masters/18000489/reports/errorsreport/data?noDataError=false
[2018-07-27 09:16:26,717 DEBUG urllib3.connectionpool] https://a.blazemeter.com:443 "GET /api/v4/masters/18000489/reports/errorsreport/data?noDataError=false HTTP/1.1" 200 61
[2018-07-27 09:16:26,718 DEBUG Engine.cloud] Response [200]: {
    "api_version": 4,
    "error": null,
    "result": []
}
[2018-07-27 09:16:26,725 DEBUG Engine.consolidator] Consolidator buffer[7]: [1532708174, 1532708175, 1532708176, 1532708177, 1532708178, 1532708179, 1532708180]
[2018-07-27 09:16:26,725 DEBUG Engine.consolidator] Merging into 1532708174
[2018-07-27 09:16:26,725 DEBUG Engine.consolidator] Merging 1532708174
[2018-07-27 09:16:26,730 DEBUG root] 1532708174 Alert: avg-rt>350ms for -9223372036854775806 sec: False
[2018-07-27 09:16:26,730 DEBUG Engine.consolidator] Processed datapoint: 1532708174/None
[2018-07-27 09:16:26,730 DEBUG Engine.consolidator] Merging into 1532708175
[2018-07-27 09:16:26,731 DEBUG Engine.consolidator] Merging 1532708175
[2018-07-27 09:16:26,735 DEBUG root] 1532708175 Alert: avg-rt>350ms for -9223372036854775806 sec: False
[2018-07-27 09:16:26,735 DEBUG Engine.consolidator] Processed datapoint: 1532708175/None
[2018-07-27 09:16:26,735 DEBUG Engine.consolidator] Merging into 1532708176
[2018-07-27 09:16:26,735 DEBUG Engine.consolidator] Merging 1532708176
[2018-07-27 09:16:26,738 DEBUG root] 1532708176 Alert: avg-rt>350ms for -9223372036854775806 sec: False
[2018-07-27 09:16:26,738 DEBUG Engine.consolidator] Processed datapoint: 1532708176/None
[2018-07-27 09:16:26,739 DEBUG Engine.consolidator] Merging into 1532708177
[2018-07-27 09:16:26,739 DEBUG Engine.consolidator] Merging 1532708177
[2018-07-27 09:16:26,742 DEBUG root] 1532708177 Alert: avg-rt>350ms for -9223372036854775806 sec: False
[2018-07-27 09:16:26,742 DEBUG Engine.consolidator] Processed datapoint: 1532708177/None
[2018-07-27 09:16:26,742 DEBUG Engine.consolidator] Merging into 1532708178
[2018-07-27 09:16:26,742 DEBUG Engine.consolidator] Merging 1532708178
[2018-07-27 09:16:26,746 DEBUG root] 1532708178 Alert: avg-rt>350ms for -9223372036854775806 sec: False
[2018-07-27 09:16:26,746 DEBUG Engine.consolidator] Processed datapoint: 1532708178/None
[2018-07-27 09:16:26,746 DEBUG Engine.consolidator] Merging into 1532708179
[2018-07-27 09:16:26,746 DEBUG Engine.consolidator] Merging 1532708179
[2018-07-27 09:16:26,751 DEBUG root] 1532708179 Alert: avg-rt>350ms for -9223372036854775806 sec: False
[2018-07-27 09:16:26,751 DEBUG Engine.consolidator] Processed datapoint: 1532708179/None
[2018-07-27 09:16:26,751 DEBUG Engine.consolidator] Merging into 1532708180
[2018-07-27 09:16:26,751 DEBUG Engine.consolidator] Merging 1532708180
[2018-07-27 09:16:26,754 DEBUG root] 1532708180 Alert: avg-rt>350ms for -9223372036854775806 sec: False
[2018-07-27 09:16:26,755 DEBUG Engine.consolidator] Processed datapoint: 1532708180/None
[2018-07-27 09:16:26,755 INFO Engine.final-stats] Test duration: 0:02:46
[2018-07-27 09:16:26,755 INFO Engine.final-stats] Samples count: 10634, 0.00% failures
[2018-07-27 09:16:26,755 INFO Engine.final-stats] Average times: total 0.278, latency 0.097, connect 0.000
[2018-07-27 09:16:26,756 INFO Engine.final-stats] Percentiles:
(0lqqqqqqqqqqqqqqqwqqqqqqqqqqqqqqqk(B
(0x(B Percentile, % (0x(B Resp. Time, s (0x(B
(0tqqqqqqqqqqqqqqqnqqqqqqqqqqqqqqqu(B
(0x(B          90.0 (0x(B        0.3615 (0x(B
(0x(B          95.0 (0x(B        0.5365 (0x(B
(0x(B          99.0 (0x(B         0.636 (0x(B
(0mqqqqqqqqqqqqqqqvqqqqqqqqqqqqqqqj(B
[2018-07-27 09:16:26,759 INFO Engine.final-stats] Request label stats:
(0lqqqqqqqqqqqqqqqqqqqqqqqqqqqqqqqqqqqqqqqqqqqqqqqqqqqwqqqqqqqqwqqqqqqqqqwqqqqqqqqwqqqqqqqk(B
(0x(B label                                             (0x(B status (0x(B    succ (0x(B avg_rt (0x(B error (0x(B
(0tqqqqqqqqqqqqqqqqqqqqqqqqqqqqqqqqqqqqqqqqqqqqqqqqqqqnqqqqqqqqnqqqqqqqqqnqqqqqqqqnqqqqqqqu(B
(0x(B http://www.centurylink.com/home/                  (0x(B   OK   (0x(B 100.00% (0x(B  0.236 (0x(B       (0x(B
(0x(B http://www.centurylink.com/home/help.html         (0x(B   OK   (0x(B 100.00% (0x(B  0.236 (0x(B       (0x(B
(0x(B http://www.centurylink.com/home/help/contact.html (0x(B   OK   (0x(B 100.00% (0x(B  0.249 (0x(B       (0x(B
(0x(B http://www.centurylink.com/index_a.html           (0x(B   OK   (0x(B 100.00% (0x(B  0.392 (0x(B       (0x(B
(0mqqqqqqqqqqqqqqqqqqqqqqqqqqqqqqqqqqqqqqqqqqqqqqqqqqqvqqqqqqqqvqqqqqqqqqvqqqqqqqqvqqqqqqqj(B
[2018-07-27 09:16:26,760 DEBUG Engine.console] No logger_handler or orig_stream was detected
[2018-07-27 09:16:26,760 INFO Engine.final_stats] Test duration: 0:02:46
[2018-07-27 09:16:26,760 INFO Engine.final_stats] Samples count: 10634, 0.00% failures
[2018-07-27 09:16:26,760 INFO Engine.final_stats] Average times: total 0.278, latency 0.097, connect 0.000
[2018-07-27 09:16:26,760 INFO Engine.final_stats] Percentiles:
(0lqqqqqqqqqqqqqqqwqqqqqqqqqqqqqqqk(B
(0x(B Percentile, % (0x(B Resp. Time, s (0x(B
(0tqqqqqqqqqqqqqqqnqqqqqqqqqqqqqqqu(B
(0x(B          90.0 (0x(B        0.3615 (0x(B
(0x(B          95.0 (0x(B        0.5365 (0x(B
(0x(B          99.0 (0x(B         0.636 (0x(B
(0mqqqqqqqqqqqqqqqvqqqqqqqqqqqqqqqj(B
[2018-07-27 09:16:26,761 INFO Engine.final_stats] Request label stats:
(0lqqqqqqqqqqqqqqqqqqqqqqqqqqqqqqqqqqqqqqqqqqqqqqqqqqqwqqqqqqqqwqqqqqqqqqwqqqqqqqqwqqqqqqqk(B
(0x(B label                                             (0x(B status (0x(B    succ (0x(B avg_rt (0x(B error (0x(B
(0tqqqqqqqqqqqqqqqqqqqqqqqqqqqqqqqqqqqqqqqqqqqqqqqqqqqnqqqqqqqqnqqqqqqqqqnqqqqqqqqnqqqqqqqu(B
(0x(B http://www.centurylink.com/home/                  (0x(B   OK   (0x(B 100.00% (0x(B  0.236 (0x(B       (0x(B
(0x(B http://www.centurylink.com/home/help.html         (0x(B   OK   (0x(B 100.00% (0x(B  0.236 (0x(B       (0x(B
(0x(B http://www.centurylink.com/home/help/contact.html (0x(B   OK   (0x(B 100.00% (0x(B  0.249 (0x(B       (0x(B
(0x(B http://www.centurylink.com/index_a.html           (0x(B   OK   (0x(B 100.00% (0x(B  0.392 (0x(B       (0x(B
(0mqqqqqqqqqqqqqqqqqqqqqqqqqqqqqqqqqqqqqqqqqqqqqqqqqqqvqqqqqqqqvqqqqqqqqqvqqqqqqqqvqqqqqqqj(B
[2018-07-27 09:16:26,762 INFO Engine.final_stats] Dumping final status as CSV: aggregate.csv
[2018-07-27 09:16:26,765 DEBUG Engine.junit-xml] Processing passfail objects: [<bzt.modules.passfail.PassFailStatus object at 0x104bd0a50>]
[2018-07-27 09:16:26,766 WARNING Engine.XUnitFileWriter] File pass-fail.xml already exists, it will be overwritten
[2018-07-27 09:16:26,766 INFO Engine.XUnitFileWriter] Writing JUnit XML report into: pass-fail.xml
[2018-07-27 09:16:26,769 DEBUG Engine.Configuration] Dumping YAML config into /Users/narsi01/Desktop/JWC_SN/WKS/WKS/2018-07-27_09-13-30.439695/effective.yml
[2018-07-27 09:16:26,806 DEBUG Engine.Configuration] Dumping JSON config into /Users/narsi01/Desktop/JWC_SN/WKS/WKS/2018-07-27_09-13-30.439695/effective.json
[2018-07-27 09:16:26,808 INFO root] Artifacts dir: /Users/narsi01/Desktop/JWC_SN/WKS/WKS/2018-07-27_09-13-30.439695
[2018-07-27 09:16:26,808 WARNING root] Done performing with code: 1
[2018-07-27 09:16:26,808 DEBUG root] Closing log handler: /Users/narsi01/Desktop/JWC_SN/WKS/WKS/2018-07-27_09-13-30.439695/bzt.log
