[2017-08-07 14:59:11,965 INFO root] Taurus CLI Tool v1.8.4.1401
[2017-08-07 14:59:11,965 DEBUG root] Command-line options: {'verbose': None, 'no_system_configs': None, 'quiet': None, 'log': '/var/folders/t5/kg41spf56pz146ff1j739w358p9wh7/T/bzt_G0Ij_9.log', 'option': None, 'aliases': ['cloud']}
[2017-08-07 14:59:11,965 DEBUG root] Python: CPython 2.7.13
[2017-08-07 14:59:11,965 DEBUG root] OS: ('Darwin', 'narsi01mac1752', '16.7.0', 'Darwin Kernel Version 16.7.0: Thu Jun 15 17:36:27 PDT 2017; root:xnu-3789.70.16~2/RELEASE_X86_64', 'x86_64', 'i386')
[2017-08-07 14:59:11,965 INFO root] Starting with configs: ['sel_har_cloud.yml']
[2017-08-07 14:59:11,965 DEBUG root] Adding personal config: /Users/narsi01/.bzt-rc
[2017-08-07 14:59:11,966 INFO Engine] Configuring...
[2017-08-07 14:59:11,966 DEBUG Engine] Reading extension configs from: /usr/local/etc/bzt.d
[2017-08-07 14:59:11,966 DEBUG Engine.Configuration] Configs: ['/Library/Frameworks/Python.framework/Versions/2.7/lib/python2.7/site-packages/bzt/resources/base-config.yml', '/usr/local/etc/bzt.d/99-installID.yml']
[2017-08-07 14:59:11,966 DEBUG Engine.Configuration] Reading /Library/Frameworks/Python.framework/Versions/2.7/lib/python2.7/site-packages/bzt/resources/base-config.yml
[2017-08-07 14:59:11,966 DEBUG Engine.Configuration] Reading /Library/Frameworks/Python.framework/Versions/2.7/lib/python2.7/site-packages/bzt/resources/base-config.yml as YAML
[2017-08-07 14:59:11,991 DEBUG Engine.Configuration] Reading /usr/local/etc/bzt.d/99-installID.yml
[2017-08-07 14:59:11,991 DEBUG Engine.Configuration] Reading /usr/local/etc/bzt.d/99-installID.yml as YAML
[2017-08-07 14:59:11,992 DEBUG Engine.Configuration] Configs: ['/Users/narsi01/.bzt-rc', 'sel_har_cloud.yml']
[2017-08-07 14:59:11,992 DEBUG Engine.Configuration] Reading /Users/narsi01/.bzt-rc
[2017-08-07 14:59:11,992 DEBUG Engine.Configuration] Reading /Users/narsi01/.bzt-rc as YAML
[2017-08-07 14:59:11,993 DEBUG Engine.Configuration] Reading sel_har_cloud.yml
[2017-08-07 14:59:11,996 DEBUG Engine.Configuration] Reading sel_har_cloud.yml as YAML
[2017-08-07 14:59:11,999 DEBUG root] Configs: ['/Users/narsi01/.bzt-rc', 'sel_har_cloud.yml']
[2017-08-07 14:59:11,999 DEBUG root] Reading /Users/narsi01/.bzt-rc
[2017-08-07 14:59:12,000 DEBUG root] Reading /Users/narsi01/.bzt-rc as YAML
[2017-08-07 14:59:12,000 DEBUG root] Reading sel_har_cloud.yml
[2017-08-07 14:59:12,000 DEBUG root] Reading sel_har_cloud.yml as YAML
[2017-08-07 14:59:12,005 INFO Engine] Artifacts dir: /Users/narsi01/Desktop/JWC_SN/jenkins/2017-08-07_14-59-12.004921
[2017-08-07 14:59:12,005 DEBUG Engine] New artifact filename: /Users/narsi01/Desktop/JWC_SN/jenkins/2017-08-07_14-59-12.004921/effective
[2017-08-07 14:59:12,007 DEBUG Engine.Configuration] Dumping YAML config into /Users/narsi01/Desktop/JWC_SN/jenkins/2017-08-07_14-59-12.004921/effective.yml
[2017-08-07 14:59:12,021 DEBUG Engine] Requesting updates info: http://gettaurus.org/updates/?version=1.8.4.1401&installID=acde48001122
[2017-08-07 14:59:12,046 DEBUG Engine.Configuration] Dumping JSON config into /Users/narsi01/Desktop/JWC_SN/jenkins/2017-08-07_14-59-12.004921/effective.json
[2017-08-07 14:59:12,050 DEBUG Engine] New artifact filename: /Users/narsi01/Desktop/JWC_SN/jenkins/2017-08-07_14-59-12.004921/merged.yml
[2017-08-07 14:59:12,050 DEBUG root] Dumping YAML config into /Users/narsi01/Desktop/JWC_SN/jenkins/2017-08-07_14-59-12.004921/merged.yml
[2017-08-07 14:59:12,056 DEBUG Engine] New artifact filename: /Users/narsi01/Desktop/JWC_SN/jenkins/2017-08-07_14-59-12.004921/merged.json
[2017-08-07 14:59:12,057 DEBUG root] Dumping JSON config into /Users/narsi01/Desktop/JWC_SN/jenkins/2017-08-07_14-59-12.004921/merged.json
[2017-08-07 14:59:12,061 DEBUG Engine] Add existing artifact (move=False): sel_har_cloud.yml
[2017-08-07 14:59:12,061 DEBUG Engine] Copying sel_har_cloud.yml to /Users/narsi01/Desktop/JWC_SN/jenkins/2017-08-07_14-59-12.004921/sel_har_cloud.yml
[2017-08-07 14:59:12,064 DEBUG root] Closing log handler: /var/folders/t5/kg41spf56pz146ff1j739w358p9wh7/T/bzt_G0Ij_9.log
[2017-08-07 14:59:12,071 DEBUG root] Switched writing logs to /Users/narsi01/Desktop/JWC_SN/jenkins/2017-08-07_14-59-12.004921/bzt.log
[2017-08-07 14:59:12,071 INFO Engine] Preparing...
[2017-08-07 14:59:12,071 DEBUG Engine] Module config: consolidator defaultdict(None, {'class': 'bzt.modules.aggregator.ConsolidatingAggregator'})
[2017-08-07 14:59:12,071 DEBUG root] Importing module: bzt.modules.aggregator
[2017-08-07 14:59:12,073 DEBUG root] Loading class: 'ConsolidatingAggregator' from <module 'bzt.modules.aggregator' from '/Library/Frameworks/Python.framework/Versions/2.7/lib/python2.7/site-packages/bzt/modules/aggregator.pyc'>
[2017-08-07 14:59:12,073 DEBUG Engine.consolidator] Exception in dehumanize_time(inf)
[2017-08-07 14:59:12,073 DEBUG Engine.consolidator] Buffer scaling setup: percentile 95.0 from [0.0, 50.0, 90.0, 95.0, 99.0, 99.9, 100.0] selected
[2017-08-07 14:59:12,073 DEBUG Engine] Module config: monitoring defaultdict(None, {'class': 'bzt.modules.monitoring.Monitoring'})
[2017-08-07 14:59:12,074 DEBUG root] Importing module: bzt.modules.monitoring
[2017-08-07 14:59:12,098 DEBUG root] Loading class: 'Monitoring' from <module 'bzt.modules.monitoring' from '/Library/Frameworks/Python.framework/Versions/2.7/lib/python2.7/site-packages/bzt/modules/monitoring.pyc'>
[2017-08-07 14:59:12,098 DEBUG Engine.monitoring] Should not run because of non-matching prov: cloud != local
[2017-08-07 14:59:12,099 DEBUG Engine] Module config: capturehar defaultdict(None, {'class': 'bzt.modules.blazemeter.ServiceStubCaptureHAR'})
[2017-08-07 14:59:12,099 DEBUG root] Importing module: bzt.modules.blazemeter
[2017-08-07 14:59:12,134 DEBUG root] Loading class: 'ServiceStubCaptureHAR' from <module 'bzt.modules.blazemeter' from '/Library/Frameworks/Python.framework/Versions/2.7/lib/python2.7/site-packages/bzt/modules/blazemeter.pyc'>
[2017-08-07 14:59:12,134 DEBUG Engine.capturehar] Should not run because of non-matching prov: cloud != local
[2017-08-07 14:59:12,134 DEBUG Engine] Module config: screenshoter defaultdict(None, {'class': 'bzt.modules.blazemeter.ServiceStubScreenshoter'})
[2017-08-07 14:59:12,134 DEBUG root] Importing module: bzt.modules.blazemeter
[2017-08-07 14:59:12,134 DEBUG root] Loading class: 'ServiceStubScreenshoter' from <module 'bzt.modules.blazemeter' from '/Library/Frameworks/Python.framework/Versions/2.7/lib/python2.7/site-packages/bzt/modules/blazemeter.pyc'>
[2017-08-07 14:59:12,134 DEBUG Engine.screenshoter] Should not run because of non-matching prov: cloud != local
[2017-08-07 14:59:12,135 DEBUG Engine] Module config: cloud defaultdict(None, {'class': 'bzt.modules.blazemeter.CloudProvisioning', 'default-location': 'us-central1-a'})
[2017-08-07 14:59:12,135 DEBUG root] Importing module: bzt.modules.blazemeter
[2017-08-07 14:59:12,135 DEBUG root] Loading class: 'CloudProvisioning' from <module 'bzt.modules.blazemeter' from '/Library/Frameworks/Python.framework/Versions/2.7/lib/python2.7/site-packages/bzt/modules/blazemeter.pyc'>
[2017-08-07 14:59:12,135 DEBUG Engine] Module config: blazemeter defaultdict(None, {'token': '********', 'class': 'bzt.modules.blazemeter.BlazeMeterUploader'})
[2017-08-07 14:59:12,135 DEBUG root] Importing module: bzt.modules.blazemeter
[2017-08-07 14:59:12,135 DEBUG root] Loading class: 'BlazeMeterUploader' from <module 'bzt.modules.blazemeter' from '/Library/Frameworks/Python.framework/Versions/2.7/lib/python2.7/site-packages/bzt/modules/blazemeter.pyc'>
[2017-08-07 14:59:12,135 DEBUG Engine.cloud] Request: GET https://a.blazemeter.com/api/v4/accounts None
[2017-08-07 14:59:12,663 DEBUG Engine] Taurus updates info: {"latest":"1.9.4","needsUpgrade":true}
[2017-08-07 14:59:12,663 WARNING Engine] There is newer version of Taurus 1.9.4 available, consider upgrading. What's new: http://gettaurus.org/docs/Changelog/
[2017-08-07 14:59:12,751 DEBUG Engine.cloud] Response: {
    "limit": 10,
    "skip": 0,
    "total": 2,
    "hidden": 0,
    "api_version": 4,
    "error": null,
    "result": [
        {
            "id": 21166,
            "name": "Martin Kowalewski",
            "thumbnailUrl": "",
            "salesforceI
[2017-08-07 14:59:12,751 DEBUG Engine.cloud] Request: GET https://a.blazemeter.com/api/v4/workspaces?accountId=21166&enabled=true&limit=100 None
[2017-08-07 14:59:13,217 DEBUG Engine.cloud] Response: {
    "limit": 100,
    "skip": 0,
    "total": 1,
    "hidden": 0,
    "api_version": 4,
    "error": null,
    "result": [
        {
            "id": 133217,
            "name": "SE DEMOs",
            "userId": 307773,
            "created": 1493664013
[2017-08-07 14:59:13,218 DEBUG Engine.cloud] Request: GET https://a.blazemeter.com/api/v4/workspaces?accountId=40241&enabled=true&limit=100 None
[2017-08-07 14:59:13,735 DEBUG Engine.cloud] Response: {
    "limit": 100,
    "skip": 0,
    "total": 3,
    "hidden": 0,
    "api_version": 4,
    "error": null,
    "result": [
        {
            "id": 509,
            "name": "Customer Demo Org",
            "userId": 86033,
            "created": 14419
[2017-08-07 14:59:13,736 DEBUG Engine] Module config: selenium defaultdict(None, {'class': 'bzt.modules.selenium.SeleniumExecutor', 'virtual-display': defaultdict(None, {'width': 1280, 'height': 800})})
[2017-08-07 14:59:13,736 DEBUG root] Importing module: bzt.modules.selenium
[2017-08-07 14:59:13,740 DEBUG easyprocess] version=0.2.3
[2017-08-07 14:59:13,741 DEBUG pyvirtualdisplay] version=0.2.1
[2017-08-07 14:59:13,741 DEBUG root] Loading class: 'SeleniumExecutor' from <module 'bzt.modules.selenium' from '/Library/Frameworks/Python.framework/Versions/2.7/lib/python2.7/site-packages/bzt/modules/selenium.pyc'>
[2017-08-07 14:59:13,742 DEBUG Engine.cloud] Request: GET https://a.blazemeter.com/api/v4/multi-tests?workspaceId=133217&name=Taurus+Cloud+Test None
[2017-08-07 14:59:14,210 DEBUG Engine.cloud] Response: {
    "limit": 10,
    "skip": 0,
    "total": 0,
    "hidden": 0,
    "api_version": 4,
    "error": null,
    "result": []
}
[2017-08-07 14:59:14,210 DEBUG Engine.cloud] Request: GET https://a.blazemeter.com/api/v4/multi-tests?workspaceId=509&name=Taurus+Cloud+Test None
[2017-08-07 14:59:14,672 DEBUG Engine.cloud] Response: {
    "limit": 10,
    "skip": 0,
    "total": 0,
    "hidden": 0,
    "api_version": 4,
    "error": null,
    "result": []
}
[2017-08-07 14:59:14,672 DEBUG Engine.cloud] Request: GET https://a.blazemeter.com/api/v4/multi-tests?workspaceId=3130&name=Taurus+Cloud+Test None
[2017-08-07 14:59:15,139 DEBUG Engine.cloud] Response: {
    "limit": 10,
    "skip": 0,
    "total": 0,
    "hidden": 0,
    "api_version": 4,
    "error": null,
    "result": []
}
[2017-08-07 14:59:15,139 DEBUG Engine.cloud] Request: GET https://a.blazemeter.com/api/v4/multi-tests?workspaceId=31694&name=Taurus+Cloud+Test None
[2017-08-07 14:59:15,588 DEBUG Engine.cloud] Response: {
    "limit": 10,
    "skip": 0,
    "total": 0,
    "hidden": 0,
    "api_version": 4,
    "error": null,
    "result": []
}
[2017-08-07 14:59:15,588 DEBUG Engine.cloud.ProjectFinder] Looked for collection: None
[2017-08-07 14:59:15,589 DEBUG Engine.cloud] Request: GET https://a.blazemeter.com/api/v4/tests?workspaceId=133217&name=Taurus+Cloud+Test None
[2017-08-07 14:59:16,063 DEBUG Engine.cloud] Response: {
    "limit": 10,
    "skip": 0,
    "total": 0,
    "hidden": 0,
    "api_version": 4,
    "error": null,
    "result": []
}
[2017-08-07 14:59:16,063 DEBUG Engine.cloud] Request: GET https://a.blazemeter.com/api/v4/tests?workspaceId=509&name=Taurus+Cloud+Test None
[2017-08-07 14:59:16,576 DEBUG Engine.cloud] Response: {
    "limit": 10,
    "skip": 0,
    "total": 0,
    "hidden": 0,
    "api_version": 4,
    "error": null,
    "result": []
}
[2017-08-07 14:59:16,576 DEBUG Engine.cloud] Request: GET https://a.blazemeter.com/api/v4/tests?workspaceId=3130&name=Taurus+Cloud+Test None
[2017-08-07 14:59:17,032 DEBUG Engine.cloud] Response: {
    "limit": 10,
    "skip": 0,
    "total": 0,
    "hidden": 0,
    "api_version": 4,
    "error": null,
    "result": []
}
[2017-08-07 14:59:17,033 DEBUG Engine.cloud] Request: GET https://a.blazemeter.com/api/v4/tests?workspaceId=31694&name=Taurus+Cloud+Test None
[2017-08-07 14:59:17,497 DEBUG Engine.cloud] Response: {
    "limit": 10,
    "skip": 0,
    "total": 1,
    "hidden": 0,
    "api_version": 4,
    "error": null,
    "result": [
        {
            "id": 5396847,
            "name": "Taurus Cloud Test",
            "userId": 106819,
            "created": 1
[2017-08-07 14:59:17,497 DEBUG Engine.cloud.ProjectFinder] Looked for test: {u'updated': 1501711690, u'name': u'Taurus Cloud Test', u'created': 1487111522, u'projectId': 74163, u'userId': 106819, u'lastUpdatedById': 106819, u'configuration': {u'targetThreads': 0, u'type': u'taurus', u'canControlRampup': False, u'plugins': {u'taurus': {u'filename': u'taurus.yml'}}}, u'id': 5396847}
[2017-08-07 14:59:17,497 DEBUG Engine.cloud.ProjectFinder] Detected test type: old
[2017-08-07 14:59:17,498 DEBUG Engine.cloud] Request: GET https://a.blazemeter.com/api/v4/user None
[2017-08-07 14:59:17,951 DEBUG Engine.cloud] Response: {
    "api_version": 4,
    "error": null,
    "result": {
        "id": 106819,
        "email": "sid@blazemeter.com",
        "access": 1502143157,
        "login": 1496385643,
        "firstName": "Sid",
        "lastName": "Narang",
        "timezone":
[2017-08-07 14:59:17,952 DEBUG Engine.cloud] Request: GET https://a.blazemeter.com/api/v4/projects?workspaceId=133217&limit=99999 None
[2017-08-07 14:59:18,421 DEBUG Engine.cloud] Response: {
    "limit": 99999,
    "skip": 0,
    "total": 4,
    "hidden": 0,
    "api_version": 4,
    "error": null,
    "result": [
        {
            "id": 201589,
            "name": "API ",
            "userId": null,
            "description": "Tests to 
[2017-08-07 14:59:18,421 DEBUG Engine.cloud] Request: GET https://a.blazemeter.com/api/v4/projects?workspaceId=509&limit=99999 None
[2017-08-07 14:59:18,873 DEBUG Engine.cloud] Response: {
    "limit": 99999,
    "skip": 0,
    "total": 2,
    "hidden": 0,
    "api_version": 4,
    "error": null,
    "result": [
        {
            "id": 41932,
            "name": "Production Test",
            "userId": 106819,
            "description"
[2017-08-07 14:59:18,873 DEBUG Engine.cloud] Request: GET https://a.blazemeter.com/api/v4/projects?workspaceId=3130&limit=99999 None
[2017-08-07 14:59:19,331 DEBUG Engine.cloud] Response: {
    "limit": 99999,
    "skip": 0,
    "total": 1,
    "hidden": 0,
    "api_version": 4,
    "error": null,
    "result": [
        {
            "id": 43759,
            "name": "Perf Labs Test",
            "userId": 106819,
            "description":
[2017-08-07 14:59:19,331 DEBUG Engine.cloud] Request: GET https://a.blazemeter.com/api/v4/projects?workspaceId=31694&limit=99999 None
[2017-08-07 14:59:19,812 DEBUG Engine.cloud] Response: {
    "limit": 99999,
    "skip": 0,
    "total": 9,
    "hidden": 0,
    "api_version": 4,
    "error": null,
    "result": [
        {
            "id": 61465,
            "name": "AWS 2016",
            "userId": 106819,
            "description": "",
 
[2017-08-07 14:59:19,812 DEBUG Engine.cloud] Request: GET https://a.blazemeter.com/api/v4/workspaces/133217 None
[2017-08-07 14:59:20,440 DEBUG Engine.cloud] Response: {
    "api_version": 4,
    "error": null,
    "result": {
        "id": 133217,
        "name": "SE DEMOs",
        "userId": 307773,
        "created": 1493664013,
        "updated": 1501871987,
        "enabled": true,
        "dedicatedIpsEnabled": tru
[2017-08-07 14:59:20,445 DEBUG Engine.cloud] Request: GET https://a.blazemeter.com/api/v4/workspaces/509 None
[2017-08-07 14:59:21,024 DEBUG Engine.cloud] Response: {
    "api_version": 4,
    "error": null,
    "result": {
        "id": 509,
        "name": "Customer Demo Org",
        "userId": 86033,
        "created": 1441920631,
        "updated": 1484233350,
        "enabled": true,
        "dedicatedIpsEnabled"
[2017-08-07 14:59:21,028 DEBUG Engine.cloud] Request: GET https://a.blazemeter.com/api/v4/workspaces/3130 None
[2017-08-07 14:59:21,695 DEBUG Engine.cloud] Response: {
    "api_version": 4,
    "error": null,
    "result": {
        "id": 3130,
        "name": "Performance Labs",
        "userId": 106819,
        "description": "",
        "created": 1475511777,
        "updated": 1475511777,
        "enabled": true,
 
[2017-08-07 14:59:21,702 DEBUG Engine.cloud] Request: GET https://a.blazemeter.com/api/v4/workspaces/31694 None
[2017-08-07 14:59:22,333 DEBUG Engine.cloud] Response: {
    "api_version": 4,
    "error": null,
    "result": {
        "id": 31694,
        "name": "Sid Narang's Workspace",
        "userId": 106819,
        "created": 1482649488,
        "updated": 1482649488,
        "enabled": true,
        "dedicatedIps
[2017-08-07 14:59:22,340 DEBUG Engine.cloud] All resource files are: []
[2017-08-07 14:59:22,340 DEBUG Engine.cloud] Replace file names in config: [] with []
[2017-08-07 14:59:22,341 DEBUG Engine] New artifact filename: /Users/narsi01/Desktop/JWC_SN/jenkins/2017-08-07_14-59-12.004921/cloud
[2017-08-07 14:59:22,342 DEBUG root] Dumping YAML config into /Users/narsi01/Desktop/JWC_SN/jenkins/2017-08-07_14-59-12.004921/cloud.yml
[2017-08-07 14:59:22,351 DEBUG root] Dumping JSON config into /Users/narsi01/Desktop/JWC_SN/jenkins/2017-08-07_14-59-12.004921/cloud.json
[2017-08-07 14:59:22,354 DEBUG Engine.cloud] Request: GET https://a.blazemeter.com/api/v4/web/elfinder/5396847?cmd=open&target=s1_Lw None
[2017-08-07 14:59:22,951 DEBUG Engine.cloud] Response: {"cwd":{"name":"data","size":0,"mime":"directory","read":1,"write":1,"parent_id":"users","hash":"s1_Lw","rootRev":"","options":{"path":"","url":"","tmbUrl":"","disabled":["mkdir","archive","extract","chmod"],"separator":"\/","copyOverwrite":1,"uploadOverwr
[2017-08-07 14:59:22,952 DEBUG Engine.cloud] Test files: [u'taurus.yml']
[2017-08-07 14:59:22,952 DEBUG Engine.cloud] Request: GET https://a.blazemeter.com/api/v4/web/elfinder/5396847?cmd=rm&targets[]=s1_dGF1cnVzLnltbA None
[2017-08-07 14:59:23,593 DEBUG Engine.cloud] Response: {"removed":["s1_dGF1cnVzLnltbA"],"changed":[{"name":"data","size":0,"mime":"directory","read":1,"write":1,"parent_id":"users","hash":"s1_Lw","rootRev":"","options":{"path":"","url":"","tmbUrl":"","disabled":["mkdir","archive","extract","chmod"],"separator"
[2017-08-07 14:59:23,593 DEBUG Engine.cloud] Successfully deleted 1 test files
[2017-08-07 14:59:23,599 DEBUG Engine.cloud] Uploading files into the test: []
[2017-08-07 14:59:23,615 DEBUG Engine.cloud] Request: POST https://a.blazemeter.com/api/v4/tests/5396847/files --===============7811832154592331637==
Content-Disposition: file; name="script"; filename="taurus.yml"
Content-Type: application/octet-stream

---
execution:
- executor: selenium
  iterations: 2
  locations:
    eu-west-1: 1
  scenario: req
local-bzt-v
[2017-08-07 14:59:24,274 DEBUG Engine.cloud] Response: {
    "api_version": 4,
    "error": null,
    "result": {
        "id": 5396847,
        "name": "Taurus Cloud Test",
        "userId": 106819,
        "created": 1487111522,
        "updated": 1502143164,
        "configuration": {
            "type": "t
[2017-08-07 14:59:24,275 DEBUG Engine.cloud] Request: PATCH https://a.blazemeter.com/api/v4/tests/5396847 {
 "configuration": {
  "executionType": null
 }
}
[2017-08-07 14:59:24,879 DEBUG Engine.cloud] Response: {
    "api_version": 4,
    "error": null,
    "result": {
        "id": 5396847,
        "name": "Taurus Cloud Test",
        "userId": 106819,
        "created": 1487111522,
        "updated": 1502143164,
        "projectId": 74163,
        "lastUpdatedB
[2017-08-07 14:59:24,880 DEBUG Engine] Module config: final-stats defaultdict(None, {'class': 'bzt.modules.reporting.FinalStatus'})
[2017-08-07 14:59:24,880 DEBUG root] Importing module: bzt.modules.reporting
[2017-08-07 14:59:24,885 DEBUG root] Loading class: 'FinalStatus' from <module 'bzt.modules.reporting' from '/Library/Frameworks/Python.framework/Versions/2.7/lib/python2.7/site-packages/bzt/modules/reporting.pyc'>
[2017-08-07 14:59:24,886 DEBUG Engine] Module config: console defaultdict(None, {'class': 'bzt.modules.console.ConsoleStatusReporter'})
[2017-08-07 14:59:24,886 DEBUG root] Importing module: bzt.modules.console
[2017-08-07 14:59:24,886 DEBUG root] Loading class: 'ConsoleStatusReporter' from <module 'bzt.modules.console' from '/Library/Frameworks/Python.framework/Versions/2.7/lib/python2.7/site-packages/bzt/modules/console.pyc'>
[2017-08-07 14:59:24,893 DEBUG Engine.Configuration] Dumping YAML config into /Users/narsi01/Desktop/JWC_SN/jenkins/2017-08-07_14-59-12.004921/effective.yml
[2017-08-07 14:59:24,919 DEBUG Engine.Configuration] Dumping JSON config into /Users/narsi01/Desktop/JWC_SN/jenkins/2017-08-07_14-59-12.004921/effective.json
[2017-08-07 14:59:24,923 INFO Engine] Starting...
[2017-08-07 14:59:24,924 DEBUG Engine] Startup <bzt.modules.aggregator.ConsolidatingAggregator object at 0x105ce8fd0>
[2017-08-07 14:59:24,924 DEBUG Engine] Startup <bzt.modules.reporting.FinalStatus object at 0x1068ab6d0>
[2017-08-07 14:59:24,924 DEBUG Engine] Startup <bzt.modules.console.ConsoleStatusReporter object at 0x1068aba10>
[2017-08-07 14:59:24,924 INFO Engine.console] Waiting for results...
[2017-08-07 14:59:24,924 DEBUG Engine] Startup <bzt.modules.blazemeter.CloudProvisioning object at 0x105d30e10>
[2017-08-07 14:59:24,924 INFO Engine.cloud.ProjectFinder.CloudTaurusTest] Initiating cloud test with https://a.blazemeter.com ...
[2017-08-07 14:59:24,924 DEBUG Engine.cloud] Request: POST https://a.blazemeter.com/api/v4/tests/5396847/start None
[2017-08-07 14:59:25,706 DEBUG Engine.cloud] Response: {
    "api_version": 4,
    "error": null,
    "result": {
        "id": 16505187,
        "name": "Taurus Cloud Test",
        "userId": 106819,
        "runnerUserId": 106819,
        "created": 1502143165,
        "updated": 1502143165,
        "testId"
[2017-08-07 14:59:25,706 INFO Engine.cloud] Started cloud test: https://a.blazemeter.com/app/#/masters/16505187
[2017-08-07 14:59:25,871 DEBUG Engine.Configuration] Dumping YAML config into /Users/narsi01/Desktop/JWC_SN/jenkins/2017-08-07_14-59-12.004921/effective.yml
[2017-08-07 14:59:25,906 DEBUG Engine.Configuration] Dumping JSON config into /Users/narsi01/Desktop/JWC_SN/jenkins/2017-08-07_14-59-12.004921/effective.json
[2017-08-07 14:59:25,912 DEBUG root] Leveling down log file verbosity, use -v option to have DEBUG messages enabled
[2017-08-07 14:59:26,375 INFO Engine.cloud] Cloud test status: INIT
[2017-08-07 14:59:26,886 INFO Engine.console] Waiting for finish...
[2017-08-07 14:59:31,392 INFO Engine.cloud] Cloud test status: BOOT_STARTING
[2017-08-07 14:59:56,479 INFO Engine.cloud] Cloud test status: INIT_SCRIPT
[2017-08-07 15:00:01,468 INFO Engine.cloud] Cloud test status: TAURUS_ENGINE_INIT
[2017-08-07 15:02:46,721 INFO Engine.cloud] Cloud test status: DATA_RECIEVED
[2017-08-07 15:03:28,097 INFO Engine.cloud] Cloud test status: ENDED
[2017-08-07 15:03:28,102 INFO Engine.cloud] Test was stopped in the cloud: ENDED
[2017-08-07 15:03:29,865 WARNING Engine] Please wait for graceful shutdown...
[2017-08-07 15:03:29,871 DEBUG root] Leveled up log file verbosity
[2017-08-07 15:03:29,871 INFO Engine] Shutting down...
[2017-08-07 15:03:29,878 DEBUG Engine.console] Restoring logging streams, [<logging.StreamHandler object at 0x105cff090>]/{<logging.StreamHandler object at 0x105cff090>: <open file '<stdout>', mode 'w' at 0x1002ad150>}
[2017-08-07 15:03:29,879 DEBUG Engine.Configuration] Dumping YAML config into /Users/narsi01/Desktop/JWC_SN/jenkins/2017-08-07_14-59-12.004921/effective.yml
[2017-08-07 15:03:29,909 DEBUG Engine.Configuration] Dumping JSON config into /Users/narsi01/Desktop/JWC_SN/jenkins/2017-08-07_14-59-12.004921/effective.json
[2017-08-07 15:03:29,912 INFO Engine] Post-processing...
[2017-08-07 15:03:29,912 DEBUG Engine.cloud] Request: GET https://a.blazemeter.com/api/v4/masters/16505187/full None
[2017-08-07 15:03:30,424 DEBUG Engine.cloud] Response: {
    "api_version": 4,
    "error": null,
    "result": {
        "id": 16505187,
        "name": "Taurus Cloud Test",
        "userId": 106819,
        "ended": 1502143405,
        "runnerUserId": 106819,
        "maxUsers": 1,
        "created": 1502143
[2017-08-07 15:03:30,424 DEBUG Engine.cloud] Request: GET https://a.blazemeter.com/api/v4/masters/16505187/sessions None
[2017-08-07 15:03:30,959 DEBUG Engine.cloud] Response: {
    "api_version": 4,
    "error": null,
    "result": {
        "sessions": [
            {
                "id": "r-t-5988e2bead6a9",
                "name": "selenium/req/eu-west-1",
                "userId": 106819,
                "offset": 0,
     
[2017-08-07 15:03:30,959 DEBUG Engine.cloud] Request: GET https://a.blazemeter.com/api/v4/sessions/r-t-5988e2bead6a9/reports/logs None
[2017-08-07 15:03:31,547 DEBUG Engine.cloud] Response: {
    "api_version": 4,
    "error": null,
    "result": {
        "hash": "logs",
        "name": "Logs",
        "type": "Logs",
        "source": "",
        "id": "logs",
        "session_id": "r-t-5988e2bead6a9",
        "dataUrl": "https://a.blazemet
[2017-08-07 15:03:31,547 INFO Engine.cloud] Downloading artifacts-1.zip from the cloud
[2017-08-07 15:03:32,905 DEBUG Engine.cloud] Extracting selenium-req.har.js to /Users/narsi01/Desktop/JWC_SN/jenkins/2017-08-07_14-59-12.004921/cloud-artifacts
[2017-08-07 15:03:32,963 DEBUG Engine.cloud] Extracting selenium-req.har.scr.js to /Users/narsi01/Desktop/JWC_SN/jenkins/2017-08-07_14-59-12.004921/cloud-artifacts
[2017-08-07 15:03:32,966 DEBUG Engine.cloud] Extracting selenium-req.har to /Users/narsi01/Desktop/JWC_SN/jenkins/2017-08-07_14-59-12.004921/cloud-artifacts
[2017-08-07 15:03:33,006 DEBUG Engine.cloud] Extracting selenium-req.har.html to /Users/narsi01/Desktop/JWC_SN/jenkins/2017-08-07_14-59-12.004921/cloud-artifacts
[2017-08-07 15:03:33,008 INFO Engine.cloud] Downloading bzt-1.log from the cloud
[2017-08-07 15:03:34,366 DEBUG Engine.cloud] Request: GET https://a.blazemeter.com/api/v4/data/labels?master_id=16505187 None
[2017-08-07 15:03:34,817 DEBUG Engine.cloud] Response: {
    "api_version": 4,
    "error": null,
    "result": [
        {
            "id": "ALL",
            "name": "ALL",
            "sessions": [
                "r-t-5988e2bead6a9"
            ]
        },
        {
            "id": "4f01e5e97d7d0aba4ee
[2017-08-07 15:03:34,818 DEBUG Engine.cloud] Request: GET https://a.blazemeter.com/api/v4/data/kpis?interval=1&from=1502143268&master_ids%5B%5D=16505187&kpis%5B%5D=t&kpis%5B%5D=lt&kpis%5B%5D=by&kpis%5B%5D=n&kpis%5B%5D=ec&kpis%5B%5D=ts&kpis%5B%5D=na&labels%5B%5D=ALL&labels%5B%5D=4f01e5e97d7d0aba4ee6959ea521e5c3 None
[2017-08-07 15:03:35,293 DEBUG Engine.cloud] Response: {
    "api_version": 4,
    "error": null,
    "result": [
        {
            "labelId": "4f01e5e97d7d0aba4ee6959ea521e5c3",
            "labelName": "https://nytimes.com",
            "label": "https://nytimes.com",
            "kpis": [
              
[2017-08-07 15:03:35,293 DEBUG Engine.cloud] Request: GET https://a.blazemeter.com/api/v4/masters/16505187/reports/aggregatereport/data None
[2017-08-07 15:03:35,810 DEBUG Engine.cloud] Response: {
    "api_version": 4,
    "error": null,
    "result": [
        {
            "labelId": "ALL",
            "labelName": "ALL",
            "samples": 2,
            "avgResponseTime": 43961,
            "90line": 70631,
            "95line": 70631,
   
[2017-08-07 15:03:35,811 DEBUG Engine.consolidator] Consolidator buffer[2]: [1502143267, 1502143340]
[2017-08-07 15:03:35,811 DEBUG Engine.consolidator] Merging into 1502143267
[2017-08-07 15:03:35,811 DEBUG Engine.consolidator] Merging 1502143267
[2017-08-07 15:03:35,814 DEBUG Engine.consolidator] Processed datapoint: 1502143267/None
[2017-08-07 15:03:35,814 DEBUG Engine.consolidator] Merging into 1502143340
[2017-08-07 15:03:35,814 DEBUG Engine.consolidator] Merging 1502143340
[2017-08-07 15:03:35,816 DEBUG Engine.consolidator] Processed datapoint: 1502143340/None
[2017-08-07 15:03:35,816 INFO Engine.final-stats] Test duration: 0:04:11
[2017-08-07 15:03:35,816 INFO Engine.final-stats] Samples count: 2, 0.00% failures
[2017-08-07 15:03:35,816 INFO Engine.final-stats] Average times: total 43.950, latency 0.000, connect 0.000
[2017-08-07 15:03:35,816 INFO Engine.final-stats] Percentile 90.0%: 70.631
[2017-08-07 15:03:35,817 INFO Engine.final-stats] Percentile 95.0%: 70.631
[2017-08-07 15:03:35,817 INFO Engine.final-stats] Percentile 99.0%: 70.631
[2017-08-07 15:03:35,817 DEBUG Engine.console] No logger_handler or orig_stream was detected
[2017-08-07 15:03:35,819 DEBUG Engine.Configuration] Dumping YAML config into /Users/narsi01/Desktop/JWC_SN/jenkins/2017-08-07_14-59-12.004921/effective.yml
[2017-08-07 15:03:35,845 DEBUG Engine.Configuration] Dumping JSON config into /Users/narsi01/Desktop/JWC_SN/jenkins/2017-08-07_14-59-12.004921/effective.json
[2017-08-07 15:03:35,849 INFO root] Artifacts dir: /Users/narsi01/Desktop/JWC_SN/jenkins/2017-08-07_14-59-12.004921
[2017-08-07 15:03:35,849 INFO root] Done performing with code: 0
[2017-08-07 15:03:35,849 DEBUG root] Closing log handler: /Users/narsi01/Desktop/JWC_SN/jenkins/2017-08-07_14-59-12.004921/bzt.log
