2017/10/03 10:58:39 INFO  - jmeter.util.JMeterUtils: Setting Locale to en_US 
2017/10/03 10:58:39 INFO  - jmeter.JMeter: Loading user properties from: /Users/narsi01/.bzt/jmeter-taurus/bin/user.properties 
2017/10/03 10:58:39 INFO  - jmeter.JMeter: Loading system properties from: /Users/narsi01/.bzt/jmeter-taurus/bin/system.properties 
2017/10/03 10:58:39 INFO  - jmeter.JMeter: Copyright (c) 1998-2016 The Apache Software Foundation 
2017/10/03 10:58:39 INFO  - jmeter.JMeter: Version 3.1 r1770033 
2017/10/03 10:58:39 INFO  - jmeter.JMeter: java.version=1.8.0_121 
2017/10/03 10:58:39 INFO  - jmeter.JMeter: java.vm.name=Java HotSpot(TM) 64-Bit Server VM 
2017/10/03 10:58:39 INFO  - jmeter.JMeter: os.name=Mac OS X 
2017/10/03 10:58:39 INFO  - jmeter.JMeter: os.arch=x86_64 
2017/10/03 10:58:39 INFO  - jmeter.JMeter: os.version=10.12.6 
2017/10/03 10:58:39 INFO  - jmeter.JMeter: file.encoding=UTF-8 
2017/10/03 10:58:39 INFO  - jmeter.JMeter: Max memory     =3817865216 
2017/10/03 10:58:39 INFO  - jmeter.JMeter: Available Processors =8 
2017/10/03 10:58:39 INFO  - jmeter.JMeter: Default Locale=English (United States) 
2017/10/03 10:58:39 INFO  - jmeter.JMeter: JMeter  Locale=English (United States) 
2017/10/03 10:58:39 INFO  - jmeter.JMeter: JMeterHome=/Users/narsi01/.bzt/jmeter-taurus 
2017/10/03 10:58:39 INFO  - jmeter.JMeter: user.dir  =/Users/narsi01/Desktop/CTL_CI/CTL 
2017/10/03 10:58:39 INFO  - jmeter.JMeter: PWD       =/Users/narsi01/Desktop/CTL_CI/CTL 
2017/10/03 10:58:39 INFO  - jmeter.JMeter: IP: 10.137.178.240 Name: narsi01mac1752 FullName: narsi01mac1752.ca.com 
2017/10/03 10:58:39 INFO  - jmeter.JMeter: user.classpath=/Users/narsi01/Desktop/CTL_CI/CTL/2017-10-03_10-58-31.902048 
2017/10/03 10:58:39 INFO  - jmeter.JMeter: Adding to classpath and loader: /Users/narsi01/Desktop/CTL_CI/CTL/2017-10-03_10-58-31.902048 
2017/10/03 10:58:39 INFO  - jmeter.services.FileServer: Default base='/Users/narsi01/Desktop/CTL_CI/CTL' 
2017/10/03 10:58:39 INFO  - jmeter.services.FileServer: Set new base='/Users/narsi01/Desktop/CTL_CI/CTL/2017-10-03_10-58-31.902048' 
2017/10/03 10:58:39 INFO  - jmeter.save.SaveService: Testplan (JMX) version: 2.2. Testlog (JTL) version: 2.2 
2017/10/03 10:58:39 INFO  - jmeter.save.SaveService: Using SaveService properties file encoding UTF-8 
2017/10/03 10:58:39 INFO  - jmeter.save.SaveService: Using SaveService properties version 3.1 
2017/10/03 10:58:39 INFO  - jmeter.save.SaveService: All converter versions present and correct 
2017/10/03 10:58:39 INFO  - jmeter.save.SaveService: Loading file: /Users/narsi01/Desktop/CTL_CI/CTL/2017-10-03_10-58-31.902048/modified_requests.jmx 
2017/10/03 10:58:39 INFO  - jmeter.protocol.http.control.CacheManager: Will only cache the following methods: [GET] 
2017/10/03 10:58:39 INFO  - jmeter.protocol.http.control.CookieManager: Settings: Delete null: true Check: true Allow variable: true Save: false Prefix: COOKIE_ 
2017/10/03 10:58:39 INFO  - jmeter.protocol.http.sampler.HTTPSamplerBase: Parser for text/html is org.apache.jmeter.protocol.http.parser.LagartoBasedHtmlParser 
2017/10/03 10:58:39 INFO  - jmeter.protocol.http.sampler.HTTPSamplerBase: Parser for application/xhtml+xml is org.apache.jmeter.protocol.http.parser.LagartoBasedHtmlParser 
2017/10/03 10:58:39 INFO  - jmeter.protocol.http.sampler.HTTPSamplerBase: Parser for application/xml is org.apache.jmeter.protocol.http.parser.LagartoBasedHtmlParser 
2017/10/03 10:58:39 INFO  - jmeter.protocol.http.sampler.HTTPSamplerBase: Parser for text/xml is org.apache.jmeter.protocol.http.parser.LagartoBasedHtmlParser 
2017/10/03 10:58:39 INFO  - jmeter.protocol.http.sampler.HTTPSamplerBase: Parser for text/vnd.wap.wml is org.apache.jmeter.protocol.http.parser.RegexpHTMLParser 
2017/10/03 10:58:39 INFO  - jmeter.protocol.http.sampler.HTTPSamplerBase: Parser for text/css is org.apache.jmeter.protocol.http.parser.CssParser 
2017/10/03 10:58:39 INFO  - jmeter.engine.StandardJMeterEngine: Running the test! 
2017/10/03 10:58:39 INFO  - jmeter.samplers.SampleEvent: List of sample_variables: [] 
2017/10/03 10:58:39 INFO  - jmeter.samplers.SampleEvent: List of sample_variables: [] 
2017/10/03 10:58:39 INFO  - jmeter.engine.util.CompoundVariable: Note: Function class names must contain the string: '.functions.' 
2017/10/03 10:58:39 INFO  - jmeter.engine.util.CompoundVariable: Note: Function class names must not contain the string: '.gui.' 
2017/10/03 10:58:39 INFO  - jmeter.JMeter: Running test (1507053519479) 
2017/10/03 10:58:39 INFO  - jmeter.engine.StandardJMeterEngine: Starting ThreadGroup: 1 : ThreadGroup 
2017/10/03 10:58:39 INFO  - jmeter.engine.StandardJMeterEngine: Starting 10 threads for group ThreadGroup. 
2017/10/03 10:58:39 INFO  - jmeter.engine.StandardJMeterEngine: Thread will continue on error 
2017/10/03 10:58:39 INFO  - jmeter.threads.ThreadGroup: Starting thread group number 1 threads 10 ramp-up 60 perThread 6000.0 delayedStart=false 
2017/10/03 10:58:39 INFO  - jmeter.threads.JMeterThread: Thread started: ThreadGroup 1-1 
2017/10/03 10:58:39 INFO  - jmeter.threads.ThreadGroup: Started thread group number 1 
2017/10/03 10:58:39 INFO  - jmeter.engine.StandardJMeterEngine: All thread groups have been started 
2017/10/03 10:58:39 INFO  - jmeter.protocol.http.sampler.HTTPHCAbstractImpl: Local host = narsi01mac1752 
2017/10/03 10:58:39 INFO  - jmeter.protocol.http.sampler.HTTPHC4Impl: HTTP request retry count = 0 
2017/10/03 10:58:39 INFO  - jmeter.samplers.SampleResult: Note: Sample TimeStamps are START times 
2017/10/03 10:58:39 INFO  - jmeter.samplers.SampleResult: sampleresult.default.encoding is set to UTF-8 
2017/10/03 10:58:39 INFO  - jmeter.samplers.SampleResult: sampleresult.useNanoTime=true 
2017/10/03 10:58:39 INFO  - jmeter.samplers.SampleResult: sampleresult.nanoThreadSleep=5000 
2017/10/03 10:58:40 INFO  - jmeter.protocol.http.parser.BaseParser: Created org.apache.jmeter.protocol.http.parser.LagartoBasedHtmlParser 
2017/10/03 10:58:40 INFO  - jmeter.protocol.http.sampler.ResourcesDownloader: Creating ResourcesDownloader with keepalive_inseconds:60 
2017/10/03 10:58:40 INFO  - jmeter.protocol.http.parser.BaseParser: Created org.apache.jmeter.protocol.http.parser.CssParser 
2017/10/03 10:58:45 INFO  - jmeter.threads.JMeterThread: Thread started: ThreadGroup 1-2 
2017/10/03 10:58:51 INFO  - jmeter.threads.JMeterThread: Thread started: ThreadGroup 1-3 
2017/10/03 10:58:57 INFO  - jmeter.threads.JMeterThread: Thread started: ThreadGroup 1-4 
2017/10/03 10:59:03 INFO  - jmeter.threads.JMeterThread: Thread started: ThreadGroup 1-5 
2017/10/03 10:59:09 INFO  - jmeter.threads.JMeterThread: Thread started: ThreadGroup 1-6 
2017/10/03 10:59:15 INFO  - jmeter.threads.JMeterThread: Thread started: ThreadGroup 1-7 
2017/10/03 10:59:21 INFO  - jmeter.threads.JMeterThread: Thread started: ThreadGroup 1-8 
2017/10/03 10:59:27 INFO  - jmeter.threads.JMeterThread: Thread started: ThreadGroup 1-9 
2017/10/03 10:59:33 INFO  - jmeter.threads.JMeterThread: Thread started: ThreadGroup 1-10 
2017/10/03 11:02:47 INFO  - jmeter.JMeter: Command: Shutdown received from /127.0.0.1 
2017/10/03 11:02:47 INFO  - jmeter.threads.JMeterThread: Stopping: ThreadGroup 1-9 
2017/10/03 11:02:47 INFO  - jmeter.threads.JMeterThread: Stopping: ThreadGroup 1-4 
2017/10/03 11:02:47 INFO  - jmeter.threads.JMeterThread: Stopping: ThreadGroup 1-8 
2017/10/03 11:02:47 INFO  - jmeter.threads.JMeterThread: Stopping: ThreadGroup 1-7 
2017/10/03 11:02:47 INFO  - jmeter.threads.JMeterThread: Stopping: ThreadGroup 1-5 
2017/10/03 11:02:47 INFO  - jmeter.threads.JMeterThread: Stopping: ThreadGroup 1-2 
2017/10/03 11:02:47 INFO  - jmeter.threads.JMeterThread: Stopping: ThreadGroup 1-1 
2017/10/03 11:02:47 INFO  - jmeter.threads.JMeterThread: Stopping: ThreadGroup 1-3 
2017/10/03 11:02:47 INFO  - jmeter.threads.JMeterThread: Stopping: ThreadGroup 1-6 
2017/10/03 11:02:47 INFO  - jmeter.threads.JMeterThread: Stopping: ThreadGroup 1-10 
2017/10/03 11:02:47 INFO  - jmeter.threads.JMeterThread: Thread finished: ThreadGroup 1-8 
2017/10/03 11:02:47 INFO  - jmeter.threads.JMeterThread: Thread finished: ThreadGroup 1-10 
2017/10/03 11:02:47 INFO  - jmeter.threads.JMeterThread: Thread finished: ThreadGroup 1-9 
2017/10/03 11:02:47 INFO  - jmeter.threads.JMeterThread: Thread finished: ThreadGroup 1-7 
2017/10/03 11:02:48 INFO  - jmeter.threads.JMeterThread: Thread finished: ThreadGroup 1-3 
2017/10/03 11:02:48 INFO  - jmeter.threads.JMeterThread: Thread finished: ThreadGroup 1-1 
2017/10/03 11:02:48 INFO  - jmeter.threads.JMeterThread: Thread finished: ThreadGroup 1-6 
2017/10/03 11:02:49 INFO  - jmeter.threads.JMeterThread: Thread finished: ThreadGroup 1-4 
2017/10/03 11:02:52 INFO  - jmeter.JMeter: Command: StopTestNow received from /127.0.0.1 
2017/10/03 11:02:52 INFO  - jmeter.threads.JMeterThread: Stopping: ThreadGroup 1-5 
2017/10/03 11:02:52 WARN  - jmeter.threads.JMeterThread: Interrupting: ThreadGroup 1-5 sampler: http://www.centurylink.com/home/help.html 
2017/10/03 11:02:52 WARN  - jmeter.threads.JMeterThread: No operation pending 
2017/10/03 11:02:52 INFO  - jmeter.threads.JMeterThread: Stopping: ThreadGroup 1-2 
2017/10/03 11:02:52 WARN  - jmeter.threads.JMeterThread: Interrupting: ThreadGroup 1-2 sampler: http://www.centurylink.com/home/ 
2017/10/03 11:02:52 WARN  - jmeter.threads.JMeterThread: No operation pending 
2017/10/03 11:02:52 WARN  - jmeter.protocol.http.sampler.HTTPSamplerBase: Interrupted fetching embedded resources java.lang.InterruptedException
	at java.util.concurrent.locks.AbstractQueuedSynchronizer$ConditionObject.reportInterruptAfterWait(AbstractQueuedSynchronizer.java:2014)
	at java.util.concurrent.locks.AbstractQueuedSynchronizer$ConditionObject.await(AbstractQueuedSynchronizer.java:2048)
	at java.util.concurrent.LinkedBlockingQueue.take(LinkedBlockingQueue.java:442)
	at java.util.concurrent.ExecutorCompletionService.take(ExecutorCompletionService.java:193)
	at org.apache.jmeter.protocol.http.sampler.ResourcesDownloader.invokeAllAndAwaitTermination(ResourcesDownloader.java:191)
	at org.apache.jmeter.protocol.http.sampler.HTTPSamplerBase.downloadPageResources(HTTPSamplerBase.java:1318)
	at org.apache.jmeter.protocol.http.sampler.HTTPSamplerBase.resultProcessing(HTTPSamplerBase.java:1638)
	at org.apache.jmeter.protocol.http.sampler.HTTPAbstractImpl.resultProcessing(HTTPAbstractImpl.java:517)
	at org.apache.jmeter.protocol.http.sampler.HTTPHC4Impl.sample(HTTPHC4Impl.java:494)
	at org.apache.jmeter.protocol.http.sampler.HTTPSamplerProxy.sample(HTTPSamplerProxy.java:74)
	at org.apache.jmeter.protocol.http.sampler.HTTPSamplerBase.sample(HTTPSamplerBase.java:1166)
	at org.apache.jmeter.protocol.http.sampler.HTTPSamplerBase.sample(HTTPSamplerBase.java:1155)
	at org.apache.jmeter.threads.JMeterThread.executeSamplePackage(JMeterThread.java:475)
	at org.apache.jmeter.threads.JMeterThread.processSampler(JMeterThread.java:418)
	at org.apache.jmeter.threads.JMeterThread.run(JMeterThread.java:249)
	at java.lang.Thread.run(Thread.java:745)

2017/10/03 11:02:52 WARN  - jmeter.protocol.http.sampler.HTTPSamplerBase: Interrupted fetching embedded resources java.lang.InterruptedException
	at java.util.concurrent.locks.AbstractQueuedSynchronizer$ConditionObject.reportInterruptAfterWait(AbstractQueuedSynchronizer.java:2014)
	at java.util.concurrent.locks.AbstractQueuedSynchronizer$ConditionObject.await(AbstractQueuedSynchronizer.java:2048)
	at java.util.concurrent.LinkedBlockingQueue.take(LinkedBlockingQueue.java:442)
	at java.util.concurrent.ExecutorCompletionService.take(ExecutorCompletionService.java:193)
	at org.apache.jmeter.protocol.http.sampler.ResourcesDownloader.invokeAllAndAwaitTermination(ResourcesDownloader.java:191)
	at org.apache.jmeter.protocol.http.sampler.HTTPSamplerBase.downloadPageResources(HTTPSamplerBase.java:1318)
	at org.apache.jmeter.protocol.http.sampler.HTTPSamplerBase.resultProcessing(HTTPSamplerBase.java:1638)
	at org.apache.jmeter.protocol.http.sampler.HTTPAbstractImpl.resultProcessing(HTTPAbstractImpl.java:517)
	at org.apache.jmeter.protocol.http.sampler.HTTPHC4Impl.sample(HTTPHC4Impl.java:494)
	at org.apache.jmeter.protocol.http.sampler.HTTPSamplerProxy.sample(HTTPSamplerProxy.java:74)
	at org.apache.jmeter.protocol.http.sampler.HTTPSamplerBase.sample(HTTPSamplerBase.java:1166)
	at org.apache.jmeter.protocol.http.sampler.HTTPSamplerBase.sample(HTTPSamplerBase.java:1155)
	at org.apache.jmeter.threads.JMeterThread.executeSamplePackage(JMeterThread.java:475)
	at org.apache.jmeter.threads.JMeterThread.processSampler(JMeterThread.java:418)
	at org.apache.jmeter.threads.JMeterThread.run(JMeterThread.java:249)
	at java.lang.Thread.run(Thread.java:745)

2017/10/03 11:02:52 INFO  - jmeter.threads.JMeterThread: Thread finished: ThreadGroup 1-2 
2017/10/03 11:02:52 INFO  - jmeter.threads.JMeterThread: Thread finished: ThreadGroup 1-5 
2017/10/03 11:02:52 INFO  - jmeter.engine.StandardJMeterEngine: Notifying test listeners of end of test 
2017/10/03 11:02:52 INFO  - jmeter.engine.StandardJMeterEngine: Forced JVM shutdown requested at end of test 
