Aug 10, 2017 1:11:50 PM taurusjunit.CustomRunner main
INFO: Starting: [/Users/narsi01/Desktop/JWC_SN/sel/2017-08-10_13-11-47.147339/runner.properties]
Aug 10, 2017 1:11:50 PM taurusjunit.CustomRunner processJAR
INFO: Processing JAR: /Users/narsi01/Desktop/JWC_SN/sel/2017-08-10_13-11-47.147339/classes/compiled.jar
Aug 10, 2017 1:11:50 PM taurusjunit.CustomRunner processJAR
INFO: TestCase.class.isAssignableFrom(com.company.StasTaurusDemo) = false
Aug 10, 2017 1:11:50 PM taurusjunit.CustomRunner processJAR
INFO: has_annotations(com.company.StasTaurusDemo) = true
Aug 10, 2017 1:11:50 PM taurusjunit.CustomRunner processJAR
INFO: class added to tests: com.company.StasTaurusDemo
Aug 10, 2017 1:11:50 PM taurusjunit.CustomRunner main
INFO: Running with classes: [class com.company.StasTaurusDemo]
Aug 10, 2017 1:11:50 PM taurusjunit.TaurusReporter <init>
INFO: LDJSON file: /Users/narsi01/Desktop/JWC_SN/sel/2017-08-10_13-11-47.147339/selenium_tests_report.ldjson
Aug 10, 2017 1:11:50 PM taurusjunit.CustomListener testRunStarted
INFO: Run Started: null
Aug 10, 2017 1:11:50 PM taurusjunit.CustomListener testStarted
INFO: started startDemo(com.company.StasTaurusDemo)
Aug 10, 2017 1:11:51 PM taurusjunit.CustomListener testFailure
SEVERE: failed startDemo(com.company.StasTaurusDemo): The path to the driver executable must be set by the webdriver.chrome.driver system property; for more information, see https://github.com/SeleniumHQ/selenium/wiki/ChromeDriver. The latest version can be downloaded from http://chromedriver.storage.googleapis.com/index.html
Aug 10, 2017 1:11:51 PM taurusjunit.CustomListener testFinished
INFO: finished startDemo(com.company.StasTaurusDemo)
Aug 10, 2017 1:11:51 PM taurusjunit.CustomListener testRunFinished
INFO: Run Finished, successful=false, run count=1
Aug 10, 2017 1:11:51 PM taurusjunit.CustomRunner main
INFO: Elapsed: 138, limit: 0.0
Aug 10, 2017 1:11:51 PM taurusjunit.TaurusReporter close
INFO: Closing LDJSON reporter stream
