[2017-08-02 14:29:38,963 INFO root] Taurus CLI Tool v1.8.4.1401
[2017-08-02 14:29:38,963 DEBUG root] Command-line options: {'verbose': None, 'no_system_configs': None, 'quiet': None, 'log': '/var/folders/t5/kg41spf56pz146ff1j739w358p9wh7/T/bzt_xoUmxd.log', 'option': None, 'aliases': ['cloud']}
[2017-08-02 14:29:38,963 DEBUG root] Python: CPython 2.7.13
[2017-08-02 14:29:38,963 DEBUG root] OS: ('Darwin', 'narsi01mac1752', '16.7.0', 'Darwin Kernel Version 16.7.0: Thu Jun 15 17:36:27 PDT 2017; root:xnu-3789.70.16~2/RELEASE_X86_64', 'x86_64', 'i386')
[2017-08-02 14:29:38,963 INFO root] Starting with configs: ['sel_har_cloud.yml']
[2017-08-02 14:29:38,963 DEBUG root] Adding personal config: /Users/narsi01/.bzt-rc
[2017-08-02 14:29:38,964 INFO Engine] Configuring...
[2017-08-02 14:29:38,964 DEBUG Engine] Reading extension configs from: /usr/local/etc/bzt.d
[2017-08-02 14:29:38,964 DEBUG Engine.Configuration] Configs: ['/Library/Frameworks/Python.framework/Versions/2.7/lib/python2.7/site-packages/bzt/resources/base-config.yml', '/usr/local/etc/bzt.d/99-installID.yml']
[2017-08-02 14:29:38,964 DEBUG Engine.Configuration] Reading /Library/Frameworks/Python.framework/Versions/2.7/lib/python2.7/site-packages/bzt/resources/base-config.yml
[2017-08-02 14:29:38,964 DEBUG Engine.Configuration] Reading /Library/Frameworks/Python.framework/Versions/2.7/lib/python2.7/site-packages/bzt/resources/base-config.yml as YAML
[2017-08-02 14:29:38,986 DEBUG Engine.Configuration] Reading /usr/local/etc/bzt.d/99-installID.yml
[2017-08-02 14:29:38,986 DEBUG Engine.Configuration] Reading /usr/local/etc/bzt.d/99-installID.yml as YAML
[2017-08-02 14:29:38,987 DEBUG Engine.Configuration] Configs: ['/Users/narsi01/.bzt-rc', 'sel_har_cloud.yml']
[2017-08-02 14:29:38,987 DEBUG Engine.Configuration] Reading /Users/narsi01/.bzt-rc
[2017-08-02 14:29:38,988 DEBUG Engine.Configuration] Reading /Users/narsi01/.bzt-rc as YAML
[2017-08-02 14:29:38,989 DEBUG Engine.Configuration] Reading sel_har_cloud.yml
[2017-08-02 14:29:38,989 DEBUG Engine.Configuration] Reading sel_har_cloud.yml as YAML
[2017-08-02 14:29:38,993 DEBUG root] Configs: ['/Users/narsi01/.bzt-rc', 'sel_har_cloud.yml']
[2017-08-02 14:29:38,993 DEBUG root] Reading /Users/narsi01/.bzt-rc
[2017-08-02 14:29:38,994 DEBUG root] Reading /Users/narsi01/.bzt-rc as YAML
[2017-08-02 14:29:38,994 DEBUG root] Reading sel_har_cloud.yml
[2017-08-02 14:29:38,994 DEBUG root] Reading sel_har_cloud.yml as YAML
[2017-08-02 14:29:38,998 INFO Engine] Artifacts dir: /Users/narsi01/Desktop/JWC_SN/jenkins/2017-08-02_14-29-38.998584
[2017-08-02 14:29:38,999 DEBUG Engine] New artifact filename: /Users/narsi01/Desktop/JWC_SN/jenkins/2017-08-02_14-29-38.998584/effective
[2017-08-02 14:29:39,000 DEBUG Engine.Configuration] Dumping YAML config into /Users/narsi01/Desktop/JWC_SN/jenkins/2017-08-02_14-29-38.998584/effective.yml
[2017-08-02 14:29:39,024 DEBUG Engine] Requesting updates info: http://gettaurus.org/updates/?version=1.8.4.1401&installID=acde48001122
[2017-08-02 14:29:39,066 DEBUG Engine.Configuration] Dumping JSON config into /Users/narsi01/Desktop/JWC_SN/jenkins/2017-08-02_14-29-38.998584/effective.json
[2017-08-02 14:29:39,106 DEBUG Engine] New artifact filename: /Users/narsi01/Desktop/JWC_SN/jenkins/2017-08-02_14-29-38.998584/merged.yml
[2017-08-02 14:29:39,107 DEBUG root] Dumping YAML config into /Users/narsi01/Desktop/JWC_SN/jenkins/2017-08-02_14-29-38.998584/merged.yml
[2017-08-02 14:29:39,146 DEBUG Engine] New artifact filename: /Users/narsi01/Desktop/JWC_SN/jenkins/2017-08-02_14-29-38.998584/merged.json
[2017-08-02 14:29:39,146 DEBUG root] Dumping JSON config into /Users/narsi01/Desktop/JWC_SN/jenkins/2017-08-02_14-29-38.998584/merged.json
[2017-08-02 14:29:39,183 DEBUG Engine] Add existing artifact (move=False): sel_har_cloud.yml
[2017-08-02 14:29:39,184 DEBUG Engine] Copying sel_har_cloud.yml to /Users/narsi01/Desktop/JWC_SN/jenkins/2017-08-02_14-29-38.998584/sel_har_cloud.yml
[2017-08-02 14:29:39,220 DEBUG root] Closing log handler: /var/folders/t5/kg41spf56pz146ff1j739w358p9wh7/T/bzt_xoUmxd.log
[2017-08-02 14:29:39,294 DEBUG root] Switched writing logs to /Users/narsi01/Desktop/JWC_SN/jenkins/2017-08-02_14-29-38.998584/bzt.log
[2017-08-02 14:29:39,294 INFO Engine] Preparing...
[2017-08-02 14:29:39,295 DEBUG Engine] Module config: consolidator defaultdict(None, {'class': 'bzt.modules.aggregator.ConsolidatingAggregator'})
[2017-08-02 14:29:39,295 DEBUG root] Importing module: bzt.modules.aggregator
[2017-08-02 14:29:39,297 DEBUG root] Loading class: 'ConsolidatingAggregator' from <module 'bzt.modules.aggregator' from '/Library/Frameworks/Python.framework/Versions/2.7/lib/python2.7/site-packages/bzt/modules/aggregator.pyc'>
[2017-08-02 14:29:39,297 DEBUG Engine.consolidator] Exception in dehumanize_time(inf)
[2017-08-02 14:29:39,297 DEBUG Engine.consolidator] Buffer scaling setup: percentile 95.0 from [0.0, 50.0, 90.0, 95.0, 99.0, 99.9, 100.0] selected
[2017-08-02 14:29:39,298 DEBUG Engine] Module config: monitoring defaultdict(None, {'class': 'bzt.modules.monitoring.Monitoring'})
[2017-08-02 14:29:39,298 DEBUG root] Importing module: bzt.modules.monitoring
[2017-08-02 14:29:39,334 DEBUG root] Loading class: 'Monitoring' from <module 'bzt.modules.monitoring' from '/Library/Frameworks/Python.framework/Versions/2.7/lib/python2.7/site-packages/bzt/modules/monitoring.pyc'>
[2017-08-02 14:29:39,334 DEBUG Engine.monitoring] Should not run because of non-matching prov: cloud != local
[2017-08-02 14:29:39,334 DEBUG Engine] Module config: capturehar defaultdict(None, {'class': 'bzt.modules.blazemeter.ServiceStubCaptureHAR'})
[2017-08-02 14:29:39,334 DEBUG root] Importing module: bzt.modules.blazemeter
[2017-08-02 14:29:39,388 DEBUG root] Loading class: 'ServiceStubCaptureHAR' from <module 'bzt.modules.blazemeter' from '/Library/Frameworks/Python.framework/Versions/2.7/lib/python2.7/site-packages/bzt/modules/blazemeter.pyc'>
[2017-08-02 14:29:39,388 DEBUG Engine.capturehar] Should not run because of non-matching prov: cloud != local
[2017-08-02 14:29:39,388 DEBUG Engine] Module config: screenshoter defaultdict(None, {'class': 'bzt.modules.blazemeter.ServiceStubScreenshoter'})
[2017-08-02 14:29:39,388 DEBUG root] Importing module: bzt.modules.blazemeter
[2017-08-02 14:29:39,388 DEBUG root] Loading class: 'ServiceStubScreenshoter' from <module 'bzt.modules.blazemeter' from '/Library/Frameworks/Python.framework/Versions/2.7/lib/python2.7/site-packages/bzt/modules/blazemeter.pyc'>
[2017-08-02 14:29:39,388 DEBUG Engine.screenshoter] Should not run because of non-matching prov: cloud != local
[2017-08-02 14:29:39,388 DEBUG Engine] Module config: cloud defaultdict(None, {'class': 'bzt.modules.blazemeter.CloudProvisioning', 'default-location': 'us-central1-a'})
[2017-08-02 14:29:39,388 DEBUG root] Importing module: bzt.modules.blazemeter
[2017-08-02 14:29:39,388 DEBUG root] Loading class: 'CloudProvisioning' from <module 'bzt.modules.blazemeter' from '/Library/Frameworks/Python.framework/Versions/2.7/lib/python2.7/site-packages/bzt/modules/blazemeter.pyc'>
[2017-08-02 14:29:39,389 DEBUG Engine] Module config: blazemeter defaultdict(None, {'token': '********', 'class': 'bzt.modules.blazemeter.BlazeMeterUploader'})
[2017-08-02 14:29:39,389 DEBUG root] Importing module: bzt.modules.blazemeter
[2017-08-02 14:29:39,389 DEBUG root] Loading class: 'BlazeMeterUploader' from <module 'bzt.modules.blazemeter' from '/Library/Frameworks/Python.framework/Versions/2.7/lib/python2.7/site-packages/bzt/modules/blazemeter.pyc'>
[2017-08-02 14:29:39,389 DEBUG Engine.cloud] Request: GET https://a.blazemeter.com/api/v4/accounts None
[2017-08-02 14:29:39,630 DEBUG Engine] Taurus updates info: {"latest":"1.9.4","needsUpgrade":true}
[2017-08-02 14:29:39,632 WARNING Engine] There is newer version of Taurus 1.9.4 available, consider upgrading. What's new: http://gettaurus.org/docs/Changelog/
[2017-08-02 14:29:39,922 DEBUG Engine.cloud] Response: {
    "limit": 10,
    "skip": 0,
    "total": 2,
    "hidden": 0,
    "api_version": 4,
    "error": null,
    "result": [
        {
            "id": 21166,
            "name": "Martin Kowalewski",
            "thumbnailUrl": "",
            "salesforceI
[2017-08-02 14:29:39,922 DEBUG Engine.cloud] Request: GET https://a.blazemeter.com/api/v4/workspaces?accountId=21166&enabled=true&limit=100 None
[2017-08-02 14:29:40,378 DEBUG Engine.cloud] Response: {
    "limit": 100,
    "skip": 0,
    "total": 1,
    "hidden": 0,
    "api_version": 4,
    "error": null,
    "result": [
        {
            "id": 133217,
            "name": "SE DEMOs",
            "userId": 307773,
            "created": 1493664013
[2017-08-02 14:29:40,378 DEBUG Engine.cloud] Request: GET https://a.blazemeter.com/api/v4/workspaces?accountId=40241&enabled=true&limit=100 None
[2017-08-02 14:29:40,856 DEBUG Engine.cloud] Response: {
    "limit": 100,
    "skip": 0,
    "total": 3,
    "hidden": 0,
    "api_version": 4,
    "error": null,
    "result": [
        {
            "id": 509,
            "name": "Customer Demo Org",
            "userId": 86033,
            "created": 14419
[2017-08-02 14:29:40,857 DEBUG Engine] Module config: selenium defaultdict(None, {'class': 'bzt.modules.selenium.SeleniumExecutor', 'virtual-display': defaultdict(None, {'width': 1280, 'height': 800})})
[2017-08-02 14:29:40,857 DEBUG root] Importing module: bzt.modules.selenium
[2017-08-02 14:29:40,874 DEBUG easyprocess] version=0.2.3
[2017-08-02 14:29:40,878 DEBUG pyvirtualdisplay] version=0.2.1
[2017-08-02 14:29:40,880 DEBUG root] Loading class: 'SeleniumExecutor' from <module 'bzt.modules.selenium' from '/Library/Frameworks/Python.framework/Versions/2.7/lib/python2.7/site-packages/bzt/modules/selenium.pyc'>
[2017-08-02 14:29:40,880 DEBUG Engine.cloud] Request: GET https://a.blazemeter.com/api/v4/multi-tests?workspaceId=133217&name=Taurus+Cloud+Test None
[2017-08-02 14:29:41,429 DEBUG Engine.cloud] Response: {
    "limit": 10,
    "skip": 0,
    "total": 0,
    "hidden": 0,
    "api_version": 4,
    "error": null,
    "result": []
}
[2017-08-02 14:29:41,429 DEBUG Engine.cloud] Request: GET https://a.blazemeter.com/api/v4/multi-tests?workspaceId=509&name=Taurus+Cloud+Test None
[2017-08-02 14:29:41,877 DEBUG Engine.cloud] Response: {
    "limit": 10,
    "skip": 0,
    "total": 0,
    "hidden": 0,
    "api_version": 4,
    "error": null,
    "result": []
}
[2017-08-02 14:29:41,878 DEBUG Engine.cloud] Request: GET https://a.blazemeter.com/api/v4/multi-tests?workspaceId=3130&name=Taurus+Cloud+Test None
[2017-08-02 14:29:42,333 DEBUG Engine.cloud] Response: {
    "limit": 10,
    "skip": 0,
    "total": 0,
    "hidden": 0,
    "api_version": 4,
    "error": null,
    "result": []
}
[2017-08-02 14:29:42,333 DEBUG Engine.cloud] Request: GET https://a.blazemeter.com/api/v4/multi-tests?workspaceId=31694&name=Taurus+Cloud+Test None
[2017-08-02 14:29:42,777 DEBUG Engine.cloud] Response: {
    "limit": 10,
    "skip": 0,
    "total": 0,
    "hidden": 0,
    "api_version": 4,
    "error": null,
    "result": []
}
[2017-08-02 14:29:42,778 DEBUG Engine.cloud.ProjectFinder] Looked for collection: None
[2017-08-02 14:29:42,778 DEBUG Engine.cloud] Request: GET https://a.blazemeter.com/api/v4/tests?workspaceId=133217&name=Taurus+Cloud+Test None
[2017-08-02 14:29:43,271 DEBUG Engine.cloud] Response: {
    "limit": 10,
    "skip": 0,
    "total": 0,
    "hidden": 0,
    "api_version": 4,
    "error": null,
    "result": []
}
[2017-08-02 14:29:43,272 DEBUG Engine.cloud] Request: GET https://a.blazemeter.com/api/v4/tests?workspaceId=509&name=Taurus+Cloud+Test None
[2017-08-02 14:29:43,915 DEBUG Engine.cloud] Response: {
    "limit": 10,
    "skip": 0,
    "total": 0,
    "hidden": 0,
    "api_version": 4,
    "error": null,
    "result": []
}
[2017-08-02 14:29:43,916 DEBUG Engine.cloud] Request: GET https://a.blazemeter.com/api/v4/tests?workspaceId=3130&name=Taurus+Cloud+Test None
[2017-08-02 14:29:44,391 DEBUG Engine.cloud] Response: {
    "limit": 10,
    "skip": 0,
    "total": 0,
    "hidden": 0,
    "api_version": 4,
    "error": null,
    "result": []
}
[2017-08-02 14:29:44,391 DEBUG Engine.cloud] Request: GET https://a.blazemeter.com/api/v4/tests?workspaceId=31694&name=Taurus+Cloud+Test None
[2017-08-02 14:29:44,870 DEBUG Engine.cloud] Response: {
    "limit": 10,
    "skip": 0,
    "total": 1,
    "hidden": 0,
    "api_version": 4,
    "error": null,
    "result": [
        {
            "id": 5396847,
            "name": "Taurus Cloud Test",
            "userId": 106819,
            "created": 1
[2017-08-02 14:29:44,870 DEBUG Engine.cloud.ProjectFinder] Looked for test: {u'updated': 1501708925, u'name': u'Taurus Cloud Test', u'created': 1487111522, u'projectId': 74163, u'userId': 106819, u'lastUpdatedById': 106819, u'configuration': {u'targetThreads': 0, u'type': u'taurus', u'canControlRampup': False, u'plugins': {u'taurus': {u'filename': u'taurus.yml'}}}, u'id': 5396847}
[2017-08-02 14:29:44,870 DEBUG Engine.cloud.ProjectFinder] Detected test type: old
[2017-08-02 14:29:44,870 DEBUG Engine.cloud] Request: GET https://a.blazemeter.com/api/v4/user None
[2017-08-02 14:29:45,323 DEBUG Engine.cloud] Response: {
    "api_version": 4,
    "error": null,
    "result": {
        "id": 106819,
        "email": "sid@blazemeter.com",
        "access": 1501709384,
        "login": 1496385643,
        "firstName": "Sid",
        "lastName": "Narang",
        "timezone":
[2017-08-02 14:29:45,323 DEBUG Engine.cloud] Request: GET https://a.blazemeter.com/api/v4/projects?workspaceId=133217&limit=99999 None
[2017-08-02 14:29:45,815 DEBUG Engine.cloud] Response: {
    "limit": 99999,
    "skip": 0,
    "total": 4,
    "hidden": 0,
    "api_version": 4,
    "error": null,
    "result": [
        {
            "id": 201589,
            "name": "API ",
            "userId": null,
            "description": "Tests to 
[2017-08-02 14:29:45,815 DEBUG Engine.cloud] Request: GET https://a.blazemeter.com/api/v4/projects?workspaceId=509&limit=99999 None
[2017-08-02 14:29:46,273 DEBUG Engine.cloud] Response: {
    "limit": 99999,
    "skip": 0,
    "total": 2,
    "hidden": 0,
    "api_version": 4,
    "error": null,
    "result": [
        {
            "id": 41932,
            "name": "Production Test",
            "userId": 106819,
            "description"
[2017-08-02 14:29:46,273 DEBUG Engine.cloud] Request: GET https://a.blazemeter.com/api/v4/projects?workspaceId=3130&limit=99999 None
[2017-08-02 14:29:46,724 DEBUG Engine.cloud] Response: {
    "limit": 99999,
    "skip": 0,
    "total": 1,
    "hidden": 0,
    "api_version": 4,
    "error": null,
    "result": [
        {
            "id": 43759,
            "name": "Perf Labs Test",
            "userId": 106819,
            "description":
[2017-08-02 14:29:46,724 DEBUG Engine.cloud] Request: GET https://a.blazemeter.com/api/v4/projects?workspaceId=31694&limit=99999 None
[2017-08-02 14:29:47,194 DEBUG Engine.cloud] Response: {
    "limit": 99999,
    "skip": 0,
    "total": 9,
    "hidden": 0,
    "api_version": 4,
    "error": null,
    "result": [
        {
            "id": 61465,
            "name": "AWS 2016",
            "userId": 106819,
            "description": "",
 
[2017-08-02 14:29:47,194 DEBUG Engine.cloud] Request: GET https://a.blazemeter.com/api/v4/workspaces/133217 None
[2017-08-02 14:29:47,806 DEBUG Engine.cloud] Response: {
    "api_version": 4,
    "error": null,
    "result": {
        "id": 133217,
        "name": "SE DEMOs",
        "userId": 307773,
        "created": 1493664013,
        "updated": 1501529531,
        "enabled": true,
        "dedicatedIpsEnabled": tru
[2017-08-02 14:29:47,811 DEBUG Engine.cloud] Request: GET https://a.blazemeter.com/api/v4/workspaces/509 None
[2017-08-02 14:29:48,482 DEBUG Engine.cloud] Response: {
    "api_version": 4,
    "error": null,
    "result": {
        "id": 509,
        "name": "Customer Demo Org",
        "userId": 86033,
        "created": 1441920631,
        "updated": 1484233350,
        "enabled": true,
        "dedicatedIpsEnabled"
[2017-08-02 14:29:48,486 DEBUG Engine.cloud] Request: GET https://a.blazemeter.com/api/v4/workspaces/3130 None
[2017-08-02 14:29:49,186 DEBUG Engine.cloud] Response: {
    "api_version": 4,
    "error": null,
    "result": {
        "id": 3130,
        "name": "Performance Labs",
        "userId": 106819,
        "description": "",
        "created": 1475511777,
        "updated": 1475511777,
        "enabled": true,
 
[2017-08-02 14:29:49,191 DEBUG Engine.cloud] Request: GET https://a.blazemeter.com/api/v4/workspaces/31694 None
[2017-08-02 14:29:49,757 DEBUG Engine.cloud] Response: {
    "api_version": 4,
    "error": null,
    "result": {
        "id": 31694,
        "name": "Sid Narang's Workspace",
        "userId": 106819,
        "created": 1482649488,
        "updated": 1482649488,
        "enabled": true,
        "dedicatedIps
[2017-08-02 14:29:49,762 DEBUG Engine.cloud] All resource files are: []
[2017-08-02 14:29:49,762 DEBUG Engine.cloud] Replace file names in config: [] with []
[2017-08-02 14:29:49,764 DEBUG Engine] New artifact filename: /Users/narsi01/Desktop/JWC_SN/jenkins/2017-08-02_14-29-38.998584/cloud
[2017-08-02 14:29:49,765 DEBUG root] Dumping YAML config into /Users/narsi01/Desktop/JWC_SN/jenkins/2017-08-02_14-29-38.998584/cloud.yml
[2017-08-02 14:29:49,810 DEBUG root] Dumping JSON config into /Users/narsi01/Desktop/JWC_SN/jenkins/2017-08-02_14-29-38.998584/cloud.json
[2017-08-02 14:29:49,849 DEBUG Engine.cloud] Request: GET https://a.blazemeter.com/api/v4/web/elfinder/5396847?cmd=open&target=s1_Lw None
[2017-08-02 14:29:50,426 DEBUG Engine.cloud] Response: {"cwd":{"name":"data","size":0,"mime":"directory","read":1,"write":1,"parent_id":"users","hash":"s1_Lw","rootRev":"","options":{"path":"","url":"","tmbUrl":"","disabled":["mkdir","archive","extract","chmod"],"separator":"\/","copyOverwrite":1,"uploadOverwr
[2017-08-02 14:29:50,426 DEBUG Engine.cloud] Test files: [u'taurus.yml']
[2017-08-02 14:29:50,426 DEBUG Engine.cloud] Request: GET https://a.blazemeter.com/api/v4/web/elfinder/5396847?cmd=rm&targets[]=s1_dGF1cnVzLnltbA None
[2017-08-02 14:29:51,128 DEBUG Engine.cloud] Response: {"removed":["s1_dGF1cnVzLnltbA"],"changed":[{"name":"data","size":0,"mime":"directory","read":1,"write":1,"parent_id":"users","hash":"s1_Lw","rootRev":"","options":{"path":"","url":"","tmbUrl":"","disabled":["mkdir","archive","extract","chmod"],"separator"
[2017-08-02 14:29:51,128 DEBUG Engine.cloud] Successfully deleted 1 test files
[2017-08-02 14:29:51,134 DEBUG Engine.cloud] Uploading files into the test: []
[2017-08-02 14:29:51,147 DEBUG Engine.cloud] Request: POST https://a.blazemeter.com/api/v4/tests/5396847/files --===============6210957264373199342==
Content-Disposition: file; name="script"; filename="taurus.yml"
Content-Type: application/octet-stream

---
execution:
- executor: selenium
  iterations: 2
  locations:
    eu-west-1: 1
  scenario: req
local-bzt-v
[2017-08-02 14:29:51,761 DEBUG Engine.cloud] Response: {
    "api_version": 4,
    "error": null,
    "result": {
        "id": 5396847,
        "name": "Taurus Cloud Test",
        "userId": 106819,
        "created": 1487111522,
        "updated": 1501709391,
        "configuration": {
            "type": "t
[2017-08-02 14:29:51,762 DEBUG Engine.cloud] Request: PATCH https://a.blazemeter.com/api/v4/tests/5396847 {
 "configuration": {
  "executionType": null
 }
}
[2017-08-02 14:29:52,357 DEBUG Engine.cloud] Response: {
    "api_version": 4,
    "error": null,
    "result": {
        "id": 5396847,
        "name": "Taurus Cloud Test",
        "userId": 106819,
        "created": 1487111522,
        "updated": 1501709392,
        "projectId": 74163,
        "lastUpdatedB
[2017-08-02 14:29:52,357 DEBUG Engine] Module config: final-stats defaultdict(None, {'class': 'bzt.modules.reporting.FinalStatus'})
[2017-08-02 14:29:52,358 DEBUG root] Importing module: bzt.modules.reporting
[2017-08-02 14:29:52,365 DEBUG root] Loading class: 'FinalStatus' from <module 'bzt.modules.reporting' from '/Library/Frameworks/Python.framework/Versions/2.7/lib/python2.7/site-packages/bzt/modules/reporting.pyc'>
[2017-08-02 14:29:52,365 DEBUG Engine] Module config: console defaultdict(None, {'class': 'bzt.modules.console.ConsoleStatusReporter'})
[2017-08-02 14:29:52,365 DEBUG root] Importing module: bzt.modules.console
[2017-08-02 14:29:52,365 DEBUG root] Loading class: 'ConsoleStatusReporter' from <module 'bzt.modules.console' from '/Library/Frameworks/Python.framework/Versions/2.7/lib/python2.7/site-packages/bzt/modules/console.pyc'>
[2017-08-02 14:29:52,373 DEBUG Engine.Configuration] Dumping YAML config into /Users/narsi01/Desktop/JWC_SN/jenkins/2017-08-02_14-29-38.998584/effective.yml
[2017-08-02 14:29:52,433 DEBUG Engine.Configuration] Dumping JSON config into /Users/narsi01/Desktop/JWC_SN/jenkins/2017-08-02_14-29-38.998584/effective.json
[2017-08-02 14:29:52,465 INFO Engine] Starting...
[2017-08-02 14:29:52,465 DEBUG Engine] Startup <bzt.modules.aggregator.ConsolidatingAggregator object at 0x1055e8fd0>
[2017-08-02 14:29:52,465 DEBUG Engine] Startup <bzt.modules.reporting.FinalStatus object at 0x10912d810>
[2017-08-02 14:29:52,465 DEBUG Engine] Startup <bzt.modules.console.ConsoleStatusReporter object at 0x10912db50>
[2017-08-02 14:29:52,465 INFO Engine.console] Waiting for results...
[2017-08-02 14:29:52,465 DEBUG Engine] Startup <bzt.modules.blazemeter.CloudProvisioning object at 0x105630750>
[2017-08-02 14:29:52,466 INFO Engine.cloud.ProjectFinder.CloudTaurusTest] Initiating cloud test with https://a.blazemeter.com ...
[2017-08-02 14:29:52,466 DEBUG Engine.cloud] Request: POST https://a.blazemeter.com/api/v4/tests/5396847/start None
[2017-08-02 14:29:53,200 DEBUG Engine.cloud] Response: {
    "api_version": 4,
    "error": null,
    "result": {
        "id": 16490833,
        "name": "Taurus Cloud Test",
        "userId": 106819,
        "runnerUserId": 106819,
        "created": 1501709392,
        "updated": 1501709393,
        "testId"
[2017-08-02 14:29:53,201 INFO Engine.cloud] Started cloud test: https://a.blazemeter.com/app/#/masters/16490833
[2017-08-02 14:29:53,286 DEBUG Engine.Configuration] Dumping YAML config into /Users/narsi01/Desktop/JWC_SN/jenkins/2017-08-02_14-29-38.998584/effective.yml
[2017-08-02 14:29:53,350 DEBUG Engine.Configuration] Dumping JSON config into /Users/narsi01/Desktop/JWC_SN/jenkins/2017-08-02_14-29-38.998584/effective.json
[2017-08-02 14:29:53,384 DEBUG root] Leveling down log file verbosity, use -v option to have DEBUG messages enabled
[2017-08-02 14:29:53,858 INFO Engine.cloud] Cloud test status: INIT
[2017-08-02 14:29:54,329 INFO Engine.console] Waiting for finish...
[2017-08-02 14:29:58,930 INFO Engine.cloud] Cloud test status: BOOT_STARTING
[2017-08-02 14:30:29,039 INFO Engine.cloud] Cloud test status: TAURUS_ENGINE_INIT
[2017-08-02 14:33:09,211 INFO Engine.cloud] Cloud test status: DATA_RECIEVED
[2017-08-02 14:33:56,697 INFO Engine.cloud] Cloud test status: ENDED
[2017-08-02 14:33:56,703 INFO Engine.cloud] Test was stopped in the cloud: ENDED
[2017-08-02 14:33:58,165 WARNING Engine] Please wait for graceful shutdown...
[2017-08-02 14:33:58,170 DEBUG root] Leveled up log file verbosity
[2017-08-02 14:33:58,170 INFO Engine] Shutting down...
[2017-08-02 14:33:58,175 DEBUG Engine.console] Restoring logging streams, [<logging.StreamHandler object at 0x1055ff090>]/{<logging.StreamHandler object at 0x1055ff090>: <open file '<stdout>', mode 'w' at 0x1002ad150>}
[2017-08-02 14:33:58,177 DEBUG Engine.Configuration] Dumping YAML config into /Users/narsi01/Desktop/JWC_SN/jenkins/2017-08-02_14-29-38.998584/effective.yml
[2017-08-02 14:33:58,233 DEBUG Engine.Configuration] Dumping JSON config into /Users/narsi01/Desktop/JWC_SN/jenkins/2017-08-02_14-29-38.998584/effective.json
[2017-08-02 14:33:58,265 INFO Engine] Post-processing...
[2017-08-02 14:33:58,265 DEBUG Engine.cloud] Request: GET https://a.blazemeter.com/api/v4/masters/16490833/full None
[2017-08-02 14:33:58,747 DEBUG Engine.cloud] Response: {
    "api_version": 4,
    "error": null,
    "result": {
        "id": 16490833,
        "name": "Taurus Cloud Test",
        "userId": 106819,
        "ended": 1501709632,
        "runnerUserId": 106819,
        "maxUsers": 1,
        "created": 1501709
[2017-08-02 14:33:58,748 DEBUG Engine.cloud] Request: GET https://a.blazemeter.com/api/v4/masters/16490833/sessions None
[2017-08-02 14:33:59,246 DEBUG Engine.cloud] Response: {
    "api_version": 4,
    "error": null,
    "result": {
        "sessions": [
            {
                "id": "r-t-59824452467f4",
                "name": "selenium/req/eu-west-1",
                "userId": 106819,
                "offset": 0,
     
[2017-08-02 14:33:59,246 DEBUG Engine.cloud] Request: GET https://a.blazemeter.com/api/v4/sessions/r-t-59824452467f4/reports/logs None
[2017-08-02 14:33:59,806 DEBUG Engine.cloud] Response: {
    "api_version": 4,
    "error": null,
    "result": {
        "hash": "logs",
        "name": "Logs",
        "type": "Logs",
        "source": "",
        "id": "logs",
        "session_id": "r-t-59824452467f4",
        "dataUrl": "https://a.blazemet
[2017-08-02 14:33:59,807 INFO Engine.cloud] Downloading artifacts-1.zip from the cloud
[2017-08-02 14:34:01,795 DEBUG Engine.cloud] Extracting selenium-req.har.js to /Users/narsi01/Desktop/JWC_SN/jenkins/2017-08-02_14-29-38.998584/cloud-artifacts
[2017-08-02 14:34:01,851 DEBUG Engine.cloud] Extracting selenium-req.har.scr.js to /Users/narsi01/Desktop/JWC_SN/jenkins/2017-08-02_14-29-38.998584/cloud-artifacts
[2017-08-02 14:34:01,886 DEBUG Engine.cloud] Extracting selenium-req.har to /Users/narsi01/Desktop/JWC_SN/jenkins/2017-08-02_14-29-38.998584/cloud-artifacts
[2017-08-02 14:34:01,929 DEBUG Engine.cloud] Extracting selenium-req.har.html to /Users/narsi01/Desktop/JWC_SN/jenkins/2017-08-02_14-29-38.998584/cloud-artifacts
[2017-08-02 14:34:01,964 INFO Engine.cloud] Downloading bzt-1.log from the cloud
[2017-08-02 14:34:03,383 DEBUG Engine.cloud] Request: GET https://a.blazemeter.com/api/v4/data/labels?master_id=16490833 None
[2017-08-02 14:34:03,835 DEBUG Engine.cloud] Response: {
    "api_version": 4,
    "error": null,
    "result": [
        {
            "id": "ALL",
            "name": "ALL",
            "sessions": [
                "r-t-59824452467f4"
            ]
        },
        {
            "id": "4f01e5e97d7d0aba4ee
[2017-08-02 14:34:03,835 DEBUG Engine.cloud] Request: GET https://a.blazemeter.com/api/v4/data/kpis?interval=1&from=1501709475&master_ids%5B%5D=16490833&kpis%5B%5D=t&kpis%5B%5D=lt&kpis%5B%5D=by&kpis%5B%5D=n&kpis%5B%5D=ec&kpis%5B%5D=ts&kpis%5B%5D=na&labels%5B%5D=ALL&labels%5B%5D=4f01e5e97d7d0aba4ee6959ea521e5c3 None
[2017-08-02 14:34:04,360 DEBUG Engine.cloud] Response: {
    "api_version": 4,
    "error": null,
    "result": [
        {
            "labelId": "4f01e5e97d7d0aba4ee6959ea521e5c3",
            "labelName": "https://nytimes.com",
            "label": "https://nytimes.com",
            "kpis": [
              
[2017-08-02 14:34:04,360 DEBUG Engine.cloud] Request: GET https://a.blazemeter.com/api/v4/masters/16490833/reports/aggregatereport/data None
[2017-08-02 14:34:04,822 DEBUG Engine.cloud] Response: {
    "api_version": 4,
    "error": null,
    "result": [
        {
            "labelId": "ALL",
            "labelName": "ALL",
            "samples": 2,
            "avgResponseTime": 51494,
            "90line": 80359,
            "95line": 80359,
   
[2017-08-02 14:34:04,823 DEBUG Engine.consolidator] Consolidator buffer[2]: [1501709474, 1501709556]
[2017-08-02 14:34:04,823 DEBUG Engine.consolidator] Merging into 1501709474
[2017-08-02 14:34:04,823 DEBUG Engine.consolidator] Merging 1501709474
[2017-08-02 14:34:04,826 DEBUG Engine.consolidator] Processed datapoint: 1501709474/None
[2017-08-02 14:34:04,826 DEBUG Engine.consolidator] Merging into 1501709556
[2017-08-02 14:34:04,826 DEBUG Engine.consolidator] Merging 1501709556
[2017-08-02 14:34:04,828 DEBUG Engine.consolidator] Processed datapoint: 1501709556/None
[2017-08-02 14:34:04,828 INFO Engine.final-stats] Test duration: 0:04:12
[2017-08-02 14:34:04,828 INFO Engine.final-stats] Samples count: 2, 0.00% failures
[2017-08-02 14:34:04,828 INFO Engine.final-stats] Average times: total 51.500, latency 0.000, connect 0.000
[2017-08-02 14:34:04,828 INFO Engine.final-stats] Percentile 90.0%: 80.359
[2017-08-02 14:34:04,828 INFO Engine.final-stats] Percentile 95.0%: 80.359
[2017-08-02 14:34:04,828 INFO Engine.final-stats] Percentile 99.0%: 80.359
[2017-08-02 14:34:04,829 DEBUG Engine.console] No logger_handler or orig_stream was detected
[2017-08-02 14:34:04,830 DEBUG Engine.Configuration] Dumping YAML config into /Users/narsi01/Desktop/JWC_SN/jenkins/2017-08-02_14-29-38.998584/effective.yml
[2017-08-02 14:34:04,891 DEBUG Engine.Configuration] Dumping JSON config into /Users/narsi01/Desktop/JWC_SN/jenkins/2017-08-02_14-29-38.998584/effective.json
[2017-08-02 14:34:04,926 INFO root] Artifacts dir: /Users/narsi01/Desktop/JWC_SN/jenkins/2017-08-02_14-29-38.998584
[2017-08-02 14:34:04,926 INFO root] Done performing with code: 0
[2017-08-02 14:34:04,926 DEBUG root] Closing log handler: /Users/narsi01/Desktop/JWC_SN/jenkins/2017-08-02_14-29-38.998584/bzt.log
