[2017-08-02 14:18:00,415 INFO root] Taurus CLI Tool v1.8.4.1401
[2017-08-02 14:18:00,415 DEBUG root] Command-line options: {'verbose': None, 'no_system_configs': None, 'quiet': None, 'log': '/var/folders/t5/kg41spf56pz146ff1j739w358p9wh7/T/bzt_TKyv0V.log', 'option': None, 'aliases': ['cloud']}
[2017-08-02 14:18:00,415 DEBUG root] Python: CPython 2.7.13
[2017-08-02 14:18:00,415 DEBUG root] OS: ('Darwin', 'narsi01mac1752', '16.7.0', 'Darwin Kernel Version 16.7.0: Thu Jun 15 17:36:27 PDT 2017; root:xnu-3789.70.16~2/RELEASE_X86_64', 'x86_64', 'i386')
[2017-08-02 14:18:00,415 INFO root] Starting with configs: ['taurus.yml']
[2017-08-02 14:18:00,415 DEBUG root] Adding personal config: /Users/narsi01/.bzt-rc
[2017-08-02 14:18:00,415 INFO Engine] Configuring...
[2017-08-02 14:18:00,416 DEBUG Engine] Reading extension configs from: /usr/local/etc/bzt.d
[2017-08-02 14:18:00,416 DEBUG Engine.Configuration] Configs: ['/Library/Frameworks/Python.framework/Versions/2.7/lib/python2.7/site-packages/bzt/resources/base-config.yml', '/usr/local/etc/bzt.d/99-installID.yml']
[2017-08-02 14:18:00,416 DEBUG Engine.Configuration] Reading /Library/Frameworks/Python.framework/Versions/2.7/lib/python2.7/site-packages/bzt/resources/base-config.yml
[2017-08-02 14:18:00,416 DEBUG Engine.Configuration] Reading /Library/Frameworks/Python.framework/Versions/2.7/lib/python2.7/site-packages/bzt/resources/base-config.yml as YAML
[2017-08-02 14:18:00,441 DEBUG Engine.Configuration] Reading /usr/local/etc/bzt.d/99-installID.yml
[2017-08-02 14:18:00,441 DEBUG Engine.Configuration] Reading /usr/local/etc/bzt.d/99-installID.yml as YAML
[2017-08-02 14:18:00,441 DEBUG Engine.Configuration] Configs: ['/Users/narsi01/.bzt-rc', 'taurus.yml']
[2017-08-02 14:18:00,441 DEBUG Engine.Configuration] Reading /Users/narsi01/.bzt-rc
[2017-08-02 14:18:00,441 DEBUG Engine.Configuration] Reading /Users/narsi01/.bzt-rc as YAML
[2017-08-02 14:18:00,442 DEBUG Engine.Configuration] Reading taurus.yml
[2017-08-02 14:18:00,442 DEBUG Engine.Configuration] Reading taurus.yml as YAML
[2017-08-02 14:18:00,446 DEBUG root] Configs: ['/Users/narsi01/.bzt-rc', 'taurus.yml']
[2017-08-02 14:18:00,446 DEBUG root] Reading /Users/narsi01/.bzt-rc
[2017-08-02 14:18:00,446 DEBUG root] Reading /Users/narsi01/.bzt-rc as YAML
[2017-08-02 14:18:00,447 DEBUG root] Reading taurus.yml
[2017-08-02 14:18:00,447 DEBUG root] Reading taurus.yml as YAML
[2017-08-02 14:18:00,452 INFO Engine] Artifacts dir: /Users/narsi01/Desktop/JWC_SN/jenkins/Selenium_nytimes/2017-08-02_14-18-00.452062
[2017-08-02 14:18:00,452 DEBUG Engine] New artifact filename: /Users/narsi01/Desktop/JWC_SN/jenkins/Selenium_nytimes/2017-08-02_14-18-00.452062/effective
[2017-08-02 14:18:00,454 DEBUG Engine.Configuration] Dumping YAML config into /Users/narsi01/Desktop/JWC_SN/jenkins/Selenium_nytimes/2017-08-02_14-18-00.452062/effective.yml
[2017-08-02 14:18:00,464 DEBUG Engine] Requesting updates info: http://gettaurus.org/updates/?version=1.8.4.1401&installID=acde48001122
[2017-08-02 14:18:00,526 DEBUG Engine.Configuration] Dumping JSON config into /Users/narsi01/Desktop/JWC_SN/jenkins/Selenium_nytimes/2017-08-02_14-18-00.452062/effective.json
[2017-08-02 14:18:00,565 DEBUG Engine] New artifact filename: /Users/narsi01/Desktop/JWC_SN/jenkins/Selenium_nytimes/2017-08-02_14-18-00.452062/merged.yml
[2017-08-02 14:18:00,566 DEBUG root] Dumping YAML config into /Users/narsi01/Desktop/JWC_SN/jenkins/Selenium_nytimes/2017-08-02_14-18-00.452062/merged.yml
[2017-08-02 14:18:00,603 DEBUG Engine] New artifact filename: /Users/narsi01/Desktop/JWC_SN/jenkins/Selenium_nytimes/2017-08-02_14-18-00.452062/merged.json
[2017-08-02 14:18:00,604 DEBUG root] Dumping JSON config into /Users/narsi01/Desktop/JWC_SN/jenkins/Selenium_nytimes/2017-08-02_14-18-00.452062/merged.json
[2017-08-02 14:18:00,636 DEBUG Engine] Add existing artifact (move=False): taurus.yml
[2017-08-02 14:18:00,636 DEBUG Engine] Copying taurus.yml to /Users/narsi01/Desktop/JWC_SN/jenkins/Selenium_nytimes/2017-08-02_14-18-00.452062/taurus.yml
[2017-08-02 14:18:00,667 DEBUG root] Closing log handler: /var/folders/t5/kg41spf56pz146ff1j739w358p9wh7/T/bzt_TKyv0V.log
[2017-08-02 14:18:00,736 DEBUG root] Switched writing logs to /Users/narsi01/Desktop/JWC_SN/jenkins/Selenium_nytimes/2017-08-02_14-18-00.452062/bzt.log
[2017-08-02 14:18:00,736 INFO Engine] Preparing...
[2017-08-02 14:18:00,737 DEBUG Engine] Module config: consolidator defaultdict(None, {'class': 'bzt.modules.aggregator.ConsolidatingAggregator'})
[2017-08-02 14:18:00,737 DEBUG root] Importing module: bzt.modules.aggregator
[2017-08-02 14:18:00,738 DEBUG root] Loading class: 'ConsolidatingAggregator' from <module 'bzt.modules.aggregator' from '/Library/Frameworks/Python.framework/Versions/2.7/lib/python2.7/site-packages/bzt/modules/aggregator.pyc'>
[2017-08-02 14:18:00,738 DEBUG Engine.consolidator] Exception in dehumanize_time(inf)
[2017-08-02 14:18:00,738 DEBUG Engine.consolidator] Buffer scaling setup: percentile 95.0 from [0.0, 50.0, 90.0, 95.0, 99.0, 99.9, 100.0] selected
[2017-08-02 14:18:00,738 DEBUG Engine] Module config: monitoring defaultdict(None, {'class': 'bzt.modules.monitoring.Monitoring'})
[2017-08-02 14:18:00,739 DEBUG root] Importing module: bzt.modules.monitoring
[2017-08-02 14:18:00,759 DEBUG root] Loading class: 'Monitoring' from <module 'bzt.modules.monitoring' from '/Library/Frameworks/Python.framework/Versions/2.7/lib/python2.7/site-packages/bzt/modules/monitoring.pyc'>
[2017-08-02 14:18:00,760 DEBUG Engine.monitoring] Should not run because of non-matching prov: cloud != local
[2017-08-02 14:18:00,760 DEBUG Engine.monitoring] Should not run because of non-matching prov: cloud != local
[2017-08-02 14:18:00,760 DEBUG Engine] Module config: capturehar defaultdict(None, {'class': 'bzt.modules.blazemeter.ServiceStubCaptureHAR'})
[2017-08-02 14:18:00,760 DEBUG root] Importing module: bzt.modules.blazemeter
[2017-08-02 14:18:00,794 DEBUG root] Loading class: 'ServiceStubCaptureHAR' from <module 'bzt.modules.blazemeter' from '/Library/Frameworks/Python.framework/Versions/2.7/lib/python2.7/site-packages/bzt/modules/blazemeter.pyc'>
[2017-08-02 14:18:00,794 DEBUG Engine.capturehar] Should not run because of non-matching prov: cloud != local
[2017-08-02 14:18:00,794 DEBUG Engine] Module config: screenshoter defaultdict(None, {'class': 'bzt.modules.blazemeter.ServiceStubScreenshoter'})
[2017-08-02 14:18:00,794 DEBUG root] Importing module: bzt.modules.blazemeter
[2017-08-02 14:18:00,794 DEBUG root] Loading class: 'ServiceStubScreenshoter' from <module 'bzt.modules.blazemeter' from '/Library/Frameworks/Python.framework/Versions/2.7/lib/python2.7/site-packages/bzt/modules/blazemeter.pyc'>
[2017-08-02 14:18:00,794 DEBUG Engine.screenshoter] Should not run because of non-matching prov: cloud != local
[2017-08-02 14:18:00,794 DEBUG Engine] Module config: cloud defaultdict(None, {'class': 'bzt.modules.blazemeter.CloudProvisioning', 'default-location': 'us-central1-a'})
[2017-08-02 14:18:00,794 DEBUG root] Importing module: bzt.modules.blazemeter
[2017-08-02 14:18:00,794 DEBUG root] Loading class: 'CloudProvisioning' from <module 'bzt.modules.blazemeter' from '/Library/Frameworks/Python.framework/Versions/2.7/lib/python2.7/site-packages/bzt/modules/blazemeter.pyc'>
[2017-08-02 14:18:00,795 DEBUG Engine] Module config: blazemeter defaultdict(None, {'token': '********', 'class': 'bzt.modules.blazemeter.BlazeMeterUploader'})
[2017-08-02 14:18:00,795 DEBUG root] Importing module: bzt.modules.blazemeter
[2017-08-02 14:18:00,795 DEBUG root] Loading class: 'BlazeMeterUploader' from <module 'bzt.modules.blazemeter' from '/Library/Frameworks/Python.framework/Versions/2.7/lib/python2.7/site-packages/bzt/modules/blazemeter.pyc'>
[2017-08-02 14:18:00,795 DEBUG Engine.cloud] Request: GET https://a.blazemeter.com/api/v4/accounts None
[2017-08-02 14:18:01,104 DEBUG Engine] Taurus updates info: {"latest":"1.9.4","needsUpgrade":true}
[2017-08-02 14:18:01,104 WARNING Engine] There is newer version of Taurus 1.9.4 available, consider upgrading. What's new: http://gettaurus.org/docs/Changelog/
[2017-08-02 14:18:01,261 DEBUG Engine.cloud] Response: {
    "limit": 10,
    "skip": 0,
    "total": 2,
    "hidden": 0,
    "api_version": 4,
    "error": null,
    "result": [
        {
            "id": 21166,
            "name": "Martin Kowalewski",
            "thumbnailUrl": "",
            "salesforceI
[2017-08-02 14:18:01,262 DEBUG Engine.cloud] Request: GET https://a.blazemeter.com/api/v4/workspaces?accountId=21166&enabled=true&limit=100 None
[2017-08-02 14:18:01,735 DEBUG Engine.cloud] Response: {
    "limit": 100,
    "skip": 0,
    "total": 1,
    "hidden": 0,
    "api_version": 4,
    "error": null,
    "result": [
        {
            "id": 133217,
            "name": "SE DEMOs",
            "userId": 307773,
            "created": 1493664013
[2017-08-02 14:18:01,735 DEBUG Engine.cloud] Request: GET https://a.blazemeter.com/api/v4/workspaces?accountId=40241&enabled=true&limit=100 None
[2017-08-02 14:18:02,259 DEBUG Engine.cloud] Response: {
    "limit": 100,
    "skip": 0,
    "total": 3,
    "hidden": 0,
    "api_version": 4,
    "error": null,
    "result": [
        {
            "id": 509,
            "name": "Customer Demo Org",
            "userId": 86033,
            "created": 14419
[2017-08-02 14:18:02,260 DEBUG Engine] Module config: selenium defaultdict(None, {'class': 'bzt.modules.selenium.SeleniumExecutor'})
[2017-08-02 14:18:02,260 DEBUG root] Importing module: bzt.modules.selenium
[2017-08-02 14:18:02,263 DEBUG easyprocess] version=0.2.3
[2017-08-02 14:18:02,264 DEBUG pyvirtualdisplay] version=0.2.1
[2017-08-02 14:18:02,265 DEBUG root] Loading class: 'SeleniumExecutor' from <module 'bzt.modules.selenium' from '/Library/Frameworks/Python.framework/Versions/2.7/lib/python2.7/site-packages/bzt/modules/selenium.pyc'>
[2017-08-02 14:18:02,265 DEBUG Engine.cloud] Request: GET https://a.blazemeter.com/api/v4/multi-tests?workspaceId=133217&name=Taurus+Cloud+Test None
[2017-08-02 14:18:02,750 DEBUG Engine.cloud] Response: {
    "limit": 10,
    "skip": 0,
    "total": 0,
    "hidden": 0,
    "api_version": 4,
    "error": null,
    "result": []
}
[2017-08-02 14:18:02,751 DEBUG Engine.cloud] Request: GET https://a.blazemeter.com/api/v4/multi-tests?workspaceId=509&name=Taurus+Cloud+Test None
[2017-08-02 14:18:03,214 DEBUG Engine.cloud] Response: {
    "limit": 10,
    "skip": 0,
    "total": 0,
    "hidden": 0,
    "api_version": 4,
    "error": null,
    "result": []
}
[2017-08-02 14:18:03,215 DEBUG Engine.cloud] Request: GET https://a.blazemeter.com/api/v4/multi-tests?workspaceId=3130&name=Taurus+Cloud+Test None
[2017-08-02 14:18:03,673 DEBUG Engine.cloud] Response: {
    "limit": 10,
    "skip": 0,
    "total": 0,
    "hidden": 0,
    "api_version": 4,
    "error": null,
    "result": []
}
[2017-08-02 14:18:03,673 DEBUG Engine.cloud] Request: GET https://a.blazemeter.com/api/v4/multi-tests?workspaceId=31694&name=Taurus+Cloud+Test None
[2017-08-02 14:18:04,136 DEBUG Engine.cloud] Response: {
    "limit": 10,
    "skip": 0,
    "total": 0,
    "hidden": 0,
    "api_version": 4,
    "error": null,
    "result": []
}
[2017-08-02 14:18:04,136 DEBUG Engine.cloud.ProjectFinder] Looked for collection: None
[2017-08-02 14:18:04,136 DEBUG Engine.cloud] Request: GET https://a.blazemeter.com/api/v4/tests?workspaceId=133217&name=Taurus+Cloud+Test None
[2017-08-02 14:18:04,596 DEBUG Engine.cloud] Response: {
    "limit": 10,
    "skip": 0,
    "total": 0,
    "hidden": 0,
    "api_version": 4,
    "error": null,
    "result": []
}
[2017-08-02 14:18:04,597 DEBUG Engine.cloud] Request: GET https://a.blazemeter.com/api/v4/tests?workspaceId=509&name=Taurus+Cloud+Test None
[2017-08-02 14:18:05,057 DEBUG Engine.cloud] Response: {
    "limit": 10,
    "skip": 0,
    "total": 0,
    "hidden": 0,
    "api_version": 4,
    "error": null,
    "result": []
}
[2017-08-02 14:18:05,058 DEBUG Engine.cloud] Request: GET https://a.blazemeter.com/api/v4/tests?workspaceId=3130&name=Taurus+Cloud+Test None
[2017-08-02 14:18:05,514 DEBUG Engine.cloud] Response: {
    "limit": 10,
    "skip": 0,
    "total": 0,
    "hidden": 0,
    "api_version": 4,
    "error": null,
    "result": []
}
[2017-08-02 14:18:05,514 DEBUG Engine.cloud] Request: GET https://a.blazemeter.com/api/v4/tests?workspaceId=31694&name=Taurus+Cloud+Test None
[2017-08-02 14:18:05,984 DEBUG Engine.cloud] Response: {
    "limit": 10,
    "skip": 0,
    "total": 1,
    "hidden": 0,
    "api_version": 4,
    "error": null,
    "result": [
        {
            "id": 5396847,
            "name": "Taurus Cloud Test",
            "userId": 106819,
            "created": 1
[2017-08-02 14:18:05,985 DEBUG Engine.cloud.ProjectFinder] Looked for test: {u'updated': 1489007420, u'name': u'Taurus Cloud Test', u'created': 1487111522, u'projectId': 74163, u'userId': 106819, u'lastUpdatedById': 106819, u'configuration': {u'targetThreads': 0, u'type': u'taurus', u'canControlRampup': False, u'plugins': {u'taurus': {u'filename': u'taurus.yml'}}}, u'id': 5396847}
[2017-08-02 14:18:05,985 DEBUG Engine.cloud.ProjectFinder] Detected test type: old
[2017-08-02 14:18:05,985 DEBUG Engine.cloud] Request: GET https://a.blazemeter.com/api/v4/user None
[2017-08-02 14:18:06,452 DEBUG Engine.cloud] Response: {
    "api_version": 4,
    "error": null,
    "result": {
        "id": 106819,
        "email": "sid@blazemeter.com",
        "access": 1501708685,
        "login": 1496385643,
        "firstName": "Sid",
        "lastName": "Narang",
        "timezone":
[2017-08-02 14:18:06,452 DEBUG Engine.cloud] Request: GET https://a.blazemeter.com/api/v4/projects?workspaceId=133217&limit=99999 None
[2017-08-02 14:18:06,926 DEBUG Engine.cloud] Response: {
    "limit": 99999,
    "skip": 0,
    "total": 4,
    "hidden": 0,
    "api_version": 4,
    "error": null,
    "result": [
        {
            "id": 201589,
            "name": "API ",
            "userId": null,
            "description": "Tests to 
[2017-08-02 14:18:06,926 DEBUG Engine.cloud] Request: GET https://a.blazemeter.com/api/v4/projects?workspaceId=509&limit=99999 None
[2017-08-02 14:18:07,393 DEBUG Engine.cloud] Response: {
    "limit": 99999,
    "skip": 0,
    "total": 2,
    "hidden": 0,
    "api_version": 4,
    "error": null,
    "result": [
        {
            "id": 41932,
            "name": "Production Test",
            "userId": 106819,
            "description"
[2017-08-02 14:18:07,393 DEBUG Engine.cloud] Request: GET https://a.blazemeter.com/api/v4/projects?workspaceId=3130&limit=99999 None
[2017-08-02 14:18:07,866 DEBUG Engine.cloud] Response: {
    "limit": 99999,
    "skip": 0,
    "total": 1,
    "hidden": 0,
    "api_version": 4,
    "error": null,
    "result": [
        {
            "id": 43759,
            "name": "Perf Labs Test",
            "userId": 106819,
            "description":
[2017-08-02 14:18:07,866 DEBUG Engine.cloud] Request: GET https://a.blazemeter.com/api/v4/projects?workspaceId=31694&limit=99999 None
[2017-08-02 14:18:08,341 DEBUG Engine.cloud] Response: {
    "limit": 99999,
    "skip": 0,
    "total": 9,
    "hidden": 0,
    "api_version": 4,
    "error": null,
    "result": [
        {
            "id": 61465,
            "name": "AWS 2016",
            "userId": 106819,
            "description": "",
 
[2017-08-02 14:18:08,341 DEBUG Engine.cloud] Request: GET https://a.blazemeter.com/api/v4/workspaces/133217 None
[2017-08-02 14:18:08,943 DEBUG Engine.cloud] Response: {
    "api_version": 4,
    "error": null,
    "result": {
        "id": 133217,
        "name": "SE DEMOs",
        "userId": 307773,
        "created": 1493664013,
        "updated": 1501529531,
        "enabled": true,
        "dedicatedIpsEnabled": tru
[2017-08-02 14:18:08,948 DEBUG Engine.cloud] Request: GET https://a.blazemeter.com/api/v4/workspaces/509 None
[2017-08-02 14:18:09,534 DEBUG Engine.cloud] Response: {
    "api_version": 4,
    "error": null,
    "result": {
        "id": 509,
        "name": "Customer Demo Org",
        "userId": 86033,
        "created": 1441920631,
        "updated": 1484233350,
        "enabled": true,
        "dedicatedIpsEnabled"
[2017-08-02 14:18:09,538 DEBUG Engine.cloud] Request: GET https://a.blazemeter.com/api/v4/workspaces/3130 None
[2017-08-02 14:18:10,111 DEBUG Engine.cloud] Response: {
    "api_version": 4,
    "error": null,
    "result": {
        "id": 3130,
        "name": "Performance Labs",
        "userId": 106819,
        "description": "",
        "created": 1475511777,
        "updated": 1475511777,
        "enabled": true,
 
[2017-08-02 14:18:10,116 DEBUG Engine.cloud] Request: GET https://a.blazemeter.com/api/v4/workspaces/31694 None
[2017-08-02 14:18:10,724 DEBUG Engine.cloud] Response: {
    "api_version": 4,
    "error": null,
    "result": {
        "id": 31694,
        "name": "Sid Narang's Workspace",
        "userId": 106819,
        "created": 1482649488,
        "updated": 1482649488,
        "enabled": true,
        "dedicatedIps
[2017-08-02 14:18:10,729 DEBUG Engine.cloud] All resource files are: []
[2017-08-02 14:18:10,729 DEBUG Engine.cloud] Replace file names in config: [] with []
[2017-08-02 14:18:10,730 DEBUG Engine] New artifact filename: /Users/narsi01/Desktop/JWC_SN/jenkins/Selenium_nytimes/2017-08-02_14-18-00.452062/cloud
[2017-08-02 14:18:10,731 DEBUG root] Dumping YAML config into /Users/narsi01/Desktop/JWC_SN/jenkins/Selenium_nytimes/2017-08-02_14-18-00.452062/cloud.yml
[2017-08-02 14:18:10,774 DEBUG root] Dumping JSON config into /Users/narsi01/Desktop/JWC_SN/jenkins/Selenium_nytimes/2017-08-02_14-18-00.452062/cloud.json
[2017-08-02 14:18:10,808 DEBUG Engine.cloud] Request: GET https://a.blazemeter.com/api/v4/web/elfinder/5396847?cmd=open&target=s1_Lw None
[2017-08-02 14:18:11,400 DEBUG Engine.cloud] Response: {"cwd":{"name":"data","size":0,"mime":"directory","read":1,"write":1,"parent_id":"users","hash":"s1_Lw","rootRev":"","options":{"path":"","url":"","tmbUrl":"","disabled":["mkdir","archive","extract","chmod"],"separator":"\/","copyOverwrite":1,"uploadOverwr
[2017-08-02 14:18:11,401 DEBUG Engine.cloud] Test files: [u'taurus.yml']
[2017-08-02 14:18:11,401 DEBUG Engine.cloud] Request: GET https://a.blazemeter.com/api/v4/web/elfinder/5396847?cmd=rm&targets[]=s1_dGF1cnVzLnltbA None
[2017-08-02 14:18:11,978 DEBUG Engine.cloud] Response: {"removed":["s1_dGF1cnVzLnltbA"],"changed":[{"name":"data","size":0,"mime":"directory","read":1,"write":1,"parent_id":"users","hash":"s1_Lw","rootRev":"","options":{"path":"","url":"","tmbUrl":"","disabled":["mkdir","archive","extract","chmod"],"separator"
[2017-08-02 14:18:11,978 DEBUG Engine.cloud] Successfully deleted 1 test files
[2017-08-02 14:18:11,985 DEBUG Engine.cloud] Uploading files into the test: []
[2017-08-02 14:18:11,995 DEBUG Engine.cloud] Request: POST https://a.blazemeter.com/api/v4/tests/5396847/files --===============2555767455609771008==
Content-Disposition: file; name="script"; filename="taurus.yml"
Content-Type: application/octet-stream

---
execution:
- executor: selenium
  iterations: 2
  locations:
    eu-west-1: 1
  scenario: req
local-bzt-v
[2017-08-02 14:18:12,847 DEBUG Engine.cloud] Response: {
    "api_version": 4,
    "error": null,
    "result": {
        "id": 5396847,
        "name": "Taurus Cloud Test",
        "userId": 106819,
        "created": 1487111522,
        "updated": 1501708692,
        "configuration": {
            "type": "t
[2017-08-02 14:18:12,848 DEBUG Engine.cloud] Request: PATCH https://a.blazemeter.com/api/v4/tests/5396847 {
 "configuration": {
  "executionType": null
 }
}
[2017-08-02 14:18:13,482 DEBUG Engine.cloud] Response: {
    "api_version": 4,
    "error": null,
    "result": {
        "id": 5396847,
        "name": "Taurus Cloud Test",
        "userId": 106819,
        "created": 1487111522,
        "updated": 1501708693,
        "projectId": 74163,
        "lastUpdatedB
[2017-08-02 14:18:13,482 DEBUG Engine] Module config: final-stats defaultdict(None, {'class': 'bzt.modules.reporting.FinalStatus'})
[2017-08-02 14:18:13,482 DEBUG root] Importing module: bzt.modules.reporting
[2017-08-02 14:18:13,483 DEBUG root] Loading class: 'FinalStatus' from <module 'bzt.modules.reporting' from '/Library/Frameworks/Python.framework/Versions/2.7/lib/python2.7/site-packages/bzt/modules/reporting.pyc'>
[2017-08-02 14:18:13,483 DEBUG Engine] Module config: console defaultdict(None, {'class': 'bzt.modules.console.ConsoleStatusReporter'})
[2017-08-02 14:18:13,483 DEBUG root] Importing module: bzt.modules.console
[2017-08-02 14:18:13,483 DEBUG root] Loading class: 'ConsoleStatusReporter' from <module 'bzt.modules.console' from '/Library/Frameworks/Python.framework/Versions/2.7/lib/python2.7/site-packages/bzt/modules/console.pyc'>
[2017-08-02 14:18:13,490 DEBUG Engine.Configuration] Dumping YAML config into /Users/narsi01/Desktop/JWC_SN/jenkins/Selenium_nytimes/2017-08-02_14-18-00.452062/effective.yml
[2017-08-02 14:18:13,549 DEBUG Engine.Configuration] Dumping JSON config into /Users/narsi01/Desktop/JWC_SN/jenkins/Selenium_nytimes/2017-08-02_14-18-00.452062/effective.json
[2017-08-02 14:18:13,589 INFO Engine] Starting...
[2017-08-02 14:18:13,589 DEBUG Engine] Startup <bzt.modules.aggregator.ConsolidatingAggregator object at 0x104405fd0>
[2017-08-02 14:18:13,589 DEBUG Engine] Startup <bzt.modules.reporting.FinalStatus object at 0x109069610>
[2017-08-02 14:18:13,589 DEBUG Engine] Startup <bzt.modules.console.ConsoleStatusReporter object at 0x109069e10>
[2017-08-02 14:18:13,590 INFO Engine.console] Waiting for results...
[2017-08-02 14:18:13,590 DEBUG Engine] Startup <bzt.modules.blazemeter.CloudProvisioning object at 0x10444ded0>
[2017-08-02 14:18:13,590 INFO Engine.cloud.ProjectFinder.CloudTaurusTest] Initiating cloud test with https://a.blazemeter.com ...
[2017-08-02 14:18:13,590 DEBUG Engine.cloud] Request: POST https://a.blazemeter.com/api/v4/tests/5396847/start None
[2017-08-02 14:18:14,383 DEBUG Engine.cloud] Response: {
    "api_version": 4,
    "error": null,
    "result": {
        "id": 16490794,
        "name": "Taurus Cloud Test",
        "userId": 106819,
        "runnerUserId": 106819,
        "created": 1501708693,
        "updated": 1501708694,
        "testId"
[2017-08-02 14:18:14,384 INFO Engine.cloud] Started cloud test: https://a.blazemeter.com/app/#/masters/16490794
[2017-08-02 14:18:14,472 DEBUG Engine.Configuration] Dumping YAML config into /Users/narsi01/Desktop/JWC_SN/jenkins/Selenium_nytimes/2017-08-02_14-18-00.452062/effective.yml
[2017-08-02 14:18:14,557 DEBUG Engine.Configuration] Dumping JSON config into /Users/narsi01/Desktop/JWC_SN/jenkins/Selenium_nytimes/2017-08-02_14-18-00.452062/effective.json
[2017-08-02 14:18:14,612 DEBUG root] Leveling down log file verbosity, use -v option to have DEBUG messages enabled
[2017-08-02 14:18:15,087 INFO Engine.cloud] Cloud test status: INIT
[2017-08-02 14:18:15,605 INFO Engine.console] Waiting for finish...
[2017-08-02 14:18:20,122 INFO Engine.cloud] Cloud test status: BOOT_STARTING
[2017-08-02 14:19:35,270 INFO Engine.cloud] Cloud test status: INIT_SCRIPT
[2017-08-02 14:19:40,249 INFO Engine.cloud] Cloud test status: TAURUS_ENGINE_INIT
[2017-08-02 14:21:02,402 WARNING Engine] Please wait for graceful shutdown...
[2017-08-02 14:21:02,409 DEBUG root] Leveled up log file verbosity
[2017-08-02 14:21:02,409 INFO Engine] Shutting down...
[2017-08-02 14:21:02,415 DEBUG Engine.console] Restoring logging streams, [<logging.StreamHandler object at 0x10441c090>]/{<logging.StreamHandler object at 0x10441c090>: <open file '<stdout>', mode 'w' at 0x1002ad150>}
[2017-08-02 14:21:02,417 DEBUG Engine.Configuration] Dumping YAML config into /Users/narsi01/Desktop/JWC_SN/jenkins/Selenium_nytimes/2017-08-02_14-18-00.452062/effective.yml
[2017-08-02 14:21:02,483 DEBUG Engine.Configuration] Dumping JSON config into /Users/narsi01/Desktop/JWC_SN/jenkins/Selenium_nytimes/2017-08-02_14-18-00.452062/effective.json
[2017-08-02 14:21:02,523 WARNING root] Keyboard interrupt
[2017-08-02 14:21:02,524 DEBUG root] KeyboardInterrupt: 
Traceback (most recent call last):
  File "/Library/Frameworks/Python.framework/Versions/2.7/lib/python2.7/site-packages/bzt/cli.py", line 213, in perform
    self.engine.run()
  File "/Library/Frameworks/Python.framework/Versions/2.7/lib/python2.7/site-packages/bzt/engine.py", line 168, in run
    reraise(exc_info)
  File "/Library/Frameworks/Python.framework/Versions/2.7/lib/python2.7/site-packages/bzt/engine.py", line 150, in run
    self._wait()
  File "/Library/Frameworks/Python.framework/Versions/2.7/lib/python2.7/site-packages/bzt/engine.py", line 193, in _wait
    time.sleep(delay)
KeyboardInterrupt
[2017-08-02 14:21:02,525 INFO Engine] Post-processing...
[2017-08-02 14:21:02,525 INFO Engine.cloud.ProjectFinder.CloudTaurusTest] Ending cloud test...
[2017-08-02 14:21:02,525 DEBUG Engine.cloud] Request: POST https://a.blazemeter.com/api/v4/masters/16490794/stop None
[2017-08-02 14:21:03,940 DEBUG Engine.cloud] Response: {
    "api_version": 4,
    "error": null,
    "result": [
        {
            "session_id": "r-t-598241974c152",
            "result": "\n"
        }
    ]
}
[2017-08-02 14:21:03,940 DEBUG Engine.cloud] Request: GET https://a.blazemeter.com/api/v4/masters/16490794/full None
[2017-08-02 14:21:04,421 DEBUG Engine.cloud] Response: {
    "api_version": 4,
    "error": null,
    "result": {
        "id": 16490794,
        "name": "Taurus Cloud Test",
        "userId": 106819,
        "runnerUserId": 106819,
        "created": 1501708693,
        "updated": 1501708695,
        "testId"
[2017-08-02 14:21:04,422 DEBUG Engine.cloud] Request: GET https://a.blazemeter.com/api/v4/masters/16490794/sessions None
[2017-08-02 14:21:04,973 DEBUG Engine.cloud] Response: {
    "api_version": 4,
    "error": null,
    "result": {
        "sessions": [
            {
                "id": "r-t-598241974c152",
                "name": "selenium/req/eu-west-1",
                "userId": 106819,
                "offset": 0,
     
[2017-08-02 14:21:04,973 DEBUG Engine.cloud] Request: GET https://a.blazemeter.com/api/v4/sessions/r-t-598241974c152/reports/logs None
[2017-08-02 14:21:05,511 DEBUG Engine.cloud] Response: {
    "api_version": 4,
    "error": null,
    "result": {
        "hash": "logs",
        "name": "Logs",
        "type": "Logs",
        "source": "",
        "id": "logs",
        "session_id": "r-t-598241974c152",
        "dataUrl": "https://a.blazemet
[2017-08-02 14:21:05,511 DEBUG Engine.consolidator] Consolidator buffer[0]: []
[2017-08-02 14:21:05,511 INFO Engine.final-stats] Test duration: 0:02:52
[2017-08-02 14:21:05,512 DEBUG Engine.console] No logger_handler or orig_stream was detected
[2017-08-02 14:21:05,513 DEBUG Engine.Configuration] Dumping YAML config into /Users/narsi01/Desktop/JWC_SN/jenkins/Selenium_nytimes/2017-08-02_14-18-00.452062/effective.yml
[2017-08-02 14:21:05,580 DEBUG Engine.Configuration] Dumping JSON config into /Users/narsi01/Desktop/JWC_SN/jenkins/Selenium_nytimes/2017-08-02_14-18-00.452062/effective.json
[2017-08-02 14:21:05,622 INFO root] Artifacts dir: /Users/narsi01/Desktop/JWC_SN/jenkins/Selenium_nytimes/2017-08-02_14-18-00.452062
[2017-08-02 14:21:05,622 WARNING root] Done performing with code: 1
[2017-08-02 14:21:05,622 DEBUG root] Closing log handler: /Users/narsi01/Desktop/JWC_SN/jenkins/Selenium_nytimes/2017-08-02_14-18-00.452062/bzt.log
