[2017-08-10 13:11:31,099 INFO root] Taurus CLI Tool v1.8.4.1401
[2017-08-10 13:11:31,099 DEBUG root] Command-line options: {'verbose': None, 'no_system_configs': None, 'quiet': None, 'log': '/var/folders/t5/kg41spf56pz146ff1j739w358p9wh7/T/bzt_3dv7Ar.log', 'option': None, 'aliases': []}
[2017-08-10 13:11:31,100 DEBUG root] Python: CPython 2.7.13
[2017-08-10 13:11:31,100 DEBUG root] OS: ('Darwin', 'narsi01mac1752', '16.7.0', 'Darwin Kernel Version 16.7.0: Thu Jun 15 17:36:27 PDT 2017; root:xnu-3789.70.16~2/RELEASE_X86_64', 'x86_64', 'i386')
[2017-08-10 13:11:31,100 INFO root] Starting with configs: ['stastaurusdemo.yml']
[2017-08-10 13:11:31,100 DEBUG root] Adding personal config: /Users/narsi01/.bzt-rc
[2017-08-10 13:11:31,100 INFO Engine] Configuring...
[2017-08-10 13:11:31,100 DEBUG Engine] Reading extension configs from: /usr/local/etc/bzt.d
[2017-08-10 13:11:31,100 DEBUG Engine.Configuration] Configs: ['/Library/Frameworks/Python.framework/Versions/2.7/lib/python2.7/site-packages/bzt/resources/base-config.yml', '/usr/local/etc/bzt.d/99-installID.yml']
[2017-08-10 13:11:31,100 DEBUG Engine.Configuration] Reading /Library/Frameworks/Python.framework/Versions/2.7/lib/python2.7/site-packages/bzt/resources/base-config.yml
[2017-08-10 13:11:31,100 DEBUG Engine.Configuration] Reading /Library/Frameworks/Python.framework/Versions/2.7/lib/python2.7/site-packages/bzt/resources/base-config.yml as YAML
[2017-08-10 13:11:31,127 DEBUG Engine.Configuration] Reading /usr/local/etc/bzt.d/99-installID.yml
[2017-08-10 13:11:31,127 DEBUG Engine.Configuration] Reading /usr/local/etc/bzt.d/99-installID.yml as YAML
[2017-08-10 13:11:31,127 DEBUG Engine.Configuration] Configs: ['/Users/narsi01/.bzt-rc', 'stastaurusdemo.yml']
[2017-08-10 13:11:31,127 DEBUG Engine.Configuration] Reading /Users/narsi01/.bzt-rc
[2017-08-10 13:11:31,128 DEBUG Engine.Configuration] Reading /Users/narsi01/.bzt-rc as YAML
[2017-08-10 13:11:31,128 DEBUG Engine.Configuration] Reading stastaurusdemo.yml
[2017-08-10 13:11:31,128 DEBUG Engine.Configuration] Reading stastaurusdemo.yml as YAML
[2017-08-10 13:11:31,131 DEBUG root] Configs: ['/Users/narsi01/.bzt-rc', 'stastaurusdemo.yml']
[2017-08-10 13:11:31,131 DEBUG root] Reading /Users/narsi01/.bzt-rc
[2017-08-10 13:11:31,131 DEBUG root] Reading /Users/narsi01/.bzt-rc as YAML
[2017-08-10 13:11:31,132 DEBUG root] Reading stastaurusdemo.yml
[2017-08-10 13:11:31,132 DEBUG root] Reading stastaurusdemo.yml as YAML
[2017-08-10 13:11:31,136 INFO Engine] Artifacts dir: /Users/narsi01/Desktop/JWC_SN/sel/2017-08-10_13-11-31.136061
[2017-08-10 13:11:31,136 DEBUG Engine] New artifact filename: /Users/narsi01/Desktop/JWC_SN/sel/2017-08-10_13-11-31.136061/effective
[2017-08-10 13:11:31,138 DEBUG Engine.Configuration] Dumping YAML config into /Users/narsi01/Desktop/JWC_SN/sel/2017-08-10_13-11-31.136061/effective.yml
[2017-08-10 13:11:31,158 DEBUG Engine] Requesting updates info: http://gettaurus.org/updates/?version=1.8.4.1401&installID=acde48001122
[2017-08-10 13:11:31,188 DEBUG Engine.Configuration] Dumping JSON config into /Users/narsi01/Desktop/JWC_SN/sel/2017-08-10_13-11-31.136061/effective.json
[2017-08-10 13:11:31,204 DEBUG Engine] New artifact filename: /Users/narsi01/Desktop/JWC_SN/sel/2017-08-10_13-11-31.136061/merged.yml
[2017-08-10 13:11:31,205 DEBUG root] Dumping YAML config into /Users/narsi01/Desktop/JWC_SN/sel/2017-08-10_13-11-31.136061/merged.yml
[2017-08-10 13:11:31,224 DEBUG Engine] New artifact filename: /Users/narsi01/Desktop/JWC_SN/sel/2017-08-10_13-11-31.136061/merged.json
[2017-08-10 13:11:31,225 DEBUG root] Dumping JSON config into /Users/narsi01/Desktop/JWC_SN/sel/2017-08-10_13-11-31.136061/merged.json
[2017-08-10 13:11:31,240 DEBUG Engine] Add existing artifact (move=False): stastaurusdemo.yml
[2017-08-10 13:11:31,240 DEBUG Engine] Copying stastaurusdemo.yml to /Users/narsi01/Desktop/JWC_SN/sel/2017-08-10_13-11-31.136061/stastaurusdemo.yml
[2017-08-10 13:11:31,256 DEBUG root] Closing log handler: /var/folders/t5/kg41spf56pz146ff1j739w358p9wh7/T/bzt_3dv7Ar.log
[2017-08-10 13:11:31,285 DEBUG root] Switched writing logs to /Users/narsi01/Desktop/JWC_SN/sel/2017-08-10_13-11-31.136061/bzt.log
[2017-08-10 13:11:31,285 INFO Engine] Preparing...
[2017-08-10 13:11:31,286 DEBUG Engine] Module config: consolidator defaultdict(None, {'class': 'bzt.modules.aggregator.ConsolidatingAggregator'})
[2017-08-10 13:11:31,286 DEBUG root] Importing module: bzt.modules.aggregator
[2017-08-10 13:11:31,287 DEBUG root] Loading class: 'ConsolidatingAggregator' from <module 'bzt.modules.aggregator' from '/Library/Frameworks/Python.framework/Versions/2.7/lib/python2.7/site-packages/bzt/modules/aggregator.pyc'>
[2017-08-10 13:11:31,287 DEBUG Engine.consolidator] Exception in dehumanize_time(inf)
[2017-08-10 13:11:31,288 DEBUG Engine.consolidator] Buffer scaling setup: percentile 95.0 from [0.0, 50.0, 90.0, 95.0, 99.0, 99.9, 100.0] selected
[2017-08-10 13:11:31,288 DEBUG Engine] Module config: monitoring defaultdict(None, {'class': 'bzt.modules.monitoring.Monitoring'})
[2017-08-10 13:11:31,288 DEBUG root] Importing module: bzt.modules.monitoring
[2017-08-10 13:11:31,311 DEBUG root] Loading class: 'Monitoring' from <module 'bzt.modules.monitoring' from '/Library/Frameworks/Python.framework/Versions/2.7/lib/python2.7/site-packages/bzt/modules/monitoring.pyc'>
[2017-08-10 13:11:31,311 DEBUG Engine] Module config: local defaultdict(None, {'class': 'bzt.modules.provisioning.Local'})
[2017-08-10 13:11:31,311 DEBUG root] Importing module: bzt.modules.provisioning
[2017-08-10 13:11:31,311 DEBUG root] Loading class: 'Local' from <module 'bzt.modules.provisioning' from '/Library/Frameworks/Python.framework/Versions/2.7/lib/python2.7/site-packages/bzt/modules/provisioning.pyc'>
[2017-08-10 13:11:31,311 DEBUG Engine] Module config: selenium defaultdict(None, {'selenium-tools': defaultdict(None, {'junit': defaultdict(None, {'compile-target-java': 1.8})}), 'class': 'bzt.modules.selenium.SeleniumExecutor'})
[2017-08-10 13:11:31,311 DEBUG root] Importing module: bzt.modules.selenium
[2017-08-10 13:11:31,316 DEBUG easyprocess] version=0.2.3
[2017-08-10 13:11:31,318 DEBUG pyvirtualdisplay] version=0.2.1
[2017-08-10 13:11:31,318 DEBUG root] Loading class: 'SeleniumExecutor' from <module 'bzt.modules.selenium' from '/Library/Frameworks/Python.framework/Versions/2.7/lib/python2.7/site-packages/bzt/modules/selenium.pyc'>
[2017-08-10 13:11:31,318 DEBUG Engine.local] Preparing executor: selenium/4439680720
[2017-08-10 13:11:31,319 DEBUG Engine] New artifact filename: /Users/narsi01/Desktop/JWC_SN/sel/2017-08-10_13-11-31.136061/selenium_tests_report.ldjson
[2017-08-10 13:11:31,319 DEBUG Engine.selenium] Detected script type: junit
[2017-08-10 13:11:31,319 DEBUG Engine] Module config: junit defaultdict(None, {'class': 'bzt.modules.java.JUnitTester'})
[2017-08-10 13:11:31,319 DEBUG root] Importing module: bzt.modules.java
[2017-08-10 13:11:31,320 DEBUG root] Loading class: 'JUnitTester' from <module 'bzt.modules.java' from '/Library/Frameworks/Python.framework/Versions/2.7/lib/python2.7/site-packages/bzt/modules/java.pyc'>
[2017-08-10 13:11:31,321 DEBUG Engine.junit.TclLibrary] We don't need to check tcl library on this platform
[2017-08-10 13:11:31,321 DEBUG Engine.junit.JavaVM] Trying JavaVM: ['java', '-version']
[2017-08-10 13:11:31,459 DEBUG Engine.junit.JavaVM] JavaVM output: java version "1.8.0_121"
Java(TM) SE Runtime Environment (build 1.8.0_121-b13)
Java HotSpot(TM) 64-Bit Server VM (build 25.121-b13, mixed mode)

[2017-08-10 13:11:31,459 DEBUG Engine.junit.SeleniumServerJar] Selenium server path: /Users/narsi01/.bzt/selenium-taurus/selenium-server.jar
[2017-08-10 13:11:31,459 DEBUG bzt.utils] Executing shell: ['java', '-jar', '/Users/narsi01/.bzt/selenium-taurus/selenium-server.jar', '-help']
[2017-08-10 13:11:31,726 DEBUG Engine.junit.SeleniumServerJar] Selenium server output: ("Usage: <main class> [options]\n  Options:\n    --version, -version\n       Displays the version and exits.\n       Default: false\n    -browserTimeout\n       <Integer> in seconds : number of seconds a browser session is allowed to\n       hang while a WebDriver command is running (example: driver.get(url)). If the\n       timeout is reached while a WebDriver command is still processing, the session\n       will quit. Minimum value is 60. An unspecified, zero, or negative value means\n       wait indefinitely.\n       Default: 0\n    -debug\n       <Boolean> : enables LogLevel.FINE.\n       Default: false\n    -jettyThreads, -jettyMaxThreads\n       <Integer> : max number of threads for Jetty. An unspecified, zero, or\n       negative value means the Jetty default value (200) will be used.\n    -log\n       <String> filename : the filename to use for logging. If omitted, will log\n       to STDOUT\n    -port\n       <Integer> : the port number the server will use.\n       Default: 4444\n    -role\n       <String> options are [hub], [node], or [standalone].\n       Default: standalone\n    -timeout, -sessionTimeout\n       <Integer> in seconds : Specifies the timeout before the server\n       automatically kills a session that hasn't had any activity in the last X seconds. The\n       test slot will then be released for another test to use. This is typically\n       used to take care of client crashes. For grid hub/node roles, cleanUpCycle\n       must also be set.\n       Default: 1800\n\n", None)
[2017-08-10 13:11:31,726 DEBUG Engine] New artifact filename: /Users/narsi01/Desktop/JWC_SN/sel/2017-08-10_13-11-31.136061/classes
[2017-08-10 13:11:31,726 DEBUG Engine] New artifact filename: /Users/narsi01/Desktop/JWC_SN/sel/2017-08-10_13-11-31.136061/runner.properties
[2017-08-10 13:11:31,760 DEBUG Engine] Taurus updates info: {"latest":"1.9.4","needsUpgrade":true}
[2017-08-10 13:11:31,760 WARNING Engine] There is newer version of Taurus 1.9.4 available, consider upgrading. What's new: http://gettaurus.org/docs/Changelog/
[2017-08-10 13:11:31,957 DEBUG Engine.junit.JavaC] JavaC output: javac 1.8.0_121

[2017-08-10 13:11:31,957 DEBUG Engine.junit.TclLibrary] We don't need to check tcl library on this platform
[2017-08-10 13:11:31,957 DEBUG Engine.junit.JavaVM] Trying JavaVM: ['java', '-version']
[2017-08-10 13:11:32,084 DEBUG Engine.junit.JavaVM] JavaVM output: java version "1.8.0_121"
Java(TM) SE Runtime Environment (build 1.8.0_121-b13)
Java HotSpot(TM) 64-Bit Server VM (build 25.121-b13, mixed mode)

[2017-08-10 13:11:32,084 DEBUG Engine.junit.SeleniumServerJar] Selenium server path: /Users/narsi01/.bzt/selenium-taurus/selenium-server.jar
[2017-08-10 13:11:32,084 DEBUG bzt.utils] Executing shell: ['java', '-jar', '/Users/narsi01/.bzt/selenium-taurus/selenium-server.jar', '-help']
[2017-08-10 13:11:32,380 DEBUG Engine.junit.SeleniumServerJar] Selenium server output: ("Usage: <main class> [options]\n  Options:\n    --version, -version\n       Displays the version and exits.\n       Default: false\n    -browserTimeout\n       <Integer> in seconds : number of seconds a browser session is allowed to\n       hang while a WebDriver command is running (example: driver.get(url)). If the\n       timeout is reached while a WebDriver command is still processing, the session\n       will quit. Minimum value is 60. An unspecified, zero, or negative value means\n       wait indefinitely.\n       Default: 0\n    -debug\n       <Boolean> : enables LogLevel.FINE.\n       Default: false\n    -jettyThreads, -jettyMaxThreads\n       <Integer> : max number of threads for Jetty. An unspecified, zero, or\n       negative value means the Jetty default value (200) will be used.\n    -log\n       <String> filename : the filename to use for logging. If omitted, will log\n       to STDOUT\n    -port\n       <Integer> : the port number the server will use.\n       Default: 4444\n    -role\n       <String> options are [hub], [node], or [standalone].\n       Default: standalone\n    -timeout, -sessionTimeout\n       <Integer> in seconds : Specifies the timeout before the server\n       automatically kills a session that hasn't had any activity in the last X seconds. The\n       test slot will then be released for another test to use. This is typically\n       used to take care of client crashes. For grid hub/node roles, cleanUpCycle\n       must also be set.\n       Default: 1800\n\n", None)
[2017-08-10 13:11:32,381 DEBUG Engine.junit] Compiling .java files started
[2017-08-10 13:11:32,381 DEBUG Engine] New artifact filename: /Users/narsi01/Desktop/JWC_SN/sel/2017-08-10_13-11-31.136061/javac.out
[2017-08-10 13:11:32,381 DEBUG Engine] New artifact filename: /Users/narsi01/Desktop/JWC_SN/sel/2017-08-10_13-11-31.136061/javac.err
[2017-08-10 13:11:32,381 DEBUG Engine.junit] running javac: ['javac', '-source', '1.8', '-target', '1.8', '-d', '/Users/narsi01/Desktop/JWC_SN/sel/2017-08-10_13-11-31.136061/classes', '-cp', '/Users/narsi01/.bzt/selenium-taurus/tools/junit/hamcrest-core.jar:/Users/narsi01/.bzt/selenium-taurus/tools/junit/json.jar:/Users/narsi01/.bzt/selenium-taurus/selenium-server.jar:/Users/narsi01/.bzt/selenium-taurus/tools/junit/junit.jar:/Library/Frameworks/Python.framework/Versions/2.7/lib/python2.7/site-packages/bzt/resources/taurus-junit-1.0.jar', '/Users/narsi01/Desktop/JWC_SN/sel/StasTaurusDemo.java']
[2017-08-10 13:11:32,382 DEBUG bzt.utils] Executing shell: ['javac', '-source', '1.8', '-target', '1.8', '-d', '/Users/narsi01/Desktop/JWC_SN/sel/2017-08-10_13-11-31.136061/classes', '-cp', '/Users/narsi01/.bzt/selenium-taurus/tools/junit/hamcrest-core.jar:/Users/narsi01/.bzt/selenium-taurus/tools/junit/json.jar:/Users/narsi01/.bzt/selenium-taurus/selenium-server.jar:/Users/narsi01/.bzt/selenium-taurus/tools/junit/junit.jar:/Library/Frameworks/Python.framework/Versions/2.7/lib/python2.7/site-packages/bzt/resources/taurus-junit-1.0.jar', '/Users/narsi01/Desktop/JWC_SN/sel/StasTaurusDemo.java']
[2017-08-10 13:11:32,400 DEBUG Engine.junit] Compiling .java files...
[2017-08-10 13:11:33,403 INFO Engine.junit] Compiling .java files completed
[2017-08-10 13:11:33,403 DEBUG Engine.junit] Making .jar started
[2017-08-10 13:11:33,405 DEBUG bzt.utils] Executing shell: ['jar', '-cf', 'compiled.jar', '.']
[2017-08-10 13:11:33,424 DEBUG Engine.junit] Making jar file...
[2017-08-10 13:11:34,425 INFO Engine.junit] Making .jar file completed
[2017-08-10 13:11:34,426 DEBUG Engine] Module config: final-stats defaultdict(None, {'class': 'bzt.modules.reporting.FinalStatus'})
[2017-08-10 13:11:34,426 DEBUG root] Importing module: bzt.modules.reporting
[2017-08-10 13:11:34,455 DEBUG root] Loading class: 'FinalStatus' from <module 'bzt.modules.reporting' from '/Library/Frameworks/Python.framework/Versions/2.7/lib/python2.7/site-packages/bzt/modules/reporting.pyc'>
[2017-08-10 13:11:34,455 DEBUG Engine] Module config: console defaultdict(None, {'class': 'bzt.modules.console.ConsoleStatusReporter'})
[2017-08-10 13:11:34,455 DEBUG root] Importing module: bzt.modules.console
[2017-08-10 13:11:34,455 DEBUG root] Loading class: 'ConsoleStatusReporter' from <module 'bzt.modules.console' from '/Library/Frameworks/Python.framework/Versions/2.7/lib/python2.7/site-packages/bzt/modules/console.pyc'>
[2017-08-10 13:11:34,465 DEBUG Engine.Configuration] Dumping YAML config into /Users/narsi01/Desktop/JWC_SN/sel/2017-08-10_13-11-31.136061/effective.yml
[2017-08-10 13:11:34,504 DEBUG Engine.Configuration] Dumping JSON config into /Users/narsi01/Desktop/JWC_SN/sel/2017-08-10_13-11-31.136061/effective.json
[2017-08-10 13:11:34,520 INFO Engine] Starting...
[2017-08-10 13:11:34,521 DEBUG Engine] Startup <bzt.modules.monitoring.Monitoring object at 0x105dd8a10>
[2017-08-10 13:11:34,521 DEBUG Engine] Startup <bzt.modules.aggregator.ConsolidatingAggregator object at 0x105da8fd0>
[2017-08-10 13:11:34,521 DEBUG Engine] Startup <bzt.modules.reporting.FinalStatus object at 0x108aa9810>
[2017-08-10 13:11:34,521 DEBUG Engine] Startup <bzt.modules.console.ConsoleStatusReporter object at 0x108ac5350>
[2017-08-10 13:11:34,521 INFO Engine.console] Waiting for results...
[2017-08-10 13:11:34,521 DEBUG Engine] Startup <bzt.modules.provisioning.Local object at 0x105dd8b10>
[2017-08-10 13:11:34,521 DEBUG Engine.local] Delay setup for junit/bdm: 0(start-at) + 0(delay) = 0
[2017-08-10 13:11:34,523 DEBUG Engine.Configuration] Dumping YAML config into /Users/narsi01/Desktop/JWC_SN/sel/2017-08-10_13-11-31.136061/effective.yml
[2017-08-10 13:11:34,562 DEBUG Engine.Configuration] Dumping JSON config into /Users/narsi01/Desktop/JWC_SN/sel/2017-08-10_13-11-31.136061/effective.json
[2017-08-10 13:11:34,579 DEBUG root] Leveling down log file verbosity, use -v option to have DEBUG messages enabled
[2017-08-10 13:11:34,825 INFO Engine.console] Waiting for finish...
[2017-08-10 13:11:35,643 WARNING Engine] Please wait for graceful shutdown...
[2017-08-10 13:11:35,648 DEBUG root] Leveled up log file verbosity
[2017-08-10 13:11:35,648 INFO Engine] Shutting down...
[2017-08-10 13:11:35,653 DEBUG Engine.local] Shutdown junit/bdm
[2017-08-10 13:11:35,654 DEBUG Engine.selenium] Selenium tests ran for 1.07470417023 seconds
[2017-08-10 13:11:35,654 DEBUG Engine.console] Restoring logging streams, [<logging.StreamHandler object at 0x105dbd090>]/{<logging.StreamHandler object at 0x105dbd090>: <open file '<stdout>', mode 'w' at 0x1002ad150>}
[2017-08-10 13:11:35,656 DEBUG Engine.Configuration] Dumping YAML config into /Users/narsi01/Desktop/JWC_SN/sel/2017-08-10_13-11-31.136061/effective.yml
[2017-08-10 13:11:35,695 DEBUG Engine.Configuration] Dumping JSON config into /Users/narsi01/Desktop/JWC_SN/sel/2017-08-10_13-11-31.136061/effective.json
[2017-08-10 13:11:35,712 INFO Engine] Post-processing...
[2017-08-10 13:11:35,712 DEBUG Engine.local] Post-process junit/bdm
[2017-08-10 13:11:35,712 DEBUG LoadSamplesReader] Buffer len: 1
[2017-08-10 13:11:35,712 DEBUG LoadSamplesReader] Aggregating: 1502395894
[2017-08-10 13:11:35,713 DEBUG Engine.consolidator] Consolidator buffer[1]: [1502395894]
[2017-08-10 13:11:35,713 DEBUG Engine.consolidator] Merging into 1502395894
[2017-08-10 13:11:35,713 DEBUG Engine.consolidator] Merging 1502395894
[2017-08-10 13:11:35,716 DEBUG Engine.consolidator] Processed datapoint: 1502395894/None
[2017-08-10 13:11:35,716 INFO Engine.final-stats] Test duration: 0:00:01
[2017-08-10 13:11:35,716 INFO Engine.final-stats] Samples count: 1, 100.00% failures
[2017-08-10 13:11:35,716 INFO Engine.final-stats] Average times: total 0.087, latency 0.000, connect 0.000
[2017-08-10 13:11:35,716 INFO Engine.final-stats] Percentile 0.0%: 0.087
[2017-08-10 13:11:35,716 INFO Engine.final-stats] Percentile 50.0%: 0.087
[2017-08-10 13:11:35,716 INFO Engine.final-stats] Percentile 90.0%: 0.087
[2017-08-10 13:11:35,717 INFO Engine.final-stats] Percentile 95.0%: 0.087
[2017-08-10 13:11:35,717 INFO Engine.final-stats] Percentile 99.0%: 0.087
[2017-08-10 13:11:35,717 INFO Engine.final-stats] Percentile 99.9%: 0.087
[2017-08-10 13:11:35,717 INFO Engine.final-stats] Percentile 100.0%: 0.087
[2017-08-10 13:11:35,717 DEBUG Engine.console] No logger_handler or orig_stream was detected
[2017-08-10 13:11:35,719 DEBUG Engine.Configuration] Dumping YAML config into /Users/narsi01/Desktop/JWC_SN/sel/2017-08-10_13-11-31.136061/effective.yml
[2017-08-10 13:11:35,760 DEBUG Engine.Configuration] Dumping JSON config into /Users/narsi01/Desktop/JWC_SN/sel/2017-08-10_13-11-31.136061/effective.json
[2017-08-10 13:11:35,778 INFO root] Artifacts dir: /Users/narsi01/Desktop/JWC_SN/sel/2017-08-10_13-11-31.136061
[2017-08-10 13:11:35,778 INFO root] Done performing with code: 0
[2017-08-10 13:11:35,778 DEBUG root] Closing log handler: /Users/narsi01/Desktop/JWC_SN/sel/2017-08-10_13-11-31.136061/bzt.log
