2018-07-27 09:13:22,779 INFO o.a.j.u.JMeterUtils: Setting Locale to en_US
2018-07-27 09:13:22,800 INFO o.a.j.JMeter: Loading user properties from: /Users/narsi01/.bzt/jmeter-taurus/4.0/bin/user.properties
2018-07-27 09:13:22,801 INFO o.a.j.JMeter: Loading system properties from: /Users/narsi01/.bzt/jmeter-taurus/4.0/bin/system.properties
2018-07-27 09:13:22,806 INFO o.a.j.JMeter: Copyright (c) 1998-2018 The Apache Software Foundation
2018-07-27 09:13:22,806 INFO o.a.j.JMeter: Version 4.0 r1823414
2018-07-27 09:13:22,807 INFO o.a.j.JMeter: java.version=1.8.0_121
2018-07-27 09:13:22,807 INFO o.a.j.JMeter: java.vm.name=Java HotSpot(TM) 64-Bit Server VM
2018-07-27 09:13:22,807 INFO o.a.j.JMeter: os.name=Mac OS X
2018-07-27 09:13:22,807 INFO o.a.j.JMeter: os.arch=x86_64
2018-07-27 09:13:22,807 INFO o.a.j.JMeter: os.version=10.13.5
2018-07-27 09:13:22,807 INFO o.a.j.JMeter: file.encoding=UTF-8
2018-07-27 09:13:22,807 INFO o.a.j.JMeter: Max memory     =3817865216
2018-07-27 09:13:22,807 INFO o.a.j.JMeter: Available Processors =8
2018-07-27 09:13:22,811 INFO o.a.j.JMeter: Default Locale=English (United States)
2018-07-27 09:13:22,812 INFO o.a.j.JMeter: JMeter  Locale=English (United States)
2018-07-27 09:13:22,812 INFO o.a.j.JMeter: JMeterHome=/Users/narsi01/.bzt/jmeter-taurus/4.0
2018-07-27 09:13:22,812 INFO o.a.j.JMeter: user.dir  =/Users/narsi01/Desktop/JWC_SN/WKS/WKS
2018-07-27 09:13:22,812 INFO o.a.j.JMeter: PWD       =/Users/narsi01/Desktop/JWC_SN/WKS/WKS
2018-07-27 09:13:22,814 INFO o.a.j.JMeter: IP: 10.0.0.181 Name: narsi01mac1752 FullName: 10.0.0.181
2018-07-27 09:13:22,814 INFO o.a.j.JMeter: user.classpath=/Users/narsi01/Desktop/JWC_SN/WKS/WKS/2018-07-27_09-13-15.881167:/Users/narsi01/Desktop/JWC_SN/WKS/WKS/2018-07-27_09-13-15.881167
2018-07-27 09:13:22,814 INFO o.a.j.JMeter: Adding to classpath and loader: /Users/narsi01/Desktop/JWC_SN/WKS/WKS/2018-07-27_09-13-15.881167
2018-07-27 09:13:22,815 INFO o.a.j.JMeter: Adding to classpath and loader: /Users/narsi01/Desktop/JWC_SN/WKS/WKS/2018-07-27_09-13-15.881167
2018-07-27 09:13:22,818 INFO o.a.j.s.FileServer: Default base='/Users/narsi01/Desktop/JWC_SN/WKS/WKS'
2018-07-27 09:13:22,837 INFO o.a.j.s.FileServer: Set new base='/Users/narsi01/Desktop/JWC_SN/WKS/WKS/2018-07-27_09-13-15.881167'
2018-07-27 09:13:22,950 INFO o.a.j.s.SaveService: Testplan (JMX) version: 2.2. Testlog (JTL) version: 2.2
2018-07-27 09:13:22,966 INFO o.a.j.s.SaveService: Using SaveService properties file encoding UTF-8
2018-07-27 09:13:22,970 INFO o.a.j.s.SaveService: Using SaveService properties version 4.0
2018-07-27 09:13:22,975 INFO o.a.j.s.SaveService: Loading file: /Users/narsi01/Desktop/JWC_SN/WKS/WKS/2018-07-27_09-13-15.881167/modified_requests.jmx
2018-07-27 09:13:23,034 INFO o.a.j.p.h.c.CacheManager: Will only cache the following methods: [GET]
2018-07-27 09:13:23,035 INFO o.a.j.p.h.c.CookieManager: Settings: Delete null: true Check: true Allow variable: true Save: false Prefix: COOKIE_
2018-07-27 09:13:23,044 INFO o.a.j.p.h.s.HTTPSamplerBase: Parser for text/html is org.apache.jmeter.protocol.http.parser.LagartoBasedHtmlParser
2018-07-27 09:13:23,044 INFO o.a.j.p.h.s.HTTPSamplerBase: Parser for application/xhtml+xml is org.apache.jmeter.protocol.http.parser.LagartoBasedHtmlParser
2018-07-27 09:13:23,045 INFO o.a.j.p.h.s.HTTPSamplerBase: Parser for application/xml is org.apache.jmeter.protocol.http.parser.LagartoBasedHtmlParser
2018-07-27 09:13:23,045 INFO o.a.j.p.h.s.HTTPSamplerBase: Parser for text/xml is org.apache.jmeter.protocol.http.parser.LagartoBasedHtmlParser
2018-07-27 09:13:23,045 INFO o.a.j.p.h.s.HTTPSamplerBase: Parser for text/vnd.wap.wml is org.apache.jmeter.protocol.http.parser.RegexpHTMLParser
2018-07-27 09:13:23,045 INFO o.a.j.p.h.s.HTTPSamplerBase: Parser for text/css is org.apache.jmeter.protocol.http.parser.CssParser
2018-07-27 09:13:23,090 INFO o.a.j.e.StandardJMeterEngine: Running the test!
2018-07-27 09:13:23,091 INFO o.a.j.s.SampleEvent: List of sample_variables: []
2018-07-27 09:13:23,091 INFO o.a.j.s.SampleEvent: List of sample_variables: []
2018-07-27 09:13:23,095 INFO o.a.j.e.u.CompoundVariable: Note: Function class names must contain the string: '.functions.'
2018-07-27 09:13:23,095 INFO o.a.j.e.u.CompoundVariable: Note: Function class names must not contain the string: '.gui.'
2018-07-27 09:13:23,512 INFO o.a.j.JMeter: Running test (1532708003512)
2018-07-27 09:13:23,566 INFO o.a.j.e.StandardJMeterEngine: Starting ThreadGroup: 1 : blazedemo
2018-07-27 09:13:23,566 INFO o.a.j.e.StandardJMeterEngine: Starting 100 threads for group blazedemo.
2018-07-27 09:13:23,567 INFO o.a.j.e.StandardJMeterEngine: Thread will continue on error
2018-07-27 09:13:23,567 INFO o.a.j.t.ThreadGroup: Starting thread group... number=1 threads=100 ramp-up=60 perThread=600.0 delayedStart=false
2018-07-27 09:13:23,574 INFO o.a.j.t.JMeterThread: Thread started: blazedemo 1-1
2018-07-27 09:13:23,596 INFO o.a.j.p.h.s.HTTPHCAbstractImpl: Local host = narsi01mac1752
2018-07-27 09:13:23,604 INFO o.a.j.p.h.s.HTTPHC4Impl: HTTP request retry count = 0
2018-07-27 09:13:23,613 INFO o.a.j.s.SampleResult: Note: Sample TimeStamps are START times
2018-07-27 09:13:23,613 INFO o.a.j.s.SampleResult: sampleresult.default.encoding is set to UTF-8
2018-07-27 09:13:23,613 INFO o.a.j.s.SampleResult: sampleresult.useNanoTime=true
2018-07-27 09:13:23,613 INFO o.a.j.s.SampleResult: sampleresult.nanoThreadSleep=5000
2018-07-27 09:13:23,617 INFO o.a.j.t.ThreadGroup: Started thread group number 1
2018-07-27 09:13:23,617 INFO o.a.j.e.StandardJMeterEngine: All thread groups have been started
2018-07-27 09:13:24,168 INFO o.a.j.p.h.p.BaseParser: Created org.apache.jmeter.protocol.http.parser.LagartoBasedHtmlParser
2018-07-27 09:13:24,174 INFO o.a.j.t.JMeterThread: Thread started: blazedemo 1-2
2018-07-27 09:13:24,218 INFO o.a.j.p.h.s.ResourcesDownloader: Creating ResourcesDownloader with keepalive_inseconds : 60
2018-07-27 09:13:24,775 INFO o.a.j.t.JMeterThread: Thread started: blazedemo 1-3
2018-07-27 09:13:24,791 INFO o.a.j.p.h.p.BaseParser: Created org.apache.jmeter.protocol.http.parser.CssParser
2018-07-27 09:13:25,061 INFO o.a.j.JMeter: Command: Shutdown received from /127.0.0.1
2018-07-27 09:13:25,063 INFO o.a.j.t.JMeterThread: Stopping: blazedemo 1-100
2018-07-27 09:13:25,063 INFO o.a.j.t.JMeterThread: Stopping: blazedemo 1-1
2018-07-27 09:13:25,063 INFO o.a.j.t.JMeterThread: Stopping: blazedemo 1-92
2018-07-27 09:13:25,063 INFO o.a.j.t.JMeterThread: Stopping: blazedemo 1-90
2018-07-27 09:13:25,063 INFO o.a.j.t.JMeterThread: Stopping: blazedemo 1-35
2018-07-27 09:13:25,063 INFO o.a.j.t.JMeterThread: Stopping: blazedemo 1-56
2018-07-27 09:13:25,063 INFO o.a.j.t.JMeterThread: Stopping: blazedemo 1-61
2018-07-27 09:13:25,063 INFO o.a.j.t.JMeterThread: Stopping: blazedemo 1-86
2018-07-27 09:13:25,063 INFO o.a.j.t.JMeterThread: Stopping: blazedemo 1-59
2018-07-27 09:13:25,063 INFO o.a.j.t.JMeterThread: Stopping: blazedemo 1-50
2018-07-27 09:13:25,064 INFO o.a.j.t.JMeterThread: Stopping: blazedemo 1-60
2018-07-27 09:13:25,064 INFO o.a.j.t.JMeterThread: Stopping: blazedemo 1-58
2018-07-27 09:13:25,064 INFO o.a.j.t.JMeterThread: Stopping: blazedemo 1-81
2018-07-27 09:13:25,064 INFO o.a.j.t.JMeterThread: Stopping: blazedemo 1-43
2018-07-27 09:13:25,064 INFO o.a.j.t.JMeterThread: Stopping: blazedemo 1-68
2018-07-27 09:13:25,064 INFO o.a.j.t.JMeterThread: Stopping: blazedemo 1-98
2018-07-27 09:13:25,064 INFO o.a.j.t.JMeterThread: Stopping: blazedemo 1-38
2018-07-27 09:13:25,064 INFO o.a.j.t.JMeterThread: Stopping: blazedemo 1-46
2018-07-27 09:13:25,064 INFO o.a.j.t.JMeterThread: Stopping: blazedemo 1-63
2018-07-27 09:13:25,064 INFO o.a.j.t.JMeterThread: Stopping: blazedemo 1-14
2018-07-27 09:13:25,064 INFO o.a.j.t.JMeterThread: Stopping: blazedemo 1-48
2018-07-27 09:13:25,064 INFO o.a.j.t.JMeterThread: Stopping: blazedemo 1-74
2018-07-27 09:13:25,064 INFO o.a.j.t.JMeterThread: Stopping: blazedemo 1-42
2018-07-27 09:13:25,064 INFO o.a.j.t.JMeterThread: Stopping: blazedemo 1-7
2018-07-27 09:13:25,064 INFO o.a.j.t.JMeterThread: Stopping: blazedemo 1-17
2018-07-27 09:13:25,065 INFO o.a.j.t.JMeterThread: Stopping: blazedemo 1-41
2018-07-27 09:13:25,065 INFO o.a.j.t.JMeterThread: Stopping: blazedemo 1-71
2018-07-27 09:13:25,065 INFO o.a.j.t.JMeterThread: Stopping: blazedemo 1-54
2018-07-27 09:13:25,065 INFO o.a.j.t.JMeterThread: Stopping: blazedemo 1-66
2018-07-27 09:13:25,065 INFO o.a.j.t.JMeterThread: Stopping: blazedemo 1-22
2018-07-27 09:13:25,065 INFO o.a.j.t.JMeterThread: Stopping: blazedemo 1-67
2018-07-27 09:13:25,065 INFO o.a.j.t.JMeterThread: Stopping: blazedemo 1-36
2018-07-27 09:13:25,065 INFO o.a.j.t.JMeterThread: Stopping: blazedemo 1-3
2018-07-27 09:13:25,065 INFO o.a.j.t.JMeterThread: Stopping: blazedemo 1-25
2018-07-27 09:13:25,065 INFO o.a.j.t.JMeterThread: Stopping: blazedemo 1-24
2018-07-27 09:13:25,065 INFO o.a.j.t.JMeterThread: Stopping: blazedemo 1-95
2018-07-27 09:13:25,065 INFO o.a.j.t.JMeterThread: Stopping: blazedemo 1-76
2018-07-27 09:13:25,065 INFO o.a.j.t.JMeterThread: Stopping: blazedemo 1-82
2018-07-27 09:13:25,065 INFO o.a.j.t.JMeterThread: Stopping: blazedemo 1-32
2018-07-27 09:13:25,065 INFO o.a.j.t.JMeterThread: Stopping: blazedemo 1-31
2018-07-27 09:13:25,065 INFO o.a.j.t.JMeterThread: Stopping: blazedemo 1-30
2018-07-27 09:13:25,066 INFO o.a.j.t.JMeterThread: Stopping: blazedemo 1-69
2018-07-27 09:13:25,066 INFO o.a.j.t.JMeterThread: Stopping: blazedemo 1-84
2018-07-27 09:13:25,066 INFO o.a.j.t.JMeterThread: Stopping: blazedemo 1-39
2018-07-27 09:13:25,066 INFO o.a.j.t.JMeterThread: Stopping: blazedemo 1-34
2018-07-27 09:13:25,066 INFO o.a.j.t.JMeterThread: Stopping: blazedemo 1-88
2018-07-27 09:13:25,066 INFO o.a.j.t.JMeterThread: Stopping: blazedemo 1-18
2018-07-27 09:13:25,066 INFO o.a.j.t.JMeterThread: Stopping: blazedemo 1-16
2018-07-27 09:13:25,066 INFO o.a.j.t.JMeterThread: Stopping: blazedemo 1-62
2018-07-27 09:13:25,066 INFO o.a.j.t.JMeterThread: Stopping: blazedemo 1-13
2018-07-27 09:13:25,066 INFO o.a.j.t.JMeterThread: Stopping: blazedemo 1-10
2018-07-27 09:13:25,066 INFO o.a.j.t.JMeterThread: Stopping: blazedemo 1-28
2018-07-27 09:13:25,066 INFO o.a.j.t.JMeterThread: Stopping: blazedemo 1-80
2018-07-27 09:13:25,066 INFO o.a.j.t.JMeterThread: Stopping: blazedemo 1-44
2018-07-27 09:13:25,066 INFO o.a.j.t.JMeterThread: Stopping: blazedemo 1-65
2018-07-27 09:13:25,066 INFO o.a.j.t.JMeterThread: Stopping: blazedemo 1-77
2018-07-27 09:13:25,067 INFO o.a.j.t.JMeterThread: Stopping: blazedemo 1-26
2018-07-27 09:13:25,067 INFO o.a.j.t.JMeterThread: Stopping: blazedemo 1-2
2018-07-27 09:13:25,067 INFO o.a.j.t.JMeterThread: Stopping: blazedemo 1-19
2018-07-27 09:13:25,067 INFO o.a.j.t.JMeterThread: Stopping: blazedemo 1-94
2018-07-27 09:13:25,067 INFO o.a.j.t.JMeterThread: Stopping: blazedemo 1-55
2018-07-27 09:13:25,067 INFO o.a.j.t.JMeterThread: Stopping: blazedemo 1-57
2018-07-27 09:13:25,067 INFO o.a.j.t.JMeterThread: Stopping: blazedemo 1-96
2018-07-27 09:13:25,067 INFO o.a.j.t.JMeterThread: Stopping: blazedemo 1-40
2018-07-27 09:13:25,067 INFO o.a.j.t.JMeterThread: Stopping: blazedemo 1-15
2018-07-27 09:13:25,067 INFO o.a.j.t.JMeterThread: Stopping: blazedemo 1-99
2018-07-27 09:13:25,067 INFO o.a.j.t.JMeterThread: Stopping: blazedemo 1-64
2018-07-27 09:13:25,068 INFO o.a.j.t.JMeterThread: Stopping: blazedemo 1-20
2018-07-27 09:13:25,068 INFO o.a.j.t.JMeterThread: Stopping: blazedemo 1-85
2018-07-27 09:13:25,068 INFO o.a.j.t.JMeterThread: Stopping: blazedemo 1-4
2018-07-27 09:13:25,068 INFO o.a.j.t.JMeterThread: Stopping: blazedemo 1-11
2018-07-27 09:13:25,068 INFO o.a.j.t.JMeterThread: Stopping: blazedemo 1-45
2018-07-27 09:13:25,068 INFO o.a.j.t.JMeterThread: Stopping: blazedemo 1-27
2018-07-27 09:13:25,068 INFO o.a.j.t.JMeterThread: Stopping: blazedemo 1-73
2018-07-27 09:13:25,068 INFO o.a.j.t.JMeterThread: Stopping: blazedemo 1-8
2018-07-27 09:13:25,068 INFO o.a.j.t.JMeterThread: Stopping: blazedemo 1-21
2018-07-27 09:13:25,068 INFO o.a.j.t.JMeterThread: Stopping: blazedemo 1-70
2018-07-27 09:13:25,068 INFO o.a.j.t.JMeterThread: Stopping: blazedemo 1-97
2018-07-27 09:13:25,068 INFO o.a.j.t.JMeterThread: Stopping: blazedemo 1-6
2018-07-27 09:13:25,068 INFO o.a.j.t.JMeterThread: Stopping: blazedemo 1-23
2018-07-27 09:13:25,068 INFO o.a.j.t.JMeterThread: Stopping: blazedemo 1-72
2018-07-27 09:13:25,068 INFO o.a.j.t.JMeterThread: Stopping: blazedemo 1-89
2018-07-27 09:13:25,069 INFO o.a.j.t.JMeterThread: Stopping: blazedemo 1-51
2018-07-27 09:13:25,069 INFO o.a.j.t.JMeterThread: Stopping: blazedemo 1-33
2018-07-27 09:13:25,069 INFO o.a.j.t.JMeterThread: Stopping: blazedemo 1-47
2018-07-27 09:13:25,069 INFO o.a.j.t.JMeterThread: Stopping: blazedemo 1-53
2018-07-27 09:13:25,069 INFO o.a.j.t.JMeterThread: Stopping: blazedemo 1-49
2018-07-27 09:13:25,069 INFO o.a.j.t.JMeterThread: Stopping: blazedemo 1-37
2018-07-27 09:13:25,069 INFO o.a.j.t.JMeterThread: Stopping: blazedemo 1-52
2018-07-27 09:13:25,069 INFO o.a.j.t.JMeterThread: Stopping: blazedemo 1-79
2018-07-27 09:13:25,069 INFO o.a.j.t.JMeterThread: Stopping: blazedemo 1-9
2018-07-27 09:13:25,069 INFO o.a.j.t.JMeterThread: Stopping: blazedemo 1-93
2018-07-27 09:13:25,069 INFO o.a.j.t.JMeterThread: Stopping: blazedemo 1-83
2018-07-27 09:13:25,069 INFO o.a.j.t.JMeterThread: Stopping: blazedemo 1-12
2018-07-27 09:13:25,069 INFO o.a.j.t.JMeterThread: Stopping: blazedemo 1-29
2018-07-27 09:13:25,069 INFO o.a.j.t.JMeterThread: Stopping: blazedemo 1-91
2018-07-27 09:13:25,069 INFO o.a.j.t.JMeterThread: Stopping: blazedemo 1-5
2018-07-27 09:13:25,070 INFO o.a.j.t.JMeterThread: Stopping: blazedemo 1-78
2018-07-27 09:13:25,070 INFO o.a.j.t.JMeterThread: Stopping: blazedemo 1-87
2018-07-27 09:13:25,070 INFO o.a.j.t.JMeterThread: Stopping: blazedemo 1-75
2018-07-27 09:13:25,333 INFO o.a.j.t.JMeterThread: Thread finished: blazedemo 1-1
2018-07-27 09:13:25,376 INFO o.a.j.t.JMeterThread: Thread started: blazedemo 1-4
2018-07-27 09:13:25,377 INFO o.a.j.t.JMeterThread: Thread finished: blazedemo 1-4
2018-07-27 09:13:25,448 INFO o.a.j.t.JMeterThread: Thread finished: blazedemo 1-2
2018-07-27 09:13:25,584 INFO o.a.j.t.JMeterThread: Thread started: blazedemo 1-13
2018-07-27 09:13:25,585 INFO o.a.j.t.JMeterThread: Thread started: blazedemo 1-14
2018-07-27 09:13:25,584 INFO o.a.j.t.JMeterThread: Thread started: blazedemo 1-11
2018-07-27 09:13:25,585 INFO o.a.j.t.JMeterThread: Thread started: blazedemo 1-6
2018-07-27 09:13:25,584 INFO o.a.j.t.JMeterThread: Thread started: blazedemo 1-9
2018-07-27 09:13:25,585 INFO o.a.j.t.JMeterThread: Thread finished: blazedemo 1-13
2018-07-27 09:13:25,585 INFO o.a.j.t.JMeterThread: Thread started: blazedemo 1-12
2018-07-27 09:13:25,585 INFO o.a.j.t.JMeterThread: Thread finished: blazedemo 1-11
2018-07-27 09:13:25,585 INFO o.a.j.t.JMeterThread: Thread started: blazedemo 1-7
2018-07-27 09:13:25,585 INFO o.a.j.t.JMeterThread: Thread finished: blazedemo 1-6
2018-07-27 09:13:25,584 INFO o.a.j.t.JMeterThread: Thread started: blazedemo 1-10
2018-07-27 09:13:25,586 INFO o.a.j.t.JMeterThread: Thread finished: blazedemo 1-9
2018-07-27 09:13:25,586 INFO o.a.j.t.JMeterThread: Thread finished: blazedemo 1-7
2018-07-27 09:13:25,585 INFO o.a.j.t.JMeterThread: Thread started: blazedemo 1-8
2018-07-27 09:13:25,585 INFO o.a.j.t.JMeterThread: Thread started: blazedemo 1-5
2018-07-27 09:13:25,586 INFO o.a.j.t.JMeterThread: Thread finished: blazedemo 1-10
2018-07-27 09:13:25,586 INFO o.a.j.t.JMeterThread: Thread finished: blazedemo 1-14
2018-07-27 09:13:25,586 INFO o.a.j.t.JMeterThread: Thread finished: blazedemo 1-8
2018-07-27 09:13:25,586 INFO o.a.j.t.JMeterThread: Thread finished: blazedemo 1-5
2018-07-27 09:13:25,586 INFO o.a.j.t.JMeterThread: Thread finished: blazedemo 1-12
2018-07-27 09:13:25,588 INFO o.a.j.t.JMeterThread: Thread started: blazedemo 1-16
2018-07-27 09:13:25,588 INFO o.a.j.t.JMeterThread: Thread started: blazedemo 1-18
2018-07-27 09:13:25,588 INFO o.a.j.t.JMeterThread: Thread started: blazedemo 1-17
2018-07-27 09:13:25,589 INFO o.a.j.t.JMeterThread: Thread finished: blazedemo 1-16
2018-07-27 09:13:25,588 INFO o.a.j.t.JMeterThread: Thread started: blazedemo 1-15
2018-07-27 09:13:25,589 INFO o.a.j.t.JMeterThread: Thread finished: blazedemo 1-18
2018-07-27 09:13:25,589 INFO o.a.j.t.JMeterThread: Thread finished: blazedemo 1-17
2018-07-27 09:13:25,589 INFO o.a.j.t.JMeterThread: Thread finished: blazedemo 1-15
2018-07-27 09:13:25,589 INFO o.a.j.t.JMeterThread: Thread started: blazedemo 1-19
2018-07-27 09:13:25,589 INFO o.a.j.t.JMeterThread: Thread started: blazedemo 1-20
2018-07-27 09:13:25,589 INFO o.a.j.t.JMeterThread: Thread finished: blazedemo 1-19
2018-07-27 09:13:25,589 INFO o.a.j.t.JMeterThread: Thread finished: blazedemo 1-20
2018-07-27 09:13:25,593 INFO o.a.j.t.JMeterThread: Thread started: blazedemo 1-21
2018-07-27 09:13:25,593 INFO o.a.j.t.JMeterThread: Thread started: blazedemo 1-22
2018-07-27 09:13:25,593 INFO o.a.j.t.JMeterThread: Thread finished: blazedemo 1-22
2018-07-27 09:13:25,593 INFO o.a.j.t.JMeterThread: Thread finished: blazedemo 1-21
2018-07-27 09:13:25,593 INFO o.a.j.t.JMeterThread: Thread started: blazedemo 1-26
2018-07-27 09:13:25,593 INFO o.a.j.t.JMeterThread: Thread started: blazedemo 1-24
2018-07-27 09:13:25,593 INFO o.a.j.t.JMeterThread: Thread started: blazedemo 1-27
2018-07-27 09:13:25,593 INFO o.a.j.t.JMeterThread: Thread finished: blazedemo 1-26
2018-07-27 09:13:25,593 INFO o.a.j.t.JMeterThread: Thread started: blazedemo 1-28
2018-07-27 09:13:25,593 INFO o.a.j.t.JMeterThread: Thread started: blazedemo 1-23
2018-07-27 09:13:25,593 INFO o.a.j.t.JMeterThread: Thread started: blazedemo 1-31
2018-07-27 09:13:25,593 INFO o.a.j.t.JMeterThread: Thread started: blazedemo 1-32
2018-07-27 09:13:25,593 INFO o.a.j.t.JMeterThread: Thread started: blazedemo 1-29
2018-07-27 09:13:25,594 INFO o.a.j.t.JMeterThread: Thread finished: blazedemo 1-23
2018-07-27 09:13:25,593 INFO o.a.j.t.JMeterThread: Thread started: blazedemo 1-30
2018-07-27 09:13:25,594 INFO o.a.j.t.JMeterThread: Thread finished: blazedemo 1-24
2018-07-27 09:13:25,594 INFO o.a.j.t.JMeterThread: Thread started: blazedemo 1-33
2018-07-27 09:13:25,594 INFO o.a.j.t.JMeterThread: Thread finished: blazedemo 1-28
2018-07-27 09:13:25,594 INFO o.a.j.t.JMeterThread: Thread finished: blazedemo 1-29
2018-07-27 09:13:25,593 INFO o.a.j.t.JMeterThread: Thread started: blazedemo 1-25
2018-07-27 09:13:25,594 INFO o.a.j.t.JMeterThread: Thread finished: blazedemo 1-27
2018-07-27 09:13:25,594 INFO o.a.j.t.JMeterThread: Thread finished: blazedemo 1-32
2018-07-27 09:13:25,594 INFO o.a.j.t.JMeterThread: Thread finished: blazedemo 1-30
2018-07-27 09:13:25,594 INFO o.a.j.t.JMeterThread: Thread finished: blazedemo 1-31
2018-07-27 09:13:25,594 INFO o.a.j.t.JMeterThread: Thread finished: blazedemo 1-25
2018-07-27 09:13:25,594 INFO o.a.j.t.JMeterThread: Thread finished: blazedemo 1-33
2018-07-27 09:13:25,594 INFO o.a.j.t.JMeterThread: Thread started: blazedemo 1-34
2018-07-27 09:13:25,594 INFO o.a.j.t.JMeterThread: Thread finished: blazedemo 1-34
2018-07-27 09:13:25,594 INFO o.a.j.t.JMeterThread: Thread started: blazedemo 1-35
2018-07-27 09:13:25,595 INFO o.a.j.t.JMeterThread: Thread finished: blazedemo 1-35
2018-07-27 09:13:25,595 INFO o.a.j.t.JMeterThread: Thread started: blazedemo 1-36
2018-07-27 09:13:25,595 INFO o.a.j.t.JMeterThread: Thread finished: blazedemo 1-36
2018-07-27 09:13:25,595 INFO o.a.j.t.JMeterThread: Thread started: blazedemo 1-37
2018-07-27 09:13:25,595 INFO o.a.j.t.JMeterThread: Thread finished: blazedemo 1-37
2018-07-27 09:13:25,600 INFO o.a.j.t.JMeterThread: Thread started: blazedemo 1-39
2018-07-27 09:13:25,600 INFO o.a.j.t.JMeterThread: Thread started: blazedemo 1-40
2018-07-27 09:13:25,600 INFO o.a.j.t.JMeterThread: Thread started: blazedemo 1-38
2018-07-27 09:13:25,600 INFO o.a.j.t.JMeterThread: Thread finished: blazedemo 1-40
2018-07-27 09:13:25,600 INFO o.a.j.t.JMeterThread: Thread finished: blazedemo 1-38
2018-07-27 09:13:25,600 INFO o.a.j.t.JMeterThread: Thread finished: blazedemo 1-39
2018-07-27 09:13:25,601 INFO o.a.j.t.JMeterThread: Thread started: blazedemo 1-45
2018-07-27 09:13:25,601 INFO o.a.j.t.JMeterThread: Thread started: blazedemo 1-43
2018-07-27 09:13:25,601 INFO o.a.j.t.JMeterThread: Thread started: blazedemo 1-44
2018-07-27 09:13:25,601 INFO o.a.j.t.JMeterThread: Thread started: blazedemo 1-42
2018-07-27 09:13:25,600 INFO o.a.j.t.JMeterThread: Thread started: blazedemo 1-41
2018-07-27 09:13:25,601 INFO o.a.j.t.JMeterThread: Thread finished: blazedemo 1-45
2018-07-27 09:13:25,601 INFO o.a.j.t.JMeterThread: Thread finished: blazedemo 1-44
2018-07-27 09:13:25,601 INFO o.a.j.t.JMeterThread: Thread finished: blazedemo 1-42
2018-07-27 09:13:25,601 INFO o.a.j.t.JMeterThread: Thread finished: blazedemo 1-43
2018-07-27 09:13:25,601 INFO o.a.j.t.JMeterThread: Thread finished: blazedemo 1-41
2018-07-27 09:13:25,606 INFO o.a.j.t.JMeterThread: Thread started: blazedemo 1-46
2018-07-27 09:13:25,606 INFO o.a.j.t.JMeterThread: Thread finished: blazedemo 1-46
2018-07-27 09:13:25,610 INFO o.a.j.t.JMeterThread: Thread started: blazedemo 1-50
2018-07-27 09:13:25,610 INFO o.a.j.t.JMeterThread: Thread started: blazedemo 1-49
2018-07-27 09:13:25,610 INFO o.a.j.t.JMeterThread: Thread started: blazedemo 1-52
2018-07-27 09:13:25,610 INFO o.a.j.t.JMeterThread: Thread finished: blazedemo 1-50
2018-07-27 09:13:25,610 INFO o.a.j.t.JMeterThread: Thread started: blazedemo 1-53
2018-07-27 09:13:25,610 INFO o.a.j.t.JMeterThread: Thread started: blazedemo 1-47
2018-07-27 09:13:25,610 INFO o.a.j.t.JMeterThread: Thread started: blazedemo 1-51
2018-07-27 09:13:25,610 INFO o.a.j.t.JMeterThread: Thread started: blazedemo 1-48
2018-07-27 09:13:25,610 INFO o.a.j.t.JMeterThread: Thread started: blazedemo 1-56
2018-07-27 09:13:25,610 INFO o.a.j.t.JMeterThread: Thread finished: blazedemo 1-49
2018-07-27 09:13:25,610 INFO o.a.j.t.JMeterThread: Thread finished: blazedemo 1-47
2018-07-27 09:13:25,610 INFO o.a.j.t.JMeterThread: Thread started: blazedemo 1-60
2018-07-27 09:13:25,610 INFO o.a.j.t.JMeterThread: Thread finished: blazedemo 1-56
2018-07-27 09:13:25,610 INFO o.a.j.t.JMeterThread: Thread started: blazedemo 1-58
2018-07-27 09:13:25,610 INFO o.a.j.t.JMeterThread: Thread started: blazedemo 1-54
2018-07-27 09:13:25,610 INFO o.a.j.t.JMeterThread: Thread finished: blazedemo 1-52
2018-07-27 09:13:25,610 INFO o.a.j.t.JMeterThread: Thread finished: blazedemo 1-58
2018-07-27 09:13:25,610 INFO o.a.j.t.JMeterThread: Thread started: blazedemo 1-59
2018-07-27 09:13:25,611 INFO o.a.j.t.JMeterThread: Thread finished: blazedemo 1-54
2018-07-27 09:13:25,611 INFO o.a.j.t.JMeterThread: Thread started: blazedemo 1-66
2018-07-27 09:13:25,611 INFO o.a.j.t.JMeterThread: Thread finished: blazedemo 1-66
2018-07-27 09:13:25,611 INFO o.a.j.t.JMeterThread: Thread finished: blazedemo 1-53
2018-07-27 09:13:25,611 INFO o.a.j.t.JMeterThread: Thread started: blazedemo 1-68
2018-07-27 09:13:25,611 INFO o.a.j.t.JMeterThread: Thread started: blazedemo 1-70
2018-07-27 09:13:25,611 INFO o.a.j.t.JMeterThread: Thread finished: blazedemo 1-68
2018-07-27 09:13:25,610 INFO o.a.j.t.JMeterThread: Thread started: blazedemo 1-55
2018-07-27 09:13:25,611 INFO o.a.j.t.JMeterThread: Thread started: blazedemo 1-69
2018-07-27 09:13:25,611 INFO o.a.j.t.JMeterThread: Thread started: blazedemo 1-64
2018-07-27 09:13:25,611 INFO o.a.j.t.JMeterThread: Thread started: blazedemo 1-75
2018-07-27 09:13:25,611 INFO o.a.j.t.JMeterThread: Thread started: blazedemo 1-71
2018-07-27 09:13:25,611 INFO o.a.j.t.JMeterThread: Thread started: blazedemo 1-72
2018-07-27 09:13:25,611 INFO o.a.j.t.JMeterThread: Thread finished: blazedemo 1-64
2018-07-27 09:13:25,611 INFO o.a.j.t.JMeterThread: Thread finished: blazedemo 1-75
2018-07-27 09:13:25,611 INFO o.a.j.t.JMeterThread: Thread started: blazedemo 1-62
2018-07-27 09:13:25,611 INFO o.a.j.t.JMeterThread: Thread finished: blazedemo 1-71
2018-07-27 09:13:25,611 INFO o.a.j.t.JMeterThread: Thread finished: blazedemo 1-72
2018-07-27 09:13:25,611 INFO o.a.j.t.JMeterThread: Thread started: blazedemo 1-63
2018-07-27 09:13:25,611 INFO o.a.j.t.JMeterThread: Thread started: blazedemo 1-67
2018-07-27 09:13:25,611 INFO o.a.j.t.JMeterThread: Thread finished: blazedemo 1-62
2018-07-27 09:13:25,611 INFO o.a.j.t.JMeterThread: Thread started: blazedemo 1-65
2018-07-27 09:13:25,611 INFO o.a.j.t.JMeterThread: Thread finished: blazedemo 1-63
2018-07-27 09:13:25,611 INFO o.a.j.t.JMeterThread: Thread finished: blazedemo 1-59
2018-07-27 09:13:25,611 INFO o.a.j.t.JMeterThread: Thread finished: blazedemo 1-65
2018-07-27 09:13:25,610 INFO o.a.j.t.JMeterThread: Thread finished: blazedemo 1-51
2018-07-27 09:13:25,610 INFO o.a.j.t.JMeterThread: Thread started: blazedemo 1-61
2018-07-27 09:13:25,610 INFO o.a.j.t.JMeterThread: Thread started: blazedemo 1-57
2018-07-27 09:13:25,610 INFO o.a.j.t.JMeterThread: Thread finished: blazedemo 1-48
2018-07-27 09:13:25,612 INFO o.a.j.t.JMeterThread: Thread finished: blazedemo 1-57
2018-07-27 09:13:25,611 INFO o.a.j.t.JMeterThread: Thread finished: blazedemo 1-69
2018-07-27 09:13:25,611 INFO o.a.j.t.JMeterThread: Thread started: blazedemo 1-74
2018-07-27 09:13:25,612 INFO o.a.j.t.JMeterThread: Thread finished: blazedemo 1-67
2018-07-27 09:13:25,611 INFO o.a.j.t.JMeterThread: Thread started: blazedemo 1-76
2018-07-27 09:13:25,611 INFO o.a.j.t.JMeterThread: Thread started: blazedemo 1-73
2018-07-27 09:13:25,611 INFO o.a.j.t.JMeterThread: Thread finished: blazedemo 1-55
2018-07-27 09:13:25,612 INFO o.a.j.t.JMeterThread: Thread finished: blazedemo 1-73
2018-07-27 09:13:25,611 INFO o.a.j.t.JMeterThread: Thread finished: blazedemo 1-70
2018-07-27 09:13:25,612 INFO o.a.j.t.JMeterThread: Thread finished: blazedemo 1-76
2018-07-27 09:13:25,612 INFO o.a.j.t.JMeterThread: Thread finished: blazedemo 1-61
2018-07-27 09:13:25,612 INFO o.a.j.t.JMeterThread: Thread finished: blazedemo 1-60
2018-07-27 09:13:25,612 INFO o.a.j.t.JMeterThread: Thread finished: blazedemo 1-74
2018-07-27 09:13:25,617 INFO o.a.j.t.JMeterThread: Thread started: blazedemo 1-79
2018-07-27 09:13:25,617 INFO o.a.j.t.JMeterThread: Thread started: blazedemo 1-81
2018-07-27 09:13:25,617 INFO o.a.j.t.JMeterThread: Thread started: blazedemo 1-83
2018-07-27 09:13:25,617 INFO o.a.j.t.JMeterThread: Thread started: blazedemo 1-77
2018-07-27 09:13:25,617 INFO o.a.j.t.JMeterThread: Thread started: blazedemo 1-80
2018-07-27 09:13:25,617 INFO o.a.j.t.JMeterThread: Thread finished: blazedemo 1-77
2018-07-27 09:13:25,617 INFO o.a.j.t.JMeterThread: Thread finished: blazedemo 1-79
2018-07-27 09:13:25,617 INFO o.a.j.t.JMeterThread: Thread started: blazedemo 1-82
2018-07-27 09:13:25,617 INFO o.a.j.t.JMeterThread: Thread started: blazedemo 1-78
2018-07-27 09:13:25,618 INFO o.a.j.t.JMeterThread: Thread finished: blazedemo 1-82
2018-07-27 09:13:25,617 INFO o.a.j.t.JMeterThread: Thread started: blazedemo 1-86
2018-07-27 09:13:25,617 INFO o.a.j.t.JMeterThread: Thread started: blazedemo 1-84
2018-07-27 09:13:25,617 INFO o.a.j.t.JMeterThread: Thread started: blazedemo 1-85
2018-07-27 09:13:25,618 INFO o.a.j.t.JMeterThread: Thread finished: blazedemo 1-86
2018-07-27 09:13:25,618 INFO o.a.j.t.JMeterThread: Thread finished: blazedemo 1-83
2018-07-27 09:13:25,618 INFO o.a.j.t.JMeterThread: Thread finished: blazedemo 1-81
2018-07-27 09:13:25,618 INFO o.a.j.t.JMeterThread: Thread finished: blazedemo 1-78
2018-07-27 09:13:25,617 INFO o.a.j.t.JMeterThread: Thread finished: blazedemo 1-80
2018-07-27 09:13:25,618 INFO o.a.j.t.JMeterThread: Thread finished: blazedemo 1-84
2018-07-27 09:13:25,618 INFO o.a.j.t.JMeterThread: Thread finished: blazedemo 1-85
2018-07-27 09:13:25,619 INFO o.a.j.t.JMeterThread: Thread started: blazedemo 1-87
2018-07-27 09:13:25,619 INFO o.a.j.t.JMeterThread: Thread started: blazedemo 1-88
2018-07-27 09:13:25,619 INFO o.a.j.t.JMeterThread: Thread started: blazedemo 1-93
2018-07-27 09:13:25,619 INFO o.a.j.t.JMeterThread: Thread started: blazedemo 1-94
2018-07-27 09:13:25,619 INFO o.a.j.t.JMeterThread: Thread finished: blazedemo 1-88
2018-07-27 09:13:25,619 INFO o.a.j.t.JMeterThread: Thread finished: blazedemo 1-94
2018-07-27 09:13:25,619 INFO o.a.j.t.JMeterThread: Thread started: blazedemo 1-95
2018-07-27 09:13:25,619 INFO o.a.j.t.JMeterThread: Thread started: blazedemo 1-97
2018-07-27 09:13:25,619 INFO o.a.j.t.JMeterThread: Thread started: blazedemo 1-91
2018-07-27 09:13:25,619 INFO o.a.j.t.JMeterThread: Thread finished: blazedemo 1-95
2018-07-27 09:13:25,619 INFO o.a.j.t.JMeterThread: Thread finished: blazedemo 1-91
2018-07-27 09:13:25,619 INFO o.a.j.t.JMeterThread: Thread finished: blazedemo 1-93
2018-07-27 09:13:25,619 INFO o.a.j.t.JMeterThread: Thread started: blazedemo 1-90
2018-07-27 09:13:25,619 INFO o.a.j.t.JMeterThread: Thread finished: blazedemo 1-97
2018-07-27 09:13:25,619 INFO o.a.j.t.JMeterThread: Thread started: blazedemo 1-89
2018-07-27 09:13:25,619 INFO o.a.j.t.JMeterThread: Thread started: blazedemo 1-92
2018-07-27 09:13:25,619 INFO o.a.j.t.JMeterThread: Thread finished: blazedemo 1-89
2018-07-27 09:13:25,619 INFO o.a.j.t.JMeterThread: Thread finished: blazedemo 1-90
2018-07-27 09:13:25,619 INFO o.a.j.t.JMeterThread: Thread started: blazedemo 1-98
2018-07-27 09:13:25,619 INFO o.a.j.t.JMeterThread: Thread started: blazedemo 1-99
2018-07-27 09:13:25,619 INFO o.a.j.t.JMeterThread: Thread started: blazedemo 1-96
2018-07-27 09:13:25,620 INFO o.a.j.t.JMeterThread: Thread finished: blazedemo 1-98
2018-07-27 09:13:25,619 INFO o.a.j.t.JMeterThread: Thread finished: blazedemo 1-87
2018-07-27 09:13:25,620 INFO o.a.j.t.JMeterThread: Thread finished: blazedemo 1-99
2018-07-27 09:13:25,619 INFO o.a.j.t.JMeterThread: Thread finished: blazedemo 1-92
2018-07-27 09:13:25,620 INFO o.a.j.t.JMeterThread: Thread finished: blazedemo 1-96
2018-07-27 09:13:25,622 INFO o.a.j.t.JMeterThread: Thread started: blazedemo 1-100
2018-07-27 09:13:25,622 INFO o.a.j.t.JMeterThread: Thread finished: blazedemo 1-100
2018-07-27 09:13:26,171 INFO o.a.j.t.JMeterThread: Thread finished: blazedemo 1-3
2018-07-27 09:13:26,172 INFO o.a.j.e.StandardJMeterEngine: Notifying test listeners of end of test
2018-07-27 09:13:26,173 INFO o.a.j.e.StandardJMeterEngine: Forced JVM shutdown requested at end of test
