[2018-07-30 20:27:02,332 INFO root] Taurus CLI Tool v1.12.1
[2018-07-30 20:27:02,332 DEBUG root] Command-line options: {'verbose': None, 'no_system_configs': None, 'quiet': None, 'log': '/var/folders/t5/kg41spf56pz146ff1j739w358p9wh7/T/bzt_aQzan5.log', 'option': None, 'aliases': ['report']}
[2018-07-30 20:27:02,332 DEBUG root] Python: CPython 2.7.15
[2018-07-30 20:27:02,332 DEBUG root] OS: ('Darwin', 'narsi01mac1752', '17.6.0', 'Darwin Kernel Version 17.6.0: Tue May  8 15:22:16 PDT 2018; root:xnu-4570.61.1~1/RELEASE_X86_64', 'x86_64', 'i386')
[2018-07-30 20:27:02,332 INFO root] Starting with configs: ['CICD_Taurus_SLA.yml']
[2018-07-30 20:27:02,333 DEBUG root] Using personal config: /Users/narsi01/.bzt-rc
[2018-07-30 20:27:02,333 INFO Engine] Configuring...
[2018-07-30 20:27:02,333 DEBUG Engine] No machine configs dir: /usr/local/Cellar/bzt/1.12.1/libexec/bin/../etc/bzt.d
[2018-07-30 20:27:02,333 DEBUG Engine] Base configs list: ['/usr/local/Cellar/bzt/1.12.1/libexec/lib/python2.7/site-packages/bzt/resources/base-config.yml']
[2018-07-30 20:27:02,333 DEBUG Engine.Configuration] Configs: ['/usr/local/Cellar/bzt/1.12.1/libexec/lib/python2.7/site-packages/bzt/resources/base-config.yml']
[2018-07-30 20:27:02,333 DEBUG Engine.Configuration] Reading /usr/local/Cellar/bzt/1.12.1/libexec/lib/python2.7/site-packages/bzt/resources/base-config.yml as YAML
[2018-07-30 20:27:02,359 DEBUG Engine] User configs list: ['/Users/narsi01/.bzt-rc', 'CICD_Taurus_SLA.yml']
[2018-07-30 20:27:02,359 DEBUG Engine.Configuration] Configs: ['/Users/narsi01/.bzt-rc', 'CICD_Taurus_SLA.yml']
[2018-07-30 20:27:02,359 DEBUG Engine.Configuration] Reading /Users/narsi01/.bzt-rc as YAML
[2018-07-30 20:27:02,360 DEBUG Engine.Configuration] Reading CICD_Taurus_SLA.yml as YAML
[2018-07-30 20:27:02,375 DEBUG Engine.Configuration] Configs: ['/Users/narsi01/.bzt-rc', 'CICD_Taurus_SLA.yml']
[2018-07-30 20:27:02,375 DEBUG Engine.Configuration] Reading /Users/narsi01/.bzt-rc as YAML
[2018-07-30 20:27:02,376 DEBUG Engine.Configuration] Reading CICD_Taurus_SLA.yml as YAML
[2018-07-30 20:27:02,400 DEBUG Engine] Requesting updates info: http://gettaurus.org/updates/?version=1.12.1&installID=macos-784f437f78c0
[2018-07-30 20:27:02,400 DEBUG HTTPClient] Making HTTP request GET http://gettaurus.org/updates/?version=1.12.1&installID=macos-784f437f78c0
[2018-07-30 20:27:02,400 INFO Engine] Artifacts dir: /Users/narsi01/Desktop/JWC_SN/WKS/WKS/2018-07-30_20-27-02.400265
[2018-07-30 20:27:02,404 DEBUG Engine] New artifact filename: /Users/narsi01/Desktop/JWC_SN/WKS/WKS/2018-07-30_20-27-02.400265/effective
[2018-07-30 20:27:02,407 DEBUG urllib3.connectionpool] Starting new HTTP connection (1): gettaurus.org:80
[2018-07-30 20:27:02,408 DEBUG Engine.Configuration] Dumping YAML config into /Users/narsi01/Desktop/JWC_SN/WKS/WKS/2018-07-30_20-27-02.400265/effective.yml
[2018-07-30 20:27:02,456 DEBUG Engine.Configuration] Dumping JSON config into /Users/narsi01/Desktop/JWC_SN/WKS/WKS/2018-07-30_20-27-02.400265/effective.json
[2018-07-30 20:27:02,457 DEBUG Engine] New artifact filename: /Users/narsi01/Desktop/JWC_SN/WKS/WKS/2018-07-30_20-27-02.400265/merged.yml
[2018-07-30 20:27:02,457 DEBUG Engine.Configuration] Dumping YAML config into /Users/narsi01/Desktop/JWC_SN/WKS/WKS/2018-07-30_20-27-02.400265/merged.yml
[2018-07-30 20:27:02,469 DEBUG Engine] New artifact filename: /Users/narsi01/Desktop/JWC_SN/WKS/WKS/2018-07-30_20-27-02.400265/merged.json
[2018-07-30 20:27:02,470 DEBUG Engine.Configuration] Dumping JSON config into /Users/narsi01/Desktop/JWC_SN/WKS/WKS/2018-07-30_20-27-02.400265/merged.json
[2018-07-30 20:27:02,470 DEBUG Engine] Add existing artifact (move=False): CICD_Taurus_SLA.yml
[2018-07-30 20:27:02,470 DEBUG Engine] Copying CICD_Taurus_SLA.yml to /Users/narsi01/Desktop/JWC_SN/WKS/WKS/2018-07-30_20-27-02.400265/CICD_Taurus_SLA.yml
[2018-07-30 20:27:02,471 DEBUG Engine.Environment] Replace 'TAURUS_ARTIFACTS_DIR' in environment
[2018-07-30 20:27:02,472 DEBUG root] Closing log handler: /var/folders/t5/kg41spf56pz146ff1j739w358p9wh7/T/bzt_aQzan5.log
[2018-07-30 20:27:02,483 DEBUG root] Switched writing logs to /Users/narsi01/Desktop/JWC_SN/WKS/WKS/2018-07-30_20-27-02.400265/bzt.log
[2018-07-30 20:27:02,483 DEBUG root] Linting config
[2018-07-30 20:27:02,490 INFO Engine] Preparing...
[2018-07-30 20:27:02,491 DEBUG Engine] Module config: consolidator defaultdict(None, {'class': u'bzt.modules.aggregator.ConsolidatingAggregator'})
[2018-07-30 20:27:02,491 DEBUG root] Importing module: bzt.modules.aggregator
[2018-07-30 20:27:02,597 DEBUG root] Loading class: 'ConsolidatingAggregator' from <module 'bzt.modules.aggregator' from '/usr/local/Cellar/bzt/1.12.1/libexec/lib/python2.7/site-packages/bzt/modules/aggregator.pyc'>
[2018-07-30 20:27:02,597 DEBUG Engine.consolidator] Buffer scaling setup: percentile 95.0 from [0.0, 50.0, 90.0, 95.0, 99.0, 99.9, 100.0] selected
[2018-07-30 20:27:02,598 DEBUG Engine] Module config: monitoring defaultdict(None, {'class': u'bzt.modules.monitoring.Monitoring'})
[2018-07-30 20:27:02,598 DEBUG root] Importing module: bzt.modules.monitoring
[2018-07-30 20:27:02,599 DEBUG root] Loading class: 'Monitoring' from <module 'bzt.modules.monitoring' from '/usr/local/Cellar/bzt/1.12.1/libexec/lib/python2.7/site-packages/bzt/modules/monitoring.pyc'>
[2018-07-30 20:27:02,599 DEBUG Engine] Module config: local defaultdict(None, {'class': u'bzt.modules.provisioning.Local'})
[2018-07-30 20:27:02,600 DEBUG root] Importing module: bzt.modules.provisioning
[2018-07-30 20:27:02,600 DEBUG root] Loading class: 'Local' from <module 'bzt.modules.provisioning' from '/usr/local/Cellar/bzt/1.12.1/libexec/lib/python2.7/site-packages/bzt/modules/provisioning.pyc'>
[2018-07-30 20:27:02,600 DEBUG Engine] Module config: jmeter defaultdict(None, {'class': u'bzt.modules.jmeter.JMeterExecutor', 'protocol-handlers': defaultdict(None, {'http': u'bzt.jmx.http.HTTPProtocolHandler'}), 'properties': defaultdict(None, {'jmeter.save.saveservice.autoflush': u'true', 'jmeter.save.saveservice.connect_time': u'true', 'summariser.name': u'', 'jmeterengine.force.system.exit': u'true'}), 'plugins': [u'jpgc-casutg', u'jpgc-dummy', u'jpgc-ffw', u'jpgc-fifo', u'jpgc-functions', u'jpgc-json', u'jpgc-perfmon', u'jpgc-prmctl', u'jpgc-tst']})
[2018-07-30 20:27:02,600 DEBUG root] Importing module: bzt.modules.jmeter
[2018-07-30 20:27:02,610 DEBUG root] Loading class: 'JMeterExecutor' from <module 'bzt.modules.jmeter' from '/usr/local/Cellar/bzt/1.12.1/libexec/lib/python2.7/site-packages/bzt/modules/jmeter.pyc'>
[2018-07-30 20:27:02,610 DEBUG Engine.local] Preparing executor: None/4476343568
[2018-07-30 20:27:02,610 DEBUG Engine] New artifact filename: /Users/narsi01/Desktop/JWC_SN/WKS/WKS/2018-07-30_20-27-02.400265/jmeter.log
[2018-07-30 20:27:02,611 DEBUG Engine.jmeter] Checking if port 4445 is free
[2018-07-30 20:27:02,611 DEBUG Engine.jmeter] Port 4445 is free
[2018-07-30 20:27:02,611 DEBUG Engine.jmeter] Using port 4445 for management
[2018-07-30 20:27:02,612 DEBUG Engine.jmeter.JavaVM] Trying JavaVM: ['java', '-version']
[2018-07-30 20:27:02,731 DEBUG Engine.jmeter.JavaVM] JavaVM output: java version "1.8.0_121"
Java(TM) SE Runtime Environment (build 1.8.0_121-b13)
Java HotSpot(TM) 64-Bit Server VM (build 25.121-b13, mixed mode)
[2018-07-30 20:27:02,731 DEBUG Engine.jmeter.TclLibrary] We don't need to check tcl library on this platform
[2018-07-30 20:27:02,732 DEBUG Engine.jmeter.JMeter] Trying jmeter: /Users/narsi01/.bzt/jmeter-taurus/4.0/bin/jmeter.sh
[2018-07-30 20:27:02,732 DEBUG bzt.utils] Executing shell: ['/Users/narsi01/.bzt/jmeter-taurus/4.0/bin/jmeter.sh', '-j', '/var/folders/t5/kg41spf56pz146ff1j739w358p9wh7/T/jmetertVwsF1log', '--version'] at .
[2018-07-30 20:27:02,934 DEBUG urllib3.connectionpool] http://gettaurus.org:80 "GET /updates/?version=1.12.1&installID=macos-784f437f78c0 HTTP/1.1" 200 60
[2018-07-30 20:27:02,936 DEBUG Engine] Taurus updates info: {u'needsUpgrade': False, u'latest': u'1.12.1'}
[2018-07-30 20:27:02,936 DEBUG Engine] Installation is up-to-date
[2018-07-30 20:27:03,774 DEBUG Engine.jmeter.JMeter] JMeter check:     _    ____   _    ____ _   _ _____       _ __  __ _____ _____ _____ ____     
   / \  |  _ \ / \  / ___| | | | ____|     | |  \/  | ____|_   _| ____|  _ \   
  / _ \ | |_) / _ \| |   | |_| |  _|    _  | | |\/| |  _|   | | |  _| | |_) | 
 / ___ \|  __/ ___ \ |___|  _  | |___  | |_| | |  | | |___  | | | |___|  _ <  
/_/   \_\_| /_/   \_\____|_| |_|_____|  \___/|_|  |_|_____| |_| |_____|_| \_\ 4.0 r1823414  

Copyright (c) 1999-2018 The Apache Software Foundation

 / None
[2018-07-30 20:27:03,775 DEBUG Engine] New artifact filename: /Users/narsi01/Desktop/JWC_SN/WKS/WKS/2018-07-30_20-27-02.400265/requests.jmx
[2018-07-30 20:27:03,776 DEBUG root] Importing module: bzt.jmx.http
[2018-07-30 20:27:03,777 DEBUG root] Loading class: 'HTTPProtocolHandler' from <module 'bzt.jmx.http' from '/usr/local/Cellar/bzt/1.12.1/libexec/lib/python2.7/site-packages/bzt/jmx/http.pyc'>
[2018-07-30 20:27:03,780 DEBUG JMeterScenarioBuilder] Saving JMX to: /Users/narsi01/Desktop/JWC_SN/WKS/WKS/2018-07-30_20-27-02.400265/requests.jmx
[2018-07-30 20:27:03,781 DEBUG Engine.jmeter] Load: LoadSpec(concurrency=75, throughput=None, ramp_up=60.0, hold=300.0, iterations=1000, duration=360.0, steps=None)
[2018-07-30 20:27:03,791 DEBUG Engine] New artifact filename: /Users/narsi01/Desktop/JWC_SN/WKS/WKS/2018-07-30_20-27-02.400265/kpi.jtl
[2018-07-30 20:27:03,792 DEBUG Engine] New artifact filename: /Users/narsi01/Desktop/JWC_SN/WKS/WKS/2018-07-30_20-27-02.400265/error.jtl
[2018-07-30 20:27:03,792 DEBUG Engine.jmeter.LoadSettingsProcessor] Thread group detection: iterations are found, regular ThreadGroup will be used
[2018-07-30 20:27:03,794 DEBUG Engine.jmeter.LoadSettingsProcessor.ThreadGroupHandler] Converting ThreadGroup (blazedemo) to ThreadGroup and apply load parameters
[2018-07-30 20:27:03,794 DEBUG Engine] New artifact filename: /Users/narsi01/Desktop/JWC_SN/WKS/WKS/2018-07-30_20-27-02.400265/modified_requests.jmx
[2018-07-30 20:27:03,794 DEBUG JMX] Saving JMX to: /Users/narsi01/Desktop/JWC_SN/WKS/WKS/2018-07-30_20-27-02.400265/modified_requests.jmx
[2018-07-30 20:27:03,795 DEBUG Engine.jmeter] Additional properties: defaultdict(None, {'jmeter.save.saveservice.autoflush': u'true', 'jmeter.save.saveservice.connect_time': u'true', 'user.classpath': '/Users/narsi01/Desktop/JWC_SN/WKS/WKS/2018-07-30_20-27-02.400265:/Users/narsi01/Desktop/JWC_SN/WKS/WKS/2018-07-30_20-27-02.400265', 'sampleresult.default.encoding': 'UTF-8', 'summariser.name': u'', 'jmeterengine.force.system.exit': u'true', 'jmeter.save.saveservice.timestamp_format': 'ms', 'jmeterengine.nongui.maxport': 4445, 'jmeterengine.nongui.port': 4445})
[2018-07-30 20:27:03,795 DEBUG Engine] New artifact filename: /Users/narsi01/Desktop/JWC_SN/WKS/WKS/2018-07-30_20-27-02.400265/jmeter-bzt.properties
[2018-07-30 20:27:03,795 DEBUG Engine.jmeter.JMeter] Passing JVM_ARGS: ''
[2018-07-30 20:27:03,795 DEBUG bzt.utils] Executing shell: ['/Users/narsi01/.bzt/jmeter-taurus/4.0/bin/PluginsManagerCMD.sh', 'install-for-jmx', '/Users/narsi01/Desktop/JWC_SN/WKS/WKS/2018-07-30_20-27-02.400265/modified_requests.jmx'] at .
[2018-07-30 20:27:05,927 DEBUG Engine.jmeter.JMeter] Try to detect plugins for /Users/narsi01/Desktop/JWC_SN/WKS/WKS/2018-07-30_20-27-02.400265/modified_requests.jmx
2018-07-30 20:27:04,505 INFO o.j.r.PluginManagerCMD: Command is: install-for-jmx
2018-07-30 20:27:04,615 INFO o.j.r.JARSourceHTTP: Found cached repo
2018-07-30 20:27:04,828 INFO o.j.r.PluginManager: Plugins Status: [jpgc-functions=2.1, jpgc-casutg=2.5, jpgc-dummy=0.2, jpgc-ffw=2.0, jpgc-fifo=0.2, jpgc-json=2.6, jpgc-prmctl=0.4, jpgc-perfmon=2.1, jpgc-plugins-manager=1.1, jpgc-tst=2.5, jmeter-core=4.0, jmeter-ftp=4.0, jmeter-http=4.0, jmeter-jdbc=4.0, jmeter-jms=4.0, jmeter-junit=4.0, jmeter-java=4.0, jmeter-ldap=4.0, jmeter-mail=4.0, jmeter-mongodb=4.0, jmeter-native=4.0, jmeter-tcp=4.0, jmeter-components=4.0]
2018-07-30 20:27:04,830 INFO o.j.r.PluginManagerCMD: Params line is: /Users/narsi01/Desktop/JWC_SN/WKS/WKS/2018-07-30_20-27-02.400265/modified_requests.jmx
2018-07-30 20:27:05,250 INFO o.a.j.s.SaveService: Testplan (JMX) version: 2.2. Testlog (JTL) version: 2.2
2018-07-30 20:27:05,268 INFO o.a.j.s.SaveService: Using SaveService properties file encoding UTF-8
2018-07-30 20:27:05,274 INFO o.a.j.s.SaveService: Using SaveService properties version 4.0
2018-07-30 20:27:05,318 INFO o.a.j.p.h.c.CacheManager: Will only cache the following methods: [GET]
2018-07-30 20:27:05,323 INFO o.a.j.p.h.c.CookieManager: Settings: Delete null: true Check: true Allow variable: true Save: false Prefix: COOKIE_
2018-07-30 20:27:05,412 INFO o.a.j.p.h.s.HTTPSamplerBase: Parser for text/html is org.apache.jmeter.protocol.http.parser.LagartoBasedHtmlParser
2018-07-30 20:27:05,413 INFO o.a.j.p.h.s.HTTPSamplerBase: Parser for application/xhtml+xml is org.apache.jmeter.protocol.http.parser.LagartoBasedHtmlParser
2018-07-30 20:27:05,413 INFO o.a.j.p.h.s.HTTPSamplerBase: Parser for application/xml is org.apache.jmeter.protocol.http.parser.LagartoBasedHtmlParser
2018-07-30 20:27:05,413 INFO o.a.j.p.h.s.HTTPSamplerBase: Parser for text/xml is org.apache.jmeter.protocol.http.parser.LagartoBasedHtmlParser
2018-07-30 20:27:05,413 INFO o.a.j.p.h.s.HTTPSamplerBase: Parser for text/vnd.wap.wml is org.apache.jmeter.protocol.http.parser.RegexpHTMLParser
2018-07-30 20:27:05,414 INFO o.a.j.p.h.s.HTTPSamplerBase: Parser for text/css is org.apache.jmeter.protocol.http.parser.CssParser
2018-07-30 20:27:05,557 INFO o.j.r.PluginManager: Finishing without changes


[2018-07-30 20:27:05,928 DEBUG Engine] New artifact filename: /Users/narsi01/Desktop/JWC_SN/WKS/WKS/2018-07-30_20-27-02.400265/jmeter.out
[2018-07-30 20:27:05,928 DEBUG Engine] New artifact filename: /Users/narsi01/Desktop/JWC_SN/WKS/WKS/2018-07-30_20-27-02.400265/jmeter.err
[2018-07-30 20:27:05,930 DEBUG Engine] Module config: final-stats defaultdict(None, {'class': u'bzt.modules.reporting.FinalStatus'})
[2018-07-30 20:27:05,930 DEBUG root] Importing module: bzt.modules.reporting
[2018-07-30 20:27:05,944 DEBUG easyprocess] version=0.2.3
[2018-07-30 20:27:05,947 DEBUG pyvirtualdisplay] version=0.2.1
[2018-07-30 20:27:05,953 DEBUG root] Loading class: 'FinalStatus' from <module 'bzt.modules.reporting' from '/usr/local/Cellar/bzt/1.12.1/libexec/lib/python2.7/site-packages/bzt/modules/reporting.pyc'>
[2018-07-30 20:27:05,953 DEBUG Engine] Module config: console defaultdict(None, {'class': u'bzt.modules.console.ConsoleStatusReporter'})
[2018-07-30 20:27:05,953 DEBUG root] Importing module: bzt.modules.console
[2018-07-30 20:27:05,954 DEBUG root] Loading class: 'ConsoleStatusReporter' from <module 'bzt.modules.console' from '/usr/local/Cellar/bzt/1.12.1/libexec/lib/python2.7/site-packages/bzt/modules/console.pyc'>
[2018-07-30 20:27:05,954 DEBUG Engine] Module config: passfail defaultdict(None, {'class': u'bzt.modules.passfail.PassFailStatus'})
[2018-07-30 20:27:05,954 DEBUG root] Importing module: bzt.modules.passfail
[2018-07-30 20:27:05,955 DEBUG root] Loading class: 'PassFailStatus' from <module 'bzt.modules.passfail' from '/usr/local/Cellar/bzt/1.12.1/libexec/lib/python2.7/site-packages/bzt/modules/passfail.pyc'>
[2018-07-30 20:27:05,955 DEBUG Engine] Module config: final_stats defaultdict(None, {'class': u'bzt.modules.reporting.FinalStatus'})
[2018-07-30 20:27:05,955 DEBUG root] Importing module: bzt.modules.reporting
[2018-07-30 20:27:05,955 DEBUG root] Loading class: 'FinalStatus' from <module 'bzt.modules.reporting' from '/usr/local/Cellar/bzt/1.12.1/libexec/lib/python2.7/site-packages/bzt/modules/reporting.pyc'>
[2018-07-30 20:27:05,955 DEBUG Engine] Module config: junit-xml defaultdict(None, {'class': u'bzt.modules.reporting.JUnitXMLReporter'})
[2018-07-30 20:27:05,956 DEBUG root] Importing module: bzt.modules.reporting
[2018-07-30 20:27:05,956 DEBUG root] Loading class: 'JUnitXMLReporter' from <module 'bzt.modules.reporting' from '/usr/local/Cellar/bzt/1.12.1/libexec/lib/python2.7/site-packages/bzt/modules/reporting.pyc'>
[2018-07-30 20:27:05,956 DEBUG Engine] Module config: blazemeter defaultdict(None, {'test': u'CICD Taurus SLA', 'token': '********', 'class': u'bzt.modules.blazemeter.BlazeMeterUploader'})
[2018-07-30 20:27:05,956 DEBUG root] Importing module: bzt.modules.blazemeter
[2018-07-30 20:27:05,956 DEBUG root] Loading class: 'BlazeMeterUploader' from <module 'bzt.modules.blazemeter' from '/usr/local/Cellar/bzt/1.12.1/libexec/lib/python2.7/site-packages/bzt/modules/blazemeter.pyc'>
[2018-07-30 20:27:05,973 DEBUG root] Importing module: bzt.modules.passfail
[2018-07-30 20:27:05,973 DEBUG root] Loading class: 'DataCriterion' from <module 'bzt.modules.passfail' from '/usr/local/Cellar/bzt/1.12.1/libexec/lib/python2.7/site-packages/bzt/modules/passfail.pyc'>
[2018-07-30 20:27:05,974 DEBUG Engine.blazemeter] Installing http client
[2018-07-30 20:27:05,974 DEBUG User] Request: GET https://a.blazemeter.com/api/v4/web/version None
[2018-07-30 20:27:05,974 DEBUG HTTPClient] Making HTTP request GET https://a.blazemeter.com/api/v4/web/version
[2018-07-30 20:27:05,994 DEBUG urllib3.connectionpool] Starting new HTTPS connection (1): a.blazemeter.com:443
[2018-07-30 20:27:06,356 DEBUG urllib3.connectionpool] https://a.blazemeter.com:443 "GET /api/v4/web/version HTTP/1.1" 200 200
[2018-07-30 20:27:06,358 DEBUG User] Response [200]: {
    "api_version": 4,
    "error": null,
    "result": "packages_backendPackageBuild 11472 release/2018-07-12_100 B11472  Mon Jul 30 17:18:03 2018 +0300 31717fa311d0e1a8f001daac10913d205d3845b9\n"
}
[2018-07-30 20:27:06,358 DEBUG User] Request: GET https://a.blazemeter.com/api/v4/accounts None
[2018-07-30 20:27:06,358 DEBUG HTTPClient] Making HTTP request GET https://a.blazemeter.com/api/v4/accounts
[2018-07-30 20:27:06,565 DEBUG urllib3.connectionpool] https://a.blazemeter.com:443 "GET /api/v4/accounts HTTP/1.1" 200 3450
[2018-07-30 20:27:06,565 DEBUG User] Response [200]: {
    "limit": 10,
    "skip": 0,
    "total": 4,
    "hidden": 0,
    "api_version": 4,
    "error": null,
    "result": [
        {
            "id": 100305,
            "name": "Account",
            "thumbnailUrl": null,
            "salesforceId": nul
[2018-07-30 20:27:06,567 DEBUG User] Request: GET https://a.blazemeter.com/api/v4/workspaces?accountId=100305&enabled=true&limit=100 None
[2018-07-30 20:27:06,567 DEBUG HTTPClient] Making HTTP request GET https://a.blazemeter.com/api/v4/workspaces?accountId=100305&enabled=true&limit=100
[2018-07-30 20:27:06,718 DEBUG urllib3.connectionpool] https://a.blazemeter.com:443 "GET /api/v4/workspaces?accountId=100305&enabled=true&limit=100 HTTP/1.1" 200 127
[2018-07-30 20:27:06,719 DEBUG User] Response [200]: {
    "limit": 100,
    "skip": 0,
    "total": 0,
    "hidden": 0,
    "api_version": 4,
    "error": null,
    "result": []
}
[2018-07-30 20:27:06,719 DEBUG User] Request: GET https://a.blazemeter.com/api/v4/workspaces?accountId=130965&enabled=true&limit=100 None
[2018-07-30 20:27:06,719 DEBUG HTTPClient] Making HTTP request GET https://a.blazemeter.com/api/v4/workspaces?accountId=130965&enabled=true&limit=100
[2018-07-30 20:27:06,937 DEBUG urllib3.connectionpool] https://a.blazemeter.com:443 "GET /api/v4/workspaces?accountId=130965&enabled=true&limit=100 HTTP/1.1" 200 2866
[2018-07-30 20:27:06,937 DEBUG User] Response [200]: {
    "limit": 100,
    "skip": 0,
    "total": 4,
    "hidden": 0,
    "api_version": 4,
    "error": null,
    "result": [
        {
            "id": 124387,
            "name": "Klaus Workspace",
            "userId": 345248,
            "created": 148
[2018-07-30 20:27:06,938 DEBUG User] Request: GET https://a.blazemeter.com/api/v4/workspaces?accountId=21166&enabled=true&limit=100 None
[2018-07-30 20:27:06,938 DEBUG HTTPClient] Making HTTP request GET https://a.blazemeter.com/api/v4/workspaces?accountId=21166&enabled=true&limit=100
[2018-07-30 20:27:07,220 DEBUG urllib3.connectionpool] https://a.blazemeter.com:443 "GET /api/v4/workspaces?accountId=21166&enabled=true&limit=100 HTTP/1.1" 200 1482
[2018-07-30 20:27:07,221 DEBUG User] Response [200]: {
    "limit": 100,
    "skip": 0,
    "total": 2,
    "hidden": 0,
    "api_version": 4,
    "error": null,
    "result": [
        {
            "id": 7199,
            "name": "CA SE Workspace",
            "userId": 307773,
            "created": 14775
[2018-07-30 20:27:07,222 DEBUG User] Request: GET https://a.blazemeter.com/api/v4/workspaces?accountId=40241&enabled=true&limit=100 None
[2018-07-30 20:27:07,222 DEBUG HTTPClient] Making HTTP request GET https://a.blazemeter.com/api/v4/workspaces?accountId=40241&enabled=true&limit=100
[2018-07-30 20:27:07,405 DEBUG urllib3.connectionpool] https://a.blazemeter.com:443 "GET /api/v4/workspaces?accountId=40241&enabled=true&limit=100 HTTP/1.1" 200 2191
[2018-07-30 20:27:07,406 DEBUG User] Response [200]: {
    "limit": 100,
    "skip": 0,
    "total": 3,
    "hidden": 0,
    "api_version": 4,
    "error": null,
    "result": [
        {
            "id": 509,
            "name": "Customer Demo Org",
            "userId": 86033,
            "created": 14419
[2018-07-30 20:27:07,407 DEBUG User] Request: GET https://a.blazemeter.com/api/v4/tests?workspaceId=124387&name=CICD+Taurus+SLA None
[2018-07-30 20:27:07,407 DEBUG HTTPClient] Making HTTP request GET https://a.blazemeter.com/api/v4/tests?workspaceId=124387&name=CICD+Taurus+SLA
[2018-07-30 20:27:07,577 DEBUG urllib3.connectionpool] https://a.blazemeter.com:443 "GET /api/v4/tests?workspaceId=124387&name=CICD+Taurus+SLA HTTP/1.1" 200 126
[2018-07-30 20:27:07,577 DEBUG User] Response [200]: {
    "limit": 10,
    "skip": 0,
    "total": 0,
    "hidden": 0,
    "api_version": 4,
    "error": null,
    "result": []
}
[2018-07-30 20:27:07,578 DEBUG User] Request: GET https://a.blazemeter.com/api/v4/tests?workspaceId=137782&name=CICD+Taurus+SLA None
[2018-07-30 20:27:07,578 DEBUG HTTPClient] Making HTTP request GET https://a.blazemeter.com/api/v4/tests?workspaceId=137782&name=CICD+Taurus+SLA
[2018-07-30 20:27:07,745 DEBUG urllib3.connectionpool] https://a.blazemeter.com:443 "GET /api/v4/tests?workspaceId=137782&name=CICD+Taurus+SLA HTTP/1.1" 200 126
[2018-07-30 20:27:07,746 DEBUG User] Response [200]: {
    "limit": 10,
    "skip": 0,
    "total": 0,
    "hidden": 0,
    "api_version": 4,
    "error": null,
    "result": []
}
[2018-07-30 20:27:07,746 DEBUG User] Request: GET https://a.blazemeter.com/api/v4/tests?workspaceId=161580&name=CICD+Taurus+SLA None
[2018-07-30 20:27:07,746 DEBUG HTTPClient] Making HTTP request GET https://a.blazemeter.com/api/v4/tests?workspaceId=161580&name=CICD+Taurus+SLA
[2018-07-30 20:27:07,907 DEBUG urllib3.connectionpool] https://a.blazemeter.com:443 "GET /api/v4/tests?workspaceId=161580&name=CICD+Taurus+SLA HTTP/1.1" 200 126
[2018-07-30 20:27:07,908 DEBUG User] Response [200]: {
    "limit": 10,
    "skip": 0,
    "total": 0,
    "hidden": 0,
    "api_version": 4,
    "error": null,
    "result": []
}
[2018-07-30 20:27:07,908 DEBUG User] Request: GET https://a.blazemeter.com/api/v4/tests?workspaceId=165145&name=CICD+Taurus+SLA None
[2018-07-30 20:27:07,908 DEBUG HTTPClient] Making HTTP request GET https://a.blazemeter.com/api/v4/tests?workspaceId=165145&name=CICD+Taurus+SLA
[2018-07-30 20:27:08,059 DEBUG urllib3.connectionpool] https://a.blazemeter.com:443 "GET /api/v4/tests?workspaceId=165145&name=CICD+Taurus+SLA HTTP/1.1" 200 126
[2018-07-30 20:27:08,059 DEBUG User] Response [200]: {
    "limit": 10,
    "skip": 0,
    "total": 0,
    "hidden": 0,
    "api_version": 4,
    "error": null,
    "result": []
}
[2018-07-30 20:27:08,060 DEBUG User] Request: GET https://a.blazemeter.com/api/v4/tests?workspaceId=7199&name=CICD+Taurus+SLA None
[2018-07-30 20:27:08,060 DEBUG HTTPClient] Making HTTP request GET https://a.blazemeter.com/api/v4/tests?workspaceId=7199&name=CICD+Taurus+SLA
[2018-07-30 20:27:08,230 DEBUG urllib3.connectionpool] https://a.blazemeter.com:443 "GET /api/v4/tests?workspaceId=7199&name=CICD+Taurus+SLA HTTP/1.1" 200 126
[2018-07-30 20:27:08,231 DEBUG User] Response [200]: {
    "limit": 10,
    "skip": 0,
    "total": 0,
    "hidden": 0,
    "api_version": 4,
    "error": null,
    "result": []
}
[2018-07-30 20:27:08,231 DEBUG User] Request: GET https://a.blazemeter.com/api/v4/tests?workspaceId=133217&name=CICD+Taurus+SLA None
[2018-07-30 20:27:08,231 DEBUG HTTPClient] Making HTTP request GET https://a.blazemeter.com/api/v4/tests?workspaceId=133217&name=CICD+Taurus+SLA
[2018-07-30 20:27:08,398 DEBUG urllib3.connectionpool] https://a.blazemeter.com:443 "GET /api/v4/tests?workspaceId=133217&name=CICD+Taurus+SLA HTTP/1.1" 200 126
[2018-07-30 20:27:08,399 DEBUG User] Response [200]: {
    "limit": 10,
    "skip": 0,
    "total": 0,
    "hidden": 0,
    "api_version": 4,
    "error": null,
    "result": []
}
[2018-07-30 20:27:08,399 DEBUG User] Request: GET https://a.blazemeter.com/api/v4/tests?workspaceId=509&name=CICD+Taurus+SLA None
[2018-07-30 20:27:08,399 DEBUG HTTPClient] Making HTTP request GET https://a.blazemeter.com/api/v4/tests?workspaceId=509&name=CICD+Taurus+SLA
[2018-07-30 20:27:08,603 DEBUG urllib3.connectionpool] https://a.blazemeter.com:443 "GET /api/v4/tests?workspaceId=509&name=CICD+Taurus+SLA HTTP/1.1" 200 126
[2018-07-30 20:27:08,604 DEBUG User] Response [200]: {
    "limit": 10,
    "skip": 0,
    "total": 0,
    "hidden": 0,
    "api_version": 4,
    "error": null,
    "result": []
}
[2018-07-30 20:27:08,604 DEBUG User] Request: GET https://a.blazemeter.com/api/v4/tests?workspaceId=3130&name=CICD+Taurus+SLA None
[2018-07-30 20:27:08,604 DEBUG HTTPClient] Making HTTP request GET https://a.blazemeter.com/api/v4/tests?workspaceId=3130&name=CICD+Taurus+SLA
[2018-07-30 20:27:08,779 DEBUG urllib3.connectionpool] https://a.blazemeter.com:443 "GET /api/v4/tests?workspaceId=3130&name=CICD+Taurus+SLA HTTP/1.1" 200 126
[2018-07-30 20:27:08,780 DEBUG User] Response [200]: {
    "limit": 10,
    "skip": 0,
    "total": 0,
    "hidden": 0,
    "api_version": 4,
    "error": null,
    "result": []
}
[2018-07-30 20:27:08,780 DEBUG User] Request: GET https://a.blazemeter.com/api/v4/tests?workspaceId=31694&name=CICD+Taurus+SLA None
[2018-07-30 20:27:08,780 DEBUG HTTPClient] Making HTTP request GET https://a.blazemeter.com/api/v4/tests?workspaceId=31694&name=CICD+Taurus+SLA
[2018-07-30 20:27:08,936 DEBUG urllib3.connectionpool] https://a.blazemeter.com:443 "GET /api/v4/tests?workspaceId=31694&name=CICD+Taurus+SLA HTTP/1.1" 200 1890
[2018-07-30 20:27:08,937 DEBUG User] Response [200]: {
    "limit": 10,
    "skip": 0,
    "total": 2,
    "hidden": 0,
    "api_version": 4,
    "error": null,
    "result": [
        {
            "id": 6226039,
            "name": "CICD Taurus SLA",
            "isNewTest": true,
            "userId": 106
[2018-07-30 20:27:08,941 DEBUG Engine.Configuration] Dumping YAML config into /Users/narsi01/Desktop/JWC_SN/WKS/WKS/2018-07-30_20-27-02.400265/effective.yml
[2018-07-30 20:27:08,975 DEBUG Engine.Configuration] Dumping JSON config into /Users/narsi01/Desktop/JWC_SN/WKS/WKS/2018-07-30_20-27-02.400265/effective.json
[2018-07-30 20:27:08,977 INFO Engine] Starting...
[2018-07-30 20:27:08,977 DEBUG Engine] Startup <bzt.modules.monitoring.Monitoring object at 0x10acc5490>
[2018-07-30 20:27:08,977 DEBUG Engine] Startup <bzt.modules.aggregator.ConsolidatingAggregator object at 0x10a52f490>
[2018-07-30 20:27:08,977 DEBUG Engine] Startup <bzt.modules.reporting.FinalStatus object at 0x10a55f890>
[2018-07-30 20:27:08,977 DEBUG Engine] Startup <bzt.modules.console.ConsoleStatusReporter object at 0x10ae81b10>
[2018-07-30 20:27:08,977 INFO Engine.console] Waiting for results...
[2018-07-30 20:27:08,978 DEBUG Engine] Startup <bzt.modules.passfail.PassFailStatus object at 0x10aeb3a10>
[2018-07-30 20:27:08,978 DEBUG Engine] Startup <bzt.modules.reporting.FinalStatus object at 0x10aeb3810>
[2018-07-30 20:27:08,978 DEBUG Engine] Startup <bzt.modules.reporting.JUnitXMLReporter object at 0x10aeeaa90>
[2018-07-30 20:27:08,978 DEBUG Engine] Startup <bzt.modules.blazemeter.BlazeMeterUploader object at 0x10aeeab50>
[2018-07-30 20:27:08,978 INFO Engine.blazemeter] Initiating data feeding...
[2018-07-30 20:27:08,978 DEBUG User] Request: POST https://a.blazemeter.com/api/v4/tests/6205788/start-external None
[2018-07-30 20:27:08,978 DEBUG HTTPClient] Making HTTP request POST https://a.blazemeter.com/api/v4/tests/6205788/start-external
[2018-07-30 20:27:09,189 DEBUG urllib3.connectionpool] https://a.blazemeter.com:443 "POST /api/v4/tests/6205788/start-external HTTP/1.1" 202 1786
[2018-07-30 20:27:09,190 DEBUG User] Response [202]: {
    "api_version": 4,
    "error": null,
    "result": {
        "session": {
            "id": "r-ext5b5fbaed17516",
            "name": "CICD Taurus SLA",
            "userId": 106819,
            "offset": 0,
            "statusCode": 15,
            
[2018-07-30 20:27:09,191 INFO Engine.blazemeter] Started data feeding: https://a.blazemeter.com/app/#/masters/18013314
[2018-07-30 20:27:09,433 DEBUG Engine] Startup <bzt.modules.provisioning.Local object at 0x10a503e90>
[2018-07-30 20:27:09,433 DEBUG Engine.local] Delay setup for None/blazedemo: 0(start-at) + 0(delay) = 0
[2018-07-30 20:27:09,437 DEBUG Engine.Configuration] Dumping YAML config into /Users/narsi01/Desktop/JWC_SN/WKS/WKS/2018-07-30_20-27-02.400265/effective.yml
[2018-07-30 20:27:09,473 DEBUG Engine.Configuration] Dumping JSON config into /Users/narsi01/Desktop/JWC_SN/WKS/WKS/2018-07-30_20-27-02.400265/effective.json
[2018-07-30 20:27:09,475 DEBUG root] Leveling down log file verbosity to INFO, use -v option to have DEBUG messages enabled
[2018-07-30 20:27:09,475 DEBUG root] Leveled up log file verbosity
[2018-07-30 20:27:09,475 DEBUG bzt.utils] Executing shell: ['/Users/narsi01/.bzt/jmeter-taurus/4.0/bin/jmeter.sh', '-n', '-t', '/Users/narsi01/Desktop/JWC_SN/WKS/WKS/2018-07-30_20-27-02.400265/modified_requests.jmx', '-j', '/Users/narsi01/Desktop/JWC_SN/WKS/WKS/2018-07-30_20-27-02.400265/jmeter.log', '-q', '/Users/narsi01/Desktop/JWC_SN/WKS/WKS/2018-07-30_20-27-02.400265/jmeter-bzt.properties'] at /Users/narsi01/Desktop/JWC_SN/WKS/WKS
[2018-07-30 20:27:09,483 DEBUG root] Leveling down log file verbosity to INFO, use -v option to have DEBUG messages enabled
[2018-07-30 20:27:09,709 INFO Engine.console] Waiting for finish...
[2018-07-30 20:27:19,526 INFO Engine.jmeter.JTLReader] Changed data analysis delay to 12s
[2018-07-30 20:27:30,543 INFO Engine.jmeter.JTLReader] Changed data analysis delay to 11s
[2018-07-30 20:27:30,625 WARNING root] Alert: avg-rt>350ms for 5 sec
[2018-07-30 20:27:30,747 INFO root] Pass/Fail criterion triggered shutdown: Failed: avg-rt>350ms for 6 sec
[2018-07-30 20:27:30,758 WARNING Engine] Please wait for graceful shutdown...
[2018-07-30 20:27:30,766 DEBUG root] Leveled up log file verbosity
[2018-07-30 20:27:30,766 INFO Engine] Shutting down...
[2018-07-30 20:27:30,774 DEBUG Engine] Current stop reason: Failed: avg-rt>350ms for 6 sec
[2018-07-30 20:27:30,775 DEBUG Engine.local] Shutdown None/blazedemo
[2018-07-30 20:27:31,778 INFO Engine.jmeter] Sending Shutdown command to JMeter on port 4445...
[2018-07-30 20:27:33,795 DEBUG Engine.jmeter] JMeter stopped on Shutdown command
[2018-07-30 20:27:33,795 DEBUG Engine.console] Restoring logging streams, [<logging.StreamHandler object at 0x10a503550>]/{<logging.StreamHandler object at 0x10a503550>: <open file '<stdout>', mode 'w' at 0x108c8f150>}
[2018-07-30 20:27:33,799 DEBUG Engine.Configuration] Dumping YAML config into /Users/narsi01/Desktop/JWC_SN/WKS/WKS/2018-07-30_20-27-02.400265/effective.yml
[2018-07-30 20:27:33,833 DEBUG Engine.Configuration] Dumping JSON config into /Users/narsi01/Desktop/JWC_SN/WKS/WKS/2018-07-30_20-27-02.400265/effective.json
[2018-07-30 20:27:33,835 WARNING root] Automated shutdown
[2018-07-30 20:27:33,835 DEBUG root] AutomatedShutdown: Failed: avg-rt>350ms for 6 sec
Traceback (most recent call last):
  File "/usr/local/Cellar/bzt/1.12.1/libexec/lib/python2.7/site-packages/bzt/cli.py", line 254, in perform
    self.engine.run()
  File "/usr/local/Cellar/bzt/1.12.1/libexec/lib/python2.7/site-packages/bzt/engine.py", line 224, in run
    reraise(exc_info)
  File "/usr/local/Cellar/bzt/1.12.1/libexec/lib/python2.7/site-packages/bzt/engine.py", line 206, in run
    self._wait()
  File "/usr/local/Cellar/bzt/1.12.1/libexec/lib/python2.7/site-packages/bzt/engine.py", line 245, in _wait
    while not self._check_modules_list():
  File "/usr/local/Cellar/bzt/1.12.1/libexec/lib/python2.7/site-packages/bzt/engine.py", line 232, in _check_modules_list
    finished = bool(module.check())
  File "/usr/local/Cellar/bzt/1.12.1/libexec/lib/python2.7/site-packages/bzt/modules/passfail.py", line 98, in check
    res = res or crit.check()
  File "/usr/local/Cellar/bzt/1.12.1/libexec/lib/python2.7/site-packages/bzt/modules/passfail.py", line 204, in check
    raise AutomatedShutdown("%s" % self)
AutomatedShutdown: Failed: avg-rt>350ms for 6 sec
[2018-07-30 20:27:33,835 INFO Engine] Post-processing...
[2018-07-30 20:27:33,836 DEBUG Engine.local] Post-process None/blazedemo
[2018-07-30 20:27:33,836 DEBUG Engine] Add existing artifact (move=True): /Users/narsi01/Desktop/JWC_SN/WKS/WKS/2018-07-30_20-27-02.400265/modified_requests.jmx
[2018-07-30 20:27:33,836 DEBUG Engine] No need to copy /Users/narsi01/Desktop/JWC_SN/WKS/WKS/2018-07-30_20-27-02.400265/modified_requests.jmx
[2018-07-30 20:27:33,836 DEBUG Engine.jmeter.JTLErrorsReader.FileReader] Opening file: /Users/narsi01/Desktop/JWC_SN/WKS/WKS/2018-07-30_20-27-02.400265/error.jtl
[2018-07-30 20:27:33,836 DEBUG Engine.jmeter.JTLErrorsReader.FileReader] Reading: /Users/narsi01/Desktop/JWC_SN/WKS/WKS/2018-07-30_20-27-02.400265/error.jtl
[2018-07-30 20:27:33,836 DEBUG Engine.jmeter.JTLErrorsReader.FileReader] Reading: /Users/narsi01/Desktop/JWC_SN/WKS/WKS/2018-07-30_20-27-02.400265/error.jtl
[2018-07-30 20:27:33,836 DEBUG Engine.jmeter.JTLReader.IncrementalCSVReader.FileReader] Reading: /Users/narsi01/Desktop/JWC_SN/WKS/WKS/2018-07-30_20-27-02.400265/kpi.jtl
[2018-07-30 20:27:33,837 DEBUG Engine.jmeter.JTLReader.IncrementalCSVReader] Read: 68 lines / 7941 bytes (at speed 1048576)
[2018-07-30 20:27:33,838 DEBUG Engine.jmeter.JTLReader] Buffer len: 12; Known errors count: 0
[2018-07-30 20:27:33,839 INFO Engine.jmeter.JTLReader] Changed data analysis delay to 9s
[2018-07-30 20:27:33,839 DEBUG Engine.jmeter.JTLReader] Aggregating: 1533000440
[2018-07-30 20:27:33,864 DEBUG Engine.jmeter.JTLReader] Aggregating: 1533000441
[2018-07-30 20:27:33,888 DEBUG Engine.jmeter.JTLReader] Aggregating: 1533000442
[2018-07-30 20:27:33,909 DEBUG Engine.jmeter.JTLReader] Aggregating: 1533000443
[2018-07-30 20:27:33,933 DEBUG Engine.jmeter.JTLReader] Aggregating: 1533000444
[2018-07-30 20:27:33,956 DEBUG Engine.jmeter.JTLReader] Aggregating: 1533000445
[2018-07-30 20:27:33,975 DEBUG Engine.jmeter.JTLReader] Aggregating: 1533000446
[2018-07-30 20:27:34,003 DEBUG Engine.jmeter.JTLReader] Aggregating: 1533000447
[2018-07-30 20:27:34,033 DEBUG Engine.jmeter.JTLReader] Aggregating: 1533000448
[2018-07-30 20:27:34,057 DEBUG Engine.jmeter.JTLReader] Aggregating: 1533000449
[2018-07-30 20:27:34,086 DEBUG Engine.jmeter.JTLReader] Aggregating: 1533000450
[2018-07-30 20:27:34,115 DEBUG Engine.jmeter.JTLReader] Aggregating: 1533000451
[2018-07-30 20:27:34,140 DEBUG Engine.consolidator] Consolidator buffer[14]: [1533000448, 1533000449, 1533000450, 1533000451, 1533000438, 1533000439, 1533000440, 1533000441, 1533000442, 1533000443, 1533000444, 1533000445, 1533000446, 1533000447]
[2018-07-30 20:27:34,140 DEBUG Engine.consolidator] Merging into 1533000438
[2018-07-30 20:27:34,140 DEBUG Engine.consolidator] Merging 1533000438
[2018-07-30 20:27:34,183 DEBUG root] 1533000438 Failed: avg-rt>350ms for 7 sec: True
[2018-07-30 20:27:34,183 DEBUG Engine.consolidator] Processed datapoint: 1533000438/None
[2018-07-30 20:27:34,183 DEBUG Engine.consolidator] Merging into 1533000439
[2018-07-30 20:27:34,184 DEBUG Engine.consolidator] Merging 1533000439
[2018-07-30 20:27:34,232 DEBUG root] 1533000439 Failed: avg-rt>350ms for 8 sec: True
[2018-07-30 20:27:34,232 DEBUG Engine.consolidator] Processed datapoint: 1533000439/None
[2018-07-30 20:27:34,232 DEBUG Engine.consolidator] Merging into 1533000440
[2018-07-30 20:27:34,232 DEBUG Engine.consolidator] Merging 1533000440
[2018-07-30 20:27:34,283 DEBUG root] 1533000440 Failed: avg-rt>350ms for 9 sec: True
[2018-07-30 20:27:34,283 DEBUG Engine.consolidator] Processed datapoint: 1533000440/None
[2018-07-30 20:27:34,283 DEBUG Engine.consolidator] Merging into 1533000441
[2018-07-30 20:27:34,283 DEBUG Engine.consolidator] Merging 1533000441
[2018-07-30 20:27:34,325 DEBUG root] 1533000441 Failed: avg-rt>350ms for 10 sec: True
[2018-07-30 20:27:34,326 DEBUG Engine.consolidator] Processed datapoint: 1533000441/None
[2018-07-30 20:27:34,326 DEBUG Engine.consolidator] Merging into 1533000442
[2018-07-30 20:27:34,326 DEBUG Engine.consolidator] Merging 1533000442
[2018-07-30 20:27:34,368 DEBUG root] 1533000442 Failed: avg-rt>350ms for 11 sec: True
[2018-07-30 20:27:34,368 DEBUG Engine.consolidator] Processed datapoint: 1533000442/None
[2018-07-30 20:27:34,368 DEBUG Engine.consolidator] Merging into 1533000443
[2018-07-30 20:27:34,368 DEBUG Engine.consolidator] Merging 1533000443
[2018-07-30 20:27:34,411 DEBUG root] 1533000443 Failed: avg-rt>350ms for 12 sec: True
[2018-07-30 20:27:34,411 DEBUG Engine.consolidator] Processed datapoint: 1533000443/None
[2018-07-30 20:27:34,411 DEBUG Engine.consolidator] Merging into 1533000444
[2018-07-30 20:27:34,411 DEBUG Engine.consolidator] Merging 1533000444
[2018-07-30 20:27:34,460 DEBUG root] 1533000444 Failed: avg-rt>350ms for 13 sec: True
[2018-07-30 20:27:34,460 DEBUG Engine.consolidator] Processed datapoint: 1533000444/None
[2018-07-30 20:27:34,460 DEBUG Engine.consolidator] Merging into 1533000445
[2018-07-30 20:27:34,460 DEBUG Engine.consolidator] Merging 1533000445
[2018-07-30 20:27:34,504 DEBUG root] 1533000445 Failed: avg-rt>350ms for 14 sec: True
[2018-07-30 20:27:34,504 DEBUG Engine.consolidator] Processed datapoint: 1533000445/None
[2018-07-30 20:27:34,504 DEBUG Engine.consolidator] Merging into 1533000446
[2018-07-30 20:27:34,504 DEBUG Engine.consolidator] Merging 1533000446
[2018-07-30 20:27:34,562 DEBUG root] 1533000446 Failed: avg-rt>350ms for 15 sec: True
[2018-07-30 20:27:34,562 DEBUG Engine.consolidator] Processed datapoint: 1533000446/None
[2018-07-30 20:27:34,563 DEBUG Engine.consolidator] Merging into 1533000447
[2018-07-30 20:27:34,563 DEBUG Engine.consolidator] Merging 1533000447
[2018-07-30 20:27:34,621 DEBUG root] 1533000447 Failed: avg-rt>350ms for 16 sec: True
[2018-07-30 20:27:34,622 DEBUG Engine.consolidator] Processed datapoint: 1533000447/None
[2018-07-30 20:27:34,622 DEBUG Engine.consolidator] Merging into 1533000448
[2018-07-30 20:27:34,622 DEBUG Engine.consolidator] Merging 1533000448
[2018-07-30 20:27:34,674 DEBUG root] 1533000448 Failed: avg-rt>350ms for 17 sec: True
[2018-07-30 20:27:34,674 DEBUG Engine.consolidator] Processed datapoint: 1533000448/None
[2018-07-30 20:27:34,674 DEBUG Engine.consolidator] Merging into 1533000449
[2018-07-30 20:27:34,674 DEBUG Engine.consolidator] Merging 1533000449
[2018-07-30 20:27:34,735 DEBUG root] 1533000449 Failed: avg-rt>350ms for 18 sec: True
[2018-07-30 20:27:34,735 DEBUG Engine.consolidator] Processed datapoint: 1533000449/None
[2018-07-30 20:27:34,735 DEBUG Engine.consolidator] Merging into 1533000450
[2018-07-30 20:27:34,735 DEBUG Engine.consolidator] Merging 1533000450
[2018-07-30 20:27:34,797 DEBUG root] 1533000450 Failed: avg-rt>350ms for 19 sec: True
[2018-07-30 20:27:34,797 DEBUG Engine.consolidator] Processed datapoint: 1533000450/None
[2018-07-30 20:27:34,797 DEBUG Engine.consolidator] Merging into 1533000451
[2018-07-30 20:27:34,797 DEBUG Engine.consolidator] Merging 1533000451
[2018-07-30 20:27:34,856 DEBUG root] 1533000451 Failed: avg-rt>350ms for 20 sec: True
[2018-07-30 20:27:34,856 DEBUG Engine.consolidator] Processed datapoint: 1533000451/None
[2018-07-30 20:27:34,856 INFO Engine.final-stats] Test duration: 0:00:25
[2018-07-30 20:27:34,856 INFO Engine.final-stats] Samples count: 444, 0.00% failures
[2018-07-30 20:27:34,856 INFO Engine.final-stats] Average times: total 0.602, latency 0.176, connect 0.034
[2018-07-30 20:27:34,857 INFO Engine.final-stats] Percentiles:
(0lqqqqqqqqqqqqqqqwqqqqqqqqqqqqqqqk(B
(0x(B Percentile, % (0x(B Resp. Time, s (0x(B
(0tqqqqqqqqqqqqqqqnqqqqqqqqqqqqqqqu(B
(0x(B           0.0 (0x(B         0.262 (0x(B
(0x(B          50.0 (0x(B         0.444 (0x(B
(0x(B          90.0 (0x(B         0.982 (0x(B
(0x(B          95.0 (0x(B         1.221 (0x(B
(0x(B          99.0 (0x(B         2.881 (0x(B
(0x(B          99.9 (0x(B         5.871 (0x(B
(0x(B         100.0 (0x(B         5.871 (0x(B
(0mqqqqqqqqqqqqqqqvqqqqqqqqqqqqqqqj(B
[2018-07-30 20:27:34,858 INFO Engine.final-stats] Request label stats:
(0lqqqqqqqqqqqqqqqqqqqqqqqqqqqqqqqqqqqqqqqqqqqqqqqqqwqqqqqqqqwqqqqqqqqqwqqqqqqqqwqqqqqqqk(B
(0x(B label                                           (0x(B status (0x(B    succ (0x(B avg_rt (0x(B error (0x(B
(0tqqqqqqqqqqqqqqqqqqqqqqqqqqqqqqqqqqqqqqqqqqqqqqqqqnqqqqqqqqnqqqqqqqqqnqqqqqqqqnqqqqqqqu(B
(0x(B http://www.blazedemo.com/home/                  (0x(B   OK   (0x(B 100.00% (0x(B  0.431 (0x(B       (0x(B
(0x(B http://www.blazedemo.com/home/help.html         (0x(B   OK   (0x(B 100.00% (0x(B  0.452 (0x(B       (0x(B
(0x(B http://www.blazedemo.com/home/help/contact.html (0x(B   OK   (0x(B 100.00% (0x(B  0.424 (0x(B       (0x(B
(0x(B http://www.blazedemo.com/index_a.html           (0x(B   OK   (0x(B 100.00% (0x(B  1.034 (0x(B       (0x(B
(0mqqqqqqqqqqqqqqqqqqqqqqqqqqqqqqqqqqqqqqqqqqqqqqqqqvqqqqqqqqvqqqqqqqqqvqqqqqqqqvqqqqqqqj(B
[2018-07-30 20:27:34,858 DEBUG Engine.console] No logger_handler or orig_stream was detected
[2018-07-30 20:27:34,858 INFO Engine.final_stats] Test duration: 0:00:25
[2018-07-30 20:27:34,859 INFO Engine.final_stats] Samples count: 444, 0.00% failures
[2018-07-30 20:27:34,859 INFO Engine.final_stats] Average times: total 0.602, latency 0.176, connect 0.034
[2018-07-30 20:27:34,859 INFO Engine.final_stats] Percentiles:
(0lqqqqqqqqqqqqqqqwqqqqqqqqqqqqqqqk(B
(0x(B Percentile, % (0x(B Resp. Time, s (0x(B
(0tqqqqqqqqqqqqqqqnqqqqqqqqqqqqqqqu(B
(0x(B           0.0 (0x(B         0.262 (0x(B
(0x(B          50.0 (0x(B         0.444 (0x(B
(0x(B          90.0 (0x(B         0.982 (0x(B
(0x(B          95.0 (0x(B         1.221 (0x(B
(0x(B          99.0 (0x(B         2.881 (0x(B
(0x(B          99.9 (0x(B         5.871 (0x(B
(0x(B         100.0 (0x(B         5.871 (0x(B
(0mqqqqqqqqqqqqqqqvqqqqqqqqqqqqqqqj(B
[2018-07-30 20:27:34,860 INFO Engine.final_stats] Request label stats:
(0lqqqqqqqqqqqqqqqqqqqqqqqqqqqqqqqqqqqqqqqqqqqqqqqqqwqqqqqqqqwqqqqqqqqqwqqqqqqqqwqqqqqqqk(B
(0x(B label                                           (0x(B status (0x(B    succ (0x(B avg_rt (0x(B error (0x(B
(0tqqqqqqqqqqqqqqqqqqqqqqqqqqqqqqqqqqqqqqqqqqqqqqqqqnqqqqqqqqnqqqqqqqqqnqqqqqqqqnqqqqqqqu(B
(0x(B http://www.blazedemo.com/home/                  (0x(B   OK   (0x(B 100.00% (0x(B  0.431 (0x(B       (0x(B
(0x(B http://www.blazedemo.com/home/help.html         (0x(B   OK   (0x(B 100.00% (0x(B  0.452 (0x(B       (0x(B
(0x(B http://www.blazedemo.com/home/help/contact.html (0x(B   OK   (0x(B 100.00% (0x(B  0.424 (0x(B       (0x(B
(0x(B http://www.blazedemo.com/index_a.html           (0x(B   OK   (0x(B 100.00% (0x(B  1.034 (0x(B       (0x(B
(0mqqqqqqqqqqqqqqqqqqqqqqqqqqqqqqqqqqqqqqqqqqqqqqqqqvqqqqqqqqvqqqqqqqqqvqqqqqqqqvqqqqqqqj(B
[2018-07-30 20:27:34,860 INFO Engine.final_stats] Dumping final status as CSV: aggregate.csv
[2018-07-30 20:27:34,863 DEBUG Engine.junit-xml] Processing passfail objects: [<bzt.modules.passfail.PassFailStatus object at 0x10aeb3a10>]
[2018-07-30 20:27:34,864 WARNING Engine.XUnitFileWriter] File pass-fail.xml already exists, it will be overwritten
[2018-07-30 20:27:34,864 INFO Engine.XUnitFileWriter] Writing JUnit XML report into: pass-fail.xml
[2018-07-30 20:27:34,864 DEBUG Engine.blazemeter] KPI bulk buffer len in post-proc: 18
[2018-07-30 20:27:34,864 INFO Engine.blazemeter] Sending remaining KPI data to server...
[2018-07-30 20:27:34,876 DEBUG User] Request: POST https://data.blazemeter.com/submit.php?session_id=r-ext5b5fbaed17516&signature=ci1leHQ1YjVmYmFlZDE3NTE2OjE1MzM2MDUyMjk6OTkyYjhhNTM1YTg2Y2ZiYWNlMDQ1N2ZiOTEyMTQwNDM3MGQwZmJhMWU1YjFmNjNjNTJiYzZlZjFhNDJiZjQxNDgwYzFhZTQ2YzA2NWM3MTdmYzBhYTlhNTE4YmIxN2Q3MzBlN2YxMjhjZWRjMjQyN2YwMjRiZTRmOWRlNjczMGU=&test_id=6205788&user_id=106819&pq=0&target=labels_bulk&update=1 {
 "sourceID": 4478380880, 
 "labels": [
  {
   "percentileHistogramBytes": [], 
   "errors": [], 
   "name": "ALL", 
   "interval": 1, 
   "otherErrorsCount": 0, 
   "n": 444, 
   "percentileHistogramLatency": [], 
   "intervals": [
    {
     "by": {
   
[2018-07-30 20:27:34,876 DEBUG HTTPClient] Making HTTP request POST https://data.blazemeter.com/submit.php?session_id=r-ext5b5fbaed17516&signature=ci1leHQ1YjVmYmFlZDE3NTE2OjE1MzM2MDUyMjk6OTkyYjhhNTM1YTg2Y2ZiYWNlMDQ1N2ZiOTEyMTQwNDM3MGQwZmJhMWU1YjFmNjNjNTJiYzZlZjFhNDJiZjQxNDgwYzFhZTQ2YzA2NWM3MTdmYzBhYTlhNTE4YmIxN2Q3MzBlN2YxMjhjZWRjMjQyN2YwMjRiZTRmOWRlNjczMGU=&test_id=6205788&user_id=106819&pq=0&target=labels_bulk&update=1
[2018-07-30 20:27:35,097 DEBUG urllib3.connectionpool] https://data.blazemeter.com:443 "POST /submit.php?session_id=r-ext5b5fbaed17516&signature=ci1leHQ1YjVmYmFlZDE3NTE2OjE1MzM2MDUyMjk6OTkyYjhhNTM1YTg2Y2ZiYWNlMDQ1N2ZiOTEyMTQwNDM3MGQwZmJhMWU1YjFmNjNjNTJiYzZlZjFhNDJiZjQxNDgwYzFhZTQ2YzA2NWM3MTdmYzBhYTlhNTE4YmIxN2Q3MzBlN2YxMjhjZWRjMjQyN2YwMjRiZTRmOWRlNjczMGU=&test_id=6205788&user_id=106819&pq=0&target=labels_bulk&update=1 HTTP/1.1" 200 145
[2018-07-30 20:27:35,098 DEBUG User] Response [200]: {"api_version":2,"error":null,"result":{"session":{"_id":"r-ext5b5fbaed17516","name":"CICD Taurus SLA","statusCode":15,"status":"INITIALIZING"}}}
[2018-07-30 20:27:35,105 DEBUG User] Request: POST https://data.blazemeter.com/api/v4/image/r-ext5b5fbaed17516/files?signature=ci1leHQ1YjVmYmFlZDE3NTE2OjE1MzM2MDUyMjk6OTkyYjhhNTM1YTg2Y2ZiYWNlMDQ1N2ZiOTEyMTQwNDM3MGQwZmJhMWU1YjFmNjNjNTJiYzZlZjFhNDJiZjQxNDgwYzFhZTQ2YzA2NWM3MTdmYzBhYTlhNTE4YmIxN2Q3MzBlN2YxMjhjZWRjMjQyN2YwMjRiZTRmOWRlNjczMGU= --===============0871532609267405723==
Content-Disposition: file; name="file"; filename="r-ext5b5fbaed17516-0-c.monitoring.json"
Content-Type: application/json

{
 "kpis": {
  "Connections": "Connections", 
  "CPU": "CPU", 
  "Network I/O": "Network I/
[2018-07-30 20:27:35,105 DEBUG HTTPClient] Making HTTP request POST https://data.blazemeter.com/api/v4/image/r-ext5b5fbaed17516/files?signature=ci1leHQ1YjVmYmFlZDE3NTE2OjE1MzM2MDUyMjk6OTkyYjhhNTM1YTg2Y2ZiYWNlMDQ1N2ZiOTEyMTQwNDM3MGQwZmJhMWU1YjFmNjNjNTJiYzZlZjFhNDJiZjQxNDgwYzFhZTQ2YzA2NWM3MTdmYzBhYTlhNTE4YmIxN2Q3MzBlN2YxMjhjZWRjMjQyN2YwMjRiZTRmOWRlNjczMGU=
[2018-07-30 20:27:35,489 DEBUG urllib3.connectionpool] https://data.blazemeter.com:443 "POST /api/v4/image/r-ext5b5fbaed17516/files?signature=ci1leHQ1YjVmYmFlZDE3NTE2OjE1MzM2MDUyMjk6OTkyYjhhNTM1YTg2Y2ZiYWNlMDQ1N2ZiOTEyMTQwNDM3MGQwZmJhMWU1YjFmNjNjNTJiYzZlZjFhNDJiZjQxNDgwYzFhZTQ2YzA2NWM3MTdmYzBhYTlhNTE4YmIxN2Q3MzBlN2YxMjhjZWRjMjQyN2YwMjRiZTRmOWRlNjczMGU= HTTP/1.1" 200 115
[2018-07-30 20:27:35,490 DEBUG User] Response [200]: {
    "api_version": 4,
    "error": null,
    "result": [
        "r-ext5b5fbaed17516-0-c.monitoring.json"
    ]
}
[2018-07-30 20:27:35,504 INFO Engine.blazemeter] Uploading all artifacts as artifacts.zip ...
[2018-07-30 20:27:35,504 DEBUG User] Request: POST https://data.blazemeter.com/api/v4/image/r-ext5b5fbaed17516/files?signature=ci1leHQ1YjVmYmFlZDE3NTE2OjE1MzM2MDUyMjk6OTkyYjhhNTM1YTg2Y2ZiYWNlMDQ1N2ZiOTEyMTQwNDM3MGQwZmJhMWU1YjFmNjNjNTJiYzZlZjFhNDJiZjQxNDgwYzFhZTQ2YzA2NWM3MTdmYzBhYTlhNTE4YmIxN2Q3MzBlN2YxMjhjZWRjMjQyN2YwMjRiZTRmOWRlNjczMGU= --===============2918286333866907779==
Content-Disposition: file; name="file"; filename="artifacts.zip"
Content-Type: application/zip

PK    a£þLm(	”  å     merged.jsoníWmoÛ6þî_AèS›Y/Žkgm±žWtA$¨lÃP´t’¸P$KR±›¢ÿ}GJ²ìºë° ÃœãŸç^É÷~@“‚ š
[2018-07-30 20:27:35,504 DEBUG HTTPClient] Making HTTP request POST https://data.blazemeter.com/api/v4/image/r-ext5b5fbaed17516/files?signature=ci1leHQ1YjVmYmFlZDE3NTE2OjE1MzM2MDUyMjk6OTkyYjhhNTM1YTg2Y2ZiYWNlMDQ1N2ZiOTEyMTQwNDM3MGQwZmJhMWU1YjFmNjNjNTJiYzZlZjFhNDJiZjQxNDgwYzFhZTQ2YzA2NWM3MTdmYzBhYTlhNTE4YmIxN2Q3MzBlN2YxMjhjZWRjMjQyN2YwMjRiZTRmOWRlNjczMGU=
[2018-07-30 20:27:36,042 DEBUG urllib3.connectionpool] https://data.blazemeter.com:443 "POST /api/v4/image/r-ext5b5fbaed17516/files?signature=ci1leHQ1YjVmYmFlZDE3NTE2OjE1MzM2MDUyMjk6OTkyYjhhNTM1YTg2Y2ZiYWNlMDQ1N2ZiOTEyMTQwNDM3MGQwZmJhMWU1YjFmNjNjNTJiYzZlZjFhNDJiZjQxNDgwYzFhZTQ2YzA2NWM3MTdmYzBhYTlhNTE4YmIxN2Q3MzBlN2YxMjhjZWRjMjQyN2YwMjRiZTRmOWRlNjczMGU= HTTP/1.1" 200 90
[2018-07-30 20:27:36,043 DEBUG User] Response [200]: {
    "api_version": 4,
    "error": null,
    "result": [
        "artifacts.zip"
    ]
}
[2018-07-30 20:27:36,044 DEBUG User] Request: POST https://data.blazemeter.com/api/v4/image/r-ext5b5fbaed17516/files?signature=ci1leHQ1YjVmYmFlZDE3NTE2OjE1MzM2MDUyMjk6OTkyYjhhNTM1YTg2Y2ZiYWNlMDQ1N2ZiOTEyMTQwNDM3MGQwZmJhMWU1YjFmNjNjNTJiYzZlZjFhNDJiZjQxNDgwYzFhZTQ2YzA2NWM3MTdmYzBhYTlhNTE4YmIxN2Q3MzBlN2YxMjhjZWRjMjQyN2YwMjRiZTRmOWRlNjczMGU= --===============7476127052293590650==
Content-Disposition: file; name="file"; filename="artifacts.zip.tail.bz"
Content-Type: application/x-bzip

3K CICD_Taurus_SLA.yml
46K bzt.log
9K effective.json
7K effective.yml
83  error.jtl
422  jmeter-bzt.proper
[2018-07-30 20:27:36,044 DEBUG HTTPClient] Making HTTP request POST https://data.blazemeter.com/api/v4/image/r-ext5b5fbaed17516/files?signature=ci1leHQ1YjVmYmFlZDE3NTE2OjE1MzM2MDUyMjk6OTkyYjhhNTM1YTg2Y2ZiYWNlMDQ1N2ZiOTEyMTQwNDM3MGQwZmJhMWU1YjFmNjNjNTJiYzZlZjFhNDJiZjQxNDgwYzFhZTQ2YzA2NWM3MTdmYzBhYTlhNTE4YmIxN2Q3MzBlN2YxMjhjZWRjMjQyN2YwMjRiZTRmOWRlNjczMGU=
[2018-07-30 20:27:36,308 DEBUG urllib3.connectionpool] https://data.blazemeter.com:443 "POST /api/v4/image/r-ext5b5fbaed17516/files?signature=ci1leHQ1YjVmYmFlZDE3NTE2OjE1MzM2MDUyMjk6OTkyYjhhNTM1YTg2Y2ZiYWNlMDQ1N2ZiOTEyMTQwNDM3MGQwZmJhMWU1YjFmNjNjNTJiYzZlZjFhNDJiZjQxNDgwYzFhZTQ2YzA2NWM3MTdmYzBhYTlhNTE4YmIxN2Q3MzBlN2YxMjhjZWRjMjQyN2YwMjRiZTRmOWRlNjczMGU= HTTP/1.1" 200 98
[2018-07-30 20:27:36,309 DEBUG User] Response [200]: {
    "api_version": 4,
    "error": null,
    "result": [
        "artifacts.zip.tail.bz"
    ]
}
[2018-07-30 20:27:36,309 INFO Engine.blazemeter] Uploading /Users/narsi01/Desktop/JWC_SN/WKS/WKS/2018-07-30_20-27-02.400265/bzt.log
[2018-07-30 20:27:36,309 DEBUG User] Request: POST https://data.blazemeter.com/api/v4/image/r-ext5b5fbaed17516/files?signature=ci1leHQ1YjVmYmFlZDE3NTE2OjE1MzM2MDUyMjk6OTkyYjhhNTM1YTg2Y2ZiYWNlMDQ1N2ZiOTEyMTQwNDM3MGQwZmJhMWU1YjFmNjNjNTJiYzZlZjFhNDJiZjQxNDgwYzFhZTQ2YzA2NWM3MTdmYzBhYTlhNTE4YmIxN2Q3MzBlN2YxMjhjZWRjMjQyN2YwMjRiZTRmOWRlNjczMGU= --===============9092754308807753021==
Content-Disposition: file; name="file"; filename="bzt.log"
Content-Type: text/plain

[2018-07-30 20:27:02,332 INFO root] Taurus CLI Tool v1.12.1
[2018-07-30 20:27:02,332 DEBUG root] Command-line options: {'verbose
[2018-07-30 20:27:36,309 DEBUG HTTPClient] Making HTTP request POST https://data.blazemeter.com/api/v4/image/r-ext5b5fbaed17516/files?signature=ci1leHQ1YjVmYmFlZDE3NTE2OjE1MzM2MDUyMjk6OTkyYjhhNTM1YTg2Y2ZiYWNlMDQ1N2ZiOTEyMTQwNDM3MGQwZmJhMWU1YjFmNjNjNTJiYzZlZjFhNDJiZjQxNDgwYzFhZTQ2YzA2NWM3MTdmYzBhYTlhNTE4YmIxN2Q3MzBlN2YxMjhjZWRjMjQyN2YwMjRiZTRmOWRlNjczMGU=
[2018-07-30 20:27:37,401 DEBUG urllib3.connectionpool] https://data.blazemeter.com:443 "POST /api/v4/image/r-ext5b5fbaed17516/files?signature=ci1leHQ1YjVmYmFlZDE3NTE2OjE1MzM2MDUyMjk6OTkyYjhhNTM1YTg2Y2ZiYWNlMDQ1N2ZiOTEyMTQwNDM3MGQwZmJhMWU1YjFmNjNjNTJiYzZlZjFhNDJiZjQxNDgwYzFhZTQ2YzA2NWM3MTdmYzBhYTlhNTE4YmIxN2Q3MzBlN2YxMjhjZWRjMjQyN2YwMjRiZTRmOWRlNjczMGU= HTTP/1.1" 200 84
[2018-07-30 20:27:37,402 DEBUG User] Response [200]: {
    "api_version": 4,
    "error": null,
    "result": [
        "bzt.log"
    ]
}
[2018-07-30 20:27:37,402 DEBUG User] Request: POST https://data.blazemeter.com/api/v4/image/r-ext5b5fbaed17516/files?signature=ci1leHQ1YjVmYmFlZDE3NTE2OjE1MzM2MDUyMjk6OTkyYjhhNTM1YTg2Y2ZiYWNlMDQ1N2ZiOTEyMTQwNDM3MGQwZmJhMWU1YjFmNjNjNTJiYzZlZjFhNDJiZjQxNDgwYzFhZTQ2YzA2NWM3MTdmYzBhYTlhNTE4YmIxN2Q3MzBlN2YxMjhjZWRjMjQyN2YwMjRiZTRmOWRlNjczMGU= --===============8092977610598749770==
Content-Disposition: file; name="file"; filename="bzt.log.tail.bz"
Content-Type: application/x-bzip


PK    a£þLm(	”  å     merged.jsoníWmoÛ6þî_AèS›Y/Žkgm±žWtA$¨lÃP´t’¸P$KR±›¢ÿ}GJ²ìºë° ÃœãŸç^É÷
[2018-07-30 20:27:37,403 DEBUG HTTPClient] Making HTTP request POST https://data.blazemeter.com/api/v4/image/r-ext5b5fbaed17516/files?signature=ci1leHQ1YjVmYmFlZDE3NTE2OjE1MzM2MDUyMjk6OTkyYjhhNTM1YTg2Y2ZiYWNlMDQ1N2ZiOTEyMTQwNDM3MGQwZmJhMWU1YjFmNjNjNTJiYzZlZjFhNDJiZjQxNDgwYzFhZTQ2YzA2NWM3MTdmYzBhYTlhNTE4YmIxN2Q3MzBlN2YxMjhjZWRjMjQyN2YwMjRiZTRmOWRlNjczMGU=
[2018-07-30 20:27:37,750 DEBUG urllib3.connectionpool] https://data.blazemeter.com:443 "POST /api/v4/image/r-ext5b5fbaed17516/files?signature=ci1leHQ1YjVmYmFlZDE3NTE2OjE1MzM2MDUyMjk6OTkyYjhhNTM1YTg2Y2ZiYWNlMDQ1N2ZiOTEyMTQwNDM3MGQwZmJhMWU1YjFmNjNjNTJiYzZlZjFhNDJiZjQxNDgwYzFhZTQ2YzA2NWM3MTdmYzBhYTlhNTE4YmIxN2Q3MzBlN2YxMjhjZWRjMjQyN2YwMjRiZTRmOWRlNjczMGU= HTTP/1.1" 200 92
[2018-07-30 20:27:37,751 DEBUG User] Response [200]: {
    "api_version": 4,
    "error": null,
    "result": [
        "bzt.log.tail.bz"
    ]
}
[2018-07-30 20:27:37,751 DEBUG Engine.blazemeter] Set last check time to: 1533000425.96
[2018-07-30 20:27:37,751 INFO Engine.blazemeter] Ending data feeding...
[2018-07-30 20:27:37,751 DEBUG User] Request: POST https://a.blazemeter.com/api/v4/sessions/r-ext5b5fbaed17516/stop None
[2018-07-30 20:27:37,751 DEBUG HTTPClient] Making HTTP request POST https://a.blazemeter.com/api/v4/sessions/r-ext5b5fbaed17516/stop
[2018-07-30 20:27:37,907 DEBUG urllib3.connectionpool] https://a.blazemeter.com:443 "POST /api/v4/sessions/r-ext5b5fbaed17516/stop HTTP/1.1" 202 69
[2018-07-30 20:27:37,908 DEBUG User] Response [202]: {
    "api_version": 4,
    "error": null,
    "result": "Stopping"
}
[2018-07-30 20:27:37,908 DEBUG User] Request: GET https://a.blazemeter.com/api/v4/sessions/r-ext5b5fbaed17516 None
[2018-07-30 20:27:37,908 DEBUG HTTPClient] Making HTTP request GET https://a.blazemeter.com/api/v4/sessions/r-ext5b5fbaed17516
[2018-07-30 20:27:38,091 DEBUG urllib3.connectionpool] https://a.blazemeter.com:443 "GET /api/v4/sessions/r-ext5b5fbaed17516 HTTP/1.1" 200 2403
[2018-07-30 20:27:38,092 DEBUG User] Response [200]: {
    "api_version": 4,
    "error": null,
    "result": {
        "id": "r-ext5b5fbaed17516",
        "name": "CICD Taurus SLA",
        "userId": 106819,
        "offset": 0,
        "statusCode": 100,
        "status": "DATA_RECEIVED",
        "firstSam
[2018-07-30 20:27:38,092 DEBUG User] Request: PATCH https://a.blazemeter.com/api/v4/sessions/r-ext5b5fbaed17516 {
 "note": "AutomatedShutdown: Failed: avg-rt>350ms for 6 sec"
}
[2018-07-30 20:27:38,092 DEBUG HTTPClient] Making HTTP request PATCH https://a.blazemeter.com/api/v4/sessions/r-ext5b5fbaed17516
[2018-07-30 20:27:38,323 DEBUG urllib3.connectionpool] https://a.blazemeter.com:443 "PATCH /api/v4/sessions/r-ext5b5fbaed17516 HTTP/1.1" 200 2252
[2018-07-30 20:27:38,324 DEBUG User] Response [200]: {
    "api_version": 4,
    "error": null,
    "result": {
        "id": "r-ext5b5fbaed17516",
        "name": "CICD Taurus SLA",
        "userId": 106819,
        "offset": 0,
        "statusCode": 100,
        "status": "DATA_RECEIVED",
        "firstSam
[2018-07-30 20:27:38,324 DEBUG User] Request: GET https://a.blazemeter.com/api/v4/masters/18013314 None
[2018-07-30 20:27:38,325 DEBUG HTTPClient] Making HTTP request GET https://a.blazemeter.com/api/v4/masters/18013314
[2018-07-30 20:27:38,498 DEBUG urllib3.connectionpool] https://a.blazemeter.com:443 "GET /api/v4/masters/18013314 HTTP/1.1" 200 1810
[2018-07-30 20:27:38,498 DEBUG User] Response [200]: {
    "api_version": 4,
    "error": null,
    "result": {
        "id": 18013314,
        "name": "CICD Taurus SLA",
        "userId": 106819,
        "ended": 1533000458,
        "maxUsers": 23,
        "created": 1533000429,
        "updated": 153300045
[2018-07-30 20:27:38,499 DEBUG User] Request: PATCH https://a.blazemeter.com/api/v4/masters/18013314 {
 "note": "AutomatedShutdown: Failed: avg-rt>350ms for 6 sec"
}
[2018-07-30 20:27:38,499 DEBUG HTTPClient] Making HTTP request PATCH https://a.blazemeter.com/api/v4/masters/18013314
[2018-07-30 20:27:38,698 DEBUG urllib3.connectionpool] https://a.blazemeter.com:443 "PATCH /api/v4/masters/18013314 HTTP/1.1" 200 444
[2018-07-30 20:27:38,699 DEBUG User] Response [200]: {
    "api_version": 4,
    "error": null,
    "result": {
        "id": 18013314,
        "name": "CICD Taurus SLA",
        "userId": 106819,
        "ended": 1533000458,
        "maxUsers": 23,
        "isSandbox": false,
        "executorClientId": "Ta
[2018-07-30 20:27:38,699 INFO Engine.blazemeter] Online report link: https://a.blazemeter.com/app/#/masters/18013314
[2018-07-30 20:27:38,703 DEBUG Engine.Configuration] Dumping YAML config into /Users/narsi01/Desktop/JWC_SN/WKS/WKS/2018-07-30_20-27-02.400265/effective.yml
[2018-07-30 20:27:38,732 DEBUG Engine.Configuration] Dumping JSON config into /Users/narsi01/Desktop/JWC_SN/WKS/WKS/2018-07-30_20-27-02.400265/effective.json
[2018-07-30 20:27:38,734 INFO root] Artifacts dir: /Users/narsi01/Desktop/JWC_SN/WKS/WKS/2018-07-30_20-27-02.400265
[2018-07-30 20:27:38,734 WARNING root] Done performing with code: 3
[2018-07-30 20:27:38,734 DEBUG root] Closing log handler: /Users/narsi01/Desktop/JWC_SN/WKS/WKS/2018-07-30_20-27-02.400265/bzt.log
