2018-07-30 20:27:10,948 INFO o.a.j.u.JMeterUtils: Setting Locale to en_US
2018-07-30 20:27:10,977 INFO o.a.j.JMeter: Loading user properties from: /Users/narsi01/.bzt/jmeter-taurus/4.0/bin/user.properties
2018-07-30 20:27:10,978 INFO o.a.j.JMeter: Loading system properties from: /Users/narsi01/.bzt/jmeter-taurus/4.0/bin/system.properties
2018-07-30 20:27:10,985 INFO o.a.j.JMeter: Copyright (c) 1998-2018 The Apache Software Foundation
2018-07-30 20:27:10,986 INFO o.a.j.JMeter: Version 4.0 r1823414
2018-07-30 20:27:10,986 INFO o.a.j.JMeter: java.version=1.8.0_121
2018-07-30 20:27:10,986 INFO o.a.j.JMeter: java.vm.name=Java HotSpot(TM) 64-Bit Server VM
2018-07-30 20:27:10,986 INFO o.a.j.JMeter: os.name=Mac OS X
2018-07-30 20:27:10,986 INFO o.a.j.JMeter: os.arch=x86_64
2018-07-30 20:27:10,986 INFO o.a.j.JMeter: os.version=10.13.5
2018-07-30 20:27:10,986 INFO o.a.j.JMeter: file.encoding=UTF-8
2018-07-30 20:27:10,986 INFO o.a.j.JMeter: Max memory     =3817865216
2018-07-30 20:27:10,986 INFO o.a.j.JMeter: Available Processors =8
2018-07-30 20:27:10,994 INFO o.a.j.JMeter: Default Locale=English (United States)
2018-07-30 20:27:10,996 INFO o.a.j.JMeter: JMeter  Locale=English (United States)
2018-07-30 20:27:10,996 INFO o.a.j.JMeter: JMeterHome=/Users/narsi01/.bzt/jmeter-taurus/4.0
2018-07-30 20:27:10,996 INFO o.a.j.JMeter: user.dir  =/Users/narsi01/Desktop/JWC_SN/WKS/WKS
2018-07-30 20:27:10,997 INFO o.a.j.JMeter: PWD       =/Users/narsi01/Desktop/JWC_SN/WKS/WKS
2018-07-30 20:27:11,001 INFO o.a.j.JMeter: IP: 172.20.2.128 Name: narsi01mac1752 FullName: 172.20.2.128
2018-07-30 20:27:11,001 INFO o.a.j.JMeter: user.classpath=/Users/narsi01/Desktop/JWC_SN/WKS/WKS/2018-07-30_20-27-02.400265:/Users/narsi01/Desktop/JWC_SN/WKS/WKS/2018-07-30_20-27-02.400265
2018-07-30 20:27:11,002 INFO o.a.j.JMeter: Adding to classpath and loader: /Users/narsi01/Desktop/JWC_SN/WKS/WKS/2018-07-30_20-27-02.400265
2018-07-30 20:27:11,003 INFO o.a.j.JMeter: Adding to classpath and loader: /Users/narsi01/Desktop/JWC_SN/WKS/WKS/2018-07-30_20-27-02.400265
2018-07-30 20:27:11,008 INFO o.a.j.s.FileServer: Default base='/Users/narsi01/Desktop/JWC_SN/WKS/WKS'
2018-07-30 20:27:11,065 INFO o.a.j.s.FileServer: Set new base='/Users/narsi01/Desktop/JWC_SN/WKS/WKS/2018-07-30_20-27-02.400265'
2018-07-30 20:27:11,242 INFO o.a.j.s.SaveService: Testplan (JMX) version: 2.2. Testlog (JTL) version: 2.2
2018-07-30 20:27:11,273 INFO o.a.j.s.SaveService: Using SaveService properties file encoding UTF-8
2018-07-30 20:27:11,278 INFO o.a.j.s.SaveService: Using SaveService properties version 4.0
2018-07-30 20:27:11,287 INFO o.a.j.s.SaveService: Loading file: /Users/narsi01/Desktop/JWC_SN/WKS/WKS/2018-07-30_20-27-02.400265/modified_requests.jmx
2018-07-30 20:27:11,389 INFO o.a.j.p.h.c.CacheManager: Will only cache the following methods: [GET]
2018-07-30 20:27:11,391 INFO o.a.j.p.h.c.CookieManager: Settings: Delete null: true Check: true Allow variable: true Save: false Prefix: COOKIE_
2018-07-30 20:27:11,402 INFO o.a.j.p.h.s.HTTPSamplerBase: Parser for text/html is org.apache.jmeter.protocol.http.parser.LagartoBasedHtmlParser
2018-07-30 20:27:11,403 INFO o.a.j.p.h.s.HTTPSamplerBase: Parser for application/xhtml+xml is org.apache.jmeter.protocol.http.parser.LagartoBasedHtmlParser
2018-07-30 20:27:11,403 INFO o.a.j.p.h.s.HTTPSamplerBase: Parser for application/xml is org.apache.jmeter.protocol.http.parser.LagartoBasedHtmlParser
2018-07-30 20:27:11,403 INFO o.a.j.p.h.s.HTTPSamplerBase: Parser for text/xml is org.apache.jmeter.protocol.http.parser.LagartoBasedHtmlParser
2018-07-30 20:27:11,403 INFO o.a.j.p.h.s.HTTPSamplerBase: Parser for text/vnd.wap.wml is org.apache.jmeter.protocol.http.parser.RegexpHTMLParser
2018-07-30 20:27:11,403 INFO o.a.j.p.h.s.HTTPSamplerBase: Parser for text/css is org.apache.jmeter.protocol.http.parser.CssParser
2018-07-30 20:27:11,451 INFO o.a.j.e.StandardJMeterEngine: Running the test!
2018-07-30 20:27:11,452 INFO o.a.j.s.SampleEvent: List of sample_variables: []
2018-07-30 20:27:11,452 INFO o.a.j.s.SampleEvent: List of sample_variables: []
2018-07-30 20:27:11,455 INFO o.a.j.e.u.CompoundVariable: Note: Function class names must contain the string: '.functions.'
2018-07-30 20:27:11,456 INFO o.a.j.e.u.CompoundVariable: Note: Function class names must not contain the string: '.gui.'
2018-07-30 20:27:11,900 INFO o.a.j.JMeter: Running test (1533000431900)
2018-07-30 20:27:11,977 INFO o.a.j.e.StandardJMeterEngine: Starting ThreadGroup: 1 : blazedemo
2018-07-30 20:27:11,977 INFO o.a.j.e.StandardJMeterEngine: Starting 75 threads for group blazedemo.
2018-07-30 20:27:11,977 INFO o.a.j.e.StandardJMeterEngine: Thread will continue on error
2018-07-30 20:27:11,978 INFO o.a.j.t.ThreadGroup: Starting thread group... number=1 threads=75 ramp-up=60 perThread=800.0 delayedStart=false
2018-07-30 20:27:11,988 INFO o.a.j.t.JMeterThread: Thread started: blazedemo 1-1
2018-07-30 20:27:12,014 INFO o.a.j.p.h.s.HTTPHCAbstractImpl: Local host = narsi01mac1752
2018-07-30 20:27:12,023 INFO o.a.j.p.h.s.HTTPHC4Impl: HTTP request retry count = 0
2018-07-30 20:27:12,035 INFO o.a.j.s.SampleResult: Note: Sample TimeStamps are START times
2018-07-30 20:27:12,035 INFO o.a.j.s.SampleResult: sampleresult.default.encoding is set to UTF-8
2018-07-30 20:27:12,035 INFO o.a.j.s.SampleResult: sampleresult.useNanoTime=true
2018-07-30 20:27:12,035 INFO o.a.j.s.SampleResult: sampleresult.nanoThreadSleep=5000
2018-07-30 20:27:12,080 INFO o.a.j.t.ThreadGroup: Started thread group number 1
2018-07-30 20:27:12,080 INFO o.a.j.e.StandardJMeterEngine: All thread groups have been started
2018-07-30 20:27:12,788 INFO o.a.j.t.JMeterThread: Thread started: blazedemo 1-2
2018-07-30 20:27:13,591 INFO o.a.j.t.JMeterThread: Thread started: blazedemo 1-3
2018-07-30 20:27:14,395 INFO o.a.j.t.JMeterThread: Thread started: blazedemo 1-4
2018-07-30 20:27:15,196 INFO o.a.j.t.JMeterThread: Thread started: blazedemo 1-5
2018-07-30 20:27:15,996 INFO o.a.j.t.JMeterThread: Thread started: blazedemo 1-6
2018-07-30 20:27:16,737 INFO o.a.j.p.h.p.BaseParser: Created org.apache.jmeter.protocol.http.parser.LagartoBasedHtmlParser
2018-07-30 20:27:16,802 INFO o.a.j.t.JMeterThread: Thread started: blazedemo 1-7
2018-07-30 20:27:16,819 INFO o.a.j.p.h.s.ResourcesDownloader: Creating ResourcesDownloader with keepalive_inseconds : 60
2018-07-30 20:27:17,234 INFO o.a.j.p.h.p.BaseParser: Created org.apache.jmeter.protocol.http.parser.CssParser
2018-07-30 20:27:17,234 INFO o.a.j.p.h.p.BaseParser: Created org.apache.jmeter.protocol.http.parser.CssParser
2018-07-30 20:27:17,234 INFO o.a.j.p.h.p.BaseParser: Created org.apache.jmeter.protocol.http.parser.CssParser
2018-07-30 20:27:17,597 INFO o.a.j.t.JMeterThread: Thread started: blazedemo 1-8
2018-07-30 20:27:18,400 INFO o.a.j.t.JMeterThread: Thread started: blazedemo 1-9
2018-07-30 20:27:19,201 INFO o.a.j.t.JMeterThread: Thread started: blazedemo 1-10
2018-07-30 20:27:20,001 INFO o.a.j.t.JMeterThread: Thread started: blazedemo 1-11
2018-07-30 20:27:20,805 INFO o.a.j.t.JMeterThread: Thread started: blazedemo 1-12
2018-07-30 20:27:21,605 INFO o.a.j.t.JMeterThread: Thread started: blazedemo 1-13
2018-07-30 20:27:22,404 INFO o.a.j.t.JMeterThread: Thread started: blazedemo 1-14
2018-07-30 20:27:23,210 INFO o.a.j.t.JMeterThread: Thread started: blazedemo 1-15
2018-07-30 20:27:24,009 INFO o.a.j.t.JMeterThread: Thread started: blazedemo 1-16
2018-07-30 20:27:24,811 INFO o.a.j.t.JMeterThread: Thread started: blazedemo 1-17
2018-07-30 20:27:25,612 INFO o.a.j.t.JMeterThread: Thread started: blazedemo 1-18
2018-07-30 20:27:26,413 INFO o.a.j.t.JMeterThread: Thread started: blazedemo 1-19
2018-07-30 20:27:27,218 INFO o.a.j.t.JMeterThread: Thread started: blazedemo 1-20
2018-07-30 20:27:28,015 INFO o.a.j.t.JMeterThread: Thread started: blazedemo 1-21
2018-07-30 20:27:28,817 INFO o.a.j.t.JMeterThread: Thread started: blazedemo 1-22
2018-07-30 20:27:29,617 INFO o.a.j.t.JMeterThread: Thread started: blazedemo 1-23
2018-07-30 20:27:30,419 INFO o.a.j.t.JMeterThread: Thread started: blazedemo 1-24
2018-07-30 20:27:31,223 INFO o.a.j.t.JMeterThread: Thread started: blazedemo 1-25
2018-07-30 20:27:31,791 INFO o.a.j.JMeter: Command: Shutdown received from /127.0.0.1
2018-07-30 20:27:31,792 INFO o.a.j.t.JMeterThread: Stopping: blazedemo 1-16
2018-07-30 20:27:31,792 INFO o.a.j.t.JMeterThread: Stopping: blazedemo 1-55
2018-07-30 20:27:31,792 INFO o.a.j.t.JMeterThread: Stopping: blazedemo 1-18
2018-07-30 20:27:31,792 INFO o.a.j.t.JMeterThread: Stopping: blazedemo 1-72
2018-07-30 20:27:31,793 INFO o.a.j.t.JMeterThread: Stopping: blazedemo 1-56
2018-07-30 20:27:31,793 INFO o.a.j.t.JMeterThread: Stopping: blazedemo 1-57
2018-07-30 20:27:31,793 INFO o.a.j.t.JMeterThread: Stopping: blazedemo 1-73
2018-07-30 20:27:31,793 INFO o.a.j.t.JMeterThread: Stopping: blazedemo 1-68
2018-07-30 20:27:31,793 INFO o.a.j.t.JMeterThread: Stopping: blazedemo 1-41
2018-07-30 20:27:31,793 INFO o.a.j.t.JMeterThread: Stopping: blazedemo 1-43
2018-07-30 20:27:31,793 INFO o.a.j.t.JMeterThread: Stopping: blazedemo 1-47
2018-07-30 20:27:31,793 INFO o.a.j.t.JMeterThread: Stopping: blazedemo 1-10
2018-07-30 20:27:31,793 INFO o.a.j.t.JMeterThread: Stopping: blazedemo 1-51
2018-07-30 20:27:31,793 INFO o.a.j.t.JMeterThread: Stopping: blazedemo 1-21
2018-07-30 20:27:31,793 INFO o.a.j.t.JMeterThread: Stopping: blazedemo 1-35
2018-07-30 20:27:31,793 INFO o.a.j.t.JMeterThread: Stopping: blazedemo 1-61
2018-07-30 20:27:31,793 INFO o.a.j.t.JMeterThread: Stopping: blazedemo 1-22
2018-07-30 20:27:31,793 INFO o.a.j.t.JMeterThread: Stopping: blazedemo 1-33
2018-07-30 20:27:31,793 INFO o.a.j.t.JMeterThread: Stopping: blazedemo 1-74
2018-07-30 20:27:31,794 INFO o.a.j.t.JMeterThread: Stopping: blazedemo 1-71
2018-07-30 20:27:31,794 INFO o.a.j.t.JMeterThread: Stopping: blazedemo 1-58
2018-07-30 20:27:31,794 INFO o.a.j.t.JMeterThread: Stopping: blazedemo 1-11
2018-07-30 20:27:31,794 INFO o.a.j.t.JMeterThread: Stopping: blazedemo 1-25
2018-07-30 20:27:31,794 INFO o.a.j.t.JMeterThread: Stopping: blazedemo 1-36
2018-07-30 20:27:31,794 INFO o.a.j.t.JMeterThread: Stopping: blazedemo 1-62
2018-07-30 20:27:31,794 INFO o.a.j.t.JMeterThread: Stopping: blazedemo 1-15
2018-07-30 20:27:31,794 INFO o.a.j.t.JMeterThread: Stopping: blazedemo 1-50
2018-07-30 20:27:31,794 INFO o.a.j.t.JMeterThread: Stopping: blazedemo 1-44
2018-07-30 20:27:31,794 INFO o.a.j.t.JMeterThread: Stopping: blazedemo 1-64
2018-07-30 20:27:31,794 INFO o.a.j.t.JMeterThread: Stopping: blazedemo 1-63
2018-07-30 20:27:31,794 INFO o.a.j.t.JMeterThread: Stopping: blazedemo 1-30
2018-07-30 20:27:31,795 INFO o.a.j.t.JMeterThread: Stopping: blazedemo 1-32
2018-07-30 20:27:31,795 INFO o.a.j.t.JMeterThread: Stopping: blazedemo 1-2
2018-07-30 20:27:31,795 INFO o.a.j.t.JMeterThread: Stopping: blazedemo 1-27
2018-07-30 20:27:31,795 INFO o.a.j.t.JMeterThread: Stopping: blazedemo 1-28
2018-07-30 20:27:31,795 INFO o.a.j.t.JMeterThread: Stopping: blazedemo 1-38
2018-07-30 20:27:31,795 INFO o.a.j.t.JMeterThread: Stopping: blazedemo 1-14
2018-07-30 20:27:31,795 INFO o.a.j.t.JMeterThread: Stopping: blazedemo 1-42
2018-07-30 20:27:31,795 INFO o.a.j.t.JMeterThread: Stopping: blazedemo 1-4
2018-07-30 20:27:31,795 INFO o.a.j.t.JMeterThread: Stopping: blazedemo 1-8
2018-07-30 20:27:31,795 INFO o.a.j.t.JMeterThread: Stopping: blazedemo 1-54
2018-07-30 20:27:31,795 INFO o.a.j.t.JMeterThread: Stopping: blazedemo 1-75
2018-07-30 20:27:31,795 INFO o.a.j.t.JMeterThread: Stopping: blazedemo 1-17
2018-07-30 20:27:31,795 INFO o.a.j.t.JMeterThread: Stopping: blazedemo 1-70
2018-07-30 20:27:31,795 INFO o.a.j.t.JMeterThread: Stopping: blazedemo 1-48
2018-07-30 20:27:31,796 INFO o.a.j.t.JMeterThread: Stopping: blazedemo 1-59
2018-07-30 20:27:31,796 INFO o.a.j.t.JMeterThread: Stopping: blazedemo 1-40
2018-07-30 20:27:31,796 INFO o.a.j.t.JMeterThread: Stopping: blazedemo 1-69
2018-07-30 20:27:31,796 INFO o.a.j.t.JMeterThread: Stopping: blazedemo 1-45
2018-07-30 20:27:31,796 INFO o.a.j.t.JMeterThread: Stopping: blazedemo 1-9
2018-07-30 20:27:31,796 INFO o.a.j.t.JMeterThread: Stopping: blazedemo 1-52
2018-07-30 20:27:31,796 INFO o.a.j.t.JMeterThread: Stopping: blazedemo 1-67
2018-07-30 20:27:31,796 INFO o.a.j.t.JMeterThread: Stopping: blazedemo 1-66
2018-07-30 20:27:31,796 INFO o.a.j.t.JMeterThread: Stopping: blazedemo 1-20
2018-07-30 20:27:31,796 INFO o.a.j.t.JMeterThread: Stopping: blazedemo 1-3
2018-07-30 20:27:31,796 INFO o.a.j.t.JMeterThread: Stopping: blazedemo 1-12
2018-07-30 20:27:31,796 INFO o.a.j.t.JMeterThread: Stopping: blazedemo 1-13
2018-07-30 20:27:31,796 INFO o.a.j.t.JMeterThread: Stopping: blazedemo 1-24
2018-07-30 20:27:31,796 INFO o.a.j.t.JMeterThread: Stopping: blazedemo 1-19
2018-07-30 20:27:31,796 INFO o.a.j.t.JMeterThread: Stopping: blazedemo 1-26
2018-07-30 20:27:31,797 INFO o.a.j.t.JMeterThread: Stopping: blazedemo 1-5
2018-07-30 20:27:31,797 INFO o.a.j.t.JMeterThread: Stopping: blazedemo 1-39
2018-07-30 20:27:31,797 INFO o.a.j.t.JMeterThread: Stopping: blazedemo 1-53
2018-07-30 20:27:31,797 INFO o.a.j.t.JMeterThread: Stopping: blazedemo 1-46
2018-07-30 20:27:31,797 INFO o.a.j.t.JMeterThread: Stopping: blazedemo 1-1
2018-07-30 20:27:31,797 INFO o.a.j.t.JMeterThread: Stopping: blazedemo 1-23
2018-07-30 20:27:31,797 INFO o.a.j.t.JMeterThread: Stopping: blazedemo 1-34
2018-07-30 20:27:31,797 INFO o.a.j.t.JMeterThread: Stopping: blazedemo 1-29
2018-07-30 20:27:31,797 INFO o.a.j.t.JMeterThread: Stopping: blazedemo 1-65
2018-07-30 20:27:31,797 INFO o.a.j.t.JMeterThread: Stopping: blazedemo 1-37
2018-07-30 20:27:31,797 INFO o.a.j.t.JMeterThread: Stopping: blazedemo 1-49
2018-07-30 20:27:31,797 INFO o.a.j.t.JMeterThread: Stopping: blazedemo 1-60
2018-07-30 20:27:31,797 INFO o.a.j.t.JMeterThread: Stopping: blazedemo 1-6
2018-07-30 20:27:31,797 INFO o.a.j.t.JMeterThread: Stopping: blazedemo 1-31
2018-07-30 20:27:31,797 INFO o.a.j.t.JMeterThread: Stopping: blazedemo 1-7
2018-07-30 20:27:31,810 INFO o.a.j.t.JMeterThread: Thread finished: blazedemo 1-18
2018-07-30 20:27:31,902 INFO o.a.j.t.JMeterThread: Thread finished: blazedemo 1-13
2018-07-30 20:27:31,928 INFO o.a.j.t.JMeterThread: Thread finished: blazedemo 1-3
2018-07-30 20:27:31,929 INFO o.a.j.t.JMeterThread: Thread finished: blazedemo 1-10
2018-07-30 20:27:31,963 INFO o.a.j.t.JMeterThread: Thread finished: blazedemo 1-19
2018-07-30 20:27:31,963 INFO o.a.j.t.JMeterThread: Thread finished: blazedemo 1-24
2018-07-30 20:27:32,022 INFO o.a.j.t.JMeterThread: Thread started: blazedemo 1-26
2018-07-30 20:27:32,022 INFO o.a.j.t.JMeterThread: Thread finished: blazedemo 1-26
2018-07-30 20:27:32,058 INFO o.a.j.t.JMeterThread: Thread started: blazedemo 1-32
2018-07-30 20:27:32,058 INFO o.a.j.t.JMeterThread: Thread started: blazedemo 1-27
2018-07-30 20:27:32,058 INFO o.a.j.t.JMeterThread: Thread started: blazedemo 1-28
2018-07-30 20:27:32,058 INFO o.a.j.t.JMeterThread: Thread started: blazedemo 1-29
2018-07-30 20:27:32,058 INFO o.a.j.t.JMeterThread: Thread finished: blazedemo 1-27
2018-07-30 20:27:32,058 INFO o.a.j.t.JMeterThread: Thread started: blazedemo 1-31
2018-07-30 20:27:32,058 INFO o.a.j.t.JMeterThread: Thread finished: blazedemo 1-29
2018-07-30 20:27:32,058 INFO o.a.j.t.JMeterThread: Thread finished: blazedemo 1-32
2018-07-30 20:27:32,058 INFO o.a.j.t.JMeterThread: Thread started: blazedemo 1-30
2018-07-30 20:27:32,059 INFO o.a.j.t.JMeterThread: Thread finished: blazedemo 1-31
2018-07-30 20:27:32,059 INFO o.a.j.t.JMeterThread: Thread finished: blazedemo 1-28
2018-07-30 20:27:32,059 INFO o.a.j.t.JMeterThread: Thread finished: blazedemo 1-30
2018-07-30 20:27:32,073 INFO o.a.j.t.JMeterThread: Thread finished: blazedemo 1-8
2018-07-30 20:27:32,084 INFO o.a.j.t.JMeterThread: Thread started: blazedemo 1-34
2018-07-30 20:27:32,084 INFO o.a.j.t.JMeterThread: Thread started: blazedemo 1-36
2018-07-30 20:27:32,084 INFO o.a.j.t.JMeterThread: Thread started: blazedemo 1-35
2018-07-30 20:27:32,084 INFO o.a.j.t.JMeterThread: Thread finished: blazedemo 1-36
2018-07-30 20:27:32,084 INFO o.a.j.t.JMeterThread: Thread finished: blazedemo 1-35
2018-07-30 20:27:32,084 INFO o.a.j.t.JMeterThread: Thread started: blazedemo 1-33
2018-07-30 20:27:32,084 INFO o.a.j.t.JMeterThread: Thread finished: blazedemo 1-34
2018-07-30 20:27:32,084 INFO o.a.j.t.JMeterThread: Thread started: blazedemo 1-37
2018-07-30 20:27:32,085 INFO o.a.j.t.JMeterThread: Thread finished: blazedemo 1-37
2018-07-30 20:27:32,085 INFO o.a.j.t.JMeterThread: Thread finished: blazedemo 1-33
2018-07-30 20:27:32,086 INFO o.a.j.t.JMeterThread: Thread started: blazedemo 1-38
2018-07-30 20:27:32,086 INFO o.a.j.t.JMeterThread: Thread started: blazedemo 1-39
2018-07-30 20:27:32,086 INFO o.a.j.t.JMeterThread: Thread finished: blazedemo 1-38
2018-07-30 20:27:32,086 INFO o.a.j.t.JMeterThread: Thread finished: blazedemo 1-39
2018-07-30 20:27:32,087 INFO o.a.j.t.JMeterThread: Thread finished: blazedemo 1-12
2018-07-30 20:27:32,098 INFO o.a.j.t.JMeterThread: Thread started: blazedemo 1-46
2018-07-30 20:27:32,098 INFO o.a.j.t.JMeterThread: Thread started: blazedemo 1-42
2018-07-30 20:27:32,098 INFO o.a.j.t.JMeterThread: Thread started: blazedemo 1-41
2018-07-30 20:27:32,098 INFO o.a.j.t.JMeterThread: Thread started: blazedemo 1-45
2018-07-30 20:27:32,098 INFO o.a.j.t.JMeterThread: Thread started: blazedemo 1-53
2018-07-30 20:27:32,098 INFO o.a.j.t.JMeterThread: Thread started: blazedemo 1-48
2018-07-30 20:27:32,098 INFO o.a.j.t.JMeterThread: Thread started: blazedemo 1-49
2018-07-30 20:27:32,098 INFO o.a.j.t.JMeterThread: Thread started: blazedemo 1-50
2018-07-30 20:27:32,098 INFO o.a.j.t.JMeterThread: Thread finished: blazedemo 1-53
2018-07-30 20:27:32,098 INFO o.a.j.t.JMeterThread: Thread started: blazedemo 1-52
2018-07-30 20:27:32,099 INFO o.a.j.t.JMeterThread: Thread finished: blazedemo 1-46
2018-07-30 20:27:32,098 INFO o.a.j.t.JMeterThread: Thread started: blazedemo 1-43
2018-07-30 20:27:32,098 INFO o.a.j.t.JMeterThread: Thread started: blazedemo 1-51
2018-07-30 20:27:32,099 INFO o.a.j.t.JMeterThread: Thread finished: blazedemo 1-52
2018-07-30 20:27:32,099 INFO o.a.j.t.JMeterThread: Thread finished: blazedemo 1-50
2018-07-30 20:27:32,099 INFO o.a.j.t.JMeterThread: Thread finished: blazedemo 1-51
2018-07-30 20:27:32,098 INFO o.a.j.t.JMeterThread: Thread started: blazedemo 1-47
2018-07-30 20:27:32,099 INFO o.a.j.t.JMeterThread: Thread finished: blazedemo 1-49
2018-07-30 20:27:32,098 INFO o.a.j.t.JMeterThread: Thread finished: blazedemo 1-41
2018-07-30 20:27:32,098 INFO o.a.j.t.JMeterThread: Thread finished: blazedemo 1-45
2018-07-30 20:27:32,099 INFO o.a.j.t.JMeterThread: Thread finished: blazedemo 1-47
2018-07-30 20:27:32,098 INFO o.a.j.t.JMeterThread: Thread started: blazedemo 1-40
2018-07-30 20:27:32,098 INFO o.a.j.t.JMeterThread: Thread started: blazedemo 1-54
2018-07-30 20:27:32,099 INFO o.a.j.t.JMeterThread: Thread finished: blazedemo 1-40
2018-07-30 20:27:32,098 INFO o.a.j.t.JMeterThread: Thread finished: blazedemo 1-42
2018-07-30 20:27:32,098 INFO o.a.j.t.JMeterThread: Thread started: blazedemo 1-44
2018-07-30 20:27:32,099 INFO o.a.j.t.JMeterThread: Thread finished: blazedemo 1-54
2018-07-30 20:27:32,099 INFO o.a.j.t.JMeterThread: Thread finished: blazedemo 1-48
2018-07-30 20:27:32,099 INFO o.a.j.t.JMeterThread: Thread finished: blazedemo 1-44
2018-07-30 20:27:32,099 INFO o.a.j.t.JMeterThread: Thread finished: blazedemo 1-43
2018-07-30 20:27:32,100 INFO o.a.j.t.JMeterThread: Thread finished: blazedemo 1-23
2018-07-30 20:27:32,112 INFO o.a.j.t.JMeterThread: Thread started: blazedemo 1-56
2018-07-30 20:27:32,112 INFO o.a.j.t.JMeterThread: Thread started: blazedemo 1-58
2018-07-30 20:27:32,112 INFO o.a.j.t.JMeterThread: Thread started: blazedemo 1-73
2018-07-30 20:27:32,113 INFO o.a.j.t.JMeterThread: Thread started: blazedemo 1-65
2018-07-30 20:27:32,113 INFO o.a.j.t.JMeterThread: Thread started: blazedemo 1-64
2018-07-30 20:27:32,113 INFO o.a.j.t.JMeterThread: Thread finished: blazedemo 1-56
2018-07-30 20:27:32,113 INFO o.a.j.t.JMeterThread: Thread finished: blazedemo 1-73
2018-07-30 20:27:32,112 INFO o.a.j.t.JMeterThread: Thread started: blazedemo 1-74
2018-07-30 20:27:32,113 INFO o.a.j.t.JMeterThread: Thread started: blazedemo 1-75
2018-07-30 20:27:32,113 INFO o.a.j.t.JMeterThread: Thread finished: blazedemo 1-74
2018-07-30 20:27:32,113 INFO o.a.j.t.JMeterThread: Thread started: blazedemo 1-55
2018-07-30 20:27:32,113 INFO o.a.j.t.JMeterThread: Thread started: blazedemo 1-66
2018-07-30 20:27:32,113 INFO o.a.j.t.JMeterThread: Thread finished: blazedemo 1-75
2018-07-30 20:27:32,113 INFO o.a.j.t.JMeterThread: Thread finished: blazedemo 1-66
2018-07-30 20:27:32,113 INFO o.a.j.t.JMeterThread: Thread started: blazedemo 1-61
2018-07-30 20:27:32,113 INFO o.a.j.t.JMeterThread: Thread started: blazedemo 1-70
2018-07-30 20:27:32,112 INFO o.a.j.t.JMeterThread: Thread started: blazedemo 1-59
2018-07-30 20:27:32,112 INFO o.a.j.t.JMeterThread: Thread started: blazedemo 1-60
2018-07-30 20:27:32,112 INFO o.a.j.t.JMeterThread: Thread started: blazedemo 1-69
2018-07-30 20:27:32,113 INFO o.a.j.t.JMeterThread: Thread finished: blazedemo 1-58
2018-07-30 20:27:32,113 INFO o.a.j.t.JMeterThread: Thread finished: blazedemo 1-59
2018-07-30 20:27:32,113 INFO o.a.j.t.JMeterThread: Thread started: blazedemo 1-62
2018-07-30 20:27:32,114 INFO o.a.j.t.JMeterThread: Thread finished: blazedemo 1-69
2018-07-30 20:27:32,113 INFO o.a.j.t.JMeterThread: Thread finished: blazedemo 1-61
2018-07-30 20:27:32,113 INFO o.a.j.t.JMeterThread: Thread started: blazedemo 1-68
2018-07-30 20:27:32,113 INFO o.a.j.t.JMeterThread: Thread started: blazedemo 1-63
2018-07-30 20:27:32,114 INFO o.a.j.t.JMeterThread: Thread finished: blazedemo 1-68
2018-07-30 20:27:32,113 INFO o.a.j.t.JMeterThread: Thread started: blazedemo 1-71
2018-07-30 20:27:32,114 INFO o.a.j.t.JMeterThread: Thread finished: blazedemo 1-63
2018-07-30 20:27:32,113 INFO o.a.j.t.JMeterThread: Thread started: blazedemo 1-72
2018-07-30 20:27:32,113 INFO o.a.j.t.JMeterThread: Thread started: blazedemo 1-67
2018-07-30 20:27:32,113 INFO o.a.j.t.JMeterThread: Thread finished: blazedemo 1-64
2018-07-30 20:27:32,113 INFO o.a.j.t.JMeterThread: Thread finished: blazedemo 1-65
2018-07-30 20:27:32,113 INFO o.a.j.t.JMeterThread: Thread started: blazedemo 1-57
2018-07-30 20:27:32,114 INFO o.a.j.t.JMeterThread: Thread finished: blazedemo 1-67
2018-07-30 20:27:32,114 INFO o.a.j.t.JMeterThread: Thread finished: blazedemo 1-55
2018-07-30 20:27:32,114 INFO o.a.j.t.JMeterThread: Thread finished: blazedemo 1-70
2018-07-30 20:27:32,114 INFO o.a.j.t.JMeterThread: Thread finished: blazedemo 1-57
2018-07-30 20:27:32,114 INFO o.a.j.t.JMeterThread: Thread finished: blazedemo 1-60
2018-07-30 20:27:32,114 INFO o.a.j.t.JMeterThread: Thread finished: blazedemo 1-72
2018-07-30 20:27:32,114 INFO o.a.j.t.JMeterThread: Thread finished: blazedemo 1-71
2018-07-30 20:27:32,115 INFO o.a.j.t.JMeterThread: Thread finished: blazedemo 1-62
2018-07-30 20:27:32,123 INFO o.a.j.t.JMeterThread: Thread finished: blazedemo 1-21
2018-07-30 20:27:32,141 INFO o.a.j.t.JMeterThread: Thread finished: blazedemo 1-1
2018-07-30 20:27:32,150 INFO o.a.j.t.JMeterThread: Thread finished: blazedemo 1-15
2018-07-30 20:27:32,152 INFO o.a.j.t.JMeterThread: Thread finished: blazedemo 1-22
2018-07-30 20:27:32,300 INFO o.a.j.t.JMeterThread: Thread finished: blazedemo 1-11
2018-07-30 20:27:32,361 INFO o.a.j.t.JMeterThread: Thread finished: blazedemo 1-20
2018-07-30 20:27:32,369 INFO o.a.j.t.JMeterThread: Thread finished: blazedemo 1-14
2018-07-30 20:27:32,423 INFO o.a.j.t.JMeterThread: Thread finished: blazedemo 1-25
2018-07-30 20:27:32,498 INFO o.a.j.t.JMeterThread: Thread finished: blazedemo 1-9
2018-07-30 20:27:32,549 INFO o.a.j.t.JMeterThread: Thread finished: blazedemo 1-4
2018-07-30 20:27:32,552 INFO o.a.j.t.JMeterThread: Thread finished: blazedemo 1-7
2018-07-30 20:27:32,552 INFO o.a.j.t.JMeterThread: Thread finished: blazedemo 1-2
2018-07-30 20:27:32,774 INFO o.a.j.t.JMeterThread: Thread finished: blazedemo 1-17
2018-07-30 20:27:32,962 INFO o.a.j.t.JMeterThread: Thread finished: blazedemo 1-16
2018-07-30 20:27:33,089 INFO o.a.j.t.JMeterThread: Thread finished: blazedemo 1-6
2018-07-30 20:27:33,229 INFO o.a.j.t.JMeterThread: Thread finished: blazedemo 1-5
2018-07-30 20:27:33,229 INFO o.a.j.e.StandardJMeterEngine: Notifying test listeners of end of test
2018-07-30 20:27:33,230 INFO o.a.j.e.StandardJMeterEngine: Forced JVM shutdown requested at end of test
